[7.893s] Invoking command in '/home/keime/ros2_ws/src/image_pubsub': PYTHONPATH=/home/keime/ros2_ws/build/image_pubsub/prefix_override:/home/keime/ros2_ws/install/image_pubsub/lib/python3.10/site-packages:${PYTHONPATH} /usr/bin/python3 -W ignore:setup.py install is deprecated setup.py egg_info --egg-base ../../build/image_pubsub build --build-base /home/keime/ros2_ws/build/image_pubsub/build install --record /home/keime/ros2_ws/build/image_pubsub/install.log --single-version-externally-managed install_data
[10.505s] running egg_info
[10.511s] writing ../../build/image_pubsub/image_pubsub.egg-info/PKG-INFO
[10.515s] writing dependency_links to ../../build/image_pubsub/image_pubsub.egg-info/dependency_links.txt
[10.518s] writing entry points to ../../build/image_pubsub/image_pubsub.egg-info/entry_points.txt
[10.519s] writing requirements to ../../build/image_pubsub/image_pubsub.egg-info/requires.txt
[10.522s] writing top-level names to ../../build/image_pubsub/image_pubsub.egg-info/top_level.txt
[10.540s] reading manifest file '../../build/image_pubsub/image_pubsub.egg-info/SOURCES.txt'
[10.553s] writing manifest file '../../build/image_pubsub/image_pubsub.egg-info/SOURCES.txt'
[10.555s] running build
[10.556s] running build_py
[10.560s] copying image_pubsub/image_publisher.py -> /home/keime/ros2_ws/build/image_pubsub/build/lib/image_pubsub
[10.565s] running install
[10.568s] running install_lib
[10.579s] copying /home/keime/ros2_ws/build/image_pubsub/build/lib/image_pubsub/image_publisher.py -> /home/keime/ros2_ws/install/image_pubsub/lib/python3.10/site-packages/image_pubsub
[10.588s] byte-compiling /home/keime/ros2_ws/install/image_pubsub/lib/python3.10/site-packages/image_pubsub/image_publisher.py to image_publisher.cpython-310.pyc
[10.594s] running install_data
[10.598s] running install_egg_info
[10.615s] removing '/home/keime/ros2_ws/install/image_pubsub/lib/python3.10/site-packages/image_pubsub-0.0.0-py3.10.egg-info' (and everything under it)
[10.619s] Copying ../../build/image_pubsub/image_pubsub.egg-info to /home/keime/ros2_ws/install/image_pubsub/lib/python3.10/site-packages/image_pubsub-0.0.0-py3.10.egg-info
[10.634s] running install_scripts
[10.833s] Installing img_publisher script to /home/keime/ros2_ws/install/image_pubsub/lib/image_pubsub
[10.836s] Installing img_subscriber script to /home/keime/ros2_ws/install/image_pubsub/lib/image_pubsub
[10.840s] writing list of installed files to '/home/keime/ros2_ws/build/image_pubsub/install.log'
[11.100s] Invoked command in '/home/keime/ros2_ws/src/image_pubsub' returned '0': PYTHONPATH=/home/keime/ros2_ws/build/image_pubsub/prefix_override:/home/keime/ros2_ws/install/image_pubsub/lib/python3.10/site-packages:${PYTHONPATH} /usr/bin/python3 -W ignore:setup.py install is deprecated setup.py egg_info --egg-base ../../build/image_pubsub build --build-base /home/keime/ros2_ws/build/image_pubsub/build install --record /home/keime/ros2_ws/build/image_pubsub/install.log --single-version-externally-managed install_data
