[2.207s] DEBUG:colcon:Command line arguments: ['/usr/bin/colcon', 'build', '--packages-select', 'image_pubsub']
[2.208s] DEBUG:colcon:Parsed command line arguments: Namespace(log_base=None, log_level=None, verb_name='build', build_base='build', install_base='install', merge_install=False, symlink_install=False, test_result_base=None, continue_on_error=False, executor='parallel', parallel_workers=4, event_handlers=None, ignore_user_meta=False, metas=['./colcon.meta'], base_paths=['.'], packages_ignore=None, packages_ignore_regex=None, paths=None, packages_up_to=None, packages_up_to_regex=None, packages_above=None, packages_above_and_dependencies=None, packages_above_depth=None, packages_select_by_dep=None, packages_skip_by_dep=None, packages_skip_up_to=None, packages_select_build_failed=False, packages_skip_build_finished=False, packages_select_test_failures=False, packages_skip_test_passed=False, packages_select=['image_pubsub'], packages_skip=None, packages_select_regex=None, packages_skip_regex=None, packages_start=None, packages_end=None, allow_overriding=[], cmake_args=None, cmake_target=None, cmake_target_skip_unavailable=False, cmake_clean_cache=False, cmake_clean_first=False, cmake_force_configure=False, ament_cmake_args=None, catkin_cmake_args=None, catkin_skip_building_tests=False, verb_parser=<colcon_defaults.argument_parser.defaults.DefaultArgumentsDecorator object at 0xffffb883ad40>, verb_extension=<colcon_core.verb.build.BuildVerb object at 0xffffb89cf820>, main=<bound method BuildVerb.main of <colcon_core.verb.build.BuildVerb object at 0xffffb89cf820>>)
[4.881s] Level 1:colcon.colcon_core.package_discovery:discover_packages(colcon_meta) check parameters
[4.882s] Level 1:colcon.colcon_core.package_discovery:discover_packages(recursive) check parameters
[4.882s] Level 1:colcon.colcon_core.package_discovery:discover_packages(ignore) check parameters
[4.882s] Level 1:colcon.colcon_core.package_discovery:discover_packages(path) check parameters
[4.883s] Level 1:colcon.colcon_core.package_discovery:discover_packages(colcon_meta) discover
[4.883s] Level 1:colcon.colcon_core.package_discovery:discover_packages(recursive) discover
[4.884s] INFO:colcon.colcon_core.package_discovery:Crawling recursively for packages in '/home/keime/ros2_ws'
[4.885s] Level 1:colcon.colcon_core.package_identification:_identify(.) by extensions ['ignore', 'ignore_ament_install']
[4.886s] Level 1:colcon.colcon_core.package_identification:_identify(.) by extension 'ignore'
[4.887s] Level 1:colcon.colcon_core.package_identification:_identify(.) by extension 'ignore_ament_install'
[4.887s] Level 1:colcon.colcon_core.package_identification:_identify(.) by extensions ['colcon_pkg']
[4.888s] Level 1:colcon.colcon_core.package_identification:_identify(.) by extension 'colcon_pkg'
[4.888s] Level 1:colcon.colcon_core.package_identification:_identify(.) by extensions ['colcon_meta']
[4.889s] Level 1:colcon.colcon_core.package_identification:_identify(.) by extension 'colcon_meta'
[4.889s] Level 1:colcon.colcon_core.package_identification:_identify(.) by extensions ['ros']
[4.890s] Level 1:colcon.colcon_core.package_identification:_identify(.) by extension 'ros'
[5.058s] Level 1:colcon.colcon_core.package_identification:_identify(.) by extensions ['cmake', 'python']
[5.058s] Level 1:colcon.colcon_core.package_identification:_identify(.) by extension 'cmake'
[5.059s] Level 1:colcon.colcon_core.package_identification:_identify(.) by extension 'python'
[5.060s] Level 1:colcon.colcon_core.package_identification:_identify(.) by extensions ['python_setup_py']
[5.060s] Level 1:colcon.colcon_core.package_identification:_identify(.) by extension 'python_setup_py'
[5.063s] Level 1:colcon.colcon_core.package_identification:_identify(build) by extensions ['ignore', 'ignore_ament_install']
[5.065s] Level 1:colcon.colcon_core.package_identification:_identify(build) by extension 'ignore'
[5.065s] Level 1:colcon.colcon_core.package_identification:_identify(build) ignored
[5.069s] Level 1:colcon.colcon_core.package_identification:_identify(install) by extensions ['ignore', 'ignore_ament_install']
[5.070s] Level 1:colcon.colcon_core.package_identification:_identify(install) by extension 'ignore'
[5.070s] Level 1:colcon.colcon_core.package_identification:_identify(install) ignored
[5.073s] Level 1:colcon.colcon_core.package_identification:_identify(log) by extensions ['ignore', 'ignore_ament_install']
[5.074s] Level 1:colcon.colcon_core.package_identification:_identify(log) by extension 'ignore'
[5.075s] Level 1:colcon.colcon_core.package_identification:_identify(log) ignored
[5.079s] Level 1:colcon.colcon_core.package_identification:_identify(pythonテスト) by extensions ['ignore', 'ignore_ament_install']
[5.080s] Level 1:colcon.colcon_core.package_identification:_identify(pythonテスト) by extension 'ignore'
[5.081s] Level 1:colcon.colcon_core.package_identification:_identify(pythonテスト) by extension 'ignore_ament_install'
[5.082s] Level 1:colcon.colcon_core.package_identification:_identify(pythonテスト) by extensions ['colcon_pkg']
[5.082s] Level 1:colcon.colcon_core.package_identification:_identify(pythonテスト) by extension 'colcon_pkg'
[5.083s] Level 1:colcon.colcon_core.package_identification:_identify(pythonテスト) by extensions ['colcon_meta']
[5.083s] Level 1:colcon.colcon_core.package_identification:_identify(pythonテスト) by extension 'colcon_meta'
[5.084s] Level 1:colcon.colcon_core.package_identification:_identify(pythonテスト) by extensions ['ros']
[5.084s] Level 1:colcon.colcon_core.package_identification:_identify(pythonテスト) by extension 'ros'
[5.085s] Level 1:colcon.colcon_core.package_identification:_identify(pythonテスト) by extensions ['cmake', 'python']
[5.086s] Level 1:colcon.colcon_core.package_identification:_identify(pythonテスト) by extension 'cmake'
[5.086s] Level 1:colcon.colcon_core.package_identification:_identify(pythonテスト) by extension 'python'
[5.087s] Level 1:colcon.colcon_core.package_identification:_identify(pythonテスト) by extensions ['python_setup_py']
[5.087s] Level 1:colcon.colcon_core.package_identification:_identify(pythonテスト) by extension 'python_setup_py'
[5.090s] Level 1:colcon.colcon_core.package_identification:_identify(src) by extensions ['ignore', 'ignore_ament_install']
[5.091s] Level 1:colcon.colcon_core.package_identification:_identify(src) by extension 'ignore'
[5.091s] Level 1:colcon.colcon_core.package_identification:_identify(src) by extension 'ignore_ament_install'
[5.092s] Level 1:colcon.colcon_core.package_identification:_identify(src) by extensions ['colcon_pkg']
[5.092s] Level 1:colcon.colcon_core.package_identification:_identify(src) by extension 'colcon_pkg'
[5.093s] Level 1:colcon.colcon_core.package_identification:_identify(src) by extensions ['colcon_meta']
[5.093s] Level 1:colcon.colcon_core.package_identification:_identify(src) by extension 'colcon_meta'
[5.094s] Level 1:colcon.colcon_core.package_identification:_identify(src) by extensions ['ros']
[5.094s] Level 1:colcon.colcon_core.package_identification:_identify(src) by extension 'ros'
[5.095s] Level 1:colcon.colcon_core.package_identification:_identify(src) by extensions ['cmake', 'python']
[5.095s] Level 1:colcon.colcon_core.package_identification:_identify(src) by extension 'cmake'
[5.096s] Level 1:colcon.colcon_core.package_identification:_identify(src) by extension 'python'
[5.096s] Level 1:colcon.colcon_core.package_identification:_identify(src) by extensions ['python_setup_py']
[5.097s] Level 1:colcon.colcon_core.package_identification:_identify(src) by extension 'python_setup_py'
[5.100s] Level 1:colcon.colcon_core.package_identification:_identify(src/image_pubsub) by extensions ['ignore', 'ignore_ament_install']
[5.101s] Level 1:colcon.colcon_core.package_identification:_identify(src/image_pubsub) by extension 'ignore'
[5.102s] Level 1:colcon.colcon_core.package_identification:_identify(src/image_pubsub) by extension 'ignore_ament_install'
[5.102s] Level 1:colcon.colcon_core.package_identification:_identify(src/image_pubsub) by extensions ['colcon_pkg']
[5.103s] Level 1:colcon.colcon_core.package_identification:_identify(src/image_pubsub) by extension 'colcon_pkg'
[5.103s] Level 1:colcon.colcon_core.package_identification:_identify(src/image_pubsub) by extensions ['colcon_meta']
[5.104s] Level 1:colcon.colcon_core.package_identification:_identify(src/image_pubsub) by extension 'colcon_meta'
[5.104s] Level 1:colcon.colcon_core.package_identification:_identify(src/image_pubsub) by extensions ['ros']
[5.105s] Level 1:colcon.colcon_core.package_identification:_identify(src/image_pubsub) by extension 'ros'
[5.134s] DEBUG:colcon.colcon_core.package_identification:Package 'src/image_pubsub' with type 'ros.ament_python' and name 'image_pubsub'
[5.137s] Level 1:colcon.colcon_core.package_identification:_identify(src/py_pubsub) by extensions ['ignore', 'ignore_ament_install']
[5.138s] Level 1:colcon.colcon_core.package_identification:_identify(src/py_pubsub) by extension 'ignore'
[5.138s] Level 1:colcon.colcon_core.package_identification:_identify(src/py_pubsub) by extension 'ignore_ament_install'
[5.139s] Level 1:colcon.colcon_core.package_identification:_identify(src/py_pubsub) by extensions ['colcon_pkg']
[5.139s] Level 1:colcon.colcon_core.package_identification:_identify(src/py_pubsub) by extension 'colcon_pkg'
[5.140s] Level 1:colcon.colcon_core.package_identification:_identify(src/py_pubsub) by extensions ['colcon_meta']
[5.140s] Level 1:colcon.colcon_core.package_identification:_identify(src/py_pubsub) by extension 'colcon_meta'
[5.141s] Level 1:colcon.colcon_core.package_identification:_identify(src/py_pubsub) by extensions ['ros']
[5.141s] Level 1:colcon.colcon_core.package_identification:_identify(src/py_pubsub) by extension 'ros'
[5.161s] DEBUG:colcon.colcon_core.package_identification:Package 'src/py_pubsub' with type 'ros.ament_python' and name 'py_pubsub'
[5.164s] Level 1:colcon.colcon_core.package_identification:_identify(src/robot_controller) by extensions ['ignore', 'ignore_ament_install']
[5.165s] Level 1:colcon.colcon_core.package_identification:_identify(src/robot_controller) by extension 'ignore'
[5.166s] Level 1:colcon.colcon_core.package_identification:_identify(src/robot_controller) by extension 'ignore_ament_install'
[5.166s] Level 1:colcon.colcon_core.package_identification:_identify(src/robot_controller) by extensions ['colcon_pkg']
[5.167s] Level 1:colcon.colcon_core.package_identification:_identify(src/robot_controller) by extension 'colcon_pkg'
[5.167s] Level 1:colcon.colcon_core.package_identification:_identify(src/robot_controller) by extensions ['colcon_meta']
[5.168s] Level 1:colcon.colcon_core.package_identification:_identify(src/robot_controller) by extension 'colcon_meta'
[5.168s] Level 1:colcon.colcon_core.package_identification:_identify(src/robot_controller) by extensions ['ros']
[5.169s] Level 1:colcon.colcon_core.package_identification:_identify(src/robot_controller) by extension 'ros'
[5.176s] DEBUG:colcon.colcon_core.package_identification:Package 'src/robot_controller' with type 'ros.ament_python' and name 'robot_controller'
[5.177s] Level 1:colcon.colcon_core.package_discovery:discover_packages(recursive) using defaults
[5.177s] Level 1:colcon.colcon_core.package_discovery:discover_packages(ignore) discover
[5.178s] Level 1:colcon.colcon_core.package_discovery:discover_packages(ignore) using defaults
[5.178s] Level 1:colcon.colcon_core.package_discovery:discover_packages(path) discover
[5.178s] Level 1:colcon.colcon_core.package_discovery:discover_packages(path) using defaults
[5.504s] INFO:colcon.colcon_core.package_selection:Skipping not selected package 'py_pubsub' in 'src/py_pubsub'
[5.505s] INFO:colcon.colcon_core.package_selection:Skipping not selected package 'robot_controller' in 'src/robot_controller'
[5.511s] Level 1:colcon.colcon_core.package_discovery:discover_packages(prefix_path) check parameters
[5.511s] Level 1:colcon.colcon_core.package_discovery:discover_packages(prefix_path) discover
[5.551s] DEBUG:colcon.colcon_installed_package_information.package_discovery:Found 3 installed packages in /home/keime/ros2_ws/install
[5.571s] DEBUG:colcon.colcon_installed_package_information.package_discovery:Found 181 installed packages in /opt/ros/humble
[5.584s] Level 1:colcon.colcon_core.package_discovery:discover_packages(prefix_path) using defaults
[6.108s] Level 5:colcon.colcon_core.verb:set package 'image_pubsub' build argument 'cmake_args' from command line to 'None'
[6.109s] Level 5:colcon.colcon_core.verb:set package 'image_pubsub' build argument 'cmake_target' from command line to 'None'
[6.109s] Level 5:colcon.colcon_core.verb:set package 'image_pubsub' build argument 'cmake_target_skip_unavailable' from command line to 'False'
[6.109s] Level 5:colcon.colcon_core.verb:set package 'image_pubsub' build argument 'cmake_clean_cache' from command line to 'False'
[6.110s] Level 5:colcon.colcon_core.verb:set package 'image_pubsub' build argument 'cmake_clean_first' from command line to 'False'
[6.110s] Level 5:colcon.colcon_core.verb:set package 'image_pubsub' build argument 'cmake_force_configure' from command line to 'False'
[6.110s] Level 5:colcon.colcon_core.verb:set package 'image_pubsub' build argument 'ament_cmake_args' from command line to 'None'
[6.110s] Level 5:colcon.colcon_core.verb:set package 'image_pubsub' build argument 'catkin_cmake_args' from command line to 'None'
[6.111s] Level 5:colcon.colcon_core.verb:set package 'image_pubsub' build argument 'catkin_skip_building_tests' from command line to 'False'
[6.111s] DEBUG:colcon.colcon_core.verb:Building package 'image_pubsub' with the following arguments: {'ament_cmake_args': None, 'build_base': '/home/keime/ros2_ws/build/image_pubsub', 'catkin_cmake_args': None, 'catkin_skip_building_tests': False, 'cmake_args': None, 'cmake_clean_cache': False, 'cmake_clean_first': False, 'cmake_force_configure': False, 'cmake_target': None, 'cmake_target_skip_unavailable': False, 'install_base': '/home/keime/ros2_ws/install/image_pubsub', 'merge_install': False, 'path': '/home/keime/ros2_ws/src/image_pubsub', 'symlink_install': False, 'test_result_base': None}
[6.113s] INFO:colcon.colcon_core.executor:Executing jobs using 'parallel' executor
[6.120s] DEBUG:colcon.colcon_parallel_executor.executor.parallel:run_until_complete
[6.122s] INFO:colcon.colcon_ros.task.ament_python.build:Building ROS package in '/home/keime/ros2_ws/src/image_pubsub' with build type 'ament_python'
[6.123s] Level 1:colcon.colcon_core.shell:create_environment_hook('image_pubsub', 'ament_prefix_path')
[6.172s] INFO:colcon.colcon_core.plugin_system:Skipping extension 'colcon_core.shell.bat': Not used on non-Windows systems
[6.175s] INFO:colcon.colcon_core.shell:Creating environment hook '/home/keime/ros2_ws/install/image_pubsub/share/image_pubsub/hook/ament_prefix_path.ps1'
[6.184s] INFO:colcon.colcon_core.shell:Creating environment descriptor '/home/keime/ros2_ws/install/image_pubsub/share/image_pubsub/hook/ament_prefix_path.dsv'
[6.190s] INFO:colcon.colcon_core.shell:Creating environment hook '/home/keime/ros2_ws/install/image_pubsub/share/image_pubsub/hook/ament_prefix_path.sh'
[6.201s] INFO:colcon.colcon_core.shell:Skip shell extension 'powershell' for command environment: Not usable outside of PowerShell
[6.202s] DEBUG:colcon.colcon_core.shell:Skip shell extension 'dsv' for command environment
[9.264s] INFO:colcon.colcon_core.task.python.build:Building Python package in '/home/keime/ros2_ws/src/image_pubsub'
[9.268s] INFO:colcon.colcon_core.shell:Skip shell extension 'powershell' for command environment: Not usable outside of PowerShell
[9.269s] DEBUG:colcon.colcon_core.shell:Skip shell extension 'dsv' for command environment
[14.418s] DEBUG:colcon.colcon_core.event_handler.log_command:Invoking command in '/home/keime/ros2_ws/src/image_pubsub': PYTHONPATH=/home/keime/ros2_ws/build/image_pubsub/prefix_override:/home/keime/ros2_ws/install/image_pubsub/lib/python3.10/site-packages:${PYTHONPATH} /usr/bin/python3 -W ignore:setup.py install is deprecated setup.py egg_info --egg-base ../../build/image_pubsub build --build-base /home/keime/ros2_ws/build/image_pubsub/build install --record /home/keime/ros2_ws/build/image_pubsub/install.log --single-version-externally-managed install_data
[17.694s] DEBUG:colcon.colcon_core.event_handler.log_command:Invoked command in '/home/keime/ros2_ws/src/image_pubsub' returned '0': PYTHONPATH=/home/keime/ros2_ws/build/image_pubsub/prefix_override:/home/keime/ros2_ws/install/image_pubsub/lib/python3.10/site-packages:${PYTHONPATH} /usr/bin/python3 -W ignore:setup.py install is deprecated setup.py egg_info --egg-base ../../build/image_pubsub build --build-base /home/keime/ros2_ws/build/image_pubsub/build install --record /home/keime/ros2_ws/build/image_pubsub/install.log --single-version-externally-managed install_data
[17.747s] Level 1:colcon.colcon_core.environment:checking '/home/keime/ros2_ws/install/image_pubsub' for CMake module files
[17.756s] Level 1:colcon.colcon_core.environment:checking '/home/keime/ros2_ws/install/image_pubsub' for CMake config files
[17.770s] Level 1:colcon.colcon_core.environment:checking '/home/keime/ros2_ws/install/image_pubsub/lib'
[17.771s] Level 1:colcon.colcon_core.environment:checking '/home/keime/ros2_ws/install/image_pubsub/bin'
[17.772s] Level 1:colcon.colcon_core.environment:checking '/home/keime/ros2_ws/install/image_pubsub/lib/pkgconfig/image_pubsub.pc'
[17.775s] Level 1:colcon.colcon_core.environment:checking '/home/keime/ros2_ws/install/image_pubsub/lib/python3.10/site-packages'
[17.776s] Level 1:colcon.colcon_core.shell:create_environment_hook('image_pubsub', 'pythonpath')
[17.779s] INFO:colcon.colcon_core.shell:Creating environment hook '/home/keime/ros2_ws/install/image_pubsub/share/image_pubsub/hook/pythonpath.ps1'
[17.783s] INFO:colcon.colcon_core.shell:Creating environment descriptor '/home/keime/ros2_ws/install/image_pubsub/share/image_pubsub/hook/pythonpath.dsv'
[17.789s] INFO:colcon.colcon_core.shell:Creating environment hook '/home/keime/ros2_ws/install/image_pubsub/share/image_pubsub/hook/pythonpath.sh'
[17.795s] Level 1:colcon.colcon_core.environment:checking '/home/keime/ros2_ws/install/image_pubsub/bin'
[17.796s] Level 1:colcon.colcon_core.environment:create_environment_scripts_only(image_pubsub)
[17.799s] INFO:colcon.colcon_core.shell:Creating package script '/home/keime/ros2_ws/install/image_pubsub/share/image_pubsub/package.ps1'
[17.811s] INFO:colcon.colcon_core.shell:Creating package descriptor '/home/keime/ros2_ws/install/image_pubsub/share/image_pubsub/package.dsv'
[17.819s] INFO:colcon.colcon_core.shell:Creating package script '/home/keime/ros2_ws/install/image_pubsub/share/image_pubsub/package.sh'
[17.829s] INFO:colcon.colcon_core.shell:Creating package script '/home/keime/ros2_ws/install/image_pubsub/share/image_pubsub/package.bash'
[17.842s] INFO:colcon.colcon_core.shell:Creating package script '/home/keime/ros2_ws/install/image_pubsub/share/image_pubsub/package.zsh'
[17.854s] Level 1:colcon.colcon_core.environment:create_file_with_runtime_dependencies(/home/keime/ros2_ws/install/image_pubsub/share/colcon-core/packages/image_pubsub)
[17.857s] DEBUG:colcon.colcon_parallel_executor.executor.parallel:closing loop
[17.860s] DEBUG:colcon.colcon_parallel_executor.executor.parallel:loop closed
[17.861s] DEBUG:colcon.colcon_parallel_executor.executor.parallel:run_until_complete finished with '0'
[17.862s] DEBUG:colcon.colcon_core.event_reactor:joining thread
[17.964s] INFO:colcon.colcon_core.plugin_system:Skipping extension 'colcon_notification.desktop_notification.notify_send': Could not find 'notify-send'
[17.965s] INFO:colcon.colcon_core.plugin_system:Skipping extension 'colcon_notification.desktop_notification.terminal_notifier': Not used on non-Darwin systems
[17.966s] INFO:colcon.colcon_core.plugin_system:Skipping extension 'colcon_notification.desktop_notification.win32': Not used on non-Windows systems
[17.967s] INFO:colcon.colcon_notification.desktop_notification:Sending desktop notification using 'notify2'
[17.975s] DEBUG:colcon.colcon_notification.desktop_notification.notify2:Failed to initialize notify2: org.freedesktop.DBus.Error.ServiceUnknown: The name org.freedesktop.Notifications was not provided by any .service files
[17.976s] DEBUG:colcon.colcon_core.event_reactor:joined thread
[17.979s] INFO:colcon.colcon_core.shell:Creating prefix script '/home/keime/ros2_ws/install/local_setup.ps1'
[17.992s] INFO:colcon.colcon_core.shell:Creating prefix util module '/home/keime/ros2_ws/install/_local_setup_util_ps1.py'
[18.011s] INFO:colcon.colcon_core.shell:Creating prefix chain script '/home/keime/ros2_ws/install/setup.ps1'
[18.025s] INFO:colcon.colcon_core.shell:Creating prefix script '/home/keime/ros2_ws/install/local_setup.sh'
[18.033s] INFO:colcon.colcon_core.shell:Creating prefix util module '/home/keime/ros2_ws/install/_local_setup_util_sh.py'
[18.039s] INFO:colcon.colcon_core.shell:Creating prefix chain script '/home/keime/ros2_ws/install/setup.sh'
[18.052s] INFO:colcon.colcon_core.shell:Creating prefix script '/home/keime/ros2_ws/install/local_setup.bash'
[18.059s] INFO:colcon.colcon_core.shell:Creating prefix chain script '/home/keime/ros2_ws/install/setup.bash'
[18.073s] INFO:colcon.colcon_core.shell:Creating prefix script '/home/keime/ros2_ws/install/local_setup.zsh'
[18.082s] INFO:colcon.colcon_core.shell:Creating prefix chain script '/home/keime/ros2_ws/install/setup.zsh'
