[6.950s] Invoking command in '/home/keime/ros2_ws/src/image_pub': PYTHONPATH=/home/keime/ros2_ws/build/image_pub/prefix_override:/home/keime/ros2_ws/install/image_pub/lib/python3.10/site-packages:${PYTHONPATH} /usr/bin/python3 -W ignore:setup.py install is deprecated setup.py egg_info --egg-base ../../build/image_pub build --build-base /home/keime/ros2_ws/build/image_pub/build install --record /home/keime/ros2_ws/build/image_pub/install.log --single-version-externally-managed install_data
[9.631s] running egg_info
[9.636s] writing ../../build/image_pub/image_pub.egg-info/PKG-INFO
[9.639s] writing dependency_links to ../../build/image_pub/image_pub.egg-info/dependency_links.txt
[9.641s] writing entry points to ../../build/image_pub/image_pub.egg-info/entry_points.txt
[9.643s] writing requirements to ../../build/image_pub/image_pub.egg-info/requires.txt
[9.645s] writing top-level names to ../../build/image_pub/image_pub.egg-info/top_level.txt
[9.663s] reading manifest file '../../build/image_pub/image_pub.egg-info/SOURCES.txt'
[9.673s] writing manifest file '../../build/image_pub/image_pub.egg-info/SOURCES.txt'
[9.674s] running build
[9.675s] running build_py
[9.679s] running install
[9.682s] running install_lib
[9.695s] running install_data
[9.696s] running install_egg_info
[9.713s] removing '/home/keime/ros2_ws/install/image_pub/lib/python3.10/site-packages/image_pub-0.0.0-py3.10.egg-info' (and everything under it)
[9.717s] Copying ../../build/image_pub/image_pub.egg-info to /home/keime/ros2_ws/install/image_pub/lib/python3.10/site-packages/image_pub-0.0.0-py3.10.egg-info
[9.730s] running install_scripts
[9.934s] Installing img_publisher script to /home/keime/ros2_ws/install/image_pub/lib/image_pub
[9.938s] writing list of installed files to '/home/keime/ros2_ws/build/image_pub/install.log'
[10.197s] Invoked command in '/home/keime/ros2_ws/src/image_pub' returned '0': PYTHONPATH=/home/keime/ros2_ws/build/image_pub/prefix_override:/home/keime/ros2_ws/install/image_pub/lib/python3.10/site-packages:${PYTHONPATH} /usr/bin/python3 -W ignore:setup.py install is deprecated setup.py egg_info --egg-base ../../build/image_pub build --build-base /home/keime/ros2_ws/build/image_pub/build install --record /home/keime/ros2_ws/build/image_pub/install.log --single-version-externally-managed install_data
