[14.781s] Invoking command in '/home/keime/ros2_ws/src/image_pub': PYTHONPATH=/home/keime/ros2_ws/build/image_pub/prefix_override:/home/keime/ros2_ws/install/image_pub/lib/python3.10/site-packages:${PYTHONPATH} /usr/bin/python3 -W ignore:setup.py install is deprecated setup.py egg_info --egg-base ../../build/image_pub build --build-base /home/keime/ros2_ws/build/image_pub/build install --record /home/keime/ros2_ws/build/image_pub/install.log --single-version-externally-managed install_data
[20.289s] running egg_info
[20.295s] writing ../../build/image_pub/image_pub.egg-info/PKG-INFO
[20.319s] writing dependency_links to ../../build/image_pub/image_pub.egg-info/dependency_links.txt
[20.321s] writing entry points to ../../build/image_pub/image_pub.egg-info/entry_points.txt
[20.323s] writing requirements to ../../build/image_pub/image_pub.egg-info/requires.txt
[20.325s] writing top-level names to ../../build/image_pub/image_pub.egg-info/top_level.txt
[20.382s] reading manifest file '../../build/image_pub/image_pub.egg-info/SOURCES.txt'
[20.406s] writing manifest file '../../build/image_pub/image_pub.egg-info/SOURCES.txt'
[20.407s] running build
[20.408s] running build_py
[20.440s] running install
[20.444s] running install_lib
[20.499s] running install_data
[20.530s] running install_egg_info
[20.562s] removing '/home/keime/ros2_ws/install/image_pub/lib/python3.10/site-packages/image_pub-0.0.0-py3.10.egg-info' (and everything under it)
[20.574s] Copying ../../build/image_pub/image_pub.egg-info to /home/keime/ros2_ws/install/image_pub/lib/python3.10/site-packages/image_pub-0.0.0-py3.10.egg-info
[20.598s] running install_scripts
[21.285s] Installing action script to /home/keime/ros2_ws/install/image_pub/lib/image_pub
[21.336s] Installing img_publisher script to /home/keime/ros2_ws/install/image_pub/lib/image_pub
[21.340s] writing list of installed files to '/home/keime/ros2_ws/build/image_pub/install.log'
[21.680s] Invoked command in '/home/keime/ros2_ws/src/image_pub' returned '0': PYTHONPATH=/home/keime/ros2_ws/build/image_pub/prefix_override:/home/keime/ros2_ws/install/image_pub/lib/python3.10/site-packages:${PYTHONPATH} /usr/bin/python3 -W ignore:setup.py install is deprecated setup.py egg_info --egg-base ../../build/image_pub build --build-base /home/keime/ros2_ws/build/image_pub/build install --record /home/keime/ros2_ws/build/image_pub/install.log --single-version-externally-managed install_data
