[0.983s] Invoking command in '/home/keime/ros2_ws/src/image_pubsub': PYTHONPATH=/home/keime/ros2_ws/build/image_pubsub/prefix_override:/home/keime/ros2_ws/install/image_pubsub/lib/python3.10/site-packages:${PYTHONPATH} /usr/bin/python3 setup.py egg_info --egg-base ../../build/image_pubsub build --build-base /home/keime/ros2_ws/build/image_pubsub/build install --record /home/keime/ros2_ws/build/image_pubsub/install.log --single-version-externally-managed
[1.206s] running egg_info
[1.206s] writing ../../build/image_pubsub/image_pubsub.egg-info/PKG-INFO
[1.207s] writing dependency_links to ../../build/image_pubsub/image_pubsub.egg-info/dependency_links.txt
[1.207s] writing entry points to ../../build/image_pubsub/image_pubsub.egg-info/entry_points.txt
[1.207s] writing requirements to ../../build/image_pubsub/image_pubsub.egg-info/requires.txt
[1.207s] writing top-level names to ../../build/image_pubsub/image_pubsub.egg-info/top_level.txt
[1.209s] reading manifest file '../../build/image_pubsub/image_pubsub.egg-info/SOURCES.txt'
[1.211s] writing manifest file '../../build/image_pubsub/image_pubsub.egg-info/SOURCES.txt'
[1.211s] running build
[1.211s] running build_py
[1.213s] running install
[1.213s] running install_lib
[1.215s] running install_data
[1.217s] running install_egg_info
[1.218s] removing '/home/keime/ros2_ws/install/image_pubsub/lib/python3.10/site-packages/image_pubsub-0.0.0-py3.10.egg-info' (and everything under it)
[1.219s] Copying ../../build/image_pubsub/image_pubsub.egg-info to /home/keime/ros2_ws/install/image_pubsub/lib/python3.10/site-packages/image_pubsub-0.0.0-py3.10.egg-info
[1.220s] running install_scripts
[1.237s] Installing command_publisher_gui script to /home/keime/ros2_ws/install/image_pubsub/lib/image_pubsub
[1.238s] Installing img_subscriber script to /home/keime/ros2_ws/install/image_pubsub/lib/image_pubsub
[1.239s] writing list of installed files to '/home/keime/ros2_ws/build/image_pubsub/install.log'
[1.345s] Invoked command in '/home/keime/ros2_ws/src/image_pubsub' returned '0': PYTHONPATH=/home/keime/ros2_ws/build/image_pubsub/prefix_override:/home/keime/ros2_ws/install/image_pubsub/lib/python3.10/site-packages:${PYTHONPATH} /usr/bin/python3 setup.py egg_info --egg-base ../../build/image_pubsub build --build-base /home/keime/ros2_ws/build/image_pubsub/build install --record /home/keime/ros2_ws/build/image_pubsub/install.log --single-version-externally-managed
