[0.593s] Invoking command in '/home/keime/ros2_ws/src/py_pubsub': PYTHONPATH=/home/keime/ros2_ws/build/py_pubsub/prefix_override:/home/keime/ros2_ws/install/py_pubsub/lib/python3.10/site-packages:${PYTHONPATH} /usr/bin/python3 setup.py egg_info --egg-base ../../build/py_pubsub build --build-base /home/keime/ros2_ws/build/py_pubsub/build install --record /home/keime/ros2_ws/build/py_pubsub/install.log --single-version-externally-managed
[0.757s] running egg_info
[0.758s] writing ../../build/py_pubsub/py_pubsub.egg-info/PKG-INFO
[0.758s] writing dependency_links to ../../build/py_pubsub/py_pubsub.egg-info/dependency_links.txt
[0.759s] writing entry points to ../../build/py_pubsub/py_pubsub.egg-info/entry_points.txt
[0.759s] writing requirements to ../../build/py_pubsub/py_pubsub.egg-info/requires.txt
[0.759s] writing top-level names to ../../build/py_pubsub/py_pubsub.egg-info/top_level.txt
[0.760s] reading manifest file '../../build/py_pubsub/py_pubsub.egg-info/SOURCES.txt'
[0.761s] writing manifest file '../../build/py_pubsub/py_pubsub.egg-info/SOURCES.txt'
[0.762s] running build
[0.762s] running build_py
[0.766s] running install
[0.766s] running install_lib
[0.768s] running install_data
[0.769s] running install_egg_info
[0.771s] removing '/home/keime/ros2_ws/install/py_pubsub/lib/python3.10/site-packages/py_pubsub-0.0.0-py3.10.egg-info' (and everything under it)
[0.771s] Copying ../../build/py_pubsub/py_pubsub.egg-info to /home/keime/ros2_ws/install/py_pubsub/lib/python3.10/site-packages/py_pubsub-0.0.0-py3.10.egg-info
[0.772s] running install_scripts
[0.786s] Installing listener script to /home/keime/ros2_ws/install/py_pubsub/lib/py_pubsub
[0.787s] Installing talker script to /home/keime/ros2_ws/install/py_pubsub/lib/py_pubsub
[0.787s] writing list of installed files to '/home/keime/ros2_ws/build/py_pubsub/install.log'
[0.814s] Invoked command in '/home/keime/ros2_ws/src/py_pubsub' returned '0': PYTHONPATH=/home/keime/ros2_ws/build/py_pubsub/prefix_override:/home/keime/ros2_ws/install/py_pubsub/lib/python3.10/site-packages:${PYTHONPATH} /usr/bin/python3 setup.py egg_info --egg-base ../../build/py_pubsub build --build-base /home/keime/ros2_ws/build/py_pubsub/build install --record /home/keime/ros2_ws/build/py_pubsub/install.log --single-version-externally-managed
