[6.936s] Invoking command in '/home/keime/ros2_ws/src/image_pub': PYTHONPATH=/home/keime/ros2_ws/build/image_pub/prefix_override:/home/keime/ros2_ws/install/image_pub/lib/python3.10/site-packages:${PYTHONPATH} /usr/bin/python3 -W ignore:setup.py install is deprecated setup.py egg_info --egg-base ../../build/image_pub build --build-base /home/keime/ros2_ws/build/image_pub/build install --record /home/keime/ros2_ws/build/image_pub/install.log --single-version-externally-managed install_data
[9.616s] running egg_info
[9.622s] writing ../../build/image_pub/image_pub.egg-info/PKG-INFO
[9.624s] writing dependency_links to ../../build/image_pub/image_pub.egg-info/dependency_links.txt
[9.626s] writing entry points to ../../build/image_pub/image_pub.egg-info/entry_points.txt
[9.629s] writing requirements to ../../build/image_pub/image_pub.egg-info/requires.txt
[9.630s] writing top-level names to ../../build/image_pub/image_pub.egg-info/top_level.txt
[9.648s] reading manifest file '../../build/image_pub/image_pub.egg-info/SOURCES.txt'
[9.658s] writing manifest file '../../build/image_pub/image_pub.egg-info/SOURCES.txt'
[9.659s] running build
[9.660s] running build_py
[9.664s] running install
[9.667s] running install_lib
[9.680s] running install_data
[9.682s] running install_egg_info
[9.698s] removing '/home/keime/ros2_ws/install/image_pub/lib/python3.10/site-packages/image_pub-0.0.0-py3.10.egg-info' (and everything under it)
[9.702s] Copying ../../build/image_pub/image_pub.egg-info to /home/keime/ros2_ws/install/image_pub/lib/python3.10/site-packages/image_pub-0.0.0-py3.10.egg-info
[9.716s] running install_scripts
[9.922s] Installing img_publisher script to /home/keime/ros2_ws/install/image_pub/lib/image_pub
[9.925s] writing list of installed files to '/home/keime/ros2_ws/build/image_pub/install.log'
[10.186s] Invoked command in '/home/keime/ros2_ws/src/image_pub' returned '0': PYTHONPATH=/home/keime/ros2_ws/build/image_pub/prefix_override:/home/keime/ros2_ws/install/image_pub/lib/python3.10/site-packages:${PYTHONPATH} /usr/bin/python3 -W ignore:setup.py install is deprecated setup.py egg_info --egg-base ../../build/image_pub build --build-base /home/keime/ros2_ws/build/image_pub/build install --record /home/keime/ros2_ws/build/image_pub/install.log --single-version-externally-managed install_data
