[0.886s] Invoking command in '/home/keime/ros2_ws/src/aruco_controller': PYTHONPATH=/home/keime/ros2_ws/build/aruco_controller/prefix_override:/home/keime/ros2_ws/install/aruco_controller/lib/python3.10/site-packages:${PYTHONPATH} /usr/bin/python3 setup.py egg_info --egg-base ../../build/aruco_controller build --build-base /home/keime/ros2_ws/build/aruco_controller/build install --record /home/keime/ros2_ws/build/aruco_controller/install.log --single-version-externally-managed
[1.057s] running egg_info
[1.057s] writing ../../build/aruco_controller/aruco_controller.egg-info/PKG-INFO
[1.058s] writing dependency_links to ../../build/aruco_controller/aruco_controller.egg-info/dependency_links.txt
[1.058s] writing entry points to ../../build/aruco_controller/aruco_controller.egg-info/entry_points.txt
[1.058s] writing requirements to ../../build/aruco_controller/aruco_controller.egg-info/requires.txt
[1.059s] writing top-level names to ../../build/aruco_controller/aruco_controller.egg-info/top_level.txt
[1.060s] reading manifest file '../../build/aruco_controller/aruco_controller.egg-info/SOURCES.txt'
[1.062s] writing manifest file '../../build/aruco_controller/aruco_controller.egg-info/SOURCES.txt'
[1.062s] running build
[1.062s] running build_py
[1.063s] running install
[1.064s] running install_lib
[1.066s] running install_data
[1.068s] running install_egg_info
[1.069s] removing '/home/keime/ros2_ws/install/aruco_controller/lib/python3.10/site-packages/aruco_controller-0.0.0-py3.10.egg-info' (and everything under it)
[1.070s] Copying ../../build/aruco_controller/aruco_controller.egg-info to /home/keime/ros2_ws/install/aruco_controller/lib/python3.10/site-packages/aruco_controller-0.0.0-py3.10.egg-info
[1.071s] running install_scripts
[1.089s] Installing controller_node script to /home/keime/ros2_ws/install/aruco_controller/lib/aruco_controller
[1.089s] writing list of installed files to '/home/keime/ros2_ws/build/aruco_controller/install.log'
[1.117s] Invoked command in '/home/keime/ros2_ws/src/aruco_controller' returned '0': PYTHONPATH=/home/keime/ros2_ws/build/aruco_controller/prefix_override:/home/keime/ros2_ws/install/aruco_controller/lib/python3.10/site-packages:${PYTHONPATH} /usr/bin/python3 setup.py egg_info --egg-base ../../build/aruco_controller build --build-base /home/keime/ros2_ws/build/aruco_controller/build install --record /home/keime/ros2_ws/build/aruco_controller/install.log --single-version-externally-managed
