[8.144s] Invoking command in '/home/keime/ros2_ws/src/image_pubsub': PYTHONPATH=/home/keime/ros2_ws/build/image_pubsub/prefix_override:/home/keime/ros2_ws/install/image_pubsub/lib/python3.10/site-packages:${PYTHONPATH} /usr/bin/python3 -W ignore:setup.py install is deprecated setup.py egg_info --egg-base ../../build/image_pubsub build --build-base /home/keime/ros2_ws/build/image_pubsub/build install --record /home/keime/ros2_ws/build/image_pubsub/install.log --single-version-externally-managed install_data
[10.937s] running egg_info
[10.943s] writing ../../build/image_pubsub/image_pubsub.egg-info/PKG-INFO
[10.946s] writing dependency_links to ../../build/image_pubsub/image_pubsub.egg-info/dependency_links.txt
[10.948s] writing entry points to ../../build/image_pubsub/image_pubsub.egg-info/entry_points.txt
[10.950s] writing requirements to ../../build/image_pubsub/image_pubsub.egg-info/requires.txt
[10.952s] writing top-level names to ../../build/image_pubsub/image_pubsub.egg-info/top_level.txt
[10.970s] reading manifest file '../../build/image_pubsub/image_pubsub.egg-info/SOURCES.txt'
[10.981s] writing manifest file '../../build/image_pubsub/image_pubsub.egg-info/SOURCES.txt'
[10.983s] running build
[10.984s] running build_py
[10.988s] running install
[10.992s] running install_lib
[11.007s] running install_data
[11.009s] running install_egg_info
[11.026s] removing '/home/keime/ros2_ws/install/image_pubsub/lib/python3.10/site-packages/image_pubsub-0.0.0-py3.10.egg-info' (and everything under it)
[11.030s] Copying ../../build/image_pubsub/image_pubsub.egg-info to /home/keime/ros2_ws/install/image_pubsub/lib/python3.10/site-packages/image_pubsub-0.0.0-py3.10.egg-info
[11.044s] running install_scripts
[11.255s] Installing command_publisher_gui script to /home/keime/ros2_ws/install/image_pubsub/lib/image_pubsub
[11.257s] Installing img_publisher script to /home/keime/ros2_ws/install/image_pubsub/lib/image_pubsub
[11.259s] Installing img_subscriber script to /home/keime/ros2_ws/install/image_pubsub/lib/image_pubsub
[11.263s] writing list of installed files to '/home/keime/ros2_ws/build/image_pubsub/install.log'
[11.523s] Invoked command in '/home/keime/ros2_ws/src/image_pubsub' returned '0': PYTHONPATH=/home/keime/ros2_ws/build/image_pubsub/prefix_override:/home/keime/ros2_ws/install/image_pubsub/lib/python3.10/site-packages:${PYTHONPATH} /usr/bin/python3 -W ignore:setup.py install is deprecated setup.py egg_info --egg-base ../../build/image_pubsub build --build-base /home/keime/ros2_ws/build/image_pubsub/build install --record /home/keime/ros2_ws/build/image_pubsub/install.log --single-version-externally-managed install_data
