[0.968s] Invoking command in '/home/keime/ros2_ws/src/robot_controller': PYTHONPATH=/home/keime/ros2_ws/build/robot_controller/prefix_override:/home/keime/ros2_ws/install/robot_controller/lib/python3.10/site-packages:${PYTHONPATH} /usr/bin/python3 setup.py egg_info --egg-base ../../build/robot_controller build --build-base /home/keime/ros2_ws/build/robot_controller/build install --record /home/keime/ros2_ws/build/robot_controller/install.log --single-version-externally-managed
[1.170s] running egg_info
[1.171s] writing ../../build/robot_controller/robot_controller.egg-info/PKG-INFO
[1.171s] writing dependency_links to ../../build/robot_controller/robot_controller.egg-info/dependency_links.txt
[1.172s] writing entry points to ../../build/robot_controller/robot_controller.egg-info/entry_points.txt
[1.172s] writing requirements to ../../build/robot_controller/robot_controller.egg-info/requires.txt
[1.172s] writing top-level names to ../../build/robot_controller/robot_controller.egg-info/top_level.txt
[1.174s] reading manifest file '../../build/robot_controller/robot_controller.egg-info/SOURCES.txt'
[1.175s] writing manifest file '../../build/robot_controller/robot_controller.egg-info/SOURCES.txt'
[1.175s] running build
[1.175s] running build_py
[1.176s] running install
[1.176s] running install_lib
[1.177s] running install_data
[1.178s] running install_egg_info
[1.179s] removing '/home/keime/ros2_ws/install/robot_controller/lib/python3.10/site-packages/robot_controller-0.0.0-py3.10.egg-info' (and everything under it)
[1.180s] Copying ../../build/robot_controller/robot_controller.egg-info to /home/keime/ros2_ws/install/robot_controller/lib/python3.10/site-packages/robot_controller-0.0.0-py3.10.egg-info
[1.181s] running install_scripts
[1.199s] Installing action script to /home/keime/ros2_ws/install/robot_controller/lib/robot_controller
[1.199s] writing list of installed files to '/home/keime/ros2_ws/build/robot_controller/install.log'
[1.307s] Invoked command in '/home/keime/ros2_ws/src/robot_controller' returned '0': PYTHONPATH=/home/keime/ros2_ws/build/robot_controller/prefix_override:/home/keime/ros2_ws/install/robot_controller/lib/python3.10/site-packages:${PYTHONPATH} /usr/bin/python3 setup.py egg_info --egg-base ../../build/robot_controller build --build-base /home/keime/ros2_ws/build/robot_controller/build install --record /home/keime/ros2_ws/build/robot_controller/install.log --single-version-externally-managed
