[1.518s] Invoking command in '/home/keime/ros2_ws/src/robot_controller': PYTHONPATH=/home/keime/ros2_ws/build/robot_controller/prefix_override:/home/keime/ros2_ws/install/robot_controller/lib/python3.10/site-packages:${PYTHONPATH} /usr/bin/python3 -W ignore:setup.py install is deprecated setup.py egg_info --egg-base ../../build/robot_controller build --build-base /home/keime/ros2_ws/build/robot_controller/build install --record /home/keime/ros2_ws/build/robot_controller/install.log --single-version-externally-managed install_data
[2.121s] running egg_info
[2.122s] writing ../../build/robot_controller/robot_controller.egg-info/PKG-INFO
[2.123s] writing dependency_links to ../../build/robot_controller/robot_controller.egg-info/dependency_links.txt
[2.123s] writing entry points to ../../build/robot_controller/robot_controller.egg-info/entry_points.txt
[2.124s] writing requirements to ../../build/robot_controller/robot_controller.egg-info/requires.txt
[2.124s] writing top-level names to ../../build/robot_controller/robot_controller.egg-info/top_level.txt
[2.128s] reading manifest file '../../build/robot_controller/robot_controller.egg-info/SOURCES.txt'
[2.130s] writing manifest file '../../build/robot_controller/robot_controller.egg-info/SOURCES.txt'
[2.130s] running build
[2.130s] running build_py
[2.130s] running install
[2.131s] running install_lib
[2.134s] running install_data
[2.134s] running install_egg_info
[2.138s] removing '/home/keime/ros2_ws/install/robot_controller/lib/python3.10/site-packages/robot_controller-0.0.0-py3.10.egg-info' (and everything under it)
[2.138s] Copying ../../build/robot_controller/robot_controller.egg-info to /home/keime/ros2_ws/install/robot_controller/lib/python3.10/site-packages/robot_controller-0.0.0-py3.10.egg-info
[2.140s] running install_scripts
[2.185s] Installing action script to /home/keime/ros2_ws/install/robot_controller/lib/robot_controller
[2.185s] writing list of installed files to '/home/keime/ros2_ws/build/robot_controller/install.log'
[2.458s] Invoked command in '/home/keime/ros2_ws/src/robot_controller' returned '0': PYTHONPATH=/home/keime/ros2_ws/build/robot_controller/prefix_override:/home/keime/ros2_ws/install/robot_controller/lib/python3.10/site-packages:${PYTHONPATH} /usr/bin/python3 -W ignore:setup.py install is deprecated setup.py egg_info --egg-base ../../build/robot_controller build --build-base /home/keime/ros2_ws/build/robot_controller/build install --record /home/keime/ros2_ws/build/robot_controller/install.log --single-version-externally-managed install_data
