[7.853s] Invoking command in '/home/keime/ros2_ws/src/robot_controller': PYTHONPATH=/home/keime/ros2_ws/build/robot_controller/prefix_override:/home/keime/ros2_ws/install/robot_controller/lib/python3.10/site-packages:${PYTHONPATH} /usr/bin/python3 -W ignore:setup.py install is deprecated setup.py egg_info --egg-base ../../build/robot_controller build --build-base /home/keime/ros2_ws/build/robot_controller/build install --record /home/keime/ros2_ws/build/robot_controller/install.log --single-version-externally-managed install_data
[10.574s] running egg_info
[10.580s] writing ../../build/robot_controller/robot_controller.egg-info/PKG-INFO
[10.583s] writing dependency_links to ../../build/robot_controller/robot_controller.egg-info/dependency_links.txt
[10.585s] writing entry points to ../../build/robot_controller/robot_controller.egg-info/entry_points.txt
[10.587s] writing requirements to ../../build/robot_controller/robot_controller.egg-info/requires.txt
[10.589s] writing top-level names to ../../build/robot_controller/robot_controller.egg-info/top_level.txt
[10.607s] reading manifest file '../../build/robot_controller/robot_controller.egg-info/SOURCES.txt'
[10.622s] writing manifest file '../../build/robot_controller/robot_controller.egg-info/SOURCES.txt'
[10.623s] running build
[10.624s] running build_py
[10.625s] copying robot_controller/command_subscriber_action.py -> /home/keime/ros2_ws/build/robot_controller/build/lib/robot_controller
[10.633s] running install
[10.635s] running install_lib
[10.645s] copying /home/keime/ros2_ws/build/robot_controller/build/lib/robot_controller/command_subscriber_action.py -> /home/keime/ros2_ws/install/robot_controller/lib/python3.10/site-packages/robot_controller
[10.653s] byte-compiling /home/keime/ros2_ws/install/robot_controller/lib/python3.10/site-packages/robot_controller/command_subscriber_action.py to command_subscriber_action.cpython-310.pyc
[10.668s] running install_data
[10.670s] running install_egg_info
[10.687s] removing '/home/keime/ros2_ws/install/robot_controller/lib/python3.10/site-packages/robot_controller-0.0.0-py3.10.egg-info' (and everything under it)
[10.691s] Copying ../../build/robot_controller/robot_controller.egg-info to /home/keime/ros2_ws/install/robot_controller/lib/python3.10/site-packages/robot_controller-0.0.0-py3.10.egg-info
[10.706s] running install_scripts
[10.917s] Installing action script to /home/keime/ros2_ws/install/robot_controller/lib/robot_controller
[10.920s] writing list of installed files to '/home/keime/ros2_ws/build/robot_controller/install.log'
[11.183s] Invoked command in '/home/keime/ros2_ws/src/robot_controller' returned '0': PYTHONPATH=/home/keime/ros2_ws/build/robot_controller/prefix_override:/home/keime/ros2_ws/install/robot_controller/lib/python3.10/site-packages:${PYTHONPATH} /usr/bin/python3 -W ignore:setup.py install is deprecated setup.py egg_info --egg-base ../../build/robot_controller build --build-base /home/keime/ros2_ws/build/robot_controller/build install --record /home/keime/ros2_ws/build/robot_controller/install.log --single-version-externally-managed install_data
