[8.285s] Invoking command in '/home/keime/ros2_ws/src/image_pubsub': PYTHONPATH=/home/keime/ros2_ws/build/image_pubsub/prefix_override:/home/keime/ros2_ws/install/image_pubsub/lib/python3.10/site-packages:${PYTHONPATH} /usr/bin/python3 -W ignore:setup.py install is deprecated setup.py egg_info --egg-base ../../build/image_pubsub build --build-base /home/keime/ros2_ws/build/image_pubsub/build install --record /home/keime/ros2_ws/build/image_pubsub/install.log --single-version-externally-managed install_data
[10.933s] running egg_info
[10.939s] writing ../../build/image_pubsub/image_pubsub.egg-info/PKG-INFO
[10.943s] writing dependency_links to ../../build/image_pubsub/image_pubsub.egg-info/dependency_links.txt
[10.945s] writing entry points to ../../build/image_pubsub/image_pubsub.egg-info/entry_points.txt
[10.948s] writing requirements to ../../build/image_pubsub/image_pubsub.egg-info/requires.txt
[10.949s] writing top-level names to ../../build/image_pubsub/image_pubsub.egg-info/top_level.txt
[10.966s] reading manifest file '../../build/image_pubsub/image_pubsub.egg-info/SOURCES.txt'
[10.981s] writing manifest file '../../build/image_pubsub/image_pubsub.egg-info/SOURCES.txt'
[10.983s] running build
[10.984s] running build_py
[10.988s] copying image_pubsub/image_publisher.py -> /home/keime/ros2_ws/build/image_pubsub/build/lib/image_pubsub
[10.991s] running install
[10.995s] running install_lib
[11.003s] copying /home/keime/ros2_ws/build/image_pubsub/build/lib/image_pubsub/image_publisher.py -> /home/keime/ros2_ws/install/image_pubsub/lib/python3.10/site-packages/image_pubsub
[11.010s] byte-compiling /home/keime/ros2_ws/install/image_pubsub/lib/python3.10/site-packages/image_pubsub/image_publisher.py to image_publisher.cpython-310.pyc
[11.016s] running install_data
[11.018s] running install_egg_info
[11.034s] removing '/home/keime/ros2_ws/install/image_pubsub/lib/python3.10/site-packages/image_pubsub-0.0.0-py3.10.egg-info' (and everything under it)
[11.038s] Copying ../../build/image_pubsub/image_pubsub.egg-info to /home/keime/ros2_ws/install/image_pubsub/lib/python3.10/site-packages/image_pubsub-0.0.0-py3.10.egg-info
[11.053s] running install_scripts
[11.255s] Installing img_publisher script to /home/keime/ros2_ws/install/image_pubsub/lib/image_pubsub
[11.257s] Installing img_subscriber script to /home/keime/ros2_ws/install/image_pubsub/lib/image_pubsub
[11.261s] writing list of installed files to '/home/keime/ros2_ws/build/image_pubsub/install.log'
[11.521s] Invoked command in '/home/keime/ros2_ws/src/image_pubsub' returned '0': PYTHONPATH=/home/keime/ros2_ws/build/image_pubsub/prefix_override:/home/keime/ros2_ws/install/image_pubsub/lib/python3.10/site-packages:${PYTHONPATH} /usr/bin/python3 -W ignore:setup.py install is deprecated setup.py egg_info --egg-base ../../build/image_pubsub build --build-base /home/keime/ros2_ws/build/image_pubsub/build install --record /home/keime/ros2_ws/build/image_pubsub/install.log --single-version-externally-managed install_data
