[11.161s] Invoking command in '/home/keime/ros2_ws/src/robot_controller': PYTHONPATH=/home/keime/ros2_ws/build/robot_controller/prefix_override:/home/keime/ros2_ws/install/robot_controller/lib/python3.10/site-packages:${PYTHONPATH} /usr/bin/python3 -W ignore:setup.py install is deprecated setup.py egg_info --egg-base ../../build/robot_controller build --build-base /home/keime/ros2_ws/build/robot_controller/build install --record /home/keime/ros2_ws/build/robot_controller/install.log --single-version-externally-managed install_data
[14.678s] running egg_info
[14.690s] writing ../../build/robot_controller/robot_controller.egg-info/PKG-INFO
[14.701s] writing dependency_links to ../../build/robot_controller/robot_controller.egg-info/dependency_links.txt
[14.706s] writing entry points to ../../build/robot_controller/robot_controller.egg-info/entry_points.txt
[14.709s] writing requirements to ../../build/robot_controller/robot_controller.egg-info/requires.txt
[14.711s] writing top-level names to ../../build/robot_controller/robot_controller.egg-info/top_level.txt
[14.734s] reading manifest file '../../build/robot_controller/robot_controller.egg-info/SOURCES.txt'
[14.751s] writing manifest file '../../build/robot_controller/robot_controller.egg-info/SOURCES.txt'
[14.760s] running build
[14.762s] running build_py
[14.771s] running install
[14.776s] running install_lib
[14.797s] running install_data
[14.802s] running install_egg_info
[14.838s] removing '/home/keime/ros2_ws/install/robot_controller/lib/python3.10/site-packages/robot_controller-0.0.0-py3.10.egg-info' (and everything under it)
[14.843s] Copying ../../build/robot_controller/robot_controller.egg-info to /home/keime/ros2_ws/install/robot_controller/lib/python3.10/site-packages/robot_controller-0.0.0-py3.10.egg-info
[14.861s] running install_scripts
[15.135s] Installing action script to /home/keime/ros2_ws/install/robot_controller/lib/robot_controller
[15.142s] writing list of installed files to '/home/keime/ros2_ws/build/robot_controller/install.log'
[15.470s] Invoked command in '/home/keime/ros2_ws/src/robot_controller' returned '0': PYTHONPATH=/home/keime/ros2_ws/build/robot_controller/prefix_override:/home/keime/ros2_ws/install/robot_controller/lib/python3.10/site-packages:${PYTHONPATH} /usr/bin/python3 -W ignore:setup.py install is deprecated setup.py egg_info --egg-base ../../build/robot_controller build --build-base /home/keime/ros2_ws/build/robot_controller/build install --record /home/keime/ros2_ws/build/robot_controller/install.log --single-version-externally-managed install_data
