[7.064s] Invoking command in '/home/keime/ros2_ws/src/robot_controller': PYTHONPATH=/home/keime/ros2_ws/build/robot_controller/prefix_override:/home/keime/ros2_ws/install/robot_controller/lib/python3.10/site-packages:${PYTHONPATH} /usr/bin/python3 -W ignore:setup.py install is deprecated setup.py egg_info --egg-base ../../build/robot_controller build --build-base /home/keime/ros2_ws/build/robot_controller/build install --record /home/keime/ros2_ws/build/robot_controller/install.log --single-version-externally-managed install_data
[9.749s] running egg_info
[9.755s] writing ../../build/robot_controller/robot_controller.egg-info/PKG-INFO
[9.758s] writing dependency_links to ../../build/robot_controller/robot_controller.egg-info/dependency_links.txt
[9.760s] writing entry points to ../../build/robot_controller/robot_controller.egg-info/entry_points.txt
[9.762s] writing requirements to ../../build/robot_controller/robot_controller.egg-info/requires.txt
[9.763s] writing top-level names to ../../build/robot_controller/robot_controller.egg-info/top_level.txt
[9.781s] reading manifest file '../../build/robot_controller/robot_controller.egg-info/SOURCES.txt'
[9.793s] writing manifest file '../../build/robot_controller/robot_controller.egg-info/SOURCES.txt'
[9.794s] running build
[9.795s] running build_py
[9.799s] running install
[9.802s] running install_lib
[9.817s] running install_data
[9.818s] running install_egg_info
[9.835s] removing '/home/keime/ros2_ws/install/robot_controller/lib/python3.10/site-packages/robot_controller-0.0.0-py3.10.egg-info' (and everything under it)
[9.839s] Copying ../../build/robot_controller/robot_controller.egg-info to /home/keime/ros2_ws/install/robot_controller/lib/python3.10/site-packages/robot_controller-0.0.0-py3.10.egg-info
[9.853s] running install_scripts
[10.055s] Installing action script to /home/keime/ros2_ws/install/robot_controller/lib/robot_controller
[10.057s] Installing subscriber script to /home/keime/ros2_ws/install/robot_controller/lib/robot_controller
[10.061s] writing list of installed files to '/home/keime/ros2_ws/build/robot_controller/install.log'
[10.322s] Invoked command in '/home/keime/ros2_ws/src/robot_controller' returned '0': PYTHONPATH=/home/keime/ros2_ws/build/robot_controller/prefix_override:/home/keime/ros2_ws/install/robot_controller/lib/python3.10/site-packages:${PYTHONPATH} /usr/bin/python3 -W ignore:setup.py install is deprecated setup.py egg_info --egg-base ../../build/robot_controller build --build-base /home/keime/ros2_ws/build/robot_controller/build install --record /home/keime/ros2_ws/build/robot_controller/install.log --single-version-externally-managed install_data
