[1.750s] DEBUG:colcon:Command line arguments: ['/usr/bin/colcon', 'build', '--packages-select', 'image_pub']
[1.751s] DEBUG:colcon:Parsed command line arguments: Namespace(log_base=None, log_level=None, verb_name='build', build_base='build', install_base='install', merge_install=False, symlink_install=False, test_result_base=None, continue_on_error=False, executor='parallel', parallel_workers=4, event_handlers=None, ignore_user_meta=False, metas=['./colcon.meta'], base_paths=['.'], packages_ignore=None, packages_ignore_regex=None, paths=None, packages_up_to=None, packages_up_to_regex=None, packages_above=None, packages_above_and_dependencies=None, packages_above_depth=None, packages_select_by_dep=None, packages_skip_by_dep=None, packages_skip_up_to=None, packages_select_build_failed=False, packages_skip_build_finished=False, packages_select_test_failures=False, packages_skip_test_passed=False, packages_select=['image_pub'], packages_skip=None, packages_select_regex=None, packages_skip_regex=None, packages_start=None, packages_end=None, allow_overriding=[], cmake_args=None, cmake_target=None, cmake_target_skip_unavailable=False, cmake_clean_cache=False, cmake_clean_first=False, cmake_force_configure=False, ament_cmake_args=None, catkin_cmake_args=None, catkin_skip_building_tests=False, verb_parser=<colcon_defaults.argument_parser.defaults.DefaultArgumentsDecorator object at 0xffff9419b040>, verb_extension=<colcon_core.verb.build.BuildVerb object at 0xffff9432fb20>, main=<bound method BuildVerb.main of <colcon_core.verb.build.BuildVerb object at 0xffff9432fb20>>)
[3.749s] Level 1:colcon.colcon_core.package_discovery:discover_packages(colcon_meta) check parameters
[3.751s] Level 1:colcon.colcon_core.package_discovery:discover_packages(recursive) check parameters
[3.751s] Level 1:colcon.colcon_core.package_discovery:discover_packages(ignore) check parameters
[3.752s] Level 1:colcon.colcon_core.package_discovery:discover_packages(path) check parameters
[3.752s] Level 1:colcon.colcon_core.package_discovery:discover_packages(colcon_meta) discover
[3.752s] Level 1:colcon.colcon_core.package_discovery:discover_packages(recursive) discover
[3.753s] INFO:colcon.colcon_core.package_discovery:Crawling recursively for packages in '/home/keime/ros2_ws'
[3.754s] Level 1:colcon.colcon_core.package_identification:_identify(.) by extensions ['ignore', 'ignore_ament_install']
[3.755s] Level 1:colcon.colcon_core.package_identification:_identify(.) by extension 'ignore'
[3.756s] Level 1:colcon.colcon_core.package_identification:_identify(.) by extension 'ignore_ament_install'
[3.756s] Level 1:colcon.colcon_core.package_identification:_identify(.) by extensions ['colcon_pkg']
[3.757s] Level 1:colcon.colcon_core.package_identification:_identify(.) by extension 'colcon_pkg'
[3.757s] Level 1:colcon.colcon_core.package_identification:_identify(.) by extensions ['colcon_meta']
[3.758s] Level 1:colcon.colcon_core.package_identification:_identify(.) by extension 'colcon_meta'
[3.758s] Level 1:colcon.colcon_core.package_identification:_identify(.) by extensions ['ros']
[3.758s] Level 1:colcon.colcon_core.package_identification:_identify(.) by extension 'ros'
[3.877s] Level 1:colcon.colcon_core.package_identification:_identify(.) by extensions ['cmake', 'python']
[3.877s] Level 1:colcon.colcon_core.package_identification:_identify(.) by extension 'cmake'
[3.878s] Level 1:colcon.colcon_core.package_identification:_identify(.) by extension 'python'
[3.878s] Level 1:colcon.colcon_core.package_identification:_identify(.) by extensions ['python_setup_py']
[3.879s] Level 1:colcon.colcon_core.package_identification:_identify(.) by extension 'python_setup_py'
[3.880s] Level 1:colcon.colcon_core.package_identification:_identify(Arducam-Pivariety-V4L2-Driver) by extensions ['ignore', 'ignore_ament_install']
[3.881s] Level 1:colcon.colcon_core.package_identification:_identify(Arducam-Pivariety-V4L2-Driver) by extension 'ignore'
[3.882s] Level 1:colcon.colcon_core.package_identification:_identify(Arducam-Pivariety-V4L2-Driver) by extension 'ignore_ament_install'
[3.882s] Level 1:colcon.colcon_core.package_identification:_identify(Arducam-Pivariety-V4L2-Driver) by extensions ['colcon_pkg']
[3.883s] Level 1:colcon.colcon_core.package_identification:_identify(Arducam-Pivariety-V4L2-Driver) by extension 'colcon_pkg'
[3.883s] Level 1:colcon.colcon_core.package_identification:_identify(Arducam-Pivariety-V4L2-Driver) by extensions ['colcon_meta']
[3.884s] Level 1:colcon.colcon_core.package_identification:_identify(Arducam-Pivariety-V4L2-Driver) by extension 'colcon_meta'
[3.884s] Level 1:colcon.colcon_core.package_identification:_identify(Arducam-Pivariety-V4L2-Driver) by extensions ['ros']
[3.885s] Level 1:colcon.colcon_core.package_identification:_identify(Arducam-Pivariety-V4L2-Driver) by extension 'ros'
[3.886s] Level 1:colcon.colcon_core.package_identification:_identify(Arducam-Pivariety-V4L2-Driver) by extensions ['cmake', 'python']
[3.886s] Level 1:colcon.colcon_core.package_identification:_identify(Arducam-Pivariety-V4L2-Driver) by extension 'cmake'
[3.887s] Level 1:colcon.colcon_core.package_identification:_identify(Arducam-Pivariety-V4L2-Driver) by extension 'python'
[3.887s] Level 1:colcon.colcon_core.package_identification:_identify(Arducam-Pivariety-V4L2-Driver) by extensions ['python_setup_py']
[3.888s] Level 1:colcon.colcon_core.package_identification:_identify(Arducam-Pivariety-V4L2-Driver) by extension 'python_setup_py'
[3.889s] Level 1:colcon.colcon_core.package_identification:_identify(Arducam-Pivariety-V4L2-Driver/Release) by extensions ['ignore', 'ignore_ament_install']
[3.890s] Level 1:colcon.colcon_core.package_identification:_identify(Arducam-Pivariety-V4L2-Driver/Release) by extension 'ignore'
[3.890s] Level 1:colcon.colcon_core.package_identification:_identify(Arducam-Pivariety-V4L2-Driver/Release) by extension 'ignore_ament_install'
[3.891s] Level 1:colcon.colcon_core.package_identification:_identify(Arducam-Pivariety-V4L2-Driver/Release) by extensions ['colcon_pkg']
[3.891s] Level 1:colcon.colcon_core.package_identification:_identify(Arducam-Pivariety-V4L2-Driver/Release) by extension 'colcon_pkg'
[3.892s] Level 1:colcon.colcon_core.package_identification:_identify(Arducam-Pivariety-V4L2-Driver/Release) by extensions ['colcon_meta']
[3.892s] Level 1:colcon.colcon_core.package_identification:_identify(Arducam-Pivariety-V4L2-Driver/Release) by extension 'colcon_meta'
[3.893s] Level 1:colcon.colcon_core.package_identification:_identify(Arducam-Pivariety-V4L2-Driver/Release) by extensions ['ros']
[3.893s] Level 1:colcon.colcon_core.package_identification:_identify(Arducam-Pivariety-V4L2-Driver/Release) by extension 'ros'
[3.894s] Level 1:colcon.colcon_core.package_identification:_identify(Arducam-Pivariety-V4L2-Driver/Release) by extensions ['cmake', 'python']
[3.895s] Level 1:colcon.colcon_core.package_identification:_identify(Arducam-Pivariety-V4L2-Driver/Release) by extension 'cmake'
[3.895s] Level 1:colcon.colcon_core.package_identification:_identify(Arducam-Pivariety-V4L2-Driver/Release) by extension 'python'
[3.896s] Level 1:colcon.colcon_core.package_identification:_identify(Arducam-Pivariety-V4L2-Driver/Release) by extensions ['python_setup_py']
[3.896s] Level 1:colcon.colcon_core.package_identification:_identify(Arducam-Pivariety-V4L2-Driver/Release) by extension 'python_setup_py'
[3.898s] Level 1:colcon.colcon_core.package_identification:_identify(Arducam-Pivariety-V4L2-Driver/Release/bin) by extensions ['ignore', 'ignore_ament_install']
[3.899s] Level 1:colcon.colcon_core.package_identification:_identify(Arducam-Pivariety-V4L2-Driver/Release/bin) by extension 'ignore'
[3.900s] Level 1:colcon.colcon_core.package_identification:_identify(Arducam-Pivariety-V4L2-Driver/Release/bin) by extension 'ignore_ament_install'
[3.900s] Level 1:colcon.colcon_core.package_identification:_identify(Arducam-Pivariety-V4L2-Driver/Release/bin) by extensions ['colcon_pkg']
[3.901s] Level 1:colcon.colcon_core.package_identification:_identify(Arducam-Pivariety-V4L2-Driver/Release/bin) by extension 'colcon_pkg'
[3.901s] Level 1:colcon.colcon_core.package_identification:_identify(Arducam-Pivariety-V4L2-Driver/Release/bin) by extensions ['colcon_meta']
[3.901s] Level 1:colcon.colcon_core.package_identification:_identify(Arducam-Pivariety-V4L2-Driver/Release/bin) by extension 'colcon_meta'
[3.902s] Level 1:colcon.colcon_core.package_identification:_identify(Arducam-Pivariety-V4L2-Driver/Release/bin) by extensions ['ros']
[3.903s] Level 1:colcon.colcon_core.package_identification:_identify(Arducam-Pivariety-V4L2-Driver/Release/bin) by extension 'ros'
[3.904s] Level 1:colcon.colcon_core.package_identification:_identify(Arducam-Pivariety-V4L2-Driver/Release/bin) by extensions ['cmake', 'python']
[3.904s] Level 1:colcon.colcon_core.package_identification:_identify(Arducam-Pivariety-V4L2-Driver/Release/bin) by extension 'cmake'
[3.905s] Level 1:colcon.colcon_core.package_identification:_identify(Arducam-Pivariety-V4L2-Driver/Release/bin) by extension 'python'
[3.905s] Level 1:colcon.colcon_core.package_identification:_identify(Arducam-Pivariety-V4L2-Driver/Release/bin) by extensions ['python_setup_py']
[3.905s] Level 1:colcon.colcon_core.package_identification:_identify(Arducam-Pivariety-V4L2-Driver/Release/bin) by extension 'python_setup_py'
[3.907s] Level 1:colcon.colcon_core.package_identification:_identify(Arducam-Pivariety-V4L2-Driver/Release/bin/5.10.17+) by extensions ['ignore', 'ignore_ament_install']
[3.908s] Level 1:colcon.colcon_core.package_identification:_identify(Arducam-Pivariety-V4L2-Driver/Release/bin/5.10.17+) by extension 'ignore'
[3.909s] Level 1:colcon.colcon_core.package_identification:_identify(Arducam-Pivariety-V4L2-Driver/Release/bin/5.10.17+) by extension 'ignore_ament_install'
[3.909s] Level 1:colcon.colcon_core.package_identification:_identify(Arducam-Pivariety-V4L2-Driver/Release/bin/5.10.17+) by extensions ['colcon_pkg']
[3.910s] Level 1:colcon.colcon_core.package_identification:_identify(Arducam-Pivariety-V4L2-Driver/Release/bin/5.10.17+) by extension 'colcon_pkg'
[3.910s] Level 1:colcon.colcon_core.package_identification:_identify(Arducam-Pivariety-V4L2-Driver/Release/bin/5.10.17+) by extensions ['colcon_meta']
[3.911s] Level 1:colcon.colcon_core.package_identification:_identify(Arducam-Pivariety-V4L2-Driver/Release/bin/5.10.17+) by extension 'colcon_meta'
[3.911s] Level 1:colcon.colcon_core.package_identification:_identify(Arducam-Pivariety-V4L2-Driver/Release/bin/5.10.17+) by extensions ['ros']
[3.912s] Level 1:colcon.colcon_core.package_identification:_identify(Arducam-Pivariety-V4L2-Driver/Release/bin/5.10.17+) by extension 'ros'
[3.913s] Level 1:colcon.colcon_core.package_identification:_identify(Arducam-Pivariety-V4L2-Driver/Release/bin/5.10.17+) by extensions ['cmake', 'python']
[3.913s] Level 1:colcon.colcon_core.package_identification:_identify(Arducam-Pivariety-V4L2-Driver/Release/bin/5.10.17+) by extension 'cmake'
[3.914s] Level 1:colcon.colcon_core.package_identification:_identify(Arducam-Pivariety-V4L2-Driver/Release/bin/5.10.17+) by extension 'python'
[3.914s] Level 1:colcon.colcon_core.package_identification:_identify(Arducam-Pivariety-V4L2-Driver/Release/bin/5.10.17+) by extensions ['python_setup_py']
[3.915s] Level 1:colcon.colcon_core.package_identification:_identify(Arducam-Pivariety-V4L2-Driver/Release/bin/5.10.17+) by extension 'python_setup_py'
[3.916s] Level 1:colcon.colcon_core.package_identification:_identify(Arducam-Pivariety-V4L2-Driver/Release/bin/5.10.17-v7+) by extensions ['ignore', 'ignore_ament_install']
[3.917s] Level 1:colcon.colcon_core.package_identification:_identify(Arducam-Pivariety-V4L2-Driver/Release/bin/5.10.17-v7+) by extension 'ignore'
[3.918s] Level 1:colcon.colcon_core.package_identification:_identify(Arducam-Pivariety-V4L2-Driver/Release/bin/5.10.17-v7+) by extension 'ignore_ament_install'
[3.918s] Level 1:colcon.colcon_core.package_identification:_identify(Arducam-Pivariety-V4L2-Driver/Release/bin/5.10.17-v7+) by extensions ['colcon_pkg']
[3.919s] Level 1:colcon.colcon_core.package_identification:_identify(Arducam-Pivariety-V4L2-Driver/Release/bin/5.10.17-v7+) by extension 'colcon_pkg'
[3.919s] Level 1:colcon.colcon_core.package_identification:_identify(Arducam-Pivariety-V4L2-Driver/Release/bin/5.10.17-v7+) by extensions ['colcon_meta']
[3.920s] Level 1:colcon.colcon_core.package_identification:_identify(Arducam-Pivariety-V4L2-Driver/Release/bin/5.10.17-v7+) by extension 'colcon_meta'
[3.921s] Level 1:colcon.colcon_core.package_identification:_identify(Arducam-Pivariety-V4L2-Driver/Release/bin/5.10.17-v7+) by extensions ['ros']
[3.921s] Level 1:colcon.colcon_core.package_identification:_identify(Arducam-Pivariety-V4L2-Driver/Release/bin/5.10.17-v7+) by extension 'ros'
[3.922s] Level 1:colcon.colcon_core.package_identification:_identify(Arducam-Pivariety-V4L2-Driver/Release/bin/5.10.17-v7+) by extensions ['cmake', 'python']
[3.922s] Level 1:colcon.colcon_core.package_identification:_identify(Arducam-Pivariety-V4L2-Driver/Release/bin/5.10.17-v7+) by extension 'cmake'
[3.923s] Level 1:colcon.colcon_core.package_identification:_identify(Arducam-Pivariety-V4L2-Driver/Release/bin/5.10.17-v7+) by extension 'python'
[3.923s] Level 1:colcon.colcon_core.package_identification:_identify(Arducam-Pivariety-V4L2-Driver/Release/bin/5.10.17-v7+) by extensions ['python_setup_py']
[3.924s] Level 1:colcon.colcon_core.package_identification:_identify(Arducam-Pivariety-V4L2-Driver/Release/bin/5.10.17-v7+) by extension 'python_setup_py'
[3.925s] Level 1:colcon.colcon_core.package_identification:_identify(Arducam-Pivariety-V4L2-Driver/Release/bin/5.10.17-v7l+) by extensions ['ignore', 'ignore_ament_install']
[3.926s] Level 1:colcon.colcon_core.package_identification:_identify(Arducam-Pivariety-V4L2-Driver/Release/bin/5.10.17-v7l+) by extension 'ignore'
[3.927s] Level 1:colcon.colcon_core.package_identification:_identify(Arducam-Pivariety-V4L2-Driver/Release/bin/5.10.17-v7l+) by extension 'ignore_ament_install'
[3.928s] Level 1:colcon.colcon_core.package_identification:_identify(Arducam-Pivariety-V4L2-Driver/Release/bin/5.10.17-v7l+) by extensions ['colcon_pkg']
[3.928s] Level 1:colcon.colcon_core.package_identification:_identify(Arducam-Pivariety-V4L2-Driver/Release/bin/5.10.17-v7l+) by extension 'colcon_pkg'
[3.928s] Level 1:colcon.colcon_core.package_identification:_identify(Arducam-Pivariety-V4L2-Driver/Release/bin/5.10.17-v7l+) by extensions ['colcon_meta']
[3.929s] Level 1:colcon.colcon_core.package_identification:_identify(Arducam-Pivariety-V4L2-Driver/Release/bin/5.10.17-v7l+) by extension 'colcon_meta'
[3.929s] Level 1:colcon.colcon_core.package_identification:_identify(Arducam-Pivariety-V4L2-Driver/Release/bin/5.10.17-v7l+) by extensions ['ros']
[3.930s] Level 1:colcon.colcon_core.package_identification:_identify(Arducam-Pivariety-V4L2-Driver/Release/bin/5.10.17-v7l+) by extension 'ros'
[3.931s] Level 1:colcon.colcon_core.package_identification:_identify(Arducam-Pivariety-V4L2-Driver/Release/bin/5.10.17-v7l+) by extensions ['cmake', 'python']
[3.932s] Level 1:colcon.colcon_core.package_identification:_identify(Arducam-Pivariety-V4L2-Driver/Release/bin/5.10.17-v7l+) by extension 'cmake'
[3.932s] Level 1:colcon.colcon_core.package_identification:_identify(Arducam-Pivariety-V4L2-Driver/Release/bin/5.10.17-v7l+) by extension 'python'
[3.933s] Level 1:colcon.colcon_core.package_identification:_identify(Arducam-Pivariety-V4L2-Driver/Release/bin/5.10.17-v7l+) by extensions ['python_setup_py']
[3.933s] Level 1:colcon.colcon_core.package_identification:_identify(Arducam-Pivariety-V4L2-Driver/Release/bin/5.10.17-v7l+) by extension 'python_setup_py'
[3.934s] Level 1:colcon.colcon_core.package_identification:_identify(Arducam-Pivariety-V4L2-Driver/Release/bin/5.10.52+) by extensions ['ignore', 'ignore_ament_install']
[3.935s] Level 1:colcon.colcon_core.package_identification:_identify(Arducam-Pivariety-V4L2-Driver/Release/bin/5.10.52+) by extension 'ignore'
[3.936s] Level 1:colcon.colcon_core.package_identification:_identify(Arducam-Pivariety-V4L2-Driver/Release/bin/5.10.52+) by extension 'ignore_ament_install'
[3.937s] Level 1:colcon.colcon_core.package_identification:_identify(Arducam-Pivariety-V4L2-Driver/Release/bin/5.10.52+) by extensions ['colcon_pkg']
[3.937s] Level 1:colcon.colcon_core.package_identification:_identify(Arducam-Pivariety-V4L2-Driver/Release/bin/5.10.52+) by extension 'colcon_pkg'
[3.938s] Level 1:colcon.colcon_core.package_identification:_identify(Arducam-Pivariety-V4L2-Driver/Release/bin/5.10.52+) by extensions ['colcon_meta']
[3.938s] Level 1:colcon.colcon_core.package_identification:_identify(Arducam-Pivariety-V4L2-Driver/Release/bin/5.10.52+) by extension 'colcon_meta'
[3.939s] Level 1:colcon.colcon_core.package_identification:_identify(Arducam-Pivariety-V4L2-Driver/Release/bin/5.10.52+) by extensions ['ros']
[3.939s] Level 1:colcon.colcon_core.package_identification:_identify(Arducam-Pivariety-V4L2-Driver/Release/bin/5.10.52+) by extension 'ros'
[3.940s] Level 1:colcon.colcon_core.package_identification:_identify(Arducam-Pivariety-V4L2-Driver/Release/bin/5.10.52+) by extensions ['cmake', 'python']
[3.941s] Level 1:colcon.colcon_core.package_identification:_identify(Arducam-Pivariety-V4L2-Driver/Release/bin/5.10.52+) by extension 'cmake'
[3.941s] Level 1:colcon.colcon_core.package_identification:_identify(Arducam-Pivariety-V4L2-Driver/Release/bin/5.10.52+) by extension 'python'
[3.942s] Level 1:colcon.colcon_core.package_identification:_identify(Arducam-Pivariety-V4L2-Driver/Release/bin/5.10.52+) by extensions ['python_setup_py']
[3.942s] Level 1:colcon.colcon_core.package_identification:_identify(Arducam-Pivariety-V4L2-Driver/Release/bin/5.10.52+) by extension 'python_setup_py'
[3.944s] Level 1:colcon.colcon_core.package_identification:_identify(Arducam-Pivariety-V4L2-Driver/Release/bin/5.10.52-v7+) by extensions ['ignore', 'ignore_ament_install']
[3.944s] Level 1:colcon.colcon_core.package_identification:_identify(Arducam-Pivariety-V4L2-Driver/Release/bin/5.10.52-v7+) by extension 'ignore'
[3.945s] Level 1:colcon.colcon_core.package_identification:_identify(Arducam-Pivariety-V4L2-Driver/Release/bin/5.10.52-v7+) by extension 'ignore_ament_install'
[3.946s] Level 1:colcon.colcon_core.package_identification:_identify(Arducam-Pivariety-V4L2-Driver/Release/bin/5.10.52-v7+) by extensions ['colcon_pkg']
[3.946s] Level 1:colcon.colcon_core.package_identification:_identify(Arducam-Pivariety-V4L2-Driver/Release/bin/5.10.52-v7+) by extension 'colcon_pkg'
[3.947s] Level 1:colcon.colcon_core.package_identification:_identify(Arducam-Pivariety-V4L2-Driver/Release/bin/5.10.52-v7+) by extensions ['colcon_meta']
[3.947s] Level 1:colcon.colcon_core.package_identification:_identify(Arducam-Pivariety-V4L2-Driver/Release/bin/5.10.52-v7+) by extension 'colcon_meta'
[3.948s] Level 1:colcon.colcon_core.package_identification:_identify(Arducam-Pivariety-V4L2-Driver/Release/bin/5.10.52-v7+) by extensions ['ros']
[3.948s] Level 1:colcon.colcon_core.package_identification:_identify(Arducam-Pivariety-V4L2-Driver/Release/bin/5.10.52-v7+) by extension 'ros'
[3.949s] Level 1:colcon.colcon_core.package_identification:_identify(Arducam-Pivariety-V4L2-Driver/Release/bin/5.10.52-v7+) by extensions ['cmake', 'python']
[3.950s] Level 1:colcon.colcon_core.package_identification:_identify(Arducam-Pivariety-V4L2-Driver/Release/bin/5.10.52-v7+) by extension 'cmake'
[3.950s] Level 1:colcon.colcon_core.package_identification:_identify(Arducam-Pivariety-V4L2-Driver/Release/bin/5.10.52-v7+) by extension 'python'
[3.951s] Level 1:colcon.colcon_core.package_identification:_identify(Arducam-Pivariety-V4L2-Driver/Release/bin/5.10.52-v7+) by extensions ['python_setup_py']
[3.951s] Level 1:colcon.colcon_core.package_identification:_identify(Arducam-Pivariety-V4L2-Driver/Release/bin/5.10.52-v7+) by extension 'python_setup_py'
[3.953s] Level 1:colcon.colcon_core.package_identification:_identify(Arducam-Pivariety-V4L2-Driver/Release/bin/5.10.52-v7l+) by extensions ['ignore', 'ignore_ament_install']
[3.953s] Level 1:colcon.colcon_core.package_identification:_identify(Arducam-Pivariety-V4L2-Driver/Release/bin/5.10.52-v7l+) by extension 'ignore'
[3.954s] Level 1:colcon.colcon_core.package_identification:_identify(Arducam-Pivariety-V4L2-Driver/Release/bin/5.10.52-v7l+) by extension 'ignore_ament_install'
[3.955s] Level 1:colcon.colcon_core.package_identification:_identify(Arducam-Pivariety-V4L2-Driver/Release/bin/5.10.52-v7l+) by extensions ['colcon_pkg']
[3.955s] Level 1:colcon.colcon_core.package_identification:_identify(Arducam-Pivariety-V4L2-Driver/Release/bin/5.10.52-v7l+) by extension 'colcon_pkg'
[3.956s] Level 1:colcon.colcon_core.package_identification:_identify(Arducam-Pivariety-V4L2-Driver/Release/bin/5.10.52-v7l+) by extensions ['colcon_meta']
[3.956s] Level 1:colcon.colcon_core.package_identification:_identify(Arducam-Pivariety-V4L2-Driver/Release/bin/5.10.52-v7l+) by extension 'colcon_meta'
[3.957s] Level 1:colcon.colcon_core.package_identification:_identify(Arducam-Pivariety-V4L2-Driver/Release/bin/5.10.52-v7l+) by extensions ['ros']
[3.957s] Level 1:colcon.colcon_core.package_identification:_identify(Arducam-Pivariety-V4L2-Driver/Release/bin/5.10.52-v7l+) by extension 'ros'
[3.959s] Level 1:colcon.colcon_core.package_identification:_identify(Arducam-Pivariety-V4L2-Driver/Release/bin/5.10.52-v7l+) by extensions ['cmake', 'python']
[3.959s] Level 1:colcon.colcon_core.package_identification:_identify(Arducam-Pivariety-V4L2-Driver/Release/bin/5.10.52-v7l+) by extension 'cmake'
[3.959s] Level 1:colcon.colcon_core.package_identification:_identify(Arducam-Pivariety-V4L2-Driver/Release/bin/5.10.52-v7l+) by extension 'python'
[3.960s] Level 1:colcon.colcon_core.package_identification:_identify(Arducam-Pivariety-V4L2-Driver/Release/bin/5.10.52-v7l+) by extensions ['python_setup_py']
[3.960s] Level 1:colcon.colcon_core.package_identification:_identify(Arducam-Pivariety-V4L2-Driver/Release/bin/5.10.52-v7l+) by extension 'python_setup_py'
[3.962s] Level 1:colcon.colcon_core.package_identification:_identify(Arducam-Pivariety-V4L2-Driver/Release/bin/5.10.60+) by extensions ['ignore', 'ignore_ament_install']
[3.963s] Level 1:colcon.colcon_core.package_identification:_identify(Arducam-Pivariety-V4L2-Driver/Release/bin/5.10.60+) by extension 'ignore'
[3.963s] Level 1:colcon.colcon_core.package_identification:_identify(Arducam-Pivariety-V4L2-Driver/Release/bin/5.10.60+) by extension 'ignore_ament_install'
[3.964s] Level 1:colcon.colcon_core.package_identification:_identify(Arducam-Pivariety-V4L2-Driver/Release/bin/5.10.60+) by extensions ['colcon_pkg']
[3.964s] Level 1:colcon.colcon_core.package_identification:_identify(Arducam-Pivariety-V4L2-Driver/Release/bin/5.10.60+) by extension 'colcon_pkg'
[3.965s] Level 1:colcon.colcon_core.package_identification:_identify(Arducam-Pivariety-V4L2-Driver/Release/bin/5.10.60+) by extensions ['colcon_meta']
[3.965s] Level 1:colcon.colcon_core.package_identification:_identify(Arducam-Pivariety-V4L2-Driver/Release/bin/5.10.60+) by extension 'colcon_meta'
[3.966s] Level 1:colcon.colcon_core.package_identification:_identify(Arducam-Pivariety-V4L2-Driver/Release/bin/5.10.60+) by extensions ['ros']
[3.967s] Level 1:colcon.colcon_core.package_identification:_identify(Arducam-Pivariety-V4L2-Driver/Release/bin/5.10.60+) by extension 'ros'
[3.968s] Level 1:colcon.colcon_core.package_identification:_identify(Arducam-Pivariety-V4L2-Driver/Release/bin/5.10.60+) by extensions ['cmake', 'python']
[3.968s] Level 1:colcon.colcon_core.package_identification:_identify(Arducam-Pivariety-V4L2-Driver/Release/bin/5.10.60+) by extension 'cmake'
[3.969s] Level 1:colcon.colcon_core.package_identification:_identify(Arducam-Pivariety-V4L2-Driver/Release/bin/5.10.60+) by extension 'python'
[3.969s] Level 1:colcon.colcon_core.package_identification:_identify(Arducam-Pivariety-V4L2-Driver/Release/bin/5.10.60+) by extensions ['python_setup_py']
[3.969s] Level 1:colcon.colcon_core.package_identification:_identify(Arducam-Pivariety-V4L2-Driver/Release/bin/5.10.60+) by extension 'python_setup_py'
[3.971s] Level 1:colcon.colcon_core.package_identification:_identify(Arducam-Pivariety-V4L2-Driver/Release/bin/5.10.60-v7+) by extensions ['ignore', 'ignore_ament_install']
[3.972s] Level 1:colcon.colcon_core.package_identification:_identify(Arducam-Pivariety-V4L2-Driver/Release/bin/5.10.60-v7+) by extension 'ignore'
[3.972s] Level 1:colcon.colcon_core.package_identification:_identify(Arducam-Pivariety-V4L2-Driver/Release/bin/5.10.60-v7+) by extension 'ignore_ament_install'
[3.973s] Level 1:colcon.colcon_core.package_identification:_identify(Arducam-Pivariety-V4L2-Driver/Release/bin/5.10.60-v7+) by extensions ['colcon_pkg']
[3.974s] Level 1:colcon.colcon_core.package_identification:_identify(Arducam-Pivariety-V4L2-Driver/Release/bin/5.10.60-v7+) by extension 'colcon_pkg'
[3.974s] Level 1:colcon.colcon_core.package_identification:_identify(Arducam-Pivariety-V4L2-Driver/Release/bin/5.10.60-v7+) by extensions ['colcon_meta']
[3.975s] Level 1:colcon.colcon_core.package_identification:_identify(Arducam-Pivariety-V4L2-Driver/Release/bin/5.10.60-v7+) by extension 'colcon_meta'
[3.975s] Level 1:colcon.colcon_core.package_identification:_identify(Arducam-Pivariety-V4L2-Driver/Release/bin/5.10.60-v7+) by extensions ['ros']
[3.976s] Level 1:colcon.colcon_core.package_identification:_identify(Arducam-Pivariety-V4L2-Driver/Release/bin/5.10.60-v7+) by extension 'ros'
[3.977s] Level 1:colcon.colcon_core.package_identification:_identify(Arducam-Pivariety-V4L2-Driver/Release/bin/5.10.60-v7+) by extensions ['cmake', 'python']
[3.977s] Level 1:colcon.colcon_core.package_identification:_identify(Arducam-Pivariety-V4L2-Driver/Release/bin/5.10.60-v7+) by extension 'cmake'
[3.978s] Level 1:colcon.colcon_core.package_identification:_identify(Arducam-Pivariety-V4L2-Driver/Release/bin/5.10.60-v7+) by extension 'python'
[3.978s] Level 1:colcon.colcon_core.package_identification:_identify(Arducam-Pivariety-V4L2-Driver/Release/bin/5.10.60-v7+) by extensions ['python_setup_py']
[3.979s] Level 1:colcon.colcon_core.package_identification:_identify(Arducam-Pivariety-V4L2-Driver/Release/bin/5.10.60-v7+) by extension 'python_setup_py'
[3.980s] Level 1:colcon.colcon_core.package_identification:_identify(Arducam-Pivariety-V4L2-Driver/Release/bin/5.10.60-v7l+) by extensions ['ignore', 'ignore_ament_install']
[3.981s] Level 1:colcon.colcon_core.package_identification:_identify(Arducam-Pivariety-V4L2-Driver/Release/bin/5.10.60-v7l+) by extension 'ignore'
[3.982s] Level 1:colcon.colcon_core.package_identification:_identify(Arducam-Pivariety-V4L2-Driver/Release/bin/5.10.60-v7l+) by extension 'ignore_ament_install'
[3.983s] Level 1:colcon.colcon_core.package_identification:_identify(Arducam-Pivariety-V4L2-Driver/Release/bin/5.10.60-v7l+) by extensions ['colcon_pkg']
[3.983s] Level 1:colcon.colcon_core.package_identification:_identify(Arducam-Pivariety-V4L2-Driver/Release/bin/5.10.60-v7l+) by extension 'colcon_pkg'
[3.983s] Level 1:colcon.colcon_core.package_identification:_identify(Arducam-Pivariety-V4L2-Driver/Release/bin/5.10.60-v7l+) by extensions ['colcon_meta']
[3.984s] Level 1:colcon.colcon_core.package_identification:_identify(Arducam-Pivariety-V4L2-Driver/Release/bin/5.10.60-v7l+) by extension 'colcon_meta'
[3.985s] Level 1:colcon.colcon_core.package_identification:_identify(Arducam-Pivariety-V4L2-Driver/Release/bin/5.10.60-v7l+) by extensions ['ros']
[3.985s] Level 1:colcon.colcon_core.package_identification:_identify(Arducam-Pivariety-V4L2-Driver/Release/bin/5.10.60-v7l+) by extension 'ros'
[3.986s] Level 1:colcon.colcon_core.package_identification:_identify(Arducam-Pivariety-V4L2-Driver/Release/bin/5.10.60-v7l+) by extensions ['cmake', 'python']
[3.986s] Level 1:colcon.colcon_core.package_identification:_identify(Arducam-Pivariety-V4L2-Driver/Release/bin/5.10.60-v7l+) by extension 'cmake'
[3.987s] Level 1:colcon.colcon_core.package_identification:_identify(Arducam-Pivariety-V4L2-Driver/Release/bin/5.10.60-v7l+) by extension 'python'
[3.987s] Level 1:colcon.colcon_core.package_identification:_identify(Arducam-Pivariety-V4L2-Driver/Release/bin/5.10.60-v7l+) by extensions ['python_setup_py']
[3.988s] Level 1:colcon.colcon_core.package_identification:_identify(Arducam-Pivariety-V4L2-Driver/Release/bin/5.10.60-v7l+) by extension 'python_setup_py'
[3.989s] Level 1:colcon.colcon_core.package_identification:_identify(Arducam-Pivariety-V4L2-Driver/Release/bin/5.10.63+) by extensions ['ignore', 'ignore_ament_install']
[3.990s] Level 1:colcon.colcon_core.package_identification:_identify(Arducam-Pivariety-V4L2-Driver/Release/bin/5.10.63+) by extension 'ignore'
[3.991s] Level 1:colcon.colcon_core.package_identification:_identify(Arducam-Pivariety-V4L2-Driver/Release/bin/5.10.63+) by extension 'ignore_ament_install'
[3.992s] Level 1:colcon.colcon_core.package_identification:_identify(Arducam-Pivariety-V4L2-Driver/Release/bin/5.10.63+) by extensions ['colcon_pkg']
[3.992s] Level 1:colcon.colcon_core.package_identification:_identify(Arducam-Pivariety-V4L2-Driver/Release/bin/5.10.63+) by extension 'colcon_pkg'
[3.993s] Level 1:colcon.colcon_core.package_identification:_identify(Arducam-Pivariety-V4L2-Driver/Release/bin/5.10.63+) by extensions ['colcon_meta']
[3.993s] Level 1:colcon.colcon_core.package_identification:_identify(Arducam-Pivariety-V4L2-Driver/Release/bin/5.10.63+) by extension 'colcon_meta'
[3.994s] Level 1:colcon.colcon_core.package_identification:_identify(Arducam-Pivariety-V4L2-Driver/Release/bin/5.10.63+) by extensions ['ros']
[3.994s] Level 1:colcon.colcon_core.package_identification:_identify(Arducam-Pivariety-V4L2-Driver/Release/bin/5.10.63+) by extension 'ros'
[3.995s] Level 1:colcon.colcon_core.package_identification:_identify(Arducam-Pivariety-V4L2-Driver/Release/bin/5.10.63+) by extensions ['cmake', 'python']
[3.996s] Level 1:colcon.colcon_core.package_identification:_identify(Arducam-Pivariety-V4L2-Driver/Release/bin/5.10.63+) by extension 'cmake'
[3.996s] Level 1:colcon.colcon_core.package_identification:_identify(Arducam-Pivariety-V4L2-Driver/Release/bin/5.10.63+) by extension 'python'
[3.997s] Level 1:colcon.colcon_core.package_identification:_identify(Arducam-Pivariety-V4L2-Driver/Release/bin/5.10.63+) by extensions ['python_setup_py']
[3.997s] Level 1:colcon.colcon_core.package_identification:_identify(Arducam-Pivariety-V4L2-Driver/Release/bin/5.10.63+) by extension 'python_setup_py'
[3.998s] Level 1:colcon.colcon_core.package_identification:_identify(Arducam-Pivariety-V4L2-Driver/Release/bin/5.10.63-v7+) by extensions ['ignore', 'ignore_ament_install']
[3.999s] Level 1:colcon.colcon_core.package_identification:_identify(Arducam-Pivariety-V4L2-Driver/Release/bin/5.10.63-v7+) by extension 'ignore'
[4.000s] Level 1:colcon.colcon_core.package_identification:_identify(Arducam-Pivariety-V4L2-Driver/Release/bin/5.10.63-v7+) by extension 'ignore_ament_install'
[4.001s] Level 1:colcon.colcon_core.package_identification:_identify(Arducam-Pivariety-V4L2-Driver/Release/bin/5.10.63-v7+) by extensions ['colcon_pkg']
[4.001s] Level 1:colcon.colcon_core.package_identification:_identify(Arducam-Pivariety-V4L2-Driver/Release/bin/5.10.63-v7+) by extension 'colcon_pkg'
[4.002s] Level 1:colcon.colcon_core.package_identification:_identify(Arducam-Pivariety-V4L2-Driver/Release/bin/5.10.63-v7+) by extensions ['colcon_meta']
[4.002s] Level 1:colcon.colcon_core.package_identification:_identify(Arducam-Pivariety-V4L2-Driver/Release/bin/5.10.63-v7+) by extension 'colcon_meta'
[4.003s] Level 1:colcon.colcon_core.package_identification:_identify(Arducam-Pivariety-V4L2-Driver/Release/bin/5.10.63-v7+) by extensions ['ros']
[4.003s] Level 1:colcon.colcon_core.package_identification:_identify(Arducam-Pivariety-V4L2-Driver/Release/bin/5.10.63-v7+) by extension 'ros'
[4.004s] Level 1:colcon.colcon_core.package_identification:_identify(Arducam-Pivariety-V4L2-Driver/Release/bin/5.10.63-v7+) by extensions ['cmake', 'python']
[4.005s] Level 1:colcon.colcon_core.package_identification:_identify(Arducam-Pivariety-V4L2-Driver/Release/bin/5.10.63-v7+) by extension 'cmake'
[4.005s] Level 1:colcon.colcon_core.package_identification:_identify(Arducam-Pivariety-V4L2-Driver/Release/bin/5.10.63-v7+) by extension 'python'
[4.006s] Level 1:colcon.colcon_core.package_identification:_identify(Arducam-Pivariety-V4L2-Driver/Release/bin/5.10.63-v7+) by extensions ['python_setup_py']
[4.006s] Level 1:colcon.colcon_core.package_identification:_identify(Arducam-Pivariety-V4L2-Driver/Release/bin/5.10.63-v7+) by extension 'python_setup_py'
[4.008s] Level 1:colcon.colcon_core.package_identification:_identify(Arducam-Pivariety-V4L2-Driver/Release/bin/5.10.63-v7l+) by extensions ['ignore', 'ignore_ament_install']
[4.009s] Level 1:colcon.colcon_core.package_identification:_identify(Arducam-Pivariety-V4L2-Driver/Release/bin/5.10.63-v7l+) by extension 'ignore'
[4.009s] Level 1:colcon.colcon_core.package_identification:_identify(Arducam-Pivariety-V4L2-Driver/Release/bin/5.10.63-v7l+) by extension 'ignore_ament_install'
[4.010s] Level 1:colcon.colcon_core.package_identification:_identify(Arducam-Pivariety-V4L2-Driver/Release/bin/5.10.63-v7l+) by extensions ['colcon_pkg']
[4.010s] Level 1:colcon.colcon_core.package_identification:_identify(Arducam-Pivariety-V4L2-Driver/Release/bin/5.10.63-v7l+) by extension 'colcon_pkg'
[4.011s] Level 1:colcon.colcon_core.package_identification:_identify(Arducam-Pivariety-V4L2-Driver/Release/bin/5.10.63-v7l+) by extensions ['colcon_meta']
[4.011s] Level 1:colcon.colcon_core.package_identification:_identify(Arducam-Pivariety-V4L2-Driver/Release/bin/5.10.63-v7l+) by extension 'colcon_meta'
[4.012s] Level 1:colcon.colcon_core.package_identification:_identify(Arducam-Pivariety-V4L2-Driver/Release/bin/5.10.63-v7l+) by extensions ['ros']
[4.012s] Level 1:colcon.colcon_core.package_identification:_identify(Arducam-Pivariety-V4L2-Driver/Release/bin/5.10.63-v7l+) by extension 'ros'
[4.013s] Level 1:colcon.colcon_core.package_identification:_identify(Arducam-Pivariety-V4L2-Driver/Release/bin/5.10.63-v7l+) by extensions ['cmake', 'python']
[4.014s] Level 1:colcon.colcon_core.package_identification:_identify(Arducam-Pivariety-V4L2-Driver/Release/bin/5.10.63-v7l+) by extension 'cmake'
[4.015s] Level 1:colcon.colcon_core.package_identification:_identify(Arducam-Pivariety-V4L2-Driver/Release/bin/5.10.63-v7l+) by extension 'python'
[4.015s] Level 1:colcon.colcon_core.package_identification:_identify(Arducam-Pivariety-V4L2-Driver/Release/bin/5.10.63-v7l+) by extensions ['python_setup_py']
[4.015s] Level 1:colcon.colcon_core.package_identification:_identify(Arducam-Pivariety-V4L2-Driver/Release/bin/5.10.63-v7l+) by extension 'python_setup_py'
[4.017s] Level 1:colcon.colcon_core.package_identification:_identify(Arducam-Pivariety-V4L2-Driver/Release/bin/5.10.63-v8+) by extensions ['ignore', 'ignore_ament_install']
[4.018s] Level 1:colcon.colcon_core.package_identification:_identify(Arducam-Pivariety-V4L2-Driver/Release/bin/5.10.63-v8+) by extension 'ignore'
[4.019s] Level 1:colcon.colcon_core.package_identification:_identify(Arducam-Pivariety-V4L2-Driver/Release/bin/5.10.63-v8+) by extension 'ignore_ament_install'
[4.019s] Level 1:colcon.colcon_core.package_identification:_identify(Arducam-Pivariety-V4L2-Driver/Release/bin/5.10.63-v8+) by extensions ['colcon_pkg']
[4.020s] Level 1:colcon.colcon_core.package_identification:_identify(Arducam-Pivariety-V4L2-Driver/Release/bin/5.10.63-v8+) by extension 'colcon_pkg'
[4.020s] Level 1:colcon.colcon_core.package_identification:_identify(Arducam-Pivariety-V4L2-Driver/Release/bin/5.10.63-v8+) by extensions ['colcon_meta']
[4.020s] Level 1:colcon.colcon_core.package_identification:_identify(Arducam-Pivariety-V4L2-Driver/Release/bin/5.10.63-v8+) by extension 'colcon_meta'
[4.021s] Level 1:colcon.colcon_core.package_identification:_identify(Arducam-Pivariety-V4L2-Driver/Release/bin/5.10.63-v8+) by extensions ['ros']
[4.021s] Level 1:colcon.colcon_core.package_identification:_identify(Arducam-Pivariety-V4L2-Driver/Release/bin/5.10.63-v8+) by extension 'ros'
[4.023s] Level 1:colcon.colcon_core.package_identification:_identify(Arducam-Pivariety-V4L2-Driver/Release/bin/5.10.63-v8+) by extensions ['cmake', 'python']
[4.023s] Level 1:colcon.colcon_core.package_identification:_identify(Arducam-Pivariety-V4L2-Driver/Release/bin/5.10.63-v8+) by extension 'cmake'
[4.024s] Level 1:colcon.colcon_core.package_identification:_identify(Arducam-Pivariety-V4L2-Driver/Release/bin/5.10.63-v8+) by extension 'python'
[4.024s] Level 1:colcon.colcon_core.package_identification:_identify(Arducam-Pivariety-V4L2-Driver/Release/bin/5.10.63-v8+) by extensions ['python_setup_py']
[4.025s] Level 1:colcon.colcon_core.package_identification:_identify(Arducam-Pivariety-V4L2-Driver/Release/bin/5.10.63-v8+) by extension 'python_setup_py'
[4.026s] Level 1:colcon.colcon_core.package_identification:_identify(Arducam-Pivariety-V4L2-Driver/focus) by extensions ['ignore', 'ignore_ament_install']
[4.027s] Level 1:colcon.colcon_core.package_identification:_identify(Arducam-Pivariety-V4L2-Driver/focus) by extension 'ignore'
[4.028s] Level 1:colcon.colcon_core.package_identification:_identify(Arducam-Pivariety-V4L2-Driver/focus) by extension 'ignore_ament_install'
[4.028s] Level 1:colcon.colcon_core.package_identification:_identify(Arducam-Pivariety-V4L2-Driver/focus) by extensions ['colcon_pkg']
[4.029s] Level 1:colcon.colcon_core.package_identification:_identify(Arducam-Pivariety-V4L2-Driver/focus) by extension 'colcon_pkg'
[4.029s] Level 1:colcon.colcon_core.package_identification:_identify(Arducam-Pivariety-V4L2-Driver/focus) by extensions ['colcon_meta']
[4.029s] Level 1:colcon.colcon_core.package_identification:_identify(Arducam-Pivariety-V4L2-Driver/focus) by extension 'colcon_meta'
[4.030s] Level 1:colcon.colcon_core.package_identification:_identify(Arducam-Pivariety-V4L2-Driver/focus) by extensions ['ros']
[4.031s] Level 1:colcon.colcon_core.package_identification:_identify(Arducam-Pivariety-V4L2-Driver/focus) by extension 'ros'
[4.032s] Level 1:colcon.colcon_core.package_identification:_identify(Arducam-Pivariety-V4L2-Driver/focus) by extensions ['cmake', 'python']
[4.032s] Level 1:colcon.colcon_core.package_identification:_identify(Arducam-Pivariety-V4L2-Driver/focus) by extension 'cmake'
[4.032s] Level 1:colcon.colcon_core.package_identification:_identify(Arducam-Pivariety-V4L2-Driver/focus) by extension 'python'
[4.033s] Level 1:colcon.colcon_core.package_identification:_identify(Arducam-Pivariety-V4L2-Driver/focus) by extensions ['python_setup_py']
[4.033s] Level 1:colcon.colcon_core.package_identification:_identify(Arducam-Pivariety-V4L2-Driver/focus) by extension 'python_setup_py'
[4.035s] Level 1:colcon.colcon_core.package_identification:_identify(Arducam-Pivariety-V4L2-Driver/patchs) by extensions ['ignore', 'ignore_ament_install']
[4.036s] Level 1:colcon.colcon_core.package_identification:_identify(Arducam-Pivariety-V4L2-Driver/patchs) by extension 'ignore'
[4.036s] Level 1:colcon.colcon_core.package_identification:_identify(Arducam-Pivariety-V4L2-Driver/patchs) by extension 'ignore_ament_install'
[4.037s] Level 1:colcon.colcon_core.package_identification:_identify(Arducam-Pivariety-V4L2-Driver/patchs) by extensions ['colcon_pkg']
[4.037s] Level 1:colcon.colcon_core.package_identification:_identify(Arducam-Pivariety-V4L2-Driver/patchs) by extension 'colcon_pkg'
[4.038s] Level 1:colcon.colcon_core.package_identification:_identify(Arducam-Pivariety-V4L2-Driver/patchs) by extensions ['colcon_meta']
[4.038s] Level 1:colcon.colcon_core.package_identification:_identify(Arducam-Pivariety-V4L2-Driver/patchs) by extension 'colcon_meta'
[4.039s] Level 1:colcon.colcon_core.package_identification:_identify(Arducam-Pivariety-V4L2-Driver/patchs) by extensions ['ros']
[4.039s] Level 1:colcon.colcon_core.package_identification:_identify(Arducam-Pivariety-V4L2-Driver/patchs) by extension 'ros'
[4.040s] Level 1:colcon.colcon_core.package_identification:_identify(Arducam-Pivariety-V4L2-Driver/patchs) by extensions ['cmake', 'python']
[4.041s] Level 1:colcon.colcon_core.package_identification:_identify(Arducam-Pivariety-V4L2-Driver/patchs) by extension 'cmake'
[4.041s] Level 1:colcon.colcon_core.package_identification:_identify(Arducam-Pivariety-V4L2-Driver/patchs) by extension 'python'
[4.042s] Level 1:colcon.colcon_core.package_identification:_identify(Arducam-Pivariety-V4L2-Driver/patchs) by extensions ['python_setup_py']
[4.042s] Level 1:colcon.colcon_core.package_identification:_identify(Arducam-Pivariety-V4L2-Driver/patchs) by extension 'python_setup_py'
[4.044s] Level 1:colcon.colcon_core.package_identification:_identify(Arducam-Pivariety-V4L2-Driver/src) by extensions ['ignore', 'ignore_ament_install']
[4.045s] Level 1:colcon.colcon_core.package_identification:_identify(Arducam-Pivariety-V4L2-Driver/src) by extension 'ignore'
[4.045s] Level 1:colcon.colcon_core.package_identification:_identify(Arducam-Pivariety-V4L2-Driver/src) by extension 'ignore_ament_install'
[4.046s] Level 1:colcon.colcon_core.package_identification:_identify(Arducam-Pivariety-V4L2-Driver/src) by extensions ['colcon_pkg']
[4.046s] Level 1:colcon.colcon_core.package_identification:_identify(Arducam-Pivariety-V4L2-Driver/src) by extension 'colcon_pkg'
[4.047s] Level 1:colcon.colcon_core.package_identification:_identify(Arducam-Pivariety-V4L2-Driver/src) by extensions ['colcon_meta']
[4.047s] Level 1:colcon.colcon_core.package_identification:_identify(Arducam-Pivariety-V4L2-Driver/src) by extension 'colcon_meta'
[4.048s] Level 1:colcon.colcon_core.package_identification:_identify(Arducam-Pivariety-V4L2-Driver/src) by extensions ['ros']
[4.048s] Level 1:colcon.colcon_core.package_identification:_identify(Arducam-Pivariety-V4L2-Driver/src) by extension 'ros'
[4.049s] Level 1:colcon.colcon_core.package_identification:_identify(Arducam-Pivariety-V4L2-Driver/src) by extensions ['cmake', 'python']
[4.049s] Level 1:colcon.colcon_core.package_identification:_identify(Arducam-Pivariety-V4L2-Driver/src) by extension 'cmake'
[4.050s] Level 1:colcon.colcon_core.package_identification:_identify(Arducam-Pivariety-V4L2-Driver/src) by extension 'python'
[4.051s] Level 1:colcon.colcon_core.package_identification:_identify(Arducam-Pivariety-V4L2-Driver/src) by extensions ['python_setup_py']
[4.051s] Level 1:colcon.colcon_core.package_identification:_identify(Arducam-Pivariety-V4L2-Driver/src) by extension 'python_setup_py'
[4.052s] Level 1:colcon.colcon_core.package_identification:_identify(Arducam-Pivariety-V4L2-Driver/tools) by extensions ['ignore', 'ignore_ament_install']
[4.053s] Level 1:colcon.colcon_core.package_identification:_identify(Arducam-Pivariety-V4L2-Driver/tools) by extension 'ignore'
[4.054s] Level 1:colcon.colcon_core.package_identification:_identify(Arducam-Pivariety-V4L2-Driver/tools) by extension 'ignore_ament_install'
[4.055s] Level 1:colcon.colcon_core.package_identification:_identify(Arducam-Pivariety-V4L2-Driver/tools) by extensions ['colcon_pkg']
[4.055s] Level 1:colcon.colcon_core.package_identification:_identify(Arducam-Pivariety-V4L2-Driver/tools) by extension 'colcon_pkg'
[4.056s] Level 1:colcon.colcon_core.package_identification:_identify(Arducam-Pivariety-V4L2-Driver/tools) by extensions ['colcon_meta']
[4.056s] Level 1:colcon.colcon_core.package_identification:_identify(Arducam-Pivariety-V4L2-Driver/tools) by extension 'colcon_meta'
[4.056s] Level 1:colcon.colcon_core.package_identification:_identify(Arducam-Pivariety-V4L2-Driver/tools) by extensions ['ros']
[4.057s] Level 1:colcon.colcon_core.package_identification:_identify(Arducam-Pivariety-V4L2-Driver/tools) by extension 'ros'
[4.058s] Level 1:colcon.colcon_core.package_identification:_identify(Arducam-Pivariety-V4L2-Driver/tools) by extensions ['cmake', 'python']
[4.058s] Level 1:colcon.colcon_core.package_identification:_identify(Arducam-Pivariety-V4L2-Driver/tools) by extension 'cmake'
[4.059s] Level 1:colcon.colcon_core.package_identification:_identify(Arducam-Pivariety-V4L2-Driver/tools) by extension 'python'
[4.059s] Level 1:colcon.colcon_core.package_identification:_identify(Arducam-Pivariety-V4L2-Driver/tools) by extensions ['python_setup_py']
[4.060s] Level 1:colcon.colcon_core.package_identification:_identify(Arducam-Pivariety-V4L2-Driver/tools) by extension 'python_setup_py'
[4.061s] Level 1:colcon.colcon_core.package_identification:_identify(apt) by extensions ['ignore', 'ignore_ament_install']
[4.062s] Level 1:colcon.colcon_core.package_identification:_identify(apt) by extension 'ignore'
[4.062s] Level 1:colcon.colcon_core.package_identification:_identify(apt) by extension 'ignore_ament_install'
[4.063s] Level 1:colcon.colcon_core.package_identification:_identify(apt) by extensions ['colcon_pkg']
[4.064s] Level 1:colcon.colcon_core.package_identification:_identify(apt) by extension 'colcon_pkg'
[4.064s] Level 1:colcon.colcon_core.package_identification:_identify(apt) by extensions ['colcon_meta']
[4.064s] Level 1:colcon.colcon_core.package_identification:_identify(apt) by extension 'colcon_meta'
[4.065s] Level 1:colcon.colcon_core.package_identification:_identify(apt) by extensions ['ros']
[4.065s] Level 1:colcon.colcon_core.package_identification:_identify(apt) by extension 'ros'
[4.066s] Level 1:colcon.colcon_core.package_identification:_identify(apt) by extensions ['cmake', 'python']
[4.067s] Level 1:colcon.colcon_core.package_identification:_identify(apt) by extension 'cmake'
[4.067s] Level 1:colcon.colcon_core.package_identification:_identify(apt) by extension 'python'
[4.068s] Level 1:colcon.colcon_core.package_identification:_identify(apt) by extensions ['python_setup_py']
[4.068s] Level 1:colcon.colcon_core.package_identification:_identify(apt) by extension 'python_setup_py'
[4.069s] Level 1:colcon.colcon_core.package_identification:_identify(apt/auth.conf.d) by extensions ['ignore', 'ignore_ament_install']
[4.070s] Level 1:colcon.colcon_core.package_identification:_identify(apt/auth.conf.d) by extension 'ignore'
[4.071s] Level 1:colcon.colcon_core.package_identification:_identify(apt/auth.conf.d) by extension 'ignore_ament_install'
[4.071s] Level 1:colcon.colcon_core.package_identification:_identify(apt/auth.conf.d) by extensions ['colcon_pkg']
[4.072s] Level 1:colcon.colcon_core.package_identification:_identify(apt/auth.conf.d) by extension 'colcon_pkg'
[4.072s] Level 1:colcon.colcon_core.package_identification:_identify(apt/auth.conf.d) by extensions ['colcon_meta']
[4.073s] Level 1:colcon.colcon_core.package_identification:_identify(apt/auth.conf.d) by extension 'colcon_meta'
[4.073s] Level 1:colcon.colcon_core.package_identification:_identify(apt/auth.conf.d) by extensions ['ros']
[4.073s] Level 1:colcon.colcon_core.package_identification:_identify(apt/auth.conf.d) by extension 'ros'
[4.075s] Level 1:colcon.colcon_core.package_identification:_identify(apt/auth.conf.d) by extensions ['cmake', 'python']
[4.075s] Level 1:colcon.colcon_core.package_identification:_identify(apt/auth.conf.d) by extension 'cmake'
[4.076s] Level 1:colcon.colcon_core.package_identification:_identify(apt/auth.conf.d) by extension 'python'
[4.076s] Level 1:colcon.colcon_core.package_identification:_identify(apt/auth.conf.d) by extensions ['python_setup_py']
[4.076s] Level 1:colcon.colcon_core.package_identification:_identify(apt/auth.conf.d) by extension 'python_setup_py'
[4.078s] Level 1:colcon.colcon_core.package_identification:_identify(apt/keyrings) by extensions ['ignore', 'ignore_ament_install']
[4.079s] Level 1:colcon.colcon_core.package_identification:_identify(apt/keyrings) by extension 'ignore'
[4.079s] Level 1:colcon.colcon_core.package_identification:_identify(apt/keyrings) by extension 'ignore_ament_install'
[4.080s] Level 1:colcon.colcon_core.package_identification:_identify(apt/keyrings) by extensions ['colcon_pkg']
[4.080s] Level 1:colcon.colcon_core.package_identification:_identify(apt/keyrings) by extension 'colcon_pkg'
[4.081s] Level 1:colcon.colcon_core.package_identification:_identify(apt/keyrings) by extensions ['colcon_meta']
[4.081s] Level 1:colcon.colcon_core.package_identification:_identify(apt/keyrings) by extension 'colcon_meta'
[4.081s] Level 1:colcon.colcon_core.package_identification:_identify(apt/keyrings) by extensions ['ros']
[4.082s] Level 1:colcon.colcon_core.package_identification:_identify(apt/keyrings) by extension 'ros'
[4.083s] Level 1:colcon.colcon_core.package_identification:_identify(apt/keyrings) by extensions ['cmake', 'python']
[4.083s] Level 1:colcon.colcon_core.package_identification:_identify(apt/keyrings) by extension 'cmake'
[4.084s] Level 1:colcon.colcon_core.package_identification:_identify(apt/keyrings) by extension 'python'
[4.084s] Level 1:colcon.colcon_core.package_identification:_identify(apt/keyrings) by extensions ['python_setup_py']
[4.085s] Level 1:colcon.colcon_core.package_identification:_identify(apt/keyrings) by extension 'python_setup_py'
[4.086s] Level 1:colcon.colcon_core.package_identification:_identify(build) by extensions ['ignore', 'ignore_ament_install']
[4.087s] Level 1:colcon.colcon_core.package_identification:_identify(build) by extension 'ignore'
[4.087s] Level 1:colcon.colcon_core.package_identification:_identify(build) ignored
[4.091s] Level 1:colcon.colcon_core.package_identification:_identify(install) by extensions ['ignore', 'ignore_ament_install']
[4.092s] Level 1:colcon.colcon_core.package_identification:_identify(install) by extension 'ignore'
[4.092s] Level 1:colcon.colcon_core.package_identification:_identify(install) ignored
[4.095s] Level 1:colcon.colcon_core.package_identification:_identify(log) by extensions ['ignore', 'ignore_ament_install']
[4.096s] Level 1:colcon.colcon_core.package_identification:_identify(log) by extension 'ignore'
[4.096s] Level 1:colcon.colcon_core.package_identification:_identify(log) ignored
[4.098s] Level 1:colcon.colcon_core.package_identification:_identify(python) by extensions ['ignore', 'ignore_ament_install']
[4.099s] Level 1:colcon.colcon_core.package_identification:_identify(python) by extension 'ignore'
[4.099s] Level 1:colcon.colcon_core.package_identification:_identify(python) by extension 'ignore_ament_install'
[4.100s] Level 1:colcon.colcon_core.package_identification:_identify(python) by extensions ['colcon_pkg']
[4.100s] Level 1:colcon.colcon_core.package_identification:_identify(python) by extension 'colcon_pkg'
[4.101s] Level 1:colcon.colcon_core.package_identification:_identify(python) by extensions ['colcon_meta']
[4.101s] Level 1:colcon.colcon_core.package_identification:_identify(python) by extension 'colcon_meta'
[4.102s] Level 1:colcon.colcon_core.package_identification:_identify(python) by extensions ['ros']
[4.102s] Level 1:colcon.colcon_core.package_identification:_identify(python) by extension 'ros'
[4.103s] Level 1:colcon.colcon_core.package_identification:_identify(python) by extensions ['cmake', 'python']
[4.104s] Level 1:colcon.colcon_core.package_identification:_identify(python) by extension 'cmake'
[4.104s] Level 1:colcon.colcon_core.package_identification:_identify(python) by extension 'python'
[4.105s] Level 1:colcon.colcon_core.package_identification:_identify(python) by extensions ['python_setup_py']
[4.105s] Level 1:colcon.colcon_core.package_identification:_identify(python) by extension 'python_setup_py'
[4.106s] Level 1:colcon.colcon_core.package_identification:_identify(src) by extensions ['ignore', 'ignore_ament_install']
[4.107s] Level 1:colcon.colcon_core.package_identification:_identify(src) by extension 'ignore'
[4.108s] Level 1:colcon.colcon_core.package_identification:_identify(src) by extension 'ignore_ament_install'
[4.108s] Level 1:colcon.colcon_core.package_identification:_identify(src) by extensions ['colcon_pkg']
[4.109s] Level 1:colcon.colcon_core.package_identification:_identify(src) by extension 'colcon_pkg'
[4.109s] Level 1:colcon.colcon_core.package_identification:_identify(src) by extensions ['colcon_meta']
[4.109s] Level 1:colcon.colcon_core.package_identification:_identify(src) by extension 'colcon_meta'
[4.110s] Level 1:colcon.colcon_core.package_identification:_identify(src) by extensions ['ros']
[4.111s] Level 1:colcon.colcon_core.package_identification:_identify(src) by extension 'ros'
[4.112s] Level 1:colcon.colcon_core.package_identification:_identify(src) by extensions ['cmake', 'python']
[4.112s] Level 1:colcon.colcon_core.package_identification:_identify(src) by extension 'cmake'
[4.112s] Level 1:colcon.colcon_core.package_identification:_identify(src) by extension 'python'
[4.113s] Level 1:colcon.colcon_core.package_identification:_identify(src) by extensions ['python_setup_py']
[4.113s] Level 1:colcon.colcon_core.package_identification:_identify(src) by extension 'python_setup_py'
[4.115s] Level 1:colcon.colcon_core.package_identification:_identify(src/image_pub) by extensions ['ignore', 'ignore_ament_install']
[4.116s] Level 1:colcon.colcon_core.package_identification:_identify(src/image_pub) by extension 'ignore'
[4.116s] Level 1:colcon.colcon_core.package_identification:_identify(src/image_pub) by extension 'ignore_ament_install'
[4.117s] Level 1:colcon.colcon_core.package_identification:_identify(src/image_pub) by extensions ['colcon_pkg']
[4.117s] Level 1:colcon.colcon_core.package_identification:_identify(src/image_pub) by extension 'colcon_pkg'
[4.118s] Level 1:colcon.colcon_core.package_identification:_identify(src/image_pub) by extensions ['colcon_meta']
[4.118s] Level 1:colcon.colcon_core.package_identification:_identify(src/image_pub) by extension 'colcon_meta'
[4.119s] Level 1:colcon.colcon_core.package_identification:_identify(src/image_pub) by extensions ['ros']
[4.119s] Level 1:colcon.colcon_core.package_identification:_identify(src/image_pub) by extension 'ros'
[4.153s] DEBUG:colcon.colcon_core.package_identification:Package 'src/image_pub' with type 'ros.ament_python' and name 'image_pub'
[4.155s] Level 1:colcon.colcon_core.package_identification:_identify(src/image_pubsub) by extensions ['ignore', 'ignore_ament_install']
[4.156s] Level 1:colcon.colcon_core.package_identification:_identify(src/image_pubsub) by extension 'ignore'
[4.156s] Level 1:colcon.colcon_core.package_identification:_identify(src/image_pubsub) by extension 'ignore_ament_install'
[4.157s] Level 1:colcon.colcon_core.package_identification:_identify(src/image_pubsub) by extensions ['colcon_pkg']
[4.157s] Level 1:colcon.colcon_core.package_identification:_identify(src/image_pubsub) by extension 'colcon_pkg'
[4.158s] Level 1:colcon.colcon_core.package_identification:_identify(src/image_pubsub) by extensions ['colcon_meta']
[4.158s] Level 1:colcon.colcon_core.package_identification:_identify(src/image_pubsub) by extension 'colcon_meta'
[4.159s] Level 1:colcon.colcon_core.package_identification:_identify(src/image_pubsub) by extensions ['ros']
[4.159s] Level 1:colcon.colcon_core.package_identification:_identify(src/image_pubsub) by extension 'ros'
[4.164s] DEBUG:colcon.colcon_core.package_identification:Package 'src/image_pubsub' with type 'ros.ament_python' and name 'image_pubsub'
[4.165s] Level 1:colcon.colcon_core.package_identification:_identify(src/py_pubsub) by extensions ['ignore', 'ignore_ament_install']
[4.166s] Level 1:colcon.colcon_core.package_identification:_identify(src/py_pubsub) by extension 'ignore'
[4.167s] Level 1:colcon.colcon_core.package_identification:_identify(src/py_pubsub) by extension 'ignore_ament_install'
[4.168s] Level 1:colcon.colcon_core.package_identification:_identify(src/py_pubsub) by extensions ['colcon_pkg']
[4.168s] Level 1:colcon.colcon_core.package_identification:_identify(src/py_pubsub) by extension 'colcon_pkg'
[4.168s] Level 1:colcon.colcon_core.package_identification:_identify(src/py_pubsub) by extensions ['colcon_meta']
[4.169s] Level 1:colcon.colcon_core.package_identification:_identify(src/py_pubsub) by extension 'colcon_meta'
[4.169s] Level 1:colcon.colcon_core.package_identification:_identify(src/py_pubsub) by extensions ['ros']
[4.170s] Level 1:colcon.colcon_core.package_identification:_identify(src/py_pubsub) by extension 'ros'
[4.175s] DEBUG:colcon.colcon_core.package_identification:Package 'src/py_pubsub' with type 'ros.ament_python' and name 'py_pubsub'
[4.176s] Level 1:colcon.colcon_core.package_identification:_identify(src/robot_controller) by extensions ['ignore', 'ignore_ament_install']
[4.177s] Level 1:colcon.colcon_core.package_identification:_identify(src/robot_controller) by extension 'ignore'
[4.177s] Level 1:colcon.colcon_core.package_identification:_identify(src/robot_controller) by extension 'ignore_ament_install'
[4.178s] Level 1:colcon.colcon_core.package_identification:_identify(src/robot_controller) by extensions ['colcon_pkg']
[4.179s] Level 1:colcon.colcon_core.package_identification:_identify(src/robot_controller) by extension 'colcon_pkg'
[4.179s] Level 1:colcon.colcon_core.package_identification:_identify(src/robot_controller) by extensions ['colcon_meta']
[4.180s] Level 1:colcon.colcon_core.package_identification:_identify(src/robot_controller) by extension 'colcon_meta'
[4.180s] Level 1:colcon.colcon_core.package_identification:_identify(src/robot_controller) by extensions ['ros']
[4.181s] Level 1:colcon.colcon_core.package_identification:_identify(src/robot_controller) by extension 'ros'
[4.185s] DEBUG:colcon.colcon_core.package_identification:Package 'src/robot_controller' with type 'ros.ament_python' and name 'robot_controller'
[4.186s] Level 1:colcon.colcon_core.package_discovery:discover_packages(recursive) using defaults
[4.187s] Level 1:colcon.colcon_core.package_discovery:discover_packages(ignore) discover
[4.187s] Level 1:colcon.colcon_core.package_discovery:discover_packages(ignore) using defaults
[4.187s] Level 1:colcon.colcon_core.package_discovery:discover_packages(path) discover
[4.187s] Level 1:colcon.colcon_core.package_discovery:discover_packages(path) using defaults
[4.470s] INFO:colcon.colcon_core.package_selection:Skipping not selected package 'image_pubsub' in 'src/image_pubsub'
[4.471s] INFO:colcon.colcon_core.package_selection:Skipping not selected package 'py_pubsub' in 'src/py_pubsub'
[4.471s] INFO:colcon.colcon_core.package_selection:Skipping not selected package 'robot_controller' in 'src/robot_controller'
[4.477s] Level 1:colcon.colcon_core.package_discovery:discover_packages(prefix_path) check parameters
[4.478s] Level 1:colcon.colcon_core.package_discovery:discover_packages(prefix_path) discover
[4.514s] DEBUG:colcon.colcon_installed_package_information.package_discovery:Found 4 installed packages in /home/keime/ros2_ws/install
[4.532s] DEBUG:colcon.colcon_installed_package_information.package_discovery:Found 181 installed packages in /opt/ros/humble
[4.545s] Level 1:colcon.colcon_core.package_discovery:discover_packages(prefix_path) using defaults
[5.130s] Level 5:colcon.colcon_core.verb:set package 'image_pub' build argument 'cmake_args' from command line to 'None'
[5.130s] Level 5:colcon.colcon_core.verb:set package 'image_pub' build argument 'cmake_target' from command line to 'None'
[5.131s] Level 5:colcon.colcon_core.verb:set package 'image_pub' build argument 'cmake_target_skip_unavailable' from command line to 'False'
[5.131s] Level 5:colcon.colcon_core.verb:set package 'image_pub' build argument 'cmake_clean_cache' from command line to 'False'
[5.131s] Level 5:colcon.colcon_core.verb:set package 'image_pub' build argument 'cmake_clean_first' from command line to 'False'
[5.131s] Level 5:colcon.colcon_core.verb:set package 'image_pub' build argument 'cmake_force_configure' from command line to 'False'
[5.132s] Level 5:colcon.colcon_core.verb:set package 'image_pub' build argument 'ament_cmake_args' from command line to 'None'
[5.132s] Level 5:colcon.colcon_core.verb:set package 'image_pub' build argument 'catkin_cmake_args' from command line to 'None'
[5.132s] Level 5:colcon.colcon_core.verb:set package 'image_pub' build argument 'catkin_skip_building_tests' from command line to 'False'
[5.133s] DEBUG:colcon.colcon_core.verb:Building package 'image_pub' with the following arguments: {'ament_cmake_args': None, 'build_base': '/home/keime/ros2_ws/build/image_pub', 'catkin_cmake_args': None, 'catkin_skip_building_tests': False, 'cmake_args': None, 'cmake_clean_cache': False, 'cmake_clean_first': False, 'cmake_force_configure': False, 'cmake_target': None, 'cmake_target_skip_unavailable': False, 'install_base': '/home/keime/ros2_ws/install/image_pub', 'merge_install': False, 'path': '/home/keime/ros2_ws/src/image_pub', 'symlink_install': False, 'test_result_base': None}
[5.134s] INFO:colcon.colcon_core.executor:Executing jobs using 'parallel' executor
[5.142s] DEBUG:colcon.colcon_parallel_executor.executor.parallel:run_until_complete
[5.144s] INFO:colcon.colcon_ros.task.ament_python.build:Building ROS package in '/home/keime/ros2_ws/src/image_pub' with build type 'ament_python'
[5.145s] Level 1:colcon.colcon_core.shell:create_environment_hook('image_pub', 'ament_prefix_path')
[5.184s] INFO:colcon.colcon_core.plugin_system:Skipping extension 'colcon_core.shell.bat': Not used on non-Windows systems
[5.187s] INFO:colcon.colcon_core.shell:Creating environment hook '/home/keime/ros2_ws/install/image_pub/share/image_pub/hook/ament_prefix_path.ps1'
[5.195s] INFO:colcon.colcon_core.shell:Creating environment descriptor '/home/keime/ros2_ws/install/image_pub/share/image_pub/hook/ament_prefix_path.dsv'
[5.200s] INFO:colcon.colcon_core.shell:Creating environment hook '/home/keime/ros2_ws/install/image_pub/share/image_pub/hook/ament_prefix_path.sh'
[5.209s] INFO:colcon.colcon_core.shell:Skip shell extension 'powershell' for command environment: Not usable outside of PowerShell
[5.209s] DEBUG:colcon.colcon_core.shell:Skip shell extension 'dsv' for command environment
[8.115s] INFO:colcon.colcon_core.task.python.build:Building Python package in '/home/keime/ros2_ws/src/image_pub'
[8.117s] INFO:colcon.colcon_core.shell:Skip shell extension 'powershell' for command environment: Not usable outside of PowerShell
[8.118s] DEBUG:colcon.colcon_core.shell:Skip shell extension 'dsv' for command environment
[12.902s] DEBUG:colcon.colcon_core.event_handler.log_command:Invoking command in '/home/keime/ros2_ws/src/image_pub': PYTHONPATH=/home/keime/ros2_ws/build/image_pub/prefix_override:/home/keime/ros2_ws/install/image_pub/lib/python3.10/site-packages:${PYTHONPATH} /usr/bin/python3 -W ignore:setup.py install is deprecated setup.py egg_info --egg-base ../../build/image_pub build --build-base /home/keime/ros2_ws/build/image_pub/build install --record /home/keime/ros2_ws/build/image_pub/install.log --single-version-externally-managed install_data
[16.199s] DEBUG:colcon.colcon_core.event_handler.log_command:Invoked command in '/home/keime/ros2_ws/src/image_pub' returned '0': PYTHONPATH=/home/keime/ros2_ws/build/image_pub/prefix_override:/home/keime/ros2_ws/install/image_pub/lib/python3.10/site-packages:${PYTHONPATH} /usr/bin/python3 -W ignore:setup.py install is deprecated setup.py egg_info --egg-base ../../build/image_pub build --build-base /home/keime/ros2_ws/build/image_pub/build install --record /home/keime/ros2_ws/build/image_pub/install.log --single-version-externally-managed install_data
[16.249s] Level 1:colcon.colcon_core.environment:checking '/home/keime/ros2_ws/install/image_pub' for CMake module files
[16.260s] Level 1:colcon.colcon_core.environment:checking '/home/keime/ros2_ws/install/image_pub' for CMake config files
[16.273s] Level 1:colcon.colcon_core.environment:checking '/home/keime/ros2_ws/install/image_pub/lib'
[16.275s] Level 1:colcon.colcon_core.environment:checking '/home/keime/ros2_ws/install/image_pub/bin'
[16.277s] Level 1:colcon.colcon_core.environment:checking '/home/keime/ros2_ws/install/image_pub/lib/pkgconfig/image_pub.pc'
[16.281s] Level 1:colcon.colcon_core.environment:checking '/home/keime/ros2_ws/install/image_pub/lib/python3.10/site-packages'
[16.282s] Level 1:colcon.colcon_core.shell:create_environment_hook('image_pub', 'pythonpath')
[16.285s] INFO:colcon.colcon_core.shell:Creating environment hook '/home/keime/ros2_ws/install/image_pub/share/image_pub/hook/pythonpath.ps1'
[16.292s] INFO:colcon.colcon_core.shell:Creating environment descriptor '/home/keime/ros2_ws/install/image_pub/share/image_pub/hook/pythonpath.dsv'
[16.296s] INFO:colcon.colcon_core.shell:Creating environment hook '/home/keime/ros2_ws/install/image_pub/share/image_pub/hook/pythonpath.sh'
[16.303s] Level 1:colcon.colcon_core.environment:checking '/home/keime/ros2_ws/install/image_pub/bin'
[16.304s] Level 1:colcon.colcon_core.environment:create_environment_scripts_only(image_pub)
[16.307s] INFO:colcon.colcon_core.shell:Creating package script '/home/keime/ros2_ws/install/image_pub/share/image_pub/package.ps1'
[16.318s] INFO:colcon.colcon_core.shell:Creating package descriptor '/home/keime/ros2_ws/install/image_pub/share/image_pub/package.dsv'
[16.325s] INFO:colcon.colcon_core.shell:Creating package script '/home/keime/ros2_ws/install/image_pub/share/image_pub/package.sh'
[16.335s] INFO:colcon.colcon_core.shell:Creating package script '/home/keime/ros2_ws/install/image_pub/share/image_pub/package.bash'
[16.345s] INFO:colcon.colcon_core.shell:Creating package script '/home/keime/ros2_ws/install/image_pub/share/image_pub/package.zsh'
[16.354s] Level 1:colcon.colcon_core.environment:create_file_with_runtime_dependencies(/home/keime/ros2_ws/install/image_pub/share/colcon-core/packages/image_pub)
[16.356s] DEBUG:colcon.colcon_parallel_executor.executor.parallel:closing loop
[16.360s] DEBUG:colcon.colcon_parallel_executor.executor.parallel:loop closed
[16.361s] DEBUG:colcon.colcon_parallel_executor.executor.parallel:run_until_complete finished with '0'
[16.362s] DEBUG:colcon.colcon_core.event_reactor:joining thread
[16.444s] INFO:colcon.colcon_core.plugin_system:Skipping extension 'colcon_notification.desktop_notification.notify_send': Could not find 'notify-send'
[16.445s] INFO:colcon.colcon_core.plugin_system:Skipping extension 'colcon_notification.desktop_notification.terminal_notifier': Not used on non-Darwin systems
[16.446s] INFO:colcon.colcon_core.plugin_system:Skipping extension 'colcon_notification.desktop_notification.win32': Not used on non-Windows systems
[16.447s] INFO:colcon.colcon_notification.desktop_notification:Sending desktop notification using 'notify2'
[16.454s] DEBUG:colcon.colcon_notification.desktop_notification.notify2:Failed to initialize notify2: org.freedesktop.DBus.Error.ServiceUnknown: The name org.freedesktop.Notifications was not provided by any .service files
[16.455s] DEBUG:colcon.colcon_core.event_reactor:joined thread
[16.458s] INFO:colcon.colcon_core.shell:Creating prefix script '/home/keime/ros2_ws/install/local_setup.ps1'
[16.470s] INFO:colcon.colcon_core.shell:Creating prefix util module '/home/keime/ros2_ws/install/_local_setup_util_ps1.py'
[16.488s] INFO:colcon.colcon_core.shell:Creating prefix chain script '/home/keime/ros2_ws/install/setup.ps1'
[16.502s] INFO:colcon.colcon_core.shell:Creating prefix script '/home/keime/ros2_ws/install/local_setup.sh'
[16.509s] INFO:colcon.colcon_core.shell:Creating prefix util module '/home/keime/ros2_ws/install/_local_setup_util_sh.py'
[16.515s] INFO:colcon.colcon_core.shell:Creating prefix chain script '/home/keime/ros2_ws/install/setup.sh'
[16.528s] INFO:colcon.colcon_core.shell:Creating prefix script '/home/keime/ros2_ws/install/local_setup.bash'
[16.534s] INFO:colcon.colcon_core.shell:Creating prefix chain script '/home/keime/ros2_ws/install/setup.bash'
[16.549s] INFO:colcon.colcon_core.shell:Creating prefix script '/home/keime/ros2_ws/install/local_setup.zsh'
[16.556s] INFO:colcon.colcon_core.shell:Creating prefix chain script '/home/keime/ros2_ws/install/setup.zsh'
