[8.330s] Invoking command in '/home/keime/ros2_ws/src/image_pub': PYTHONPATH=/home/keime/ros2_ws/build/image_pub/prefix_override:/home/keime/ros2_ws/install/image_pub/lib/python3.10/site-packages:${PYTHONPATH} /usr/bin/python3 -W ignore:setup.py install is deprecated setup.py egg_info --egg-base ../../build/image_pub build --build-base /home/keime/ros2_ws/build/image_pub/build install --record /home/keime/ros2_ws/build/image_pub/install.log --single-version-externally-managed install_data
[11.065s] running egg_info
[11.071s] writing ../../build/image_pub/image_pub.egg-info/PKG-INFO
[11.075s] writing dependency_links to ../../build/image_pub/image_pub.egg-info/dependency_links.txt
[11.078s] writing entry points to ../../build/image_pub/image_pub.egg-info/entry_points.txt
[11.080s] writing requirements to ../../build/image_pub/image_pub.egg-info/requires.txt
[11.082s] writing top-level names to ../../build/image_pub/image_pub.egg-info/top_level.txt
[11.102s] reading manifest file '../../build/image_pub/image_pub.egg-info/SOURCES.txt'
[11.113s] writing manifest file '../../build/image_pub/image_pub.egg-info/SOURCES.txt'
[11.115s] running build
[11.116s] running build_py
[11.122s] running install
[11.125s] running install_lib
[11.142s] running install_data
[11.144s] running install_egg_info
[11.162s] removing '/home/keime/ros2_ws/install/image_pub/lib/python3.10/site-packages/image_pub-0.0.0-py3.10.egg-info' (and everything under it)
[11.168s] Copying ../../build/image_pub/image_pub.egg-info to /home/keime/ros2_ws/install/image_pub/lib/python3.10/site-packages/image_pub-0.0.0-py3.10.egg-info
[11.183s] running install_scripts
[11.393s] Installing action script to /home/keime/ros2_ws/install/image_pub/lib/image_pub
[11.396s] Installing img_publisher script to /home/keime/ros2_ws/install/image_pub/lib/image_pub
[11.400s] writing list of installed files to '/home/keime/ros2_ws/build/image_pub/install.log'
[11.660s] Invoked command in '/home/keime/ros2_ws/src/image_pub' returned '0': PYTHONPATH=/home/keime/ros2_ws/build/image_pub/prefix_override:/home/keime/ros2_ws/install/image_pub/lib/python3.10/site-packages:${PYTHONPATH} /usr/bin/python3 -W ignore:setup.py install is deprecated setup.py egg_info --egg-base ../../build/image_pub build --build-base /home/keime/ros2_ws/build/image_pub/build install --record /home/keime/ros2_ws/build/image_pub/install.log --single-version-externally-managed install_data
