running egg_info
writing ../../build/image_pubsub/image_pubsub.egg-info/PKG-INFO
writing dependency_links to ../../build/image_pubsub/image_pubsub.egg-info/dependency_links.txt
writing entry points to ../../build/image_pubsub/image_pubsub.egg-info/entry_points.txt
writing requirements to ../../build/image_pubsub/image_pubsub.egg-info/requires.txt
writing top-level names to ../../build/image_pubsub/image_pubsub.egg-info/top_level.txt
reading manifest file '../../build/image_pubsub/image_pubsub.egg-info/SOURCES.txt'
writing manifest file '../../build/image_pubsub/image_pubsub.egg-info/SOURCES.txt'
running build
running build_py
copying image_pubsub/__init__.py -> /home/keime/ros2_ws/build/image_pubsub/build/lib/image_pubsub
copying image_pubsub/image_subscriber.py -> /home/keime/ros2_ws/build/image_pubsub/build/lib/image_pubsub
copying image_pubsub/BACKimage_publisher.py -> /home/keime/ros2_ws/build/image_pubsub/build/lib/image_pubsub
copying image_pubsub/image_publisher.py -> /home/keime/ros2_ws/build/image_pubsub/build/lib/image_pubsub
running install
running install_lib
copying /home/keime/ros2_ws/build/image_pubsub/build/lib/image_pubsub/__init__.py -> /home/keime/ros2_ws/install/image_pubsub/lib/python3.10/site-packages/image_pubsub
copying /home/keime/ros2_ws/build/image_pubsub/build/lib/image_pubsub/image_subscriber.py -> /home/keime/ros2_ws/install/image_pubsub/lib/python3.10/site-packages/image_pubsub
copying /home/keime/ros2_ws/build/image_pubsub/build/lib/image_pubsub/BACKimage_publisher.py -> /home/keime/ros2_ws/install/image_pubsub/lib/python3.10/site-packages/image_pubsub
copying /home/keime/ros2_ws/build/image_pubsub/build/lib/image_pubsub/image_publisher.py -> /home/keime/ros2_ws/install/image_pubsub/lib/python3.10/site-packages/image_pubsub
byte-compiling /home/keime/ros2_ws/install/image_pubsub/lib/python3.10/site-packages/image_pubsub/__init__.py to __init__.cpython-310.pyc
byte-compiling /home/keime/ros2_ws/install/image_pubsub/lib/python3.10/site-packages/image_pubsub/image_subscriber.py to image_subscriber.cpython-310.pyc
byte-compiling /home/keime/ros2_ws/install/image_pubsub/lib/python3.10/site-packages/image_pubsub/BACKimage_publisher.py to BACKimage_publisher.cpython-310.pyc
byte-compiling /home/keime/ros2_ws/install/image_pubsub/lib/python3.10/site-packages/image_pubsub/image_publisher.py to image_publisher.cpython-310.pyc
running install_data
copying resource/image_pubsub -> /home/keime/ros2_ws/install/image_pubsub/share/ament_index/resource_index/packages
copying package.xml -> /home/keime/ros2_ws/install/image_pubsub/share/image_pubsub
copying launch/my_launch.py -> /home/keime/ros2_ws/install/image_pubsub/share/image_pubsub
running install_egg_info
removing '/home/keime/ros2_ws/install/image_pubsub/lib/python3.10/site-packages/image_pubsub-0.0.0-py3.10.egg-info' (and everything under it)
Copying ../../build/image_pubsub/image_pubsub.egg-info to /home/keime/ros2_ws/install/image_pubsub/lib/python3.10/site-packages/image_pubsub-0.0.0-py3.10.egg-info
running install_scripts
Installing command_publisher_gui script to /home/keime/ros2_ws/install/image_pubsub/lib/image_pubsub
Installing img_subscriber script to /home/keime/ros2_ws/install/image_pubsub/lib/image_pubsub
writing list of installed files to '/home/keime/ros2_ws/build/image_pubsub/install.log'
