[7.934s] Invoking command in '/home/keime/ros2_ws/src/image_pubsub': PYTHONPATH=/home/keime/ros2_ws/build/image_pubsub/prefix_override:/home/keime/ros2_ws/install/image_pubsub/lib/python3.10/site-packages:${PYTHONPATH} /usr/bin/python3 -W ignore:setup.py install is deprecated setup.py egg_info --egg-base ../../build/image_pubsub build --build-base /home/keime/ros2_ws/build/image_pubsub/build install --record /home/keime/ros2_ws/build/image_pubsub/install.log --single-version-externally-managed install_data
[10.585s] running egg_info
[10.591s] writing ../../build/image_pubsub/image_pubsub.egg-info/PKG-INFO
[10.595s] writing dependency_links to ../../build/image_pubsub/image_pubsub.egg-info/dependency_links.txt
[10.598s] writing entry points to ../../build/image_pubsub/image_pubsub.egg-info/entry_points.txt
[10.599s] writing requirements to ../../build/image_pubsub/image_pubsub.egg-info/requires.txt
[10.601s] writing top-level names to ../../build/image_pubsub/image_pubsub.egg-info/top_level.txt
[10.618s] reading manifest file '../../build/image_pubsub/image_pubsub.egg-info/SOURCES.txt'
[10.633s] writing manifest file '../../build/image_pubsub/image_pubsub.egg-info/SOURCES.txt'
[10.634s] running build
[10.635s] running build_py
[10.636s] copying image_pubsub/__init__.py -> /home/keime/ros2_ws/build/image_pubsub/build/lib/image_pubsub
[10.638s] copying image_pubsub/image_subscriber.py -> /home/keime/ros2_ws/build/image_pubsub/build/lib/image_pubsub
[10.641s] copying image_pubsub/BACKimage_publisher.py -> /home/keime/ros2_ws/build/image_pubsub/build/lib/image_pubsub
[10.644s] copying image_pubsub/image_publisher.py -> /home/keime/ros2_ws/build/image_pubsub/build/lib/image_pubsub
[10.648s] running install
[10.651s] running install_lib
[10.660s] copying /home/keime/ros2_ws/build/image_pubsub/build/lib/image_pubsub/__init__.py -> /home/keime/ros2_ws/install/image_pubsub/lib/python3.10/site-packages/image_pubsub
[10.663s] copying /home/keime/ros2_ws/build/image_pubsub/build/lib/image_pubsub/image_subscriber.py -> /home/keime/ros2_ws/install/image_pubsub/lib/python3.10/site-packages/image_pubsub
[10.665s] copying /home/keime/ros2_ws/build/image_pubsub/build/lib/image_pubsub/BACKimage_publisher.py -> /home/keime/ros2_ws/install/image_pubsub/lib/python3.10/site-packages/image_pubsub
[10.667s] copying /home/keime/ros2_ws/build/image_pubsub/build/lib/image_pubsub/image_publisher.py -> /home/keime/ros2_ws/install/image_pubsub/lib/python3.10/site-packages/image_pubsub
[10.673s] byte-compiling /home/keime/ros2_ws/install/image_pubsub/lib/python3.10/site-packages/image_pubsub/__init__.py to __init__.cpython-310.pyc
[10.678s] byte-compiling /home/keime/ros2_ws/install/image_pubsub/lib/python3.10/site-packages/image_pubsub/image_subscriber.py to image_subscriber.cpython-310.pyc
[10.684s] byte-compiling /home/keime/ros2_ws/install/image_pubsub/lib/python3.10/site-packages/image_pubsub/BACKimage_publisher.py to BACKimage_publisher.cpython-310.pyc
[10.689s] byte-compiling /home/keime/ros2_ws/install/image_pubsub/lib/python3.10/site-packages/image_pubsub/image_publisher.py to image_publisher.cpython-310.pyc
[10.695s] running install_data
[10.699s] copying resource/image_pubsub -> /home/keime/ros2_ws/install/image_pubsub/share/ament_index/resource_index/packages
[10.701s] copying package.xml -> /home/keime/ros2_ws/install/image_pubsub/share/image_pubsub
[10.704s] copying launch/my_launch.py -> /home/keime/ros2_ws/install/image_pubsub/share/image_pubsub
[10.707s] running install_egg_info
[10.724s] removing '/home/keime/ros2_ws/install/image_pubsub/lib/python3.10/site-packages/image_pubsub-0.0.0-py3.10.egg-info' (and everything under it)
[10.727s] Copying ../../build/image_pubsub/image_pubsub.egg-info to /home/keime/ros2_ws/install/image_pubsub/lib/python3.10/site-packages/image_pubsub-0.0.0-py3.10.egg-info
[10.743s] running install_scripts
[10.942s] Installing command_publisher_gui script to /home/keime/ros2_ws/install/image_pubsub/lib/image_pubsub
[10.946s] Installing img_subscriber script to /home/keime/ros2_ws/install/image_pubsub/lib/image_pubsub
[10.950s] writing list of installed files to '/home/keime/ros2_ws/build/image_pubsub/install.log'
[11.211s] Invoked command in '/home/keime/ros2_ws/src/image_pubsub' returned '0': PYTHONPATH=/home/keime/ros2_ws/build/image_pubsub/prefix_override:/home/keime/ros2_ws/install/image_pubsub/lib/python3.10/site-packages:${PYTHONPATH} /usr/bin/python3 -W ignore:setup.py install is deprecated setup.py egg_info --egg-base ../../build/image_pubsub build --build-base /home/keime/ros2_ws/build/image_pubsub/build install --record /home/keime/ros2_ws/build/image_pubsub/install.log --single-version-externally-managed install_data
