[6.945s] Invoking command in '/home/keime/ros2_ws/src/image_pubsub': PYTHONPATH=/home/keime/ros2_ws/build/image_pubsub/prefix_override:/home/keime/ros2_ws/install/image_pubsub/lib/python3.10/site-packages:${PYTHONPATH} /usr/bin/python3 -W ignore:setup.py install is deprecated setup.py egg_info --egg-base ../../build/image_pubsub build --build-base /home/keime/ros2_ws/build/image_pubsub/build install --record /home/keime/ros2_ws/build/image_pubsub/install.log --single-version-externally-managed install_data
[9.603s] running egg_info
[9.609s] writing ../../build/image_pubsub/image_pubsub.egg-info/PKG-INFO
[9.612s] writing dependency_links to ../../build/image_pubsub/image_pubsub.egg-info/dependency_links.txt
[9.614s] writing entry points to ../../build/image_pubsub/image_pubsub.egg-info/entry_points.txt
[9.616s] writing requirements to ../../build/image_pubsub/image_pubsub.egg-info/requires.txt
[9.617s] writing top-level names to ../../build/image_pubsub/image_pubsub.egg-info/top_level.txt
[9.634s] reading manifest file '../../build/image_pubsub/image_pubsub.egg-info/SOURCES.txt'
[9.645s] writing manifest file '../../build/image_pubsub/image_pubsub.egg-info/SOURCES.txt'
[9.647s] running build
[9.648s] running build_py
[9.652s] running install
[9.655s] running install_lib
[9.668s] running install_data
[9.669s] running install_egg_info
[9.687s] removing '/home/keime/ros2_ws/install/image_pubsub/lib/python3.10/site-packages/image_pubsub-0.0.0-py3.10.egg-info' (and everything under it)
[9.690s] Copying ../../build/image_pubsub/image_pubsub.egg-info to /home/keime/ros2_ws/install/image_pubsub/lib/python3.10/site-packages/image_pubsub-0.0.0-py3.10.egg-info
[9.704s] running install_scripts
[9.906s] Installing img_publisher script to /home/keime/ros2_ws/install/image_pubsub/lib/image_pubsub
[9.908s] Installing img_subscriber script to /home/keime/ros2_ws/install/image_pubsub/lib/image_pubsub
[9.912s] writing list of installed files to '/home/keime/ros2_ws/build/image_pubsub/install.log'
[10.169s] Invoked command in '/home/keime/ros2_ws/src/image_pubsub' returned '0': PYTHONPATH=/home/keime/ros2_ws/build/image_pubsub/prefix_override:/home/keime/ros2_ws/install/image_pubsub/lib/python3.10/site-packages:${PYTHONPATH} /usr/bin/python3 -W ignore:setup.py install is deprecated setup.py egg_info --egg-base ../../build/image_pubsub build --build-base /home/keime/ros2_ws/build/image_pubsub/build install --record /home/keime/ros2_ws/build/image_pubsub/install.log --single-version-externally-managed install_data
