[1.185s] DEBUG:colcon:Command line arguments: ['/usr/bin/colcon', 'build', '--packages-select', 'image_pubsub']
[1.186s] DEBUG:colcon:Parsed command line arguments: Namespace(log_base=None, log_level=None, verb_name='build', build_base='build', install_base='install', merge_install=False, symlink_install=False, test_result_base=None, continue_on_error=False, executor='parallel', parallel_workers=4, event_handlers=None, ignore_user_meta=False, metas=['./colcon.meta'], base_paths=['.'], packages_ignore=None, packages_ignore_regex=None, paths=None, packages_up_to=None, packages_up_to_regex=None, packages_above=None, packages_above_and_dependencies=None, packages_above_depth=None, packages_select_by_dep=None, packages_skip_by_dep=None, packages_skip_up_to=None, packages_select_build_failed=False, packages_skip_build_finished=False, packages_select_test_failures=False, packages_skip_test_passed=False, packages_select=['image_pubsub'], packages_skip=None, packages_select_regex=None, packages_skip_regex=None, packages_start=None, packages_end=None, allow_overriding=[], cmake_args=None, cmake_target=None, cmake_target_skip_unavailable=False, cmake_clean_cache=False, cmake_clean_first=False, cmake_force_configure=False, ament_cmake_args=None, catkin_cmake_args=None, catkin_skip_building_tests=False, verb_parser=<colcon_defaults.argument_parser.defaults.DefaultArgumentsDecorator object at 0xffff7ff7ad70>, verb_extension=<colcon_core.verb.build.BuildVerb object at 0xffff8010f850>, main=<bound method BuildVerb.main of <colcon_core.verb.build.BuildVerb object at 0xffff8010f850>>)
[3.078s] Level 1:colcon.colcon_core.package_discovery:discover_packages(colcon_meta) check parameters
[3.079s] Level 1:colcon.colcon_core.package_discovery:discover_packages(recursive) check parameters
[3.080s] Level 1:colcon.colcon_core.package_discovery:discover_packages(ignore) check parameters
[3.080s] Level 1:colcon.colcon_core.package_discovery:discover_packages(path) check parameters
[3.080s] Level 1:colcon.colcon_core.package_discovery:discover_packages(colcon_meta) discover
[3.081s] Level 1:colcon.colcon_core.package_discovery:discover_packages(recursive) discover
[3.081s] INFO:colcon.colcon_core.package_discovery:Crawling recursively for packages in '/home/keime/ros2_ws'
[3.082s] Level 1:colcon.colcon_core.package_identification:_identify(.) by extensions ['ignore', 'ignore_ament_install']
[3.083s] Level 1:colcon.colcon_core.package_identification:_identify(.) by extension 'ignore'
[3.083s] Level 1:colcon.colcon_core.package_identification:_identify(.) by extension 'ignore_ament_install'
[3.084s] Level 1:colcon.colcon_core.package_identification:_identify(.) by extensions ['colcon_pkg']
[3.085s] Level 1:colcon.colcon_core.package_identification:_identify(.) by extension 'colcon_pkg'
[3.085s] Level 1:colcon.colcon_core.package_identification:_identify(.) by extensions ['colcon_meta']
[3.085s] Level 1:colcon.colcon_core.package_identification:_identify(.) by extension 'colcon_meta'
[3.086s] Level 1:colcon.colcon_core.package_identification:_identify(.) by extensions ['ros']
[3.086s] Level 1:colcon.colcon_core.package_identification:_identify(.) by extension 'ros'
[3.205s] Level 1:colcon.colcon_core.package_identification:_identify(.) by extensions ['cmake', 'python']
[3.205s] Level 1:colcon.colcon_core.package_identification:_identify(.) by extension 'cmake'
[3.206s] Level 1:colcon.colcon_core.package_identification:_identify(.) by extension 'python'
[3.206s] Level 1:colcon.colcon_core.package_identification:_identify(.) by extensions ['python_setup_py']
[3.207s] Level 1:colcon.colcon_core.package_identification:_identify(.) by extension 'python_setup_py'
[3.208s] Level 1:colcon.colcon_core.package_identification:_identify(build) by extensions ['ignore', 'ignore_ament_install']
[3.209s] Level 1:colcon.colcon_core.package_identification:_identify(build) by extension 'ignore'
[3.209s] Level 1:colcon.colcon_core.package_identification:_identify(build) ignored
[3.211s] Level 1:colcon.colcon_core.package_identification:_identify(install) by extensions ['ignore', 'ignore_ament_install']
[3.212s] Level 1:colcon.colcon_core.package_identification:_identify(install) by extension 'ignore'
[3.212s] Level 1:colcon.colcon_core.package_identification:_identify(install) ignored
[3.214s] Level 1:colcon.colcon_core.package_identification:_identify(log) by extensions ['ignore', 'ignore_ament_install']
[3.215s] Level 1:colcon.colcon_core.package_identification:_identify(log) by extension 'ignore'
[3.216s] Level 1:colcon.colcon_core.package_identification:_identify(log) ignored
[3.217s] Level 1:colcon.colcon_core.package_identification:_identify(pythonテスト) by extensions ['ignore', 'ignore_ament_install']
[3.218s] Level 1:colcon.colcon_core.package_identification:_identify(pythonテスト) by extension 'ignore'
[3.218s] Level 1:colcon.colcon_core.package_identification:_identify(pythonテスト) by extension 'ignore_ament_install'
[3.219s] Level 1:colcon.colcon_core.package_identification:_identify(pythonテスト) by extensions ['colcon_pkg']
[3.219s] Level 1:colcon.colcon_core.package_identification:_identify(pythonテスト) by extension 'colcon_pkg'
[3.220s] Level 1:colcon.colcon_core.package_identification:_identify(pythonテスト) by extensions ['colcon_meta']
[3.220s] Level 1:colcon.colcon_core.package_identification:_identify(pythonテスト) by extension 'colcon_meta'
[3.221s] Level 1:colcon.colcon_core.package_identification:_identify(pythonテスト) by extensions ['ros']
[3.221s] Level 1:colcon.colcon_core.package_identification:_identify(pythonテスト) by extension 'ros'
[3.222s] Level 1:colcon.colcon_core.package_identification:_identify(pythonテスト) by extensions ['cmake', 'python']
[3.222s] Level 1:colcon.colcon_core.package_identification:_identify(pythonテスト) by extension 'cmake'
[3.223s] Level 1:colcon.colcon_core.package_identification:_identify(pythonテスト) by extension 'python'
[3.223s] Level 1:colcon.colcon_core.package_identification:_identify(pythonテスト) by extensions ['python_setup_py']
[3.223s] Level 1:colcon.colcon_core.package_identification:_identify(pythonテスト) by extension 'python_setup_py'
[3.225s] Level 1:colcon.colcon_core.package_identification:_identify(src) by extensions ['ignore', 'ignore_ament_install']
[3.225s] Level 1:colcon.colcon_core.package_identification:_identify(src) by extension 'ignore'
[3.226s] Level 1:colcon.colcon_core.package_identification:_identify(src) by extension 'ignore_ament_install'
[3.227s] Level 1:colcon.colcon_core.package_identification:_identify(src) by extensions ['colcon_pkg']
[3.227s] Level 1:colcon.colcon_core.package_identification:_identify(src) by extension 'colcon_pkg'
[3.227s] Level 1:colcon.colcon_core.package_identification:_identify(src) by extensions ['colcon_meta']
[3.228s] Level 1:colcon.colcon_core.package_identification:_identify(src) by extension 'colcon_meta'
[3.228s] Level 1:colcon.colcon_core.package_identification:_identify(src) by extensions ['ros']
[3.229s] Level 1:colcon.colcon_core.package_identification:_identify(src) by extension 'ros'
[3.230s] Level 1:colcon.colcon_core.package_identification:_identify(src) by extensions ['cmake', 'python']
[3.230s] Level 1:colcon.colcon_core.package_identification:_identify(src) by extension 'cmake'
[3.230s] Level 1:colcon.colcon_core.package_identification:_identify(src) by extension 'python'
[3.231s] Level 1:colcon.colcon_core.package_identification:_identify(src) by extensions ['python_setup_py']
[3.231s] Level 1:colcon.colcon_core.package_identification:_identify(src) by extension 'python_setup_py'
[3.232s] Level 1:colcon.colcon_core.package_identification:_identify(src/image_pubsub) by extensions ['ignore', 'ignore_ament_install']
[3.233s] Level 1:colcon.colcon_core.package_identification:_identify(src/image_pubsub) by extension 'ignore'
[3.234s] Level 1:colcon.colcon_core.package_identification:_identify(src/image_pubsub) by extension 'ignore_ament_install'
[3.234s] Level 1:colcon.colcon_core.package_identification:_identify(src/image_pubsub) by extensions ['colcon_pkg']
[3.235s] Level 1:colcon.colcon_core.package_identification:_identify(src/image_pubsub) by extension 'colcon_pkg'
[3.235s] Level 1:colcon.colcon_core.package_identification:_identify(src/image_pubsub) by extensions ['colcon_meta']
[3.236s] Level 1:colcon.colcon_core.package_identification:_identify(src/image_pubsub) by extension 'colcon_meta'
[3.236s] Level 1:colcon.colcon_core.package_identification:_identify(src/image_pubsub) by extensions ['ros']
[3.237s] Level 1:colcon.colcon_core.package_identification:_identify(src/image_pubsub) by extension 'ros'
[3.257s] DEBUG:colcon.colcon_core.package_identification:Package 'src/image_pubsub' with type 'ros.ament_python' and name 'image_pubsub'
[3.258s] Level 1:colcon.colcon_core.package_identification:_identify(src/py_pubsub) by extensions ['ignore', 'ignore_ament_install']
[3.259s] Level 1:colcon.colcon_core.package_identification:_identify(src/py_pubsub) by extension 'ignore'
[3.260s] Level 1:colcon.colcon_core.package_identification:_identify(src/py_pubsub) by extension 'ignore_ament_install'
[3.261s] Level 1:colcon.colcon_core.package_identification:_identify(src/py_pubsub) by extensions ['colcon_pkg']
[3.261s] Level 1:colcon.colcon_core.package_identification:_identify(src/py_pubsub) by extension 'colcon_pkg'
[3.261s] Level 1:colcon.colcon_core.package_identification:_identify(src/py_pubsub) by extensions ['colcon_meta']
[3.262s] Level 1:colcon.colcon_core.package_identification:_identify(src/py_pubsub) by extension 'colcon_meta'
[3.262s] Level 1:colcon.colcon_core.package_identification:_identify(src/py_pubsub) by extensions ['ros']
[3.263s] Level 1:colcon.colcon_core.package_identification:_identify(src/py_pubsub) by extension 'ros'
[3.281s] DEBUG:colcon.colcon_core.package_identification:Package 'src/py_pubsub' with type 'ros.ament_python' and name 'py_pubsub'
[3.282s] Level 1:colcon.colcon_core.package_identification:_identify(src/robot_controller) by extensions ['ignore', 'ignore_ament_install']
[3.283s] Level 1:colcon.colcon_core.package_identification:_identify(src/robot_controller) by extension 'ignore'
[3.283s] Level 1:colcon.colcon_core.package_identification:_identify(src/robot_controller) by extension 'ignore_ament_install'
[3.284s] Level 1:colcon.colcon_core.package_identification:_identify(src/robot_controller) by extensions ['colcon_pkg']
[3.285s] Level 1:colcon.colcon_core.package_identification:_identify(src/robot_controller) by extension 'colcon_pkg'
[3.285s] Level 1:colcon.colcon_core.package_identification:_identify(src/robot_controller) by extensions ['colcon_meta']
[3.285s] Level 1:colcon.colcon_core.package_identification:_identify(src/robot_controller) by extension 'colcon_meta'
[3.286s] Level 1:colcon.colcon_core.package_identification:_identify(src/robot_controller) by extensions ['ros']
[3.286s] Level 1:colcon.colcon_core.package_identification:_identify(src/robot_controller) by extension 'ros'
[3.291s] DEBUG:colcon.colcon_core.package_identification:Package 'src/robot_controller' with type 'ros.ament_python' and name 'robot_controller'
[3.292s] Level 1:colcon.colcon_core.package_discovery:discover_packages(recursive) using defaults
[3.292s] Level 1:colcon.colcon_core.package_discovery:discover_packages(ignore) discover
[3.293s] Level 1:colcon.colcon_core.package_discovery:discover_packages(ignore) using defaults
[3.293s] Level 1:colcon.colcon_core.package_discovery:discover_packages(path) discover
[3.293s] Level 1:colcon.colcon_core.package_discovery:discover_packages(path) using defaults
[3.491s] INFO:colcon.colcon_core.package_selection:Skipping not selected package 'py_pubsub' in 'src/py_pubsub'
[3.492s] INFO:colcon.colcon_core.package_selection:Skipping not selected package 'robot_controller' in 'src/robot_controller'
[3.496s] Level 1:colcon.colcon_core.package_discovery:discover_packages(prefix_path) check parameters
[3.496s] Level 1:colcon.colcon_core.package_discovery:discover_packages(prefix_path) discover
[3.518s] DEBUG:colcon.colcon_installed_package_information.package_discovery:Found 3 installed packages in /home/keime/ros2_ws/install
[3.534s] DEBUG:colcon.colcon_installed_package_information.package_discovery:Found 181 installed packages in /opt/ros/humble
[3.546s] Level 1:colcon.colcon_core.package_discovery:discover_packages(prefix_path) using defaults
[3.874s] Level 5:colcon.colcon_core.verb:set package 'image_pubsub' build argument 'cmake_args' from command line to 'None'
[3.874s] Level 5:colcon.colcon_core.verb:set package 'image_pubsub' build argument 'cmake_target' from command line to 'None'
[3.875s] Level 5:colcon.colcon_core.verb:set package 'image_pubsub' build argument 'cmake_target_skip_unavailable' from command line to 'False'
[3.875s] Level 5:colcon.colcon_core.verb:set package 'image_pubsub' build argument 'cmake_clean_cache' from command line to 'False'
[3.875s] Level 5:colcon.colcon_core.verb:set package 'image_pubsub' build argument 'cmake_clean_first' from command line to 'False'
[3.876s] Level 5:colcon.colcon_core.verb:set package 'image_pubsub' build argument 'cmake_force_configure' from command line to 'False'
[3.876s] Level 5:colcon.colcon_core.verb:set package 'image_pubsub' build argument 'ament_cmake_args' from command line to 'None'
[3.876s] Level 5:colcon.colcon_core.verb:set package 'image_pubsub' build argument 'catkin_cmake_args' from command line to 'None'
[3.877s] Level 5:colcon.colcon_core.verb:set package 'image_pubsub' build argument 'catkin_skip_building_tests' from command line to 'False'
[3.877s] DEBUG:colcon.colcon_core.verb:Building package 'image_pubsub' with the following arguments: {'ament_cmake_args': None, 'build_base': '/home/keime/ros2_ws/build/image_pubsub', 'catkin_cmake_args': None, 'catkin_skip_building_tests': False, 'cmake_args': None, 'cmake_clean_cache': False, 'cmake_clean_first': False, 'cmake_force_configure': False, 'cmake_target': None, 'cmake_target_skip_unavailable': False, 'install_base': '/home/keime/ros2_ws/install/image_pubsub', 'merge_install': False, 'path': '/home/keime/ros2_ws/src/image_pubsub', 'symlink_install': False, 'test_result_base': None}
[3.878s] INFO:colcon.colcon_core.executor:Executing jobs using 'parallel' executor
[3.886s] DEBUG:colcon.colcon_parallel_executor.executor.parallel:run_until_complete
[3.888s] INFO:colcon.colcon_ros.task.ament_python.build:Building ROS package in '/home/keime/ros2_ws/src/image_pubsub' with build type 'ament_python'
[3.889s] Level 1:colcon.colcon_core.shell:create_environment_hook('image_pubsub', 'ament_prefix_path')
[3.916s] INFO:colcon.colcon_core.plugin_system:Skipping extension 'colcon_core.shell.bat': Not used on non-Windows systems
[3.918s] INFO:colcon.colcon_core.shell:Creating environment hook '/home/keime/ros2_ws/install/image_pubsub/share/image_pubsub/hook/ament_prefix_path.ps1'
[3.924s] INFO:colcon.colcon_core.shell:Creating environment descriptor '/home/keime/ros2_ws/install/image_pubsub/share/image_pubsub/hook/ament_prefix_path.dsv'
[3.929s] INFO:colcon.colcon_core.shell:Creating environment hook '/home/keime/ros2_ws/install/image_pubsub/share/image_pubsub/hook/ament_prefix_path.sh'
[3.938s] INFO:colcon.colcon_core.shell:Skip shell extension 'powershell' for command environment: Not usable outside of PowerShell
[3.939s] DEBUG:colcon.colcon_core.shell:Skip shell extension 'dsv' for command environment
[6.898s] INFO:colcon.colcon_core.task.python.build:Building Python package in '/home/keime/ros2_ws/src/image_pubsub'
[6.900s] INFO:colcon.colcon_core.shell:Skip shell extension 'powershell' for command environment: Not usable outside of PowerShell
[6.902s] DEBUG:colcon.colcon_core.shell:Skip shell extension 'dsv' for command environment
[10.855s] DEBUG:colcon.colcon_core.event_handler.log_command:Invoking command in '/home/keime/ros2_ws/src/image_pubsub': PYTHONPATH=/home/keime/ros2_ws/build/image_pubsub/prefix_override:/home/keime/ros2_ws/install/image_pubsub/lib/python3.10/site-packages:${PYTHONPATH} /usr/bin/python3 -W ignore:setup.py install is deprecated setup.py egg_info --egg-base ../../build/image_pubsub build --build-base /home/keime/ros2_ws/build/image_pubsub/build install --record /home/keime/ros2_ws/build/image_pubsub/install.log --single-version-externally-managed install_data
[14.066s] DEBUG:colcon.colcon_core.event_handler.log_command:Invoked command in '/home/keime/ros2_ws/src/image_pubsub' returned '0': PYTHONPATH=/home/keime/ros2_ws/build/image_pubsub/prefix_override:/home/keime/ros2_ws/install/image_pubsub/lib/python3.10/site-packages:${PYTHONPATH} /usr/bin/python3 -W ignore:setup.py install is deprecated setup.py egg_info --egg-base ../../build/image_pubsub build --build-base /home/keime/ros2_ws/build/image_pubsub/build install --record /home/keime/ros2_ws/build/image_pubsub/install.log --single-version-externally-managed install_data
[14.094s] Level 1:colcon.colcon_core.environment:checking '/home/keime/ros2_ws/install/image_pubsub' for CMake module files
[14.101s] Level 1:colcon.colcon_core.environment:checking '/home/keime/ros2_ws/install/image_pubsub' for CMake config files
[14.110s] Level 1:colcon.colcon_core.environment:checking '/home/keime/ros2_ws/install/image_pubsub/lib'
[14.112s] Level 1:colcon.colcon_core.environment:checking '/home/keime/ros2_ws/install/image_pubsub/bin'
[14.113s] Level 1:colcon.colcon_core.environment:checking '/home/keime/ros2_ws/install/image_pubsub/lib/pkgconfig/image_pubsub.pc'
[14.116s] Level 1:colcon.colcon_core.environment:checking '/home/keime/ros2_ws/install/image_pubsub/lib/python3.10/site-packages'
[14.117s] Level 1:colcon.colcon_core.shell:create_environment_hook('image_pubsub', 'pythonpath')
[14.119s] INFO:colcon.colcon_core.shell:Creating environment hook '/home/keime/ros2_ws/install/image_pubsub/share/image_pubsub/hook/pythonpath.ps1'
[14.123s] INFO:colcon.colcon_core.shell:Creating environment descriptor '/home/keime/ros2_ws/install/image_pubsub/share/image_pubsub/hook/pythonpath.dsv'
[14.127s] INFO:colcon.colcon_core.shell:Creating environment hook '/home/keime/ros2_ws/install/image_pubsub/share/image_pubsub/hook/pythonpath.sh'
[14.133s] Level 1:colcon.colcon_core.environment:checking '/home/keime/ros2_ws/install/image_pubsub/bin'
[14.133s] Level 1:colcon.colcon_core.environment:create_environment_scripts_only(image_pubsub)
[14.137s] INFO:colcon.colcon_core.shell:Creating package script '/home/keime/ros2_ws/install/image_pubsub/share/image_pubsub/package.ps1'
[14.145s] INFO:colcon.colcon_core.shell:Creating package descriptor '/home/keime/ros2_ws/install/image_pubsub/share/image_pubsub/package.dsv'
[14.152s] INFO:colcon.colcon_core.shell:Creating package script '/home/keime/ros2_ws/install/image_pubsub/share/image_pubsub/package.sh'
[14.160s] INFO:colcon.colcon_core.shell:Creating package script '/home/keime/ros2_ws/install/image_pubsub/share/image_pubsub/package.bash'
[14.169s] INFO:colcon.colcon_core.shell:Creating package script '/home/keime/ros2_ws/install/image_pubsub/share/image_pubsub/package.zsh'
[14.178s] Level 1:colcon.colcon_core.environment:create_file_with_runtime_dependencies(/home/keime/ros2_ws/install/image_pubsub/share/colcon-core/packages/image_pubsub)
[14.180s] DEBUG:colcon.colcon_parallel_executor.executor.parallel:closing loop
[14.184s] DEBUG:colcon.colcon_parallel_executor.executor.parallel:loop closed
[14.184s] DEBUG:colcon.colcon_parallel_executor.executor.parallel:run_until_complete finished with '0'
[14.185s] DEBUG:colcon.colcon_core.event_reactor:joining thread
[14.233s] INFO:colcon.colcon_core.plugin_system:Skipping extension 'colcon_notification.desktop_notification.notify_send': Could not find 'notify-send'
[14.234s] INFO:colcon.colcon_core.plugin_system:Skipping extension 'colcon_notification.desktop_notification.terminal_notifier': Not used on non-Darwin systems
[14.235s] INFO:colcon.colcon_core.plugin_system:Skipping extension 'colcon_notification.desktop_notification.win32': Not used on non-Windows systems
[14.235s] INFO:colcon.colcon_notification.desktop_notification:Sending desktop notification using 'notify2'
[14.241s] DEBUG:colcon.colcon_notification.desktop_notification.notify2:Failed to initialize notify2: org.freedesktop.DBus.Error.ServiceUnknown: The name org.freedesktop.Notifications was not provided by any .service files
[14.242s] DEBUG:colcon.colcon_core.event_reactor:joined thread
[14.245s] INFO:colcon.colcon_core.shell:Creating prefix script '/home/keime/ros2_ws/install/local_setup.ps1'
[14.255s] INFO:colcon.colcon_core.shell:Creating prefix util module '/home/keime/ros2_ws/install/_local_setup_util_ps1.py'
[14.270s] INFO:colcon.colcon_core.shell:Creating prefix chain script '/home/keime/ros2_ws/install/setup.ps1'
[14.282s] INFO:colcon.colcon_core.shell:Creating prefix script '/home/keime/ros2_ws/install/local_setup.sh'
[14.289s] INFO:colcon.colcon_core.shell:Creating prefix util module '/home/keime/ros2_ws/install/_local_setup_util_sh.py'
[14.294s] INFO:colcon.colcon_core.shell:Creating prefix chain script '/home/keime/ros2_ws/install/setup.sh'
[14.307s] INFO:colcon.colcon_core.shell:Creating prefix script '/home/keime/ros2_ws/install/local_setup.bash'
[14.312s] INFO:colcon.colcon_core.shell:Creating prefix chain script '/home/keime/ros2_ws/install/setup.bash'
[14.324s] INFO:colcon.colcon_core.shell:Creating prefix script '/home/keime/ros2_ws/install/local_setup.zsh'
[14.330s] INFO:colcon.colcon_core.shell:Creating prefix chain script '/home/keime/ros2_ws/install/setup.zsh'
