[8.344s] Invoking command in '/home/keime/ros2_ws/src/image_pubsub': PYTHONPATH=/home/keime/ros2_ws/build/image_pubsub/prefix_override:/home/keime/ros2_ws/install/image_pubsub/lib/python3.10/site-packages:${PYTHONPATH} /usr/bin/python3 -W ignore:setup.py install is deprecated setup.py egg_info --egg-base ../../build/image_pubsub build --build-base /home/keime/ros2_ws/build/image_pubsub/build install --record /home/keime/ros2_ws/build/image_pubsub/install.log --single-version-externally-managed install_data
[11.033s] running egg_info
[11.039s] writing ../../build/image_pubsub/image_pubsub.egg-info/PKG-INFO
[11.041s] writing dependency_links to ../../build/image_pubsub/image_pubsub.egg-info/dependency_links.txt
[11.043s] writing entry points to ../../build/image_pubsub/image_pubsub.egg-info/entry_points.txt
[11.046s] writing requirements to ../../build/image_pubsub/image_pubsub.egg-info/requires.txt
[11.047s] writing top-level names to ../../build/image_pubsub/image_pubsub.egg-info/top_level.txt
[11.066s] reading manifest file '../../build/image_pubsub/image_pubsub.egg-info/SOURCES.txt'
[11.078s] writing manifest file '../../build/image_pubsub/image_pubsub.egg-info/SOURCES.txt'
[11.080s] running build
[11.081s] running build_py
[11.088s] running install
[11.091s] running install_lib
[11.107s] running install_data
[11.109s] running install_egg_info
[11.128s] removing '/home/keime/ros2_ws/install/image_pubsub/lib/python3.10/site-packages/image_pubsub-0.0.0-py3.10.egg-info' (and everything under it)
[11.132s] Copying ../../build/image_pubsub/image_pubsub.egg-info to /home/keime/ros2_ws/install/image_pubsub/lib/python3.10/site-packages/image_pubsub-0.0.0-py3.10.egg-info
[11.147s] running install_scripts
[11.353s] Installing img_publisher script to /home/keime/ros2_ws/install/image_pubsub/lib/image_pubsub
[11.354s] Installing img_subscriber script to /home/keime/ros2_ws/install/image_pubsub/lib/image_pubsub
[11.358s] writing list of installed files to '/home/keime/ros2_ws/build/image_pubsub/install.log'
[11.625s] Invoked command in '/home/keime/ros2_ws/src/image_pubsub' returned '0': PYTHONPATH=/home/keime/ros2_ws/build/image_pubsub/prefix_override:/home/keime/ros2_ws/install/image_pubsub/lib/python3.10/site-packages:${PYTHONPATH} /usr/bin/python3 -W ignore:setup.py install is deprecated setup.py egg_info --egg-base ../../build/image_pubsub build --build-base /home/keime/ros2_ws/build/image_pubsub/build install --record /home/keime/ros2_ws/build/image_pubsub/install.log --single-version-externally-managed install_data
