[0.927s] DEBUG:colcon:Command line arguments: ['/usr/bin/colcon', 'build', '--packages-select', 'image_pubsub']
[0.927s] DEBUG:colcon:Parsed command line arguments: Namespace(log_base=None, log_level=None, verb_name='build', build_base='build', install_base='install', merge_install=False, symlink_install=False, test_result_base=None, continue_on_error=False, executor='parallel', parallel_workers=2, event_handlers=None, ignore_user_meta=False, metas=['./colcon.meta'], base_paths=['.'], packages_ignore=None, packages_ignore_regex=None, paths=None, packages_up_to=None, packages_up_to_regex=None, packages_above=None, packages_above_and_dependencies=None, packages_above_depth=None, packages_select_by_dep=None, packages_skip_by_dep=None, packages_skip_up_to=None, packages_select_build_failed=False, packages_skip_build_finished=False, packages_select_test_failures=False, packages_skip_test_passed=False, packages_select=['image_pubsub'], packages_skip=None, packages_select_regex=None, packages_skip_regex=None, packages_start=None, packages_end=None, allow_overriding=[], cmake_args=None, cmake_target=None, cmake_target_skip_unavailable=False, cmake_clean_cache=False, cmake_clean_first=False, cmake_force_configure=False, ament_cmake_args=None, catkin_cmake_args=None, catkin_skip_building_tests=False, verb_parser=<colcon_defaults.argument_parser.defaults.DefaultArgumentsDecorator object at 0x7f764bb000a0>, verb_extension=<colcon_core.verb.build.BuildVerb object at 0x7f764bae8190>, main=<bound method BuildVerb.main of <colcon_core.verb.build.BuildVerb object at 0x7f764bae8190>>)
[0.964s] Level 1:colcon.colcon_core.package_discovery:discover_packages(colcon_meta) check parameters
[0.964s] Level 1:colcon.colcon_core.package_discovery:discover_packages(recursive) check parameters
[0.964s] Level 1:colcon.colcon_core.package_discovery:discover_packages(ignore) check parameters
[0.964s] Level 1:colcon.colcon_core.package_discovery:discover_packages(path) check parameters
[0.964s] Level 1:colcon.colcon_core.package_discovery:discover_packages(colcon_meta) discover
[0.964s] Level 1:colcon.colcon_core.package_discovery:discover_packages(recursive) discover
[0.964s] INFO:colcon.colcon_core.package_discovery:Crawling recursively for packages in '/home/keime/ros2_ws'
[0.964s] Level 1:colcon.colcon_core.package_identification:_identify(.) by extensions ['ignore', 'ignore_ament_install']
[0.965s] Level 1:colcon.colcon_core.package_identification:_identify(.) by extension 'ignore'
[0.965s] Level 1:colcon.colcon_core.package_identification:_identify(.) by extension 'ignore_ament_install'
[0.965s] Level 1:colcon.colcon_core.package_identification:_identify(.) by extensions ['colcon_pkg']
[0.965s] Level 1:colcon.colcon_core.package_identification:_identify(.) by extension 'colcon_pkg'
[0.965s] Level 1:colcon.colcon_core.package_identification:_identify(.) by extensions ['colcon_meta']
[0.965s] Level 1:colcon.colcon_core.package_identification:_identify(.) by extension 'colcon_meta'
[0.965s] Level 1:colcon.colcon_core.package_identification:_identify(.) by extensions ['ros']
[0.965s] Level 1:colcon.colcon_core.package_identification:_identify(.) by extension 'ros'
[0.974s] Level 1:colcon.colcon_core.package_identification:_identify(.) by extensions ['cmake', 'python']
[0.974s] Level 1:colcon.colcon_core.package_identification:_identify(.) by extension 'cmake'
[0.974s] Level 1:colcon.colcon_core.package_identification:_identify(.) by extension 'python'
[0.974s] Level 1:colcon.colcon_core.package_identification:_identify(.) by extensions ['python_setup_py']
[0.974s] Level 1:colcon.colcon_core.package_identification:_identify(.) by extension 'python_setup_py'
[0.974s] Level 1:colcon.colcon_core.package_identification:_identify(Arducam-Pivariety-V4L2-Driver) by extensions ['ignore', 'ignore_ament_install']
[0.974s] Level 1:colcon.colcon_core.package_identification:_identify(Arducam-Pivariety-V4L2-Driver) by extension 'ignore'
[0.974s] Level 1:colcon.colcon_core.package_identification:_identify(Arducam-Pivariety-V4L2-Driver) by extension 'ignore_ament_install'
[0.975s] Level 1:colcon.colcon_core.package_identification:_identify(Arducam-Pivariety-V4L2-Driver) by extensions ['colcon_pkg']
[0.975s] Level 1:colcon.colcon_core.package_identification:_identify(Arducam-Pivariety-V4L2-Driver) by extension 'colcon_pkg'
[0.975s] Level 1:colcon.colcon_core.package_identification:_identify(Arducam-Pivariety-V4L2-Driver) by extensions ['colcon_meta']
[0.975s] Level 1:colcon.colcon_core.package_identification:_identify(Arducam-Pivariety-V4L2-Driver) by extension 'colcon_meta'
[0.975s] Level 1:colcon.colcon_core.package_identification:_identify(Arducam-Pivariety-V4L2-Driver) by extensions ['ros']
[0.975s] Level 1:colcon.colcon_core.package_identification:_identify(Arducam-Pivariety-V4L2-Driver) by extension 'ros'
[0.975s] Level 1:colcon.colcon_core.package_identification:_identify(Arducam-Pivariety-V4L2-Driver) by extensions ['cmake', 'python']
[0.975s] Level 1:colcon.colcon_core.package_identification:_identify(Arducam-Pivariety-V4L2-Driver) by extension 'cmake'
[0.975s] Level 1:colcon.colcon_core.package_identification:_identify(Arducam-Pivariety-V4L2-Driver) by extension 'python'
[0.975s] Level 1:colcon.colcon_core.package_identification:_identify(Arducam-Pivariety-V4L2-Driver) by extensions ['python_setup_py']
[0.975s] Level 1:colcon.colcon_core.package_identification:_identify(Arducam-Pivariety-V4L2-Driver) by extension 'python_setup_py'
[0.975s] Level 1:colcon.colcon_core.package_identification:_identify(build) by extensions ['ignore', 'ignore_ament_install']
[0.975s] Level 1:colcon.colcon_core.package_identification:_identify(build) by extension 'ignore'
[0.975s] Level 1:colcon.colcon_core.package_identification:_identify(build) ignored
[0.975s] Level 1:colcon.colcon_core.package_identification:_identify(install) by extensions ['ignore', 'ignore_ament_install']
[0.975s] Level 1:colcon.colcon_core.package_identification:_identify(install) by extension 'ignore'
[0.975s] Level 1:colcon.colcon_core.package_identification:_identify(install) ignored
[0.975s] Level 1:colcon.colcon_core.package_identification:_identify(log) by extensions ['ignore', 'ignore_ament_install']
[0.975s] Level 1:colcon.colcon_core.package_identification:_identify(log) by extension 'ignore'
[0.975s] Level 1:colcon.colcon_core.package_identification:_identify(log) ignored
[0.975s] Level 1:colcon.colcon_core.package_identification:_identify(pythonテスト) by extensions ['ignore', 'ignore_ament_install']
[0.975s] Level 1:colcon.colcon_core.package_identification:_identify(pythonテスト) by extension 'ignore'
[0.976s] Level 1:colcon.colcon_core.package_identification:_identify(pythonテスト) by extension 'ignore_ament_install'
[0.976s] Level 1:colcon.colcon_core.package_identification:_identify(pythonテスト) by extensions ['colcon_pkg']
[0.976s] Level 1:colcon.colcon_core.package_identification:_identify(pythonテスト) by extension 'colcon_pkg'
[0.976s] Level 1:colcon.colcon_core.package_identification:_identify(pythonテスト) by extensions ['colcon_meta']
[0.976s] Level 1:colcon.colcon_core.package_identification:_identify(pythonテスト) by extension 'colcon_meta'
[0.976s] Level 1:colcon.colcon_core.package_identification:_identify(pythonテスト) by extensions ['ros']
[0.976s] Level 1:colcon.colcon_core.package_identification:_identify(pythonテスト) by extension 'ros'
[0.976s] Level 1:colcon.colcon_core.package_identification:_identify(pythonテスト) by extensions ['cmake', 'python']
[0.976s] Level 1:colcon.colcon_core.package_identification:_identify(pythonテスト) by extension 'cmake'
[0.976s] Level 1:colcon.colcon_core.package_identification:_identify(pythonテスト) by extension 'python'
[0.976s] Level 1:colcon.colcon_core.package_identification:_identify(pythonテスト) by extensions ['python_setup_py']
[0.976s] Level 1:colcon.colcon_core.package_identification:_identify(pythonテスト) by extension 'python_setup_py'
[0.976s] Level 1:colcon.colcon_core.package_identification:_identify(src) by extensions ['ignore', 'ignore_ament_install']
[0.976s] Level 1:colcon.colcon_core.package_identification:_identify(src) by extension 'ignore'
[0.976s] Level 1:colcon.colcon_core.package_identification:_identify(src) by extension 'ignore_ament_install'
[0.976s] Level 1:colcon.colcon_core.package_identification:_identify(src) by extensions ['colcon_pkg']
[0.976s] Level 1:colcon.colcon_core.package_identification:_identify(src) by extension 'colcon_pkg'
[0.976s] Level 1:colcon.colcon_core.package_identification:_identify(src) by extensions ['colcon_meta']
[0.976s] Level 1:colcon.colcon_core.package_identification:_identify(src) by extension 'colcon_meta'
[0.976s] Level 1:colcon.colcon_core.package_identification:_identify(src) by extensions ['ros']
[0.976s] Level 1:colcon.colcon_core.package_identification:_identify(src) by extension 'ros'
[0.976s] Level 1:colcon.colcon_core.package_identification:_identify(src) by extensions ['cmake', 'python']
[0.976s] Level 1:colcon.colcon_core.package_identification:_identify(src) by extension 'cmake'
[0.976s] Level 1:colcon.colcon_core.package_identification:_identify(src) by extension 'python'
[0.976s] Level 1:colcon.colcon_core.package_identification:_identify(src) by extensions ['python_setup_py']
[0.976s] Level 1:colcon.colcon_core.package_identification:_identify(src) by extension 'python_setup_py'
[0.976s] Level 1:colcon.colcon_core.package_identification:_identify(src/aruco_controller) by extensions ['ignore', 'ignore_ament_install']
[0.977s] Level 1:colcon.colcon_core.package_identification:_identify(src/aruco_controller) by extension 'ignore'
[0.977s] Level 1:colcon.colcon_core.package_identification:_identify(src/aruco_controller) by extension 'ignore_ament_install'
[0.977s] Level 1:colcon.colcon_core.package_identification:_identify(src/aruco_controller) by extensions ['colcon_pkg']
[0.977s] Level 1:colcon.colcon_core.package_identification:_identify(src/aruco_controller) by extension 'colcon_pkg'
[0.977s] Level 1:colcon.colcon_core.package_identification:_identify(src/aruco_controller) by extensions ['colcon_meta']
[0.977s] Level 1:colcon.colcon_core.package_identification:_identify(src/aruco_controller) by extension 'colcon_meta'
[0.977s] Level 1:colcon.colcon_core.package_identification:_identify(src/aruco_controller) by extensions ['ros']
[0.977s] Level 1:colcon.colcon_core.package_identification:_identify(src/aruco_controller) by extension 'ros'
[0.979s] DEBUG:colcon.colcon_core.package_identification:Package 'src/aruco_controller' with type 'ros.ament_python' and name 'aruco_controller'
[0.979s] Level 1:colcon.colcon_core.package_identification:_identify(src/image_pub) by extensions ['ignore', 'ignore_ament_install']
[0.979s] Level 1:colcon.colcon_core.package_identification:_identify(src/image_pub) by extension 'ignore'
[0.979s] Level 1:colcon.colcon_core.package_identification:_identify(src/image_pub) by extension 'ignore_ament_install'
[0.979s] Level 1:colcon.colcon_core.package_identification:_identify(src/image_pub) by extensions ['colcon_pkg']
[0.979s] Level 1:colcon.colcon_core.package_identification:_identify(src/image_pub) by extension 'colcon_pkg'
[0.979s] Level 1:colcon.colcon_core.package_identification:_identify(src/image_pub) by extensions ['colcon_meta']
[0.979s] Level 1:colcon.colcon_core.package_identification:_identify(src/image_pub) by extension 'colcon_meta'
[0.979s] Level 1:colcon.colcon_core.package_identification:_identify(src/image_pub) by extensions ['ros']
[0.979s] Level 1:colcon.colcon_core.package_identification:_identify(src/image_pub) by extension 'ros'
[0.979s] DEBUG:colcon.colcon_core.package_identification:Package 'src/image_pub' with type 'ros.ament_python' and name 'image_pub'
[0.980s] Level 1:colcon.colcon_core.package_identification:_identify(src/image_pubsub) by extensions ['ignore', 'ignore_ament_install']
[0.980s] Level 1:colcon.colcon_core.package_identification:_identify(src/image_pubsub) by extension 'ignore'
[0.980s] Level 1:colcon.colcon_core.package_identification:_identify(src/image_pubsub) by extension 'ignore_ament_install'
[0.980s] Level 1:colcon.colcon_core.package_identification:_identify(src/image_pubsub) by extensions ['colcon_pkg']
[0.980s] Level 1:colcon.colcon_core.package_identification:_identify(src/image_pubsub) by extension 'colcon_pkg'
[0.980s] Level 1:colcon.colcon_core.package_identification:_identify(src/image_pubsub) by extensions ['colcon_meta']
[0.980s] Level 1:colcon.colcon_core.package_identification:_identify(src/image_pubsub) by extension 'colcon_meta'
[0.980s] Level 1:colcon.colcon_core.package_identification:_identify(src/image_pubsub) by extensions ['ros']
[0.980s] Level 1:colcon.colcon_core.package_identification:_identify(src/image_pubsub) by extension 'ros'
[0.980s] DEBUG:colcon.colcon_core.package_identification:Package 'src/image_pubsub' with type 'ros.ament_python' and name 'image_pubsub'
[0.980s] Level 1:colcon.colcon_core.package_identification:_identify(src/py_pubsub) by extensions ['ignore', 'ignore_ament_install']
[0.980s] Level 1:colcon.colcon_core.package_identification:_identify(src/py_pubsub) by extension 'ignore'
[0.980s] Level 1:colcon.colcon_core.package_identification:_identify(src/py_pubsub) by extension 'ignore_ament_install'
[0.980s] Level 1:colcon.colcon_core.package_identification:_identify(src/py_pubsub) by extensions ['colcon_pkg']
[0.980s] Level 1:colcon.colcon_core.package_identification:_identify(src/py_pubsub) by extension 'colcon_pkg'
[0.980s] Level 1:colcon.colcon_core.package_identification:_identify(src/py_pubsub) by extensions ['colcon_meta']
[0.981s] Level 1:colcon.colcon_core.package_identification:_identify(src/py_pubsub) by extension 'colcon_meta'
[0.981s] Level 1:colcon.colcon_core.package_identification:_identify(src/py_pubsub) by extensions ['ros']
[0.981s] Level 1:colcon.colcon_core.package_identification:_identify(src/py_pubsub) by extension 'ros'
[0.981s] DEBUG:colcon.colcon_core.package_identification:Package 'src/py_pubsub' with type 'ros.ament_python' and name 'py_pubsub'
[0.981s] Level 1:colcon.colcon_core.package_identification:_identify(src/robot_controller) by extensions ['ignore', 'ignore_ament_install']
[0.981s] Level 1:colcon.colcon_core.package_identification:_identify(src/robot_controller) by extension 'ignore'
[0.981s] Level 1:colcon.colcon_core.package_identification:_identify(src/robot_controller) by extension 'ignore_ament_install'
[0.981s] Level 1:colcon.colcon_core.package_identification:_identify(src/robot_controller) by extensions ['colcon_pkg']
[0.981s] Level 1:colcon.colcon_core.package_identification:_identify(src/robot_controller) by extension 'colcon_pkg'
[0.981s] Level 1:colcon.colcon_core.package_identification:_identify(src/robot_controller) by extensions ['colcon_meta']
[0.981s] Level 1:colcon.colcon_core.package_identification:_identify(src/robot_controller) by extension 'colcon_meta'
[0.981s] Level 1:colcon.colcon_core.package_identification:_identify(src/robot_controller) by extensions ['ros']
[0.981s] Level 1:colcon.colcon_core.package_identification:_identify(src/robot_controller) by extension 'ros'
[0.982s] DEBUG:colcon.colcon_core.package_identification:Package 'src/robot_controller' with type 'ros.ament_python' and name 'robot_controller'
[0.982s] Level 1:colcon.colcon_core.package_identification:_identify(src/robot_controller_gui) by extensions ['ignore', 'ignore_ament_install']
[0.982s] Level 1:colcon.colcon_core.package_identification:_identify(src/robot_controller_gui) by extension 'ignore'
[0.982s] Level 1:colcon.colcon_core.package_identification:_identify(src/robot_controller_gui) by extension 'ignore_ament_install'
[0.982s] Level 1:colcon.colcon_core.package_identification:_identify(src/robot_controller_gui) by extensions ['colcon_pkg']
[0.982s] Level 1:colcon.colcon_core.package_identification:_identify(src/robot_controller_gui) by extension 'colcon_pkg'
[0.982s] Level 1:colcon.colcon_core.package_identification:_identify(src/robot_controller_gui) by extensions ['colcon_meta']
[0.982s] Level 1:colcon.colcon_core.package_identification:_identify(src/robot_controller_gui) by extension 'colcon_meta'
[0.982s] Level 1:colcon.colcon_core.package_identification:_identify(src/robot_controller_gui) by extensions ['ros']
[0.982s] Level 1:colcon.colcon_core.package_identification:_identify(src/robot_controller_gui) by extension 'ros'
[0.982s] DEBUG:colcon.colcon_core.package_identification:Package 'src/robot_controller_gui' with type 'ros.ament_python' and name 'robot_controller_gui'
[0.982s] Level 1:colcon.colcon_core.package_identification:_identify(マーカー) by extensions ['ignore', 'ignore_ament_install']
[0.982s] Level 1:colcon.colcon_core.package_identification:_identify(マーカー) by extension 'ignore'
[0.982s] Level 1:colcon.colcon_core.package_identification:_identify(マーカー) by extension 'ignore_ament_install'
[0.983s] Level 1:colcon.colcon_core.package_identification:_identify(マーカー) by extensions ['colcon_pkg']
[0.983s] Level 1:colcon.colcon_core.package_identification:_identify(マーカー) by extension 'colcon_pkg'
[0.983s] Level 1:colcon.colcon_core.package_identification:_identify(マーカー) by extensions ['colcon_meta']
[0.983s] Level 1:colcon.colcon_core.package_identification:_identify(マーカー) by extension 'colcon_meta'
[0.983s] Level 1:colcon.colcon_core.package_identification:_identify(マーカー) by extensions ['ros']
[0.983s] Level 1:colcon.colcon_core.package_identification:_identify(マーカー) by extension 'ros'
[0.983s] Level 1:colcon.colcon_core.package_identification:_identify(マーカー) by extensions ['cmake', 'python']
[0.983s] Level 1:colcon.colcon_core.package_identification:_identify(マーカー) by extension 'cmake'
[0.983s] Level 1:colcon.colcon_core.package_identification:_identify(マーカー) by extension 'python'
[0.983s] Level 1:colcon.colcon_core.package_identification:_identify(マーカー) by extensions ['python_setup_py']
[0.983s] Level 1:colcon.colcon_core.package_identification:_identify(マーカー) by extension 'python_setup_py'
[0.983s] Level 1:colcon.colcon_core.package_discovery:discover_packages(recursive) using defaults
[0.983s] Level 1:colcon.colcon_core.package_discovery:discover_packages(ignore) discover
[0.983s] Level 1:colcon.colcon_core.package_discovery:discover_packages(ignore) using defaults
[0.983s] Level 1:colcon.colcon_core.package_discovery:discover_packages(path) discover
[0.983s] Level 1:colcon.colcon_core.package_discovery:discover_packages(path) using defaults
[1.034s] INFO:colcon.colcon_core.package_selection:Skipping not selected package 'aruco_controller' in 'src/aruco_controller'
[1.034s] INFO:colcon.colcon_core.package_selection:Skipping not selected package 'image_pub' in 'src/image_pub'
[1.034s] INFO:colcon.colcon_core.package_selection:Skipping not selected package 'py_pubsub' in 'src/py_pubsub'
[1.034s] INFO:colcon.colcon_core.package_selection:Skipping not selected package 'robot_controller' in 'src/robot_controller'
[1.034s] INFO:colcon.colcon_core.package_selection:Skipping not selected package 'robot_controller_gui' in 'src/robot_controller_gui'
[1.055s] Level 1:colcon.colcon_core.package_discovery:discover_packages(prefix_path) check parameters
[1.055s] Level 1:colcon.colcon_core.package_discovery:discover_packages(prefix_path) discover
[1.077s] DEBUG:colcon.colcon_installed_package_information.package_discovery:Found 346 installed packages in /opt/ros/humble
[1.078s] Level 1:colcon.colcon_core.package_discovery:discover_packages(prefix_path) using defaults
[1.178s] Level 5:colcon.colcon_core.verb:set package 'image_pubsub' build argument 'cmake_args' from command line to 'None'
[1.178s] Level 5:colcon.colcon_core.verb:set package 'image_pubsub' build argument 'cmake_target' from command line to 'None'
[1.178s] Level 5:colcon.colcon_core.verb:set package 'image_pubsub' build argument 'cmake_target_skip_unavailable' from command line to 'False'
[1.179s] Level 5:colcon.colcon_core.verb:set package 'image_pubsub' build argument 'cmake_clean_cache' from command line to 'False'
[1.179s] Level 5:colcon.colcon_core.verb:set package 'image_pubsub' build argument 'cmake_clean_first' from command line to 'False'
[1.179s] Level 5:colcon.colcon_core.verb:set package 'image_pubsub' build argument 'cmake_force_configure' from command line to 'False'
[1.179s] Level 5:colcon.colcon_core.verb:set package 'image_pubsub' build argument 'ament_cmake_args' from command line to 'None'
[1.179s] Level 5:colcon.colcon_core.verb:set package 'image_pubsub' build argument 'catkin_cmake_args' from command line to 'None'
[1.179s] Level 5:colcon.colcon_core.verb:set package 'image_pubsub' build argument 'catkin_skip_building_tests' from command line to 'False'
[1.179s] DEBUG:colcon.colcon_core.verb:Building package 'image_pubsub' with the following arguments: {'ament_cmake_args': None, 'build_base': '/home/keime/ros2_ws/build/image_pubsub', 'catkin_cmake_args': None, 'catkin_skip_building_tests': False, 'cmake_args': None, 'cmake_clean_cache': False, 'cmake_clean_first': False, 'cmake_force_configure': False, 'cmake_target': None, 'cmake_target_skip_unavailable': False, 'install_base': '/home/keime/ros2_ws/install/image_pubsub', 'merge_install': False, 'path': '/home/keime/ros2_ws/src/image_pubsub', 'symlink_install': False, 'test_result_base': None}
[1.189s] INFO:colcon.colcon_core.executor:Executing jobs using 'parallel' executor
[1.205s] DEBUG:colcon.colcon_parallel_executor.executor.parallel:run_until_complete
[1.205s] INFO:colcon.colcon_ros.task.ament_python.build:Building ROS package in '/home/keime/ros2_ws/src/image_pubsub' with build type 'ament_python'
[1.205s] Level 1:colcon.colcon_core.shell:create_environment_hook('image_pubsub', 'ament_prefix_path')
[1.219s] INFO:colcon.colcon_core.plugin_system:Skipping extension 'colcon_core.shell.bat': Not used on non-Windows systems
[1.219s] INFO:colcon.colcon_core.shell:Creating environment hook '/home/keime/ros2_ws/install/image_pubsub/share/image_pubsub/hook/ament_prefix_path.ps1'
[1.219s] INFO:colcon.colcon_core.shell:Creating environment descriptor '/home/keime/ros2_ws/install/image_pubsub/share/image_pubsub/hook/ament_prefix_path.dsv'
[1.220s] INFO:colcon.colcon_core.shell:Creating environment hook '/home/keime/ros2_ws/install/image_pubsub/share/image_pubsub/hook/ament_prefix_path.sh'
[1.232s] INFO:colcon.colcon_core.shell:Skip shell extension 'powershell' for command environment: Not usable outside of PowerShell
[1.232s] DEBUG:colcon.colcon_core.shell:Skip shell extension 'dsv' for command environment
[1.472s] INFO:colcon.colcon_core.task.python.build:Building Python package in '/home/keime/ros2_ws/src/image_pubsub'
[1.483s] INFO:colcon.colcon_core.shell:Skip shell extension 'powershell' for command environment: Not usable outside of PowerShell
[1.483s] DEBUG:colcon.colcon_core.shell:Skip shell extension 'dsv' for command environment
[1.810s] DEBUG:colcon.colcon_core.event_handler.log_command:Invoking command in '/home/keime/ros2_ws/src/image_pubsub': PYTHONPATH=/home/keime/ros2_ws/build/image_pubsub/prefix_override:/home/keime/ros2_ws/install/image_pubsub/lib/python3.10/site-packages:${PYTHONPATH} /usr/bin/python3 setup.py egg_info --egg-base ../../build/image_pubsub build --build-base /home/keime/ros2_ws/build/image_pubsub/build install --record /home/keime/ros2_ws/build/image_pubsub/install.log --single-version-externally-managed
[2.060s] DEBUG:colcon.colcon_core.event_handler.log_command:Invoked command in '/home/keime/ros2_ws/src/image_pubsub' returned '0': PYTHONPATH=/home/keime/ros2_ws/build/image_pubsub/prefix_override:/home/keime/ros2_ws/install/image_pubsub/lib/python3.10/site-packages:${PYTHONPATH} /usr/bin/python3 setup.py egg_info --egg-base ../../build/image_pubsub build --build-base /home/keime/ros2_ws/build/image_pubsub/build install --record /home/keime/ros2_ws/build/image_pubsub/install.log --single-version-externally-managed
[2.072s] Level 1:colcon.colcon_core.environment:checking '/home/keime/ros2_ws/install/image_pubsub' for CMake module files
[2.073s] Level 1:colcon.colcon_core.environment:checking '/home/keime/ros2_ws/install/image_pubsub' for CMake config files
[2.073s] Level 1:colcon.colcon_core.environment:checking '/home/keime/ros2_ws/install/image_pubsub/lib'
[2.073s] Level 1:colcon.colcon_core.environment:checking '/home/keime/ros2_ws/install/image_pubsub/bin'
[2.073s] Level 1:colcon.colcon_core.environment:checking '/home/keime/ros2_ws/install/image_pubsub/lib/pkgconfig/image_pubsub.pc'
[2.073s] Level 1:colcon.colcon_core.environment:checking '/home/keime/ros2_ws/install/image_pubsub/lib/python3.10/site-packages'
[2.073s] Level 1:colcon.colcon_core.shell:create_environment_hook('image_pubsub', 'pythonpath')
[2.084s] INFO:colcon.colcon_core.shell:Creating environment hook '/home/keime/ros2_ws/install/image_pubsub/share/image_pubsub/hook/pythonpath.ps1'
[2.084s] INFO:colcon.colcon_core.shell:Creating environment descriptor '/home/keime/ros2_ws/install/image_pubsub/share/image_pubsub/hook/pythonpath.dsv'
[2.084s] INFO:colcon.colcon_core.shell:Creating environment hook '/home/keime/ros2_ws/install/image_pubsub/share/image_pubsub/hook/pythonpath.sh'
[2.085s] Level 1:colcon.colcon_core.environment:checking '/home/keime/ros2_ws/install/image_pubsub/bin'
[2.085s] Level 1:colcon.colcon_core.environment:create_environment_scripts_only(image_pubsub)
[2.095s] INFO:colcon.colcon_core.shell:Creating package script '/home/keime/ros2_ws/install/image_pubsub/share/image_pubsub/package.ps1'
[2.096s] INFO:colcon.colcon_core.shell:Creating package descriptor '/home/keime/ros2_ws/install/image_pubsub/share/image_pubsub/package.dsv'
[2.096s] INFO:colcon.colcon_core.shell:Creating package script '/home/keime/ros2_ws/install/image_pubsub/share/image_pubsub/package.sh'
[2.097s] INFO:colcon.colcon_core.shell:Creating package script '/home/keime/ros2_ws/install/image_pubsub/share/image_pubsub/package.bash'
[2.098s] INFO:colcon.colcon_core.shell:Creating package script '/home/keime/ros2_ws/install/image_pubsub/share/image_pubsub/package.zsh'
[2.098s] Level 1:colcon.colcon_core.environment:create_file_with_runtime_dependencies(/home/keime/ros2_ws/install/image_pubsub/share/colcon-core/packages/image_pubsub)
[2.099s] DEBUG:colcon.colcon_parallel_executor.executor.parallel:closing loop
[2.099s] DEBUG:colcon.colcon_parallel_executor.executor.parallel:loop closed
[2.099s] DEBUG:colcon.colcon_parallel_executor.executor.parallel:run_until_complete finished with '0'
[2.099s] DEBUG:colcon.colcon_core.event_reactor:joining thread
[2.140s] INFO:colcon.colcon_core.plugin_system:Skipping extension 'colcon_notification.desktop_notification.notify_send': Could not find 'notify-send'
[2.140s] INFO:colcon.colcon_core.plugin_system:Skipping extension 'colcon_notification.desktop_notification.terminal_notifier': Not used on non-Darwin systems
[2.140s] INFO:colcon.colcon_core.plugin_system:Skipping extension 'colcon_notification.desktop_notification.win32': Not used on non-Windows systems
[2.140s] INFO:colcon.colcon_notification.desktop_notification:Sending desktop notification using 'notify2'
[2.140s] DEBUG:colcon.colcon_notification.desktop_notification.notify2:Failed to initialize notify2: org.freedesktop.DBus.Error.FileNotFound: Failed to connect to socket /run/user/1000/bus: No such file or directory
[2.140s] DEBUG:colcon.colcon_core.event_reactor:joined thread
[2.151s] INFO:colcon.colcon_core.shell:Creating prefix script '/home/keime/ros2_ws/install/local_setup.ps1'
[2.152s] INFO:colcon.colcon_core.shell:Creating prefix util module '/home/keime/ros2_ws/install/_local_setup_util_ps1.py'
[2.153s] INFO:colcon.colcon_core.shell:Creating prefix chain script '/home/keime/ros2_ws/install/setup.ps1'
[2.164s] INFO:colcon.colcon_core.shell:Creating prefix script '/home/keime/ros2_ws/install/local_setup.sh'
[2.164s] INFO:colcon.colcon_core.shell:Creating prefix util module '/home/keime/ros2_ws/install/_local_setup_util_sh.py'
[2.165s] INFO:colcon.colcon_core.shell:Creating prefix chain script '/home/keime/ros2_ws/install/setup.sh'
[2.176s] INFO:colcon.colcon_core.shell:Creating prefix script '/home/keime/ros2_ws/install/local_setup.bash'
[2.177s] INFO:colcon.colcon_core.shell:Creating prefix chain script '/home/keime/ros2_ws/install/setup.bash'
[2.187s] INFO:colcon.colcon_core.shell:Creating prefix script '/home/keime/ros2_ws/install/local_setup.zsh'
[2.188s] INFO:colcon.colcon_core.shell:Creating prefix chain script '/home/keime/ros2_ws/install/setup.zsh'
