[9.523s] Invoking command in '/home/keime/ros2_ws/src/robot_controller': PYTHONPATH=/home/keime/ros2_ws/build/robot_controller/prefix_override:/home/keime/ros2_ws/install/robot_controller/lib/python3.10/site-packages:${PYTHONPATH} /usr/bin/python3 -W ignore:setup.py install is deprecated setup.py egg_info --egg-base ../../build/robot_controller build --build-base /home/keime/ros2_ws/build/robot_controller/build install --record /home/keime/ros2_ws/build/robot_controller/install.log --single-version-externally-managed install_data
[12.559s] running egg_info
[12.565s] writing ../../build/robot_controller/robot_controller.egg-info/PKG-INFO
[12.570s] writing dependency_links to ../../build/robot_controller/robot_controller.egg-info/dependency_links.txt
[12.574s] writing entry points to ../../build/robot_controller/robot_controller.egg-info/entry_points.txt
[12.581s] writing requirements to ../../build/robot_controller/robot_controller.egg-info/requires.txt
[12.583s] writing top-level names to ../../build/robot_controller/robot_controller.egg-info/top_level.txt
[12.602s] reading manifest file '../../build/robot_controller/robot_controller.egg-info/SOURCES.txt'
[12.614s] writing manifest file '../../build/robot_controller/robot_controller.egg-info/SOURCES.txt'
[12.615s] running build
[12.616s] running build_py
[12.622s] running install
[12.625s] running install_lib
[12.646s] running install_data
[12.655s] running install_egg_info
[12.667s] removing '/home/keime/ros2_ws/install/robot_controller/lib/python3.10/site-packages/robot_controller-0.0.0-py3.10.egg-info' (and everything under it)
[12.676s] Copying ../../build/robot_controller/robot_controller.egg-info to /home/keime/ros2_ws/install/robot_controller/lib/python3.10/site-packages/robot_controller-0.0.0-py3.10.egg-info
[12.693s] running install_scripts
[12.959s] Installing action script to /home/keime/ros2_ws/install/robot_controller/lib/robot_controller
[12.967s] writing list of installed files to '/home/keime/ros2_ws/build/robot_controller/install.log'
[13.281s] Invoked command in '/home/keime/ros2_ws/src/robot_controller' returned '0': PYTHONPATH=/home/keime/ros2_ws/build/robot_controller/prefix_override:/home/keime/ros2_ws/install/robot_controller/lib/python3.10/site-packages:${PYTHONPATH} /usr/bin/python3 -W ignore:setup.py install is deprecated setup.py egg_info --egg-base ../../build/robot_controller build --build-base /home/keime/ros2_ws/build/robot_controller/build install --record /home/keime/ros2_ws/build/robot_controller/install.log --single-version-externally-managed install_data
