[7.196s] Invoking command in '/home/keime/ros2_ws/src/image_pub': PYTHONPATH=/home/keime/ros2_ws/build/image_pub/prefix_override:/home/keime/ros2_ws/install/image_pub/lib/python3.10/site-packages:${PYTHONPATH} /usr/bin/python3 -W ignore:setup.py install is deprecated setup.py egg_info --egg-base ../../build/image_pub build --build-base /home/keime/ros2_ws/build/image_pub/build install --record /home/keime/ros2_ws/build/image_pub/install.log --single-version-externally-managed install_data
[9.951s] running egg_info
[9.957s] writing ../../build/image_pub/image_pub.egg-info/PKG-INFO
[9.959s] writing dependency_links to ../../build/image_pub/image_pub.egg-info/dependency_links.txt
[9.961s] writing entry points to ../../build/image_pub/image_pub.egg-info/entry_points.txt
[9.963s] writing requirements to ../../build/image_pub/image_pub.egg-info/requires.txt
[9.965s] writing top-level names to ../../build/image_pub/image_pub.egg-info/top_level.txt
[9.984s] reading manifest file '../../build/image_pub/image_pub.egg-info/SOURCES.txt'
[9.995s] writing manifest file '../../build/image_pub/image_pub.egg-info/SOURCES.txt'
[9.997s] running build
[9.998s] running build_py
[10.001s] running install
[10.004s] running install_lib
[10.020s] running install_data
[10.021s] running install_egg_info
[10.038s] removing '/home/keime/ros2_ws/install/image_pub/lib/python3.10/site-packages/image_pub-0.0.0-py3.10.egg-info' (and everything under it)
[10.042s] Copying ../../build/image_pub/image_pub.egg-info to /home/keime/ros2_ws/install/image_pub/lib/python3.10/site-packages/image_pub-0.0.0-py3.10.egg-info
[10.055s] running install_scripts
[10.273s] Installing action script to /home/keime/ros2_ws/install/image_pub/lib/image_pub
[10.275s] Installing img_publisher script to /home/keime/ros2_ws/install/image_pub/lib/image_pub
[10.279s] writing list of installed files to '/home/keime/ros2_ws/build/image_pub/install.log'
[10.539s] Invoked command in '/home/keime/ros2_ws/src/image_pub' returned '0': PYTHONPATH=/home/keime/ros2_ws/build/image_pub/prefix_override:/home/keime/ros2_ws/install/image_pub/lib/python3.10/site-packages:${PYTHONPATH} /usr/bin/python3 -W ignore:setup.py install is deprecated setup.py egg_info --egg-base ../../build/image_pub build --build-base /home/keime/ros2_ws/build/image_pub/build install --record /home/keime/ros2_ws/build/image_pub/install.log --single-version-externally-managed install_data
