[0.622s] Invoking command in '/home/keime/ros2_ws/src/image_pub': PYTHONPATH=/home/keime/ros2_ws/build/image_pub/prefix_override:/home/keime/ros2_ws/install/image_pub/lib/python3.10/site-packages:${PYTHONPATH} /usr/bin/python3 setup.py egg_info --egg-base ../../build/image_pub build --build-base /home/keime/ros2_ws/build/image_pub/build install --record /home/keime/ros2_ws/build/image_pub/install.log --single-version-externally-managed
[0.799s] running egg_info
[0.799s] writing ../../build/image_pub/image_pub.egg-info/PKG-INFO
[0.800s] writing dependency_links to ../../build/image_pub/image_pub.egg-info/dependency_links.txt
[0.800s] writing entry points to ../../build/image_pub/image_pub.egg-info/entry_points.txt
[0.800s] writing requirements to ../../build/image_pub/image_pub.egg-info/requires.txt
[0.801s] writing top-level names to ../../build/image_pub/image_pub.egg-info/top_level.txt
[0.802s] reading manifest file '../../build/image_pub/image_pub.egg-info/SOURCES.txt'
[0.803s] writing manifest file '../../build/image_pub/image_pub.egg-info/SOURCES.txt'
[0.803s] running build
[0.803s] running build_py
[0.805s] running install
[0.806s] running install_lib
[0.807s] running install_data
[0.809s] running install_egg_info
[0.810s] removing '/home/keime/ros2_ws/install/image_pub/lib/python3.10/site-packages/image_pub-0.0.0-py3.10.egg-info' (and everything under it)
[0.810s] Copying ../../build/image_pub/image_pub.egg-info to /home/keime/ros2_ws/install/image_pub/lib/python3.10/site-packages/image_pub-0.0.0-py3.10.egg-info
[0.812s] running install_scripts
[0.829s] Installing action script to /home/keime/ros2_ws/install/image_pub/lib/image_pub
[0.830s] Installing img_publisher script to /home/keime/ros2_ws/install/image_pub/lib/image_pub
[0.831s] writing list of installed files to '/home/keime/ros2_ws/build/image_pub/install.log'
[0.860s] Invoked command in '/home/keime/ros2_ws/src/image_pub' returned '0': PYTHONPATH=/home/keime/ros2_ws/build/image_pub/prefix_override:/home/keime/ros2_ws/install/image_pub/lib/python3.10/site-packages:${PYTHONPATH} /usr/bin/python3 setup.py egg_info --egg-base ../../build/image_pub build --build-base /home/keime/ros2_ws/build/image_pub/build install --record /home/keime/ros2_ws/build/image_pub/install.log --single-version-externally-managed
