[0.075s] Invoking command in '/home/keime/ros2_ws/build/robot_interfaces': CMAKE_PREFIX_PATH=/opt/ros/humble /usr/bin/cmake /home/keime/ros2_ws/src/robot_interfaces -DCMAKE_INSTALL_PREFIX=/home/keime/ros2_ws/install/robot_interfaces
[0.084s] -- Found ament_cmake: 1.3.8 (/opt/ros/humble/share/ament_cmake/cmake)
[0.187s] -- Found ament_lint_auto: 0.12.10 (/opt/ros/humble/share/ament_lint_auto/cmake)
[0.242s] -- Found rosidl_default_generators: 1.2.0 (/opt/ros/humble/share/rosidl_default_generators/cmake)
[0.243s] -- Using all available rosidl_typesupport_c: rosidl_typesupport_fastrtps_c;rosidl_typesupport_introspection_c
[0.245s] -- Found rosidl_adapter: 3.1.5 (/opt/ros/humble/share/rosidl_adapter/cmake)
[0.328s] -- Using all available rosidl_typesupport_cpp: rosidl_typesupport_fastrtps_cpp;rosidl_typesupport_introspection_cpp
[0.520s] -- Found ament_cmake_ros: 0.10.0 (/opt/ros/humble/share/ament_cmake_ros/cmake)
[0.690s] -- Using all available rosidl_typesupport_c: rosidl_typesupport_fastrtps_c;rosidl_typesupport_introspection_c
[0.897s] -- Using all available rosidl_typesupport_cpp: rosidl_typesupport_fastrtps_cpp;rosidl_typesupport_introspection_cpp
[1.023s] -- Found PythonInterp: /usr/bin/python3 (found suitable version "3.10.12", minimum required is "3.6") 
[1.026s] -- Found python_cmake_module: 0.10.0 (/opt/ros/humble/share/python_cmake_module/cmake)
[1.197s] -- Found PythonLibs: /usr/lib/x86_64-linux-gnu/libpython3.10.so (found suitable version "3.10.12", minimum required is "3.5") 
[1.197s] -- Using PYTHON_EXECUTABLE: /usr/bin/python3
[1.198s] -- Using PYTHON_INCLUDE_DIRS: /usr/include/python3.10
[1.198s] -- Using PYTHON_LIBRARIES: /usr/lib/x86_64-linux-gnu/libpython3.10.so
[1.215s] -- Found PythonExtra: .so  
[1.258s] -- Added test 'lint_cmake' to check CMake code style
[1.259s] -- Added test 'xmllint' to check XML markup files
[1.268s] -- Configuring done
[1.289s] -- Generating done
[1.290s] -- Build files have been written to: /home/keime/ros2_ws/build/robot_interfaces
[1.298s] Invoked command in '/home/keime/ros2_ws/build/robot_interfaces' returned '0': CMAKE_PREFIX_PATH=/opt/ros/humble /usr/bin/cmake /home/keime/ros2_ws/src/robot_interfaces -DCMAKE_INSTALL_PREFIX=/home/keime/ros2_ws/install/robot_interfaces
[1.298s] Invoking command in '/home/keime/ros2_ws/build/robot_interfaces': CMAKE_PREFIX_PATH=/opt/ros/humble /usr/bin/cmake --build /home/keime/ros2_ws/build/robot_interfaces -- -j2 -l2
[1.321s] [  3%] [34m[1mGenerating C code for ROS interfaces[0m
[1.328s] [  6%] [34m[1mGenerating C++ code for ROS interfaces[0m
[1.597s] [  6%] Built target robot_interfaces__cpp
[1.612s] [  9%] [32mBuilding C object CMakeFiles/robot_interfaces__rosidl_generator_c.dir/rosidl_generator_c/robot_interfaces/srv/detail/robot_command__functions.c.o[0m
[1.614s] [  9%] Built target ament_cmake_python_copy_robot_interfaces
[1.621s] [ 12%] [34m[1mGenerating C++ type support for eProsima Fast-RTPS[0m
[1.686s] [ 16%] [32m[1mLinking C shared library librobot_interfaces__rosidl_generator_c.so[0m
[1.745s] [ 16%] Built target robot_interfaces__rosidl_generator_c
[1.751s] [ 19%] [34m[1mGenerating C++ introspection for ROS interfaces[0m
[1.881s] [ 22%] [32mBuilding CXX object CMakeFiles/robot_interfaces__rosidl_typesupport_fastrtps_cpp.dir/rosidl_typesupport_fastrtps_cpp/robot_interfaces/srv/detail/dds_fastrtps/robot_command__type_support.cpp.o[0m
[1.984s] [ 25%] [32mBuilding CXX object CMakeFiles/robot_interfaces__rosidl_typesupport_introspection_cpp.dir/rosidl_typesupport_introspection_cpp/robot_interfaces/srv/detail/robot_command__type_support.cpp.o[0m
[2.248s] [ 29%] [32m[1mLinking CXX shared library librobot_interfaces__rosidl_typesupport_introspection_cpp.so[0m
[2.249s] [ 32%] [32m[1mLinking CXX shared library librobot_interfaces__rosidl_typesupport_fastrtps_cpp.so[0m
[2.310s] [ 32%] Built target robot_interfaces__rosidl_typesupport_introspection_cpp
[2.317s] [ 35%] [34m[1mGenerating C++ type support dispatch for ROS interfaces[0m
[2.326s] [ 35%] Built target robot_interfaces__rosidl_typesupport_fastrtps_cpp
[2.332s] [ 38%] [34m[1mGenerating C type support for eProsima Fast-RTPS[0m
[2.535s] [ 41%] [32mBuilding CXX object CMakeFiles/robot_interfaces__rosidl_typesupport_cpp.dir/rosidl_typesupport_cpp/robot_interfaces/srv/robot_command__type_support.cpp.o[0m
[2.570s] [ 45%] [32mBuilding CXX object CMakeFiles/robot_interfaces__rosidl_typesupport_fastrtps_c.dir/rosidl_typesupport_fastrtps_c/robot_interfaces/srv/detail/robot_command__type_support_c.cpp.o[0m
[2.712s] [ 48%] [32m[1mLinking CXX shared library librobot_interfaces__rosidl_typesupport_cpp.so[0m
[2.764s] [ 48%] Built target robot_interfaces__rosidl_typesupport_cpp
[2.770s] [ 51%] [34m[1mGenerating C introspection for ROS interfaces[0m
[2.812s] [ 54%] [32m[1mLinking CXX shared library librobot_interfaces__rosidl_typesupport_fastrtps_c.so[0m
[2.904s] [ 54%] Built target robot_interfaces__rosidl_typesupport_fastrtps_c
[2.910s] [ 58%] [34m[1mGenerating C type support dispatch for ROS interfaces[0m
[3.021s] [ 61%] [32mBuilding C object CMakeFiles/robot_interfaces__rosidl_typesupport_introspection_c.dir/rosidl_typesupport_introspection_c/robot_interfaces/srv/detail/robot_command__type_support.c.o[0m
[3.044s] [ 64%] [32m[1mLinking C shared library librobot_interfaces__rosidl_typesupport_introspection_c.so[0m
[3.101s] [ 64%] Built target robot_interfaces__rosidl_typesupport_introspection_c
[3.126s] [ 67%] [32mBuilding CXX object CMakeFiles/robot_interfaces__rosidl_typesupport_c.dir/rosidl_typesupport_c/robot_interfaces/srv/robot_command__type_support.cpp.o[0m
[3.147s] [ 70%] [32m[1mLinking CXX shared library librobot_interfaces__rosidl_typesupport_c.so[0m
[3.201s] [ 70%] Built target robot_interfaces__rosidl_typesupport_c
[3.214s] [ 70%] Built target robot_interfaces
[3.226s] [ 74%] [34m[1mGenerating Python code for ROS interfaces[0m
[3.320s] running egg_info
[3.321s] creating robot_interfaces.egg-info
[3.321s] writing robot_interfaces.egg-info/PKG-INFO
[3.321s] writing dependency_links to robot_interfaces.egg-info/dependency_links.txt
[3.321s] writing top-level names to robot_interfaces.egg-info/top_level.txt
[3.322s] writing manifest file 'robot_interfaces.egg-info/SOURCES.txt'
[3.324s] reading manifest file 'robot_interfaces.egg-info/SOURCES.txt'
[3.324s] writing manifest file 'robot_interfaces.egg-info/SOURCES.txt'
[3.345s] [ 74%] Built target ament_cmake_python_build_robot_interfaces_egg
[3.567s] [ 74%] Built target robot_interfaces__py
[3.579s] [ 77%] [32mBuilding C object CMakeFiles/robot_interfaces__rosidl_generator_py.dir/rosidl_generator_py/robot_interfaces/srv/_robot_command_s.c.o[0m
[3.770s] [ 80%] [32m[1mLinking C shared library rosidl_generator_py/robot_interfaces/librobot_interfaces__rosidl_generator_py.so[0m
[3.849s] [ 80%] Built target robot_interfaces__rosidl_generator_py
[3.862s] [ 83%] [32mBuilding C object CMakeFiles/robot_interfaces__rosidl_typesupport_fastrtps_c__pyext.dir/rosidl_generator_py/robot_interfaces/_robot_interfaces_s.ep.rosidl_typesupport_fastrtps_c.c.o[0m
[3.863s] [ 87%] [32mBuilding C object CMakeFiles/robot_interfaces__rosidl_typesupport_introspection_c__pyext.dir/rosidl_generator_py/robot_interfaces/_robot_interfaces_s.ep.rosidl_typesupport_introspection_c.c.o[0m
[3.928s] [ 90%] [32m[1mLinking C shared library rosidl_generator_py/robot_interfaces/robot_interfaces_s__rosidl_typesupport_introspection_c.cpython-310-x86_64-linux-gnu.so[0m
[3.930s] [ 93%] [32m[1mLinking C shared library rosidl_generator_py/robot_interfaces/robot_interfaces_s__rosidl_typesupport_fastrtps_c.cpython-310-x86_64-linux-gnu.so[0m
[3.989s] [ 93%] Built target robot_interfaces__rosidl_typesupport_fastrtps_c__pyext
[3.989s] [ 93%] Built target robot_interfaces__rosidl_typesupport_introspection_c__pyext
[4.002s] [ 96%] [32mBuilding C object CMakeFiles/robot_interfaces__rosidl_typesupport_c__pyext.dir/rosidl_generator_py/robot_interfaces/_robot_interfaces_s.ep.rosidl_typesupport_c.c.o[0m
[4.065s] [100%] [32m[1mLinking C shared library rosidl_generator_py/robot_interfaces/robot_interfaces_s__rosidl_typesupport_c.cpython-310-x86_64-linux-gnu.so[0m
[4.116s] [100%] Built target robot_interfaces__rosidl_typesupport_c__pyext
[4.124s] Invoked command in '/home/keime/ros2_ws/build/robot_interfaces' returned '0': CMAKE_PREFIX_PATH=/opt/ros/humble /usr/bin/cmake --build /home/keime/ros2_ws/build/robot_interfaces -- -j2 -l2
[4.160s] Invoking command in '/home/keime/ros2_ws/build/robot_interfaces': CMAKE_PREFIX_PATH=/opt/ros/humble /usr/bin/cmake --install /home/keime/ros2_ws/build/robot_interfaces
[4.165s] -- Install configuration: ""
[4.166s] -- Installing: /home/keime/ros2_ws/install/robot_interfaces/share/ament_index/resource_index/rosidl_interfaces/robot_interfaces
[4.166s] -- Installing: /home/keime/ros2_ws/install/robot_interfaces/include/robot_interfaces/robot_interfaces
[4.166s] -- Installing: /home/keime/ros2_ws/install/robot_interfaces/include/robot_interfaces/robot_interfaces/msg
[4.166s] -- Installing: /home/keime/ros2_ws/install/robot_interfaces/include/robot_interfaces/robot_interfaces/msg/rosidl_generator_c__visibility_control.h
[4.166s] -- Installing: /home/keime/ros2_ws/install/robot_interfaces/include/robot_interfaces/robot_interfaces/srv
[4.166s] -- Installing: /home/keime/ros2_ws/install/robot_interfaces/include/robot_interfaces/robot_interfaces/srv/robot_command.h
[4.166s] -- Installing: /home/keime/ros2_ws/install/robot_interfaces/include/robot_interfaces/robot_interfaces/srv/detail
[4.166s] -- Installing: /home/keime/ros2_ws/install/robot_interfaces/include/robot_interfaces/robot_interfaces/srv/detail/robot_command__functions.c
[4.166s] -- Installing: /home/keime/ros2_ws/install/robot_interfaces/include/robot_interfaces/robot_interfaces/srv/detail/robot_command__struct.h
[4.166s] -- Installing: /home/keime/ros2_ws/install/robot_interfaces/include/robot_interfaces/robot_interfaces/srv/detail/robot_command__type_support.h
[4.166s] -- Installing: /home/keime/ros2_ws/install/robot_interfaces/include/robot_interfaces/robot_interfaces/srv/detail/robot_command__functions.h
[4.166s] -- Installing: /home/keime/ros2_ws/install/robot_interfaces/share/robot_interfaces/environment/library_path.sh
[4.166s] -- Installing: /home/keime/ros2_ws/install/robot_interfaces/share/robot_interfaces/environment/library_path.dsv
[4.166s] -- Installing: /home/keime/ros2_ws/install/robot_interfaces/lib/librobot_interfaces__rosidl_generator_c.so
[4.167s] -- Set runtime path of "/home/keime/ros2_ws/install/robot_interfaces/lib/librobot_interfaces__rosidl_generator_c.so" to ""
[4.167s] -- Up-to-date: /home/keime/ros2_ws/install/robot_interfaces/include/robot_interfaces/robot_interfaces
[4.167s] -- Up-to-date: /home/keime/ros2_ws/install/robot_interfaces/include/robot_interfaces/robot_interfaces/msg
[4.167s] -- Installing: /home/keime/ros2_ws/install/robot_interfaces/include/robot_interfaces/robot_interfaces/msg/rosidl_typesupport_fastrtps_c__visibility_control.h
[4.167s] -- Up-to-date: /home/keime/ros2_ws/install/robot_interfaces/include/robot_interfaces/robot_interfaces/srv
[4.167s] -- Up-to-date: /home/keime/ros2_ws/install/robot_interfaces/include/robot_interfaces/robot_interfaces/srv/detail
[4.167s] -- Installing: /home/keime/ros2_ws/install/robot_interfaces/include/robot_interfaces/robot_interfaces/srv/detail/robot_command__rosidl_typesupport_fastrtps_c.h
[4.167s] -- Installing: /home/keime/ros2_ws/install/robot_interfaces/lib/librobot_interfaces__rosidl_typesupport_fastrtps_c.so
[4.167s] -- Set runtime path of "/home/keime/ros2_ws/install/robot_interfaces/lib/librobot_interfaces__rosidl_typesupport_fastrtps_c.so" to ""
[4.167s] -- Up-to-date: /home/keime/ros2_ws/install/robot_interfaces/include/robot_interfaces/robot_interfaces
[4.167s] -- Up-to-date: /home/keime/ros2_ws/install/robot_interfaces/include/robot_interfaces/robot_interfaces/msg
[4.167s] -- Installing: /home/keime/ros2_ws/install/robot_interfaces/include/robot_interfaces/robot_interfaces/msg/rosidl_typesupport_introspection_c__visibility_control.h
[4.167s] -- Up-to-date: /home/keime/ros2_ws/install/robot_interfaces/include/robot_interfaces/robot_interfaces/srv
[4.167s] -- Up-to-date: /home/keime/ros2_ws/install/robot_interfaces/include/robot_interfaces/robot_interfaces/srv/detail
[4.167s] -- Installing: /home/keime/ros2_ws/install/robot_interfaces/include/robot_interfaces/robot_interfaces/srv/detail/robot_command__type_support.c
[4.167s] -- Installing: /home/keime/ros2_ws/install/robot_interfaces/include/robot_interfaces/robot_interfaces/srv/detail/robot_command__rosidl_typesupport_introspection_c.h
[4.167s] -- Installing: /home/keime/ros2_ws/install/robot_interfaces/lib/librobot_interfaces__rosidl_typesupport_introspection_c.so
[4.168s] -- Set runtime path of "/home/keime/ros2_ws/install/robot_interfaces/lib/librobot_interfaces__rosidl_typesupport_introspection_c.so" to ""
[4.168s] -- Installing: /home/keime/ros2_ws/install/robot_interfaces/lib/librobot_interfaces__rosidl_typesupport_c.so
[4.168s] -- Set runtime path of "/home/keime/ros2_ws/install/robot_interfaces/lib/librobot_interfaces__rosidl_typesupport_c.so" to ""
[4.168s] -- Up-to-date: /home/keime/ros2_ws/install/robot_interfaces/include/robot_interfaces/robot_interfaces
[4.168s] -- Up-to-date: /home/keime/ros2_ws/install/robot_interfaces/include/robot_interfaces/robot_interfaces/srv
[4.168s] -- Installing: /home/keime/ros2_ws/install/robot_interfaces/include/robot_interfaces/robot_interfaces/srv/robot_command.hpp
[4.168s] -- Up-to-date: /home/keime/ros2_ws/install/robot_interfaces/include/robot_interfaces/robot_interfaces/srv/detail
[4.168s] -- Installing: /home/keime/ros2_ws/install/robot_interfaces/include/robot_interfaces/robot_interfaces/srv/detail/robot_command__struct.hpp
[4.168s] -- Installing: /home/keime/ros2_ws/install/robot_interfaces/include/robot_interfaces/robot_interfaces/srv/detail/robot_command__traits.hpp
[4.168s] -- Installing: /home/keime/ros2_ws/install/robot_interfaces/include/robot_interfaces/robot_interfaces/srv/detail/robot_command__builder.hpp
[4.168s] -- Up-to-date: /home/keime/ros2_ws/install/robot_interfaces/include/robot_interfaces/robot_interfaces
[4.168s] -- Up-to-date: /home/keime/ros2_ws/install/robot_interfaces/include/robot_interfaces/robot_interfaces/msg
[4.168s] -- Installing: /home/keime/ros2_ws/install/robot_interfaces/include/robot_interfaces/robot_interfaces/msg/rosidl_typesupport_fastrtps_cpp__visibility_control.h
[4.168s] -- Up-to-date: /home/keime/ros2_ws/install/robot_interfaces/include/robot_interfaces/robot_interfaces/srv
[4.168s] -- Up-to-date: /home/keime/ros2_ws/install/robot_interfaces/include/robot_interfaces/robot_interfaces/srv/detail
[4.168s] -- Installing: /home/keime/ros2_ws/install/robot_interfaces/include/robot_interfaces/robot_interfaces/srv/detail/robot_command__rosidl_typesupport_fastrtps_cpp.hpp
[4.169s] -- Installing: /home/keime/ros2_ws/install/robot_interfaces/include/robot_interfaces/robot_interfaces/srv/detail/dds_fastrtps
[4.169s] -- Installing: /home/keime/ros2_ws/install/robot_interfaces/lib/librobot_interfaces__rosidl_typesupport_fastrtps_cpp.so
[4.169s] -- Set runtime path of "/home/keime/ros2_ws/install/robot_interfaces/lib/librobot_interfaces__rosidl_typesupport_fastrtps_cpp.so" to ""
[4.169s] -- Up-to-date: /home/keime/ros2_ws/install/robot_interfaces/include/robot_interfaces/robot_interfaces
[4.169s] -- Up-to-date: /home/keime/ros2_ws/install/robot_interfaces/include/robot_interfaces/robot_interfaces/srv
[4.169s] -- Up-to-date: /home/keime/ros2_ws/install/robot_interfaces/include/robot_interfaces/robot_interfaces/srv/detail
[4.169s] -- Installing: /home/keime/ros2_ws/install/robot_interfaces/include/robot_interfaces/robot_interfaces/srv/detail/robot_command__rosidl_typesupport_introspection_cpp.hpp
[4.169s] -- Installing: /home/keime/ros2_ws/install/robot_interfaces/include/robot_interfaces/robot_interfaces/srv/detail/robot_command__type_support.cpp
[4.169s] -- Installing: /home/keime/ros2_ws/install/robot_interfaces/lib/librobot_interfaces__rosidl_typesupport_introspection_cpp.so
[4.169s] -- Set runtime path of "/home/keime/ros2_ws/install/robot_interfaces/lib/librobot_interfaces__rosidl_typesupport_introspection_cpp.so" to ""
[4.169s] -- Installing: /home/keime/ros2_ws/install/robot_interfaces/lib/librobot_interfaces__rosidl_typesupport_cpp.so
[4.169s] -- Set runtime path of "/home/keime/ros2_ws/install/robot_interfaces/lib/librobot_interfaces__rosidl_typesupport_cpp.so" to ""
[4.169s] -- Installing: /home/keime/ros2_ws/install/robot_interfaces/share/robot_interfaces/environment/pythonpath.sh
[4.169s] -- Installing: /home/keime/ros2_ws/install/robot_interfaces/share/robot_interfaces/environment/pythonpath.dsv
[4.169s] -- Installing: /home/keime/ros2_ws/install/robot_interfaces/local/lib/python3.10/dist-packages/robot_interfaces-0.0.0-py3.10.egg-info
[4.169s] -- Installing: /home/keime/ros2_ws/install/robot_interfaces/local/lib/python3.10/dist-packages/robot_interfaces-0.0.0-py3.10.egg-info/SOURCES.txt
[4.170s] -- Installing: /home/keime/ros2_ws/install/robot_interfaces/local/lib/python3.10/dist-packages/robot_interfaces-0.0.0-py3.10.egg-info/dependency_links.txt
[4.170s] -- Installing: /home/keime/ros2_ws/install/robot_interfaces/local/lib/python3.10/dist-packages/robot_interfaces-0.0.0-py3.10.egg-info/PKG-INFO
[4.170s] -- Installing: /home/keime/ros2_ws/install/robot_interfaces/local/lib/python3.10/dist-packages/robot_interfaces-0.0.0-py3.10.egg-info/top_level.txt
[4.170s] -- Installing: /home/keime/ros2_ws/install/robot_interfaces/local/lib/python3.10/dist-packages/robot_interfaces
[4.170s] -- Installing: /home/keime/ros2_ws/install/robot_interfaces/local/lib/python3.10/dist-packages/robot_interfaces/_robot_interfaces_s.ep.rosidl_typesupport_c.c
[4.170s] -- Installing: /home/keime/ros2_ws/install/robot_interfaces/local/lib/python3.10/dist-packages/robot_interfaces/robot_interfaces_s__rosidl_typesupport_fastrtps_c.cpython-310-x86_64-linux-gnu.so
[4.170s] -- Installing: /home/keime/ros2_ws/install/robot_interfaces/local/lib/python3.10/dist-packages/robot_interfaces/_robot_interfaces_s.ep.rosidl_typesupport_introspection_c.c
[4.170s] -- Installing: /home/keime/ros2_ws/install/robot_interfaces/local/lib/python3.10/dist-packages/robot_interfaces/__init__.py
[4.170s] -- Installing: /home/keime/ros2_ws/install/robot_interfaces/local/lib/python3.10/dist-packages/robot_interfaces/_robot_interfaces_s.ep.rosidl_typesupport_fastrtps_c.c
[4.170s] -- Installing: /home/keime/ros2_ws/install/robot_interfaces/local/lib/python3.10/dist-packages/robot_interfaces/robot_interfaces_s__rosidl_typesupport_introspection_c.cpython-310-x86_64-linux-gnu.so
[4.170s] -- Installing: /home/keime/ros2_ws/install/robot_interfaces/local/lib/python3.10/dist-packages/robot_interfaces/librobot_interfaces__rosidl_generator_py.so
[4.170s] -- Installing: /home/keime/ros2_ws/install/robot_interfaces/local/lib/python3.10/dist-packages/robot_interfaces/srv
[4.170s] -- Installing: /home/keime/ros2_ws/install/robot_interfaces/local/lib/python3.10/dist-packages/robot_interfaces/srv/_robot_command.py
[4.170s] -- Installing: /home/keime/ros2_ws/install/robot_interfaces/local/lib/python3.10/dist-packages/robot_interfaces/srv/__init__.py
[4.170s] -- Installing: /home/keime/ros2_ws/install/robot_interfaces/local/lib/python3.10/dist-packages/robot_interfaces/srv/_robot_command_s.c
[4.170s] -- Installing: /home/keime/ros2_ws/install/robot_interfaces/local/lib/python3.10/dist-packages/robot_interfaces/robot_interfaces_s__rosidl_typesupport_c.cpython-310-x86_64-linux-gnu.so
[4.199s] Listing '/home/keime/ros2_ws/install/robot_interfaces/local/lib/python3.10/dist-packages/robot_interfaces'...
[4.199s] Compiling '/home/keime/ros2_ws/install/robot_interfaces/local/lib/python3.10/dist-packages/robot_interfaces/__init__.py'...
[4.199s] Listing '/home/keime/ros2_ws/install/robot_interfaces/local/lib/python3.10/dist-packages/robot_interfaces/srv'...
[4.199s] Compiling '/home/keime/ros2_ws/install/robot_interfaces/local/lib/python3.10/dist-packages/robot_interfaces/srv/__init__.py'...
[4.199s] Compiling '/home/keime/ros2_ws/install/robot_interfaces/local/lib/python3.10/dist-packages/robot_interfaces/srv/_robot_command.py'...
[4.203s] -- Installing: /home/keime/ros2_ws/install/robot_interfaces/local/lib/python3.10/dist-packages/robot_interfaces/robot_interfaces_s__rosidl_typesupport_fastrtps_c.cpython-310-x86_64-linux-gnu.so
[4.203s] -- Set runtime path of "/home/keime/ros2_ws/install/robot_interfaces/local/lib/python3.10/dist-packages/robot_interfaces/robot_interfaces_s__rosidl_typesupport_fastrtps_c.cpython-310-x86_64-linux-gnu.so" to ""
[4.203s] -- Installing: /home/keime/ros2_ws/install/robot_interfaces/local/lib/python3.10/dist-packages/robot_interfaces/robot_interfaces_s__rosidl_typesupport_introspection_c.cpython-310-x86_64-linux-gnu.so
[4.203s] -- Set runtime path of "/home/keime/ros2_ws/install/robot_interfaces/local/lib/python3.10/dist-packages/robot_interfaces/robot_interfaces_s__rosidl_typesupport_introspection_c.cpython-310-x86_64-linux-gnu.so" to ""
[4.204s] -- Installing: /home/keime/ros2_ws/install/robot_interfaces/local/lib/python3.10/dist-packages/robot_interfaces/robot_interfaces_s__rosidl_typesupport_c.cpython-310-x86_64-linux-gnu.so
[4.204s] -- Set runtime path of "/home/keime/ros2_ws/install/robot_interfaces/local/lib/python3.10/dist-packages/robot_interfaces/robot_interfaces_s__rosidl_typesupport_c.cpython-310-x86_64-linux-gnu.so" to ""
[4.204s] -- Installing: /home/keime/ros2_ws/install/robot_interfaces/lib/librobot_interfaces__rosidl_generator_py.so
[4.204s] -- Set runtime path of "/home/keime/ros2_ws/install/robot_interfaces/lib/librobot_interfaces__rosidl_generator_py.so" to ""
[4.204s] -- Installing: /home/keime/ros2_ws/install/robot_interfaces/share/robot_interfaces/srv/RobotCommand.idl
[4.204s] -- Installing: /home/keime/ros2_ws/install/robot_interfaces/share/robot_interfaces/srv/RobotCommand.srv
[4.204s] -- Installing: /home/keime/ros2_ws/install/robot_interfaces/share/robot_interfaces/srv/RobotCommand_Request.msg
[4.204s] -- Installing: /home/keime/ros2_ws/install/robot_interfaces/share/robot_interfaces/srv/RobotCommand_Response.msg
[4.205s] -- Installing: /home/keime/ros2_ws/install/robot_interfaces/share/ament_index/resource_index/package_run_dependencies/robot_interfaces
[4.205s] -- Installing: /home/keime/ros2_ws/install/robot_interfaces/share/ament_index/resource_index/parent_prefix_path/robot_interfaces
[4.205s] -- Installing: /home/keime/ros2_ws/install/robot_interfaces/share/robot_interfaces/environment/ament_prefix_path.sh
[4.205s] -- Installing: /home/keime/ros2_ws/install/robot_interfaces/share/robot_interfaces/environment/ament_prefix_path.dsv
[4.205s] -- Installing: /home/keime/ros2_ws/install/robot_interfaces/share/robot_interfaces/environment/path.sh
[4.205s] -- Installing: /home/keime/ros2_ws/install/robot_interfaces/share/robot_interfaces/environment/path.dsv
[4.205s] -- Installing: /home/keime/ros2_ws/install/robot_interfaces/share/robot_interfaces/local_setup.bash
[4.205s] -- Installing: /home/keime/ros2_ws/install/robot_interfaces/share/robot_interfaces/local_setup.sh
[4.205s] -- Installing: /home/keime/ros2_ws/install/robot_interfaces/share/robot_interfaces/local_setup.zsh
[4.205s] -- Installing: /home/keime/ros2_ws/install/robot_interfaces/share/robot_interfaces/local_setup.dsv
[4.205s] -- Installing: /home/keime/ros2_ws/install/robot_interfaces/share/robot_interfaces/package.dsv
[4.205s] -- Installing: /home/keime/ros2_ws/install/robot_interfaces/share/ament_index/resource_index/packages/robot_interfaces
[4.206s] -- Installing: /home/keime/ros2_ws/install/robot_interfaces/share/robot_interfaces/cmake/export_robot_interfaces__rosidl_generator_cExport.cmake
[4.206s] -- Installing: /home/keime/ros2_ws/install/robot_interfaces/share/robot_interfaces/cmake/export_robot_interfaces__rosidl_generator_cExport-noconfig.cmake
[4.206s] -- Installing: /home/keime/ros2_ws/install/robot_interfaces/share/robot_interfaces/cmake/export_robot_interfaces__rosidl_typesupport_fastrtps_cExport.cmake
[4.206s] -- Installing: /home/keime/ros2_ws/install/robot_interfaces/share/robot_interfaces/cmake/export_robot_interfaces__rosidl_typesupport_fastrtps_cExport-noconfig.cmake
[4.206s] -- Installing: /home/keime/ros2_ws/install/robot_interfaces/share/robot_interfaces/cmake/robot_interfaces__rosidl_typesupport_introspection_cExport.cmake
[4.206s] -- Installing: /home/keime/ros2_ws/install/robot_interfaces/share/robot_interfaces/cmake/robot_interfaces__rosidl_typesupport_introspection_cExport-noconfig.cmake
[4.206s] -- Installing: /home/keime/ros2_ws/install/robot_interfaces/share/robot_interfaces/cmake/robot_interfaces__rosidl_typesupport_cExport.cmake
[4.206s] -- Installing: /home/keime/ros2_ws/install/robot_interfaces/share/robot_interfaces/cmake/robot_interfaces__rosidl_typesupport_cExport-noconfig.cmake
[4.206s] -- Installing: /home/keime/ros2_ws/install/robot_interfaces/share/robot_interfaces/cmake/export_robot_interfaces__rosidl_generator_cppExport.cmake
[4.206s] -- Installing: /home/keime/ros2_ws/install/robot_interfaces/share/robot_interfaces/cmake/export_robot_interfaces__rosidl_typesupport_fastrtps_cppExport.cmake
[4.206s] -- Installing: /home/keime/ros2_ws/install/robot_interfaces/share/robot_interfaces/cmake/export_robot_interfaces__rosidl_typesupport_fastrtps_cppExport-noconfig.cmake
[4.206s] -- Installing: /home/keime/ros2_ws/install/robot_interfaces/share/robot_interfaces/cmake/robot_interfaces__rosidl_typesupport_introspection_cppExport.cmake
[4.206s] -- Installing: /home/keime/ros2_ws/install/robot_interfaces/share/robot_interfaces/cmake/robot_interfaces__rosidl_typesupport_introspection_cppExport-noconfig.cmake
[4.206s] -- Installing: /home/keime/ros2_ws/install/robot_interfaces/share/robot_interfaces/cmake/robot_interfaces__rosidl_typesupport_cppExport.cmake
[4.207s] -- Installing: /home/keime/ros2_ws/install/robot_interfaces/share/robot_interfaces/cmake/robot_interfaces__rosidl_typesupport_cppExport-noconfig.cmake
[4.207s] -- Installing: /home/keime/ros2_ws/install/robot_interfaces/share/robot_interfaces/cmake/export_robot_interfaces__rosidl_generator_pyExport.cmake
[4.207s] -- Installing: /home/keime/ros2_ws/install/robot_interfaces/share/robot_interfaces/cmake/export_robot_interfaces__rosidl_generator_pyExport-noconfig.cmake
[4.207s] -- Installing: /home/keime/ros2_ws/install/robot_interfaces/share/robot_interfaces/cmake/rosidl_cmake-extras.cmake
[4.207s] -- Installing: /home/keime/ros2_ws/install/robot_interfaces/share/robot_interfaces/cmake/ament_cmake_export_include_directories-extras.cmake
[4.207s] -- Installing: /home/keime/ros2_ws/install/robot_interfaces/share/robot_interfaces/cmake/ament_cmake_export_libraries-extras.cmake
[4.207s] -- Installing: /home/keime/ros2_ws/install/robot_interfaces/share/robot_interfaces/cmake/ament_cmake_export_targets-extras.cmake
[4.207s] -- Installing: /home/keime/ros2_ws/install/robot_interfaces/share/robot_interfaces/cmake/rosidl_cmake_export_typesupport_targets-extras.cmake
[4.207s] -- Installing: /home/keime/ros2_ws/install/robot_interfaces/share/robot_interfaces/cmake/ament_cmake_export_dependencies-extras.cmake
[4.207s] -- Installing: /home/keime/ros2_ws/install/robot_interfaces/share/robot_interfaces/cmake/rosidl_cmake_export_typesupport_libraries-extras.cmake
[4.207s] -- Installing: /home/keime/ros2_ws/install/robot_interfaces/share/robot_interfaces/cmake/robot_interfacesConfig.cmake
[4.207s] -- Installing: /home/keime/ros2_ws/install/robot_interfaces/share/robot_interfaces/cmake/robot_interfacesConfig-version.cmake
[4.207s] -- Installing: /home/keime/ros2_ws/install/robot_interfaces/share/robot_interfaces/package.xml
[4.210s] Invoked command in '/home/keime/ros2_ws/build/robot_interfaces' returned '0': CMAKE_PREFIX_PATH=/opt/ros/humble /usr/bin/cmake --install /home/keime/ros2_ws/build/robot_interfaces
