running egg_info
creating ../../build/aruco_controller/aruco_controller.egg-info
writing ../../build/aruco_controller/aruco_controller.egg-info/PKG-INFO
writing dependency_links to ../../build/aruco_controller/aruco_controller.egg-info/dependency_links.txt
writing entry points to ../../build/aruco_controller/aruco_controller.egg-info/entry_points.txt
writing requirements to ../../build/aruco_controller/aruco_controller.egg-info/requires.txt
writing top-level names to ../../build/aruco_controller/aruco_controller.egg-info/top_level.txt
writing manifest file '../../build/aruco_controller/aruco_controller.egg-info/SOURCES.txt'
reading manifest file '../../build/aruco_controller/aruco_controller.egg-info/SOURCES.txt'
writing manifest file '../../build/aruco_controller/aruco_controller.egg-info/SOURCES.txt'
running build
running build_py
creating /home/keime/ros2_ws/build/aruco_controller/build
creating /home/keime/ros2_ws/build/aruco_controller/build/lib
creating /home/keime/ros2_ws/build/aruco_controller/build/lib/aruco_controller
copying aruco_controller/__init__.py -> /home/keime/ros2_ws/build/aruco_controller/build/lib/aruco_controller
copying aruco_controller/controller_node.py -> /home/keime/ros2_ws/build/aruco_controller/build/lib/aruco_controller
copying aruco_controller/aruco_controller.py -> /home/keime/ros2_ws/build/aruco_controller/build/lib/aruco_controller
running install
running install_lib
creating /home/keime/ros2_ws/install/aruco_controller/lib/python3.10/site-packages/aruco_controller
copying /home/keime/ros2_ws/build/aruco_controller/build/lib/aruco_controller/__init__.py -> /home/keime/ros2_ws/install/aruco_controller/lib/python3.10/site-packages/aruco_controller
copying /home/keime/ros2_ws/build/aruco_controller/build/lib/aruco_controller/controller_node.py -> /home/keime/ros2_ws/install/aruco_controller/lib/python3.10/site-packages/aruco_controller
copying /home/keime/ros2_ws/build/aruco_controller/build/lib/aruco_controller/aruco_controller.py -> /home/keime/ros2_ws/install/aruco_controller/lib/python3.10/site-packages/aruco_controller
byte-compiling /home/keime/ros2_ws/install/aruco_controller/lib/python3.10/site-packages/aruco_controller/__init__.py to __init__.cpython-310.pyc
byte-compiling /home/keime/ros2_ws/install/aruco_controller/lib/python3.10/site-packages/aruco_controller/controller_node.py to controller_node.cpython-310.pyc
byte-compiling /home/keime/ros2_ws/install/aruco_controller/lib/python3.10/site-packages/aruco_controller/aruco_controller.py to aruco_controller.cpython-310.pyc
running install_data
creating /home/keime/ros2_ws/install/aruco_controller/share/ament_index
creating /home/keime/ros2_ws/install/aruco_controller/share/ament_index/resource_index
creating /home/keime/ros2_ws/install/aruco_controller/share/ament_index/resource_index/packages
copying resource/aruco_controller -> /home/keime/ros2_ws/install/aruco_controller/share/ament_index/resource_index/packages
copying package.xml -> /home/keime/ros2_ws/install/aruco_controller/share/aruco_controller
running install_egg_info
Copying ../../build/aruco_controller/aruco_controller.egg-info to /home/keime/ros2_ws/install/aruco_controller/lib/python3.10/site-packages/aruco_controller-0.0.0-py3.10.egg-info
running install_scripts
Installing controller_node script to /home/keime/ros2_ws/install/aruco_controller/lib/aruco_controller
writing list of installed files to '/home/keime/ros2_ws/build/aruco_controller/install.log'
