[8.684s] Invoking command in '/home/keime/ros2_ws/src/image_pub': PYTHONPATH=/home/keime/ros2_ws/build/image_pub/prefix_override:/home/keime/ros2_ws/install/image_pub/lib/python3.10/site-packages:${PYTHONPATH} /usr/bin/python3 -W ignore:setup.py install is deprecated setup.py egg_info --egg-base ../../build/image_pub build --build-base /home/keime/ros2_ws/build/image_pub/build install --record /home/keime/ros2_ws/build/image_pub/install.log --single-version-externally-managed install_data
[11.661s] running egg_info
[11.668s] writing ../../build/image_pub/image_pub.egg-info/PKG-INFO
[11.672s] writing dependency_links to ../../build/image_pub/image_pub.egg-info/dependency_links.txt
[11.675s] writing entry points to ../../build/image_pub/image_pub.egg-info/entry_points.txt
[11.679s] writing requirements to ../../build/image_pub/image_pub.egg-info/requires.txt
[11.680s] writing top-level names to ../../build/image_pub/image_pub.egg-info/top_level.txt
[11.697s] reading manifest file '../../build/image_pub/image_pub.egg-info/SOURCES.txt'
[11.715s] writing manifest file '../../build/image_pub/image_pub.egg-info/SOURCES.txt'
[11.716s] running build
[11.718s] running build_py
[11.720s] running install
[11.724s] running install_lib
[11.739s] running install_data
[11.741s] copying launch/you_launch.py -> /home/keime/ros2_ws/install/image_pub/share/image_pub
[11.746s] running install_egg_info
[11.764s] removing '/home/keime/ros2_ws/install/image_pub/lib/python3.10/site-packages/image_pub-0.0.0-py3.10.egg-info' (and everything under it)
[11.772s] Copying ../../build/image_pub/image_pub.egg-info to /home/keime/ros2_ws/install/image_pub/lib/python3.10/site-packages/image_pub-0.0.0-py3.10.egg-info
[11.792s] running install_scripts
[12.006s] Installing action script to /home/keime/ros2_ws/install/image_pub/lib/image_pub
[12.009s] Installing img_publisher script to /home/keime/ros2_ws/install/image_pub/lib/image_pub
[12.012s] writing list of installed files to '/home/keime/ros2_ws/build/image_pub/install.log'
[12.309s] Invoked command in '/home/keime/ros2_ws/src/image_pub' returned '0': PYTHONPATH=/home/keime/ros2_ws/build/image_pub/prefix_override:/home/keime/ros2_ws/install/image_pub/lib/python3.10/site-packages:${PYTHONPATH} /usr/bin/python3 -W ignore:setup.py install is deprecated setup.py egg_info --egg-base ../../build/image_pub build --build-base /home/keime/ros2_ws/build/image_pub/build install --record /home/keime/ros2_ws/build/image_pub/install.log --single-version-externally-managed install_data
