[0.080s] Invoking command in '/home/keime/ros2_ws/build/robot_interfaces': CMAKE_PREFIX_PATH=/opt/ros/humble /usr/bin/cmake /home/keime/ros2_ws/src/robot_interfaces -DCMAKE_INSTALL_PREFIX=/home/keime/ros2_ws/install/robot_interfaces
[0.586s] -- The C compiler identification is GNU 11.4.0
[1.411s] -- The CXX compiler identification is GNU 11.4.0
[1.936s] -- Detecting C compiler ABI info
[2.133s] -- Detecting C compiler ABI info - done
[2.138s] -- Check for working C compiler: /usr/bin/cc - skipped
[2.150s] -- Detecting C compile features
[2.151s] -- Detecting C compile features - done
[2.157s] -- Detecting CXX compiler ABI info
[2.342s] -- Detecting CXX compiler ABI info - done
[2.348s] -- Check for working CXX compiler: /usr/bin/c++ - skipped
[2.348s] -- Detecting CXX compile features
[2.348s] -- Detecting CXX compile features - done
[2.377s] -- Found ament_cmake: 1.3.8 (/opt/ros/humble/share/ament_cmake/cmake)
[2.535s] -- Found Python3: /usr/bin/python3 (found version "3.10.12") found components: Interpreter 
[2.637s] -- Found ament_lint_auto: 0.12.10 (/opt/ros/humble/share/ament_lint_auto/cmake)
[2.715s] -- Added test 'lint_cmake' to check CMake code style
[2.717s] -- Added test 'xmllint' to check XML markup files
[2.721s] -- Found rosidl_default_generators: 1.2.0 (/opt/ros/humble/share/rosidl_default_generators/cmake)
[2.727s] -- Using all available rosidl_typesupport_c: rosidl_typesupport_fastrtps_c;rosidl_typesupport_introspection_c
[2.736s] -- Found rosidl_adapter: 3.1.5 (/opt/ros/humble/share/rosidl_adapter/cmake)
[3.048s] -- Using all available rosidl_typesupport_cpp: rosidl_typesupport_fastrtps_cpp;rosidl_typesupport_introspection_cpp
[3.108s] [31mCMake Error at /opt/ros/humble/share/rosidl_cmake/cmake/rosidl_generate_interfaces.cmake:64 (message):
[3.108s]   rosidl_generate_interfaces() must be called before ament_package()
[3.109s] Call Stack (most recent call first):
[3.109s]   CMakeLists.txt:28 (rosidl_generate_interfaces)
[3.109s] 
[3.109s] [0m
[3.109s] -- Configuring incomplete, errors occurred!
[3.109s] See also "/home/keime/ros2_ws/build/robot_interfaces/CMakeFiles/CMakeOutput.log".
[3.114s] Invoked command in '/home/keime/ros2_ws/build/robot_interfaces' returned '1': CMAKE_PREFIX_PATH=/opt/ros/humble /usr/bin/cmake /home/keime/ros2_ws/src/robot_interfaces -DCMAKE_INSTALL_PREFIX=/home/keime/ros2_ws/install/robot_interfaces
