[0.000000] (-) TimerEvent: {}
[0.001503] (image_pub) JobQueued: {'identifier': 'image_pub', 'dependencies': OrderedDict()}
[0.001593] (image_pubsub) JobQueued: {'identifier': 'image_pubsub', 'dependencies': OrderedDict()}
[0.001641] (py_pubsub) JobQueued: {'identifier': 'py_pubsub', 'dependencies': OrderedDict()}
[0.001796] (robot_controller) JobQueued: {'identifier': 'robot_controller', 'dependencies': OrderedDict()}
[0.001936] (robot_controller_gui) JobQueued: {'identifier': 'robot_controller_gui', 'dependencies': OrderedDict()}
[0.002033] (image_pub) JobStarted: {'identifier': 'image_pub'}
[0.020407] (image_pubsub) JobStarted: {'identifier': 'image_pubsub'}
[0.099566] (-) TimerEvent: {}
[0.199942] (-) TimerEvent: {}
[0.300322] (-) TimerEvent: {}
[0.400702] (-) TimerEvent: {}
[0.501093] (-) TimerEvent: {}
[0.601496] (-) TimerEvent: {}
[0.701900] (-) TimerEvent: {}
[0.802419] (-) TimerEvent: {}
[0.902849] (-) TimerEvent: {}
[1.003230] (-) TimerEvent: {}
[1.103628] (-) TimerEvent: {}
[1.204036] (-) TimerEvent: {}
[1.279038] (image_pubsub) StderrLine: {'line': b'Traceback (most recent call last):\n  File "/usr/lib/python3/dist-packages/colcon_core/executor/__init__.py", line 91, in __call__\n    rc = await self.task(*args, **kwargs)\n  File "/usr/lib/python3/dist-packages/colcon_core/task/__init__.py", line 93, in __call__\n    return await task_method(*args, **kwargs)\n  File "/usr/lib/python3/dist-packages/colcon_ros/task/ament_python/build.py", line 51, in build\n    setup_py_data = get_setup_data(self.context.pkg, env)\n  File "/usr/lib/python3/dist-packages/colcon_core/task/python/__init__.py", line 20, in get_setup_data\n    return dict(pkg.metadata[key](env))\n  File "/usr/lib/python3/dist-packages/colcon_ros/package_augmentation/ros_ament_python.py", line 57, in getter\n    return get_setup_information(\n  File "/usr/lib/python3/dist-packages/colcon_python_setup_py/package_identification/python_setup_py.py", line 241, in get_setup_information\n    _setup_information_cache[hashable_env] = _get_setup_information(\n  File "/usr/lib/python3/dist-packages/colcon_python_setup_py/package_identification/python_setup_py.py", line 288, in _get_setup_information\n    result = subprocess.run(\n  File "/usr/lib/python3.10/subprocess.py", line 526, in run\n    raise CalledProcessError(retcode, process.args,\nsubprocess.CalledProcessError: Command \'[\'/usr/bin/python3\', \'-c\', \'import sys;from contextlib import suppress;exec("with suppress(ImportError):    from setuptools.extern.packaging.specifiers    import SpecifierSet");exec("with suppress(ImportError):    from packaging.specifiers import SpecifierSet");from distutils.core import run_setup;dist = run_setup(    \\\'setup.py\\\', script_args=(\\\'--dry-run\\\',), stop_after=\\\'config\\\');skip_keys = (\\\'cmdclass\\\', \\\'distclass\\\', \\\'ext_modules\\\', \\\'metadata\\\');data = {    key: value for key, value in dist.__dict__.items()     if (        not key.startswith(\\\'_\\\') and         not callable(value) and         key not in skip_keys and         key not in dist.display_option_names    )};data[\\\'metadata\\\'] = {    k: v for k, v in dist.metadata.__dict__.items()     if k not in (\\\'license_files\\\', \\\'provides_extras\\\')};sys.stdout.buffer.write(repr(data).encode(\\\'utf-8\\\'))\']\' returned non-zero exit status 1.\n'}
[1.280882] (image_pubsub) JobEnded: {'identifier': 'image_pubsub', 'rc': 1}
[1.281583] (image_pub) JobEnded: {'identifier': 'image_pub', 'rc': 'SIGINT'}
[1.291337] (py_pubsub) JobSkipped: {'identifier': 'py_pubsub'}
[1.291422] (robot_controller) JobSkipped: {'identifier': 'robot_controller'}
[1.291467] (robot_controller_gui) JobSkipped: {'identifier': 'robot_controller_gui'}
[1.291507] (-) EventReactorShutdown: {}
