[0.000000] (-) TimerEvent: {}
[0.002980] (-) JobUnselected: {'identifier': 'aruco_controller'}
[0.003506] (-) JobUnselected: {'identifier': 'image_pubsub'}
[0.004211] (-) JobUnselected: {'identifier': 'py_pubsub'}
[0.004618] (-) JobUnselected: {'identifier': 'robot_controller'}
[0.004878] (-) JobUnselected: {'identifier': 'robot_controller_gui'}
[0.005118] (image_pub) JobQueued: {'identifier': 'image_pub', 'dependencies': OrderedDict()}
[0.005350] (image_pub) JobStarted: {'identifier': 'image_pub'}
[0.095518] (-) TimerEvent: {}
[0.197673] (-) TimerEvent: {}
[0.299068] (-) TimerEvent: {}
[0.400287] (-) TimerEvent: {}
[0.501530] (-) TimerEvent: {}
[0.602783] (-) TimerEvent: {}
[0.703994] (-) TimerEvent: {}
[0.805177] (-) TimerEvent: {}
[0.906503] (-) TimerEvent: {}
[1.007758] (-) TimerEvent: {}
[1.108956] (-) TimerEvent: {}
[1.210196] (-) TimerEvent: {}
[1.311457] (-) TimerEvent: {}
[1.412601] (-) TimerEvent: {}
[1.513812] (-) TimerEvent: {}
[1.615232] (-) TimerEvent: {}
[1.716421] (-) TimerEvent: {}
[1.817617] (-) TimerEvent: {}
[1.918954] (-) TimerEvent: {}
[2.020156] (-) TimerEvent: {}
[2.121601] (-) TimerEvent: {}
[2.222916] (-) TimerEvent: {}
[2.324189] (-) TimerEvent: {}
[2.425479] (-) TimerEvent: {}
[2.526803] (-) TimerEvent: {}
[2.628074] (-) TimerEvent: {}
[2.729323] (-) TimerEvent: {}
[2.830727] (-) TimerEvent: {}
[2.932089] (-) TimerEvent: {}
[3.026435] (image_pub) StderrLine: {'line': b'Traceback (most recent call last):\n  File "/usr/lib/python3/dist-packages/colcon_core/executor/__init__.py", line 91, in __call__\n    rc = await self.task(*args, **kwargs)\n  File "/usr/lib/python3/dist-packages/colcon_core/task/__init__.py", line 93, in __call__\n    return await task_method(*args, **kwargs)\n  File "/usr/lib/python3/dist-packages/colcon_ros/task/ament_python/build.py", line 51, in build\n    setup_py_data = get_setup_data(self.context.pkg, env)\n  File "/usr/lib/python3/dist-packages/colcon_core/task/python/__init__.py", line 20, in get_setup_data\n    return dict(pkg.metadata[key](env))\n  File "/usr/lib/python3/dist-packages/colcon_ros/package_augmentation/ros_ament_python.py", line 57, in getter\n    return get_setup_information(\n  File "/usr/lib/python3/dist-packages/colcon_python_setup_py/package_identification/python_setup_py.py", line 241, in get_setup_information\n    _setup_information_cache[hashable_env] = _get_setup_information(\n  File "/usr/lib/python3/dist-packages/colcon_python_setup_py/package_identification/python_setup_py.py", line 288, in _get_setup_information\n    result = subprocess.run(\n  File "/usr/lib/python3.10/subprocess.py", line 526, in run\n    raise CalledProcessError(retcode, process.args,\nsubprocess.CalledProcessError: Command \'[\'/usr/bin/python3\', \'-c\', \'import sys;from contextlib import suppress;exec("with suppress(ImportError):    from setuptools.extern.packaging.specifiers    import SpecifierSet");exec("with suppress(ImportError):    from packaging.specifiers import SpecifierSet");from distutils.core import run_setup;dist = run_setup(    \\\'setup.py\\\', script_args=(\\\'--dry-run\\\',), stop_after=\\\'config\\\');skip_keys = (\\\'cmdclass\\\', \\\'distclass\\\', \\\'ext_modules\\\', \\\'metadata\\\');data = {    key: value for key, value in dist.__dict__.items()     if (        not key.startswith(\\\'_\\\') and         not callable(value) and         key not in skip_keys and         key not in dist.display_option_names    )};data[\\\'metadata\\\'] = {    k: v for k, v in dist.metadata.__dict__.items()     if k not in (\\\'license_files\\\', \\\'provides_extras\\\')};sys.stdout.buffer.write(repr(data).encode(\\\'utf-8\\\'))\']\' returned non-zero exit status 1.\n'}
[3.030391] (image_pub) JobEnded: {'identifier': 'image_pub', 'rc': 1}
[3.034509] (-) TimerEvent: {}
[3.039822] (-) EventReactorShutdown: {}
