[1.623s] DEBUG:colcon:Command line arguments: ['/usr/bin/colcon', 'build', '--packages-select', 'image_pub']
[1.624s] DEBUG:colcon:Parsed command line arguments: Namespace(log_base=None, log_level=None, verb_name='build', build_base='build', install_base='install', merge_install=False, symlink_install=False, test_result_base=None, continue_on_error=False, executor='parallel', parallel_workers=4, event_handlers=None, ignore_user_meta=False, metas=['./colcon.meta'], base_paths=['.'], packages_ignore=None, packages_ignore_regex=None, paths=None, packages_up_to=None, packages_up_to_regex=None, packages_above=None, packages_above_and_dependencies=None, packages_above_depth=None, packages_select_by_dep=None, packages_skip_by_dep=None, packages_skip_up_to=None, packages_select_build_failed=False, packages_skip_build_finished=False, packages_select_test_failures=False, packages_skip_test_passed=False, packages_select=['image_pub'], packages_skip=None, packages_select_regex=None, packages_skip_regex=None, packages_start=None, packages_end=None, allow_overriding=[], cmake_args=None, cmake_target=None, cmake_target_skip_unavailable=False, cmake_clean_cache=False, cmake_clean_first=False, cmake_force_configure=False, ament_cmake_args=None, catkin_cmake_args=None, catkin_skip_building_tests=False, verb_parser=<colcon_defaults.argument_parser.defaults.DefaultArgumentsDecorator object at 0xffffba6dae90>, verb_extension=<colcon_core.verb.build.BuildVerb object at 0xffffba86b970>, main=<bound method BuildVerb.main of <colcon_core.verb.build.BuildVerb object at 0xffffba86b970>>)
[3.719s] Level 1:colcon.colcon_core.package_discovery:discover_packages(colcon_meta) check parameters
[3.720s] Level 1:colcon.colcon_core.package_discovery:discover_packages(recursive) check parameters
[3.721s] Level 1:colcon.colcon_core.package_discovery:discover_packages(ignore) check parameters
[3.721s] Level 1:colcon.colcon_core.package_discovery:discover_packages(path) check parameters
[3.721s] Level 1:colcon.colcon_core.package_discovery:discover_packages(colcon_meta) discover
[3.722s] Level 1:colcon.colcon_core.package_discovery:discover_packages(recursive) discover
[3.722s] INFO:colcon.colcon_core.package_discovery:Crawling recursively for packages in '/home/keime/ros2_ws'
[3.724s] Level 1:colcon.colcon_core.package_identification:_identify(.) by extensions ['ignore', 'ignore_ament_install']
[3.725s] Level 1:colcon.colcon_core.package_identification:_identify(.) by extension 'ignore'
[3.726s] Level 1:colcon.colcon_core.package_identification:_identify(.) by extension 'ignore_ament_install'
[3.727s] Level 1:colcon.colcon_core.package_identification:_identify(.) by extensions ['colcon_pkg']
[3.727s] Level 1:colcon.colcon_core.package_identification:_identify(.) by extension 'colcon_pkg'
[3.728s] Level 1:colcon.colcon_core.package_identification:_identify(.) by extensions ['colcon_meta']
[3.728s] Level 1:colcon.colcon_core.package_identification:_identify(.) by extension 'colcon_meta'
[3.729s] Level 1:colcon.colcon_core.package_identification:_identify(.) by extensions ['ros']
[3.729s] Level 1:colcon.colcon_core.package_identification:_identify(.) by extension 'ros'
[3.895s] Level 1:colcon.colcon_core.package_identification:_identify(.) by extensions ['cmake', 'python']
[3.896s] Level 1:colcon.colcon_core.package_identification:_identify(.) by extension 'cmake'
[3.896s] Level 1:colcon.colcon_core.package_identification:_identify(.) by extension 'python'
[3.897s] Level 1:colcon.colcon_core.package_identification:_identify(.) by extensions ['python_setup_py']
[3.897s] Level 1:colcon.colcon_core.package_identification:_identify(.) by extension 'python_setup_py'
[3.899s] Level 1:colcon.colcon_core.package_identification:_identify(Arducam-Pivariety-V4L2-Driver) by extensions ['ignore', 'ignore_ament_install']
[3.900s] Level 1:colcon.colcon_core.package_identification:_identify(Arducam-Pivariety-V4L2-Driver) by extension 'ignore'
[3.900s] Level 1:colcon.colcon_core.package_identification:_identify(Arducam-Pivariety-V4L2-Driver) by extension 'ignore_ament_install'
[3.901s] Level 1:colcon.colcon_core.package_identification:_identify(Arducam-Pivariety-V4L2-Driver) by extensions ['colcon_pkg']
[3.901s] Level 1:colcon.colcon_core.package_identification:_identify(Arducam-Pivariety-V4L2-Driver) by extension 'colcon_pkg'
[3.902s] Level 1:colcon.colcon_core.package_identification:_identify(Arducam-Pivariety-V4L2-Driver) by extensions ['colcon_meta']
[3.902s] Level 1:colcon.colcon_core.package_identification:_identify(Arducam-Pivariety-V4L2-Driver) by extension 'colcon_meta'
[3.903s] Level 1:colcon.colcon_core.package_identification:_identify(Arducam-Pivariety-V4L2-Driver) by extensions ['ros']
[3.903s] Level 1:colcon.colcon_core.package_identification:_identify(Arducam-Pivariety-V4L2-Driver) by extension 'ros'
[3.904s] Level 1:colcon.colcon_core.package_identification:_identify(Arducam-Pivariety-V4L2-Driver) by extensions ['cmake', 'python']
[3.905s] Level 1:colcon.colcon_core.package_identification:_identify(Arducam-Pivariety-V4L2-Driver) by extension 'cmake'
[3.905s] Level 1:colcon.colcon_core.package_identification:_identify(Arducam-Pivariety-V4L2-Driver) by extension 'python'
[3.906s] Level 1:colcon.colcon_core.package_identification:_identify(Arducam-Pivariety-V4L2-Driver) by extensions ['python_setup_py']
[3.906s] Level 1:colcon.colcon_core.package_identification:_identify(Arducam-Pivariety-V4L2-Driver) by extension 'python_setup_py'
[3.908s] Level 1:colcon.colcon_core.package_identification:_identify(Arducam-Pivariety-V4L2-Driver/Release) by extensions ['ignore', 'ignore_ament_install']
[3.908s] Level 1:colcon.colcon_core.package_identification:_identify(Arducam-Pivariety-V4L2-Driver/Release) by extension 'ignore'
[3.909s] Level 1:colcon.colcon_core.package_identification:_identify(Arducam-Pivariety-V4L2-Driver/Release) by extension 'ignore_ament_install'
[3.910s] Level 1:colcon.colcon_core.package_identification:_identify(Arducam-Pivariety-V4L2-Driver/Release) by extensions ['colcon_pkg']
[3.910s] Level 1:colcon.colcon_core.package_identification:_identify(Arducam-Pivariety-V4L2-Driver/Release) by extension 'colcon_pkg'
[3.911s] Level 1:colcon.colcon_core.package_identification:_identify(Arducam-Pivariety-V4L2-Driver/Release) by extensions ['colcon_meta']
[3.911s] Level 1:colcon.colcon_core.package_identification:_identify(Arducam-Pivariety-V4L2-Driver/Release) by extension 'colcon_meta'
[3.912s] Level 1:colcon.colcon_core.package_identification:_identify(Arducam-Pivariety-V4L2-Driver/Release) by extensions ['ros']
[3.912s] Level 1:colcon.colcon_core.package_identification:_identify(Arducam-Pivariety-V4L2-Driver/Release) by extension 'ros'
[3.913s] Level 1:colcon.colcon_core.package_identification:_identify(Arducam-Pivariety-V4L2-Driver/Release) by extensions ['cmake', 'python']
[3.914s] Level 1:colcon.colcon_core.package_identification:_identify(Arducam-Pivariety-V4L2-Driver/Release) by extension 'cmake'
[3.914s] Level 1:colcon.colcon_core.package_identification:_identify(Arducam-Pivariety-V4L2-Driver/Release) by extension 'python'
[3.915s] Level 1:colcon.colcon_core.package_identification:_identify(Arducam-Pivariety-V4L2-Driver/Release) by extensions ['python_setup_py']
[3.915s] Level 1:colcon.colcon_core.package_identification:_identify(Arducam-Pivariety-V4L2-Driver/Release) by extension 'python_setup_py'
[3.917s] Level 1:colcon.colcon_core.package_identification:_identify(Arducam-Pivariety-V4L2-Driver/Release/bin) by extensions ['ignore', 'ignore_ament_install']
[3.918s] Level 1:colcon.colcon_core.package_identification:_identify(Arducam-Pivariety-V4L2-Driver/Release/bin) by extension 'ignore'
[3.918s] Level 1:colcon.colcon_core.package_identification:_identify(Arducam-Pivariety-V4L2-Driver/Release/bin) by extension 'ignore_ament_install'
[3.919s] Level 1:colcon.colcon_core.package_identification:_identify(Arducam-Pivariety-V4L2-Driver/Release/bin) by extensions ['colcon_pkg']
[3.920s] Level 1:colcon.colcon_core.package_identification:_identify(Arducam-Pivariety-V4L2-Driver/Release/bin) by extension 'colcon_pkg'
[3.920s] Level 1:colcon.colcon_core.package_identification:_identify(Arducam-Pivariety-V4L2-Driver/Release/bin) by extensions ['colcon_meta']
[3.921s] Level 1:colcon.colcon_core.package_identification:_identify(Arducam-Pivariety-V4L2-Driver/Release/bin) by extension 'colcon_meta'
[3.921s] Level 1:colcon.colcon_core.package_identification:_identify(Arducam-Pivariety-V4L2-Driver/Release/bin) by extensions ['ros']
[3.922s] Level 1:colcon.colcon_core.package_identification:_identify(Arducam-Pivariety-V4L2-Driver/Release/bin) by extension 'ros'
[3.923s] Level 1:colcon.colcon_core.package_identification:_identify(Arducam-Pivariety-V4L2-Driver/Release/bin) by extensions ['cmake', 'python']
[3.923s] Level 1:colcon.colcon_core.package_identification:_identify(Arducam-Pivariety-V4L2-Driver/Release/bin) by extension 'cmake'
[3.924s] Level 1:colcon.colcon_core.package_identification:_identify(Arducam-Pivariety-V4L2-Driver/Release/bin) by extension 'python'
[3.924s] Level 1:colcon.colcon_core.package_identification:_identify(Arducam-Pivariety-V4L2-Driver/Release/bin) by extensions ['python_setup_py']
[3.925s] Level 1:colcon.colcon_core.package_identification:_identify(Arducam-Pivariety-V4L2-Driver/Release/bin) by extension 'python_setup_py'
[3.926s] Level 1:colcon.colcon_core.package_identification:_identify(Arducam-Pivariety-V4L2-Driver/Release/bin/5.10.17+) by extensions ['ignore', 'ignore_ament_install']
[3.927s] Level 1:colcon.colcon_core.package_identification:_identify(Arducam-Pivariety-V4L2-Driver/Release/bin/5.10.17+) by extension 'ignore'
[3.928s] Level 1:colcon.colcon_core.package_identification:_identify(Arducam-Pivariety-V4L2-Driver/Release/bin/5.10.17+) by extension 'ignore_ament_install'
[3.928s] Level 1:colcon.colcon_core.package_identification:_identify(Arducam-Pivariety-V4L2-Driver/Release/bin/5.10.17+) by extensions ['colcon_pkg']
[3.929s] Level 1:colcon.colcon_core.package_identification:_identify(Arducam-Pivariety-V4L2-Driver/Release/bin/5.10.17+) by extension 'colcon_pkg'
[3.929s] Level 1:colcon.colcon_core.package_identification:_identify(Arducam-Pivariety-V4L2-Driver/Release/bin/5.10.17+) by extensions ['colcon_meta']
[3.930s] Level 1:colcon.colcon_core.package_identification:_identify(Arducam-Pivariety-V4L2-Driver/Release/bin/5.10.17+) by extension 'colcon_meta'
[3.930s] Level 1:colcon.colcon_core.package_identification:_identify(Arducam-Pivariety-V4L2-Driver/Release/bin/5.10.17+) by extensions ['ros']
[3.931s] Level 1:colcon.colcon_core.package_identification:_identify(Arducam-Pivariety-V4L2-Driver/Release/bin/5.10.17+) by extension 'ros'
[3.932s] Level 1:colcon.colcon_core.package_identification:_identify(Arducam-Pivariety-V4L2-Driver/Release/bin/5.10.17+) by extensions ['cmake', 'python']
[3.932s] Level 1:colcon.colcon_core.package_identification:_identify(Arducam-Pivariety-V4L2-Driver/Release/bin/5.10.17+) by extension 'cmake'
[3.933s] Level 1:colcon.colcon_core.package_identification:_identify(Arducam-Pivariety-V4L2-Driver/Release/bin/5.10.17+) by extension 'python'
[3.933s] Level 1:colcon.colcon_core.package_identification:_identify(Arducam-Pivariety-V4L2-Driver/Release/bin/5.10.17+) by extensions ['python_setup_py']
[3.934s] Level 1:colcon.colcon_core.package_identification:_identify(Arducam-Pivariety-V4L2-Driver/Release/bin/5.10.17+) by extension 'python_setup_py'
[3.935s] Level 1:colcon.colcon_core.package_identification:_identify(Arducam-Pivariety-V4L2-Driver/Release/bin/5.10.17-v7+) by extensions ['ignore', 'ignore_ament_install']
[3.936s] Level 1:colcon.colcon_core.package_identification:_identify(Arducam-Pivariety-V4L2-Driver/Release/bin/5.10.17-v7+) by extension 'ignore'
[3.937s] Level 1:colcon.colcon_core.package_identification:_identify(Arducam-Pivariety-V4L2-Driver/Release/bin/5.10.17-v7+) by extension 'ignore_ament_install'
[3.938s] Level 1:colcon.colcon_core.package_identification:_identify(Arducam-Pivariety-V4L2-Driver/Release/bin/5.10.17-v7+) by extensions ['colcon_pkg']
[3.938s] Level 1:colcon.colcon_core.package_identification:_identify(Arducam-Pivariety-V4L2-Driver/Release/bin/5.10.17-v7+) by extension 'colcon_pkg'
[3.938s] Level 1:colcon.colcon_core.package_identification:_identify(Arducam-Pivariety-V4L2-Driver/Release/bin/5.10.17-v7+) by extensions ['colcon_meta']
[3.939s] Level 1:colcon.colcon_core.package_identification:_identify(Arducam-Pivariety-V4L2-Driver/Release/bin/5.10.17-v7+) by extension 'colcon_meta'
[3.940s] Level 1:colcon.colcon_core.package_identification:_identify(Arducam-Pivariety-V4L2-Driver/Release/bin/5.10.17-v7+) by extensions ['ros']
[3.940s] Level 1:colcon.colcon_core.package_identification:_identify(Arducam-Pivariety-V4L2-Driver/Release/bin/5.10.17-v7+) by extension 'ros'
[3.941s] Level 1:colcon.colcon_core.package_identification:_identify(Arducam-Pivariety-V4L2-Driver/Release/bin/5.10.17-v7+) by extensions ['cmake', 'python']
[3.942s] Level 1:colcon.colcon_core.package_identification:_identify(Arducam-Pivariety-V4L2-Driver/Release/bin/5.10.17-v7+) by extension 'cmake'
[3.942s] Level 1:colcon.colcon_core.package_identification:_identify(Arducam-Pivariety-V4L2-Driver/Release/bin/5.10.17-v7+) by extension 'python'
[3.943s] Level 1:colcon.colcon_core.package_identification:_identify(Arducam-Pivariety-V4L2-Driver/Release/bin/5.10.17-v7+) by extensions ['python_setup_py']
[3.943s] Level 1:colcon.colcon_core.package_identification:_identify(Arducam-Pivariety-V4L2-Driver/Release/bin/5.10.17-v7+) by extension 'python_setup_py'
[3.945s] Level 1:colcon.colcon_core.package_identification:_identify(Arducam-Pivariety-V4L2-Driver/Release/bin/5.10.17-v7l+) by extensions ['ignore', 'ignore_ament_install']
[3.945s] Level 1:colcon.colcon_core.package_identification:_identify(Arducam-Pivariety-V4L2-Driver/Release/bin/5.10.17-v7l+) by extension 'ignore'
[3.946s] Level 1:colcon.colcon_core.package_identification:_identify(Arducam-Pivariety-V4L2-Driver/Release/bin/5.10.17-v7l+) by extension 'ignore_ament_install'
[3.947s] Level 1:colcon.colcon_core.package_identification:_identify(Arducam-Pivariety-V4L2-Driver/Release/bin/5.10.17-v7l+) by extensions ['colcon_pkg']
[3.947s] Level 1:colcon.colcon_core.package_identification:_identify(Arducam-Pivariety-V4L2-Driver/Release/bin/5.10.17-v7l+) by extension 'colcon_pkg'
[3.948s] Level 1:colcon.colcon_core.package_identification:_identify(Arducam-Pivariety-V4L2-Driver/Release/bin/5.10.17-v7l+) by extensions ['colcon_meta']
[3.948s] Level 1:colcon.colcon_core.package_identification:_identify(Arducam-Pivariety-V4L2-Driver/Release/bin/5.10.17-v7l+) by extension 'colcon_meta'
[3.949s] Level 1:colcon.colcon_core.package_identification:_identify(Arducam-Pivariety-V4L2-Driver/Release/bin/5.10.17-v7l+) by extensions ['ros']
[3.949s] Level 1:colcon.colcon_core.package_identification:_identify(Arducam-Pivariety-V4L2-Driver/Release/bin/5.10.17-v7l+) by extension 'ros'
[3.950s] Level 1:colcon.colcon_core.package_identification:_identify(Arducam-Pivariety-V4L2-Driver/Release/bin/5.10.17-v7l+) by extensions ['cmake', 'python']
[3.951s] Level 1:colcon.colcon_core.package_identification:_identify(Arducam-Pivariety-V4L2-Driver/Release/bin/5.10.17-v7l+) by extension 'cmake'
[3.951s] Level 1:colcon.colcon_core.package_identification:_identify(Arducam-Pivariety-V4L2-Driver/Release/bin/5.10.17-v7l+) by extension 'python'
[3.952s] Level 1:colcon.colcon_core.package_identification:_identify(Arducam-Pivariety-V4L2-Driver/Release/bin/5.10.17-v7l+) by extensions ['python_setup_py']
[3.952s] Level 1:colcon.colcon_core.package_identification:_identify(Arducam-Pivariety-V4L2-Driver/Release/bin/5.10.17-v7l+) by extension 'python_setup_py'
[3.954s] Level 1:colcon.colcon_core.package_identification:_identify(Arducam-Pivariety-V4L2-Driver/Release/bin/5.10.52+) by extensions ['ignore', 'ignore_ament_install']
[3.955s] Level 1:colcon.colcon_core.package_identification:_identify(Arducam-Pivariety-V4L2-Driver/Release/bin/5.10.52+) by extension 'ignore'
[3.955s] Level 1:colcon.colcon_core.package_identification:_identify(Arducam-Pivariety-V4L2-Driver/Release/bin/5.10.52+) by extension 'ignore_ament_install'
[3.956s] Level 1:colcon.colcon_core.package_identification:_identify(Arducam-Pivariety-V4L2-Driver/Release/bin/5.10.52+) by extensions ['colcon_pkg']
[3.957s] Level 1:colcon.colcon_core.package_identification:_identify(Arducam-Pivariety-V4L2-Driver/Release/bin/5.10.52+) by extension 'colcon_pkg'
[3.957s] Level 1:colcon.colcon_core.package_identification:_identify(Arducam-Pivariety-V4L2-Driver/Release/bin/5.10.52+) by extensions ['colcon_meta']
[3.957s] Level 1:colcon.colcon_core.package_identification:_identify(Arducam-Pivariety-V4L2-Driver/Release/bin/5.10.52+) by extension 'colcon_meta'
[3.958s] Level 1:colcon.colcon_core.package_identification:_identify(Arducam-Pivariety-V4L2-Driver/Release/bin/5.10.52+) by extensions ['ros']
[3.959s] Level 1:colcon.colcon_core.package_identification:_identify(Arducam-Pivariety-V4L2-Driver/Release/bin/5.10.52+) by extension 'ros'
[3.960s] Level 1:colcon.colcon_core.package_identification:_identify(Arducam-Pivariety-V4L2-Driver/Release/bin/5.10.52+) by extensions ['cmake', 'python']
[3.960s] Level 1:colcon.colcon_core.package_identification:_identify(Arducam-Pivariety-V4L2-Driver/Release/bin/5.10.52+) by extension 'cmake'
[3.961s] Level 1:colcon.colcon_core.package_identification:_identify(Arducam-Pivariety-V4L2-Driver/Release/bin/5.10.52+) by extension 'python'
[3.961s] Level 1:colcon.colcon_core.package_identification:_identify(Arducam-Pivariety-V4L2-Driver/Release/bin/5.10.52+) by extensions ['python_setup_py']
[3.961s] Level 1:colcon.colcon_core.package_identification:_identify(Arducam-Pivariety-V4L2-Driver/Release/bin/5.10.52+) by extension 'python_setup_py'
[3.963s] Level 1:colcon.colcon_core.package_identification:_identify(Arducam-Pivariety-V4L2-Driver/Release/bin/5.10.52-v7+) by extensions ['ignore', 'ignore_ament_install']
[3.964s] Level 1:colcon.colcon_core.package_identification:_identify(Arducam-Pivariety-V4L2-Driver/Release/bin/5.10.52-v7+) by extension 'ignore'
[3.965s] Level 1:colcon.colcon_core.package_identification:_identify(Arducam-Pivariety-V4L2-Driver/Release/bin/5.10.52-v7+) by extension 'ignore_ament_install'
[3.965s] Level 1:colcon.colcon_core.package_identification:_identify(Arducam-Pivariety-V4L2-Driver/Release/bin/5.10.52-v7+) by extensions ['colcon_pkg']
[3.966s] Level 1:colcon.colcon_core.package_identification:_identify(Arducam-Pivariety-V4L2-Driver/Release/bin/5.10.52-v7+) by extension 'colcon_pkg'
[3.966s] Level 1:colcon.colcon_core.package_identification:_identify(Arducam-Pivariety-V4L2-Driver/Release/bin/5.10.52-v7+) by extensions ['colcon_meta']
[3.967s] Level 1:colcon.colcon_core.package_identification:_identify(Arducam-Pivariety-V4L2-Driver/Release/bin/5.10.52-v7+) by extension 'colcon_meta'
[3.967s] Level 1:colcon.colcon_core.package_identification:_identify(Arducam-Pivariety-V4L2-Driver/Release/bin/5.10.52-v7+) by extensions ['ros']
[3.968s] Level 1:colcon.colcon_core.package_identification:_identify(Arducam-Pivariety-V4L2-Driver/Release/bin/5.10.52-v7+) by extension 'ros'
[3.969s] Level 1:colcon.colcon_core.package_identification:_identify(Arducam-Pivariety-V4L2-Driver/Release/bin/5.10.52-v7+) by extensions ['cmake', 'python']
[3.969s] Level 1:colcon.colcon_core.package_identification:_identify(Arducam-Pivariety-V4L2-Driver/Release/bin/5.10.52-v7+) by extension 'cmake'
[3.970s] Level 1:colcon.colcon_core.package_identification:_identify(Arducam-Pivariety-V4L2-Driver/Release/bin/5.10.52-v7+) by extension 'python'
[3.970s] Level 1:colcon.colcon_core.package_identification:_identify(Arducam-Pivariety-V4L2-Driver/Release/bin/5.10.52-v7+) by extensions ['python_setup_py']
[3.971s] Level 1:colcon.colcon_core.package_identification:_identify(Arducam-Pivariety-V4L2-Driver/Release/bin/5.10.52-v7+) by extension 'python_setup_py'
[3.972s] Level 1:colcon.colcon_core.package_identification:_identify(Arducam-Pivariety-V4L2-Driver/Release/bin/5.10.52-v7l+) by extensions ['ignore', 'ignore_ament_install']
[3.973s] Level 1:colcon.colcon_core.package_identification:_identify(Arducam-Pivariety-V4L2-Driver/Release/bin/5.10.52-v7l+) by extension 'ignore'
[3.974s] Level 1:colcon.colcon_core.package_identification:_identify(Arducam-Pivariety-V4L2-Driver/Release/bin/5.10.52-v7l+) by extension 'ignore_ament_install'
[3.974s] Level 1:colcon.colcon_core.package_identification:_identify(Arducam-Pivariety-V4L2-Driver/Release/bin/5.10.52-v7l+) by extensions ['colcon_pkg']
[3.975s] Level 1:colcon.colcon_core.package_identification:_identify(Arducam-Pivariety-V4L2-Driver/Release/bin/5.10.52-v7l+) by extension 'colcon_pkg'
[3.976s] Level 1:colcon.colcon_core.package_identification:_identify(Arducam-Pivariety-V4L2-Driver/Release/bin/5.10.52-v7l+) by extensions ['colcon_meta']
[3.976s] Level 1:colcon.colcon_core.package_identification:_identify(Arducam-Pivariety-V4L2-Driver/Release/bin/5.10.52-v7l+) by extension 'colcon_meta'
[3.977s] Level 1:colcon.colcon_core.package_identification:_identify(Arducam-Pivariety-V4L2-Driver/Release/bin/5.10.52-v7l+) by extensions ['ros']
[3.977s] Level 1:colcon.colcon_core.package_identification:_identify(Arducam-Pivariety-V4L2-Driver/Release/bin/5.10.52-v7l+) by extension 'ros'
[3.978s] Level 1:colcon.colcon_core.package_identification:_identify(Arducam-Pivariety-V4L2-Driver/Release/bin/5.10.52-v7l+) by extensions ['cmake', 'python']
[3.979s] Level 1:colcon.colcon_core.package_identification:_identify(Arducam-Pivariety-V4L2-Driver/Release/bin/5.10.52-v7l+) by extension 'cmake'
[3.979s] Level 1:colcon.colcon_core.package_identification:_identify(Arducam-Pivariety-V4L2-Driver/Release/bin/5.10.52-v7l+) by extension 'python'
[3.980s] Level 1:colcon.colcon_core.package_identification:_identify(Arducam-Pivariety-V4L2-Driver/Release/bin/5.10.52-v7l+) by extensions ['python_setup_py']
[3.980s] Level 1:colcon.colcon_core.package_identification:_identify(Arducam-Pivariety-V4L2-Driver/Release/bin/5.10.52-v7l+) by extension 'python_setup_py'
[3.982s] Level 1:colcon.colcon_core.package_identification:_identify(Arducam-Pivariety-V4L2-Driver/Release/bin/5.10.60+) by extensions ['ignore', 'ignore_ament_install']
[3.982s] Level 1:colcon.colcon_core.package_identification:_identify(Arducam-Pivariety-V4L2-Driver/Release/bin/5.10.60+) by extension 'ignore'
[3.983s] Level 1:colcon.colcon_core.package_identification:_identify(Arducam-Pivariety-V4L2-Driver/Release/bin/5.10.60+) by extension 'ignore_ament_install'
[3.984s] Level 1:colcon.colcon_core.package_identification:_identify(Arducam-Pivariety-V4L2-Driver/Release/bin/5.10.60+) by extensions ['colcon_pkg']
[3.984s] Level 1:colcon.colcon_core.package_identification:_identify(Arducam-Pivariety-V4L2-Driver/Release/bin/5.10.60+) by extension 'colcon_pkg'
[3.985s] Level 1:colcon.colcon_core.package_identification:_identify(Arducam-Pivariety-V4L2-Driver/Release/bin/5.10.60+) by extensions ['colcon_meta']
[3.985s] Level 1:colcon.colcon_core.package_identification:_identify(Arducam-Pivariety-V4L2-Driver/Release/bin/5.10.60+) by extension 'colcon_meta'
[3.986s] Level 1:colcon.colcon_core.package_identification:_identify(Arducam-Pivariety-V4L2-Driver/Release/bin/5.10.60+) by extensions ['ros']
[3.986s] Level 1:colcon.colcon_core.package_identification:_identify(Arducam-Pivariety-V4L2-Driver/Release/bin/5.10.60+) by extension 'ros'
[3.988s] Level 1:colcon.colcon_core.package_identification:_identify(Arducam-Pivariety-V4L2-Driver/Release/bin/5.10.60+) by extensions ['cmake', 'python']
[3.988s] Level 1:colcon.colcon_core.package_identification:_identify(Arducam-Pivariety-V4L2-Driver/Release/bin/5.10.60+) by extension 'cmake'
[3.989s] Level 1:colcon.colcon_core.package_identification:_identify(Arducam-Pivariety-V4L2-Driver/Release/bin/5.10.60+) by extension 'python'
[3.989s] Level 1:colcon.colcon_core.package_identification:_identify(Arducam-Pivariety-V4L2-Driver/Release/bin/5.10.60+) by extensions ['python_setup_py']
[3.989s] Level 1:colcon.colcon_core.package_identification:_identify(Arducam-Pivariety-V4L2-Driver/Release/bin/5.10.60+) by extension 'python_setup_py'
[3.991s] Level 1:colcon.colcon_core.package_identification:_identify(Arducam-Pivariety-V4L2-Driver/Release/bin/5.10.60-v7+) by extensions ['ignore', 'ignore_ament_install']
[3.992s] Level 1:colcon.colcon_core.package_identification:_identify(Arducam-Pivariety-V4L2-Driver/Release/bin/5.10.60-v7+) by extension 'ignore'
[3.993s] Level 1:colcon.colcon_core.package_identification:_identify(Arducam-Pivariety-V4L2-Driver/Release/bin/5.10.60-v7+) by extension 'ignore_ament_install'
[3.993s] Level 1:colcon.colcon_core.package_identification:_identify(Arducam-Pivariety-V4L2-Driver/Release/bin/5.10.60-v7+) by extensions ['colcon_pkg']
[3.994s] Level 1:colcon.colcon_core.package_identification:_identify(Arducam-Pivariety-V4L2-Driver/Release/bin/5.10.60-v7+) by extension 'colcon_pkg'
[3.994s] Level 1:colcon.colcon_core.package_identification:_identify(Arducam-Pivariety-V4L2-Driver/Release/bin/5.10.60-v7+) by extensions ['colcon_meta']
[3.995s] Level 1:colcon.colcon_core.package_identification:_identify(Arducam-Pivariety-V4L2-Driver/Release/bin/5.10.60-v7+) by extension 'colcon_meta'
[3.995s] Level 1:colcon.colcon_core.package_identification:_identify(Arducam-Pivariety-V4L2-Driver/Release/bin/5.10.60-v7+) by extensions ['ros']
[3.996s] Level 1:colcon.colcon_core.package_identification:_identify(Arducam-Pivariety-V4L2-Driver/Release/bin/5.10.60-v7+) by extension 'ros'
[3.997s] Level 1:colcon.colcon_core.package_identification:_identify(Arducam-Pivariety-V4L2-Driver/Release/bin/5.10.60-v7+) by extensions ['cmake', 'python']
[3.997s] Level 1:colcon.colcon_core.package_identification:_identify(Arducam-Pivariety-V4L2-Driver/Release/bin/5.10.60-v7+) by extension 'cmake'
[3.998s] Level 1:colcon.colcon_core.package_identification:_identify(Arducam-Pivariety-V4L2-Driver/Release/bin/5.10.60-v7+) by extension 'python'
[3.998s] Level 1:colcon.colcon_core.package_identification:_identify(Arducam-Pivariety-V4L2-Driver/Release/bin/5.10.60-v7+) by extensions ['python_setup_py']
[3.999s] Level 1:colcon.colcon_core.package_identification:_identify(Arducam-Pivariety-V4L2-Driver/Release/bin/5.10.60-v7+) by extension 'python_setup_py'
[4.000s] Level 1:colcon.colcon_core.package_identification:_identify(Arducam-Pivariety-V4L2-Driver/Release/bin/5.10.60-v7l+) by extensions ['ignore', 'ignore_ament_install']
[4.001s] Level 1:colcon.colcon_core.package_identification:_identify(Arducam-Pivariety-V4L2-Driver/Release/bin/5.10.60-v7l+) by extension 'ignore'
[4.002s] Level 1:colcon.colcon_core.package_identification:_identify(Arducam-Pivariety-V4L2-Driver/Release/bin/5.10.60-v7l+) by extension 'ignore_ament_install'
[4.003s] Level 1:colcon.colcon_core.package_identification:_identify(Arducam-Pivariety-V4L2-Driver/Release/bin/5.10.60-v7l+) by extensions ['colcon_pkg']
[4.003s] Level 1:colcon.colcon_core.package_identification:_identify(Arducam-Pivariety-V4L2-Driver/Release/bin/5.10.60-v7l+) by extension 'colcon_pkg'
[4.004s] Level 1:colcon.colcon_core.package_identification:_identify(Arducam-Pivariety-V4L2-Driver/Release/bin/5.10.60-v7l+) by extensions ['colcon_meta']
[4.004s] Level 1:colcon.colcon_core.package_identification:_identify(Arducam-Pivariety-V4L2-Driver/Release/bin/5.10.60-v7l+) by extension 'colcon_meta'
[4.005s] Level 1:colcon.colcon_core.package_identification:_identify(Arducam-Pivariety-V4L2-Driver/Release/bin/5.10.60-v7l+) by extensions ['ros']
[4.005s] Level 1:colcon.colcon_core.package_identification:_identify(Arducam-Pivariety-V4L2-Driver/Release/bin/5.10.60-v7l+) by extension 'ros'
[4.006s] Level 1:colcon.colcon_core.package_identification:_identify(Arducam-Pivariety-V4L2-Driver/Release/bin/5.10.60-v7l+) by extensions ['cmake', 'python']
[4.007s] Level 1:colcon.colcon_core.package_identification:_identify(Arducam-Pivariety-V4L2-Driver/Release/bin/5.10.60-v7l+) by extension 'cmake'
[4.007s] Level 1:colcon.colcon_core.package_identification:_identify(Arducam-Pivariety-V4L2-Driver/Release/bin/5.10.60-v7l+) by extension 'python'
[4.008s] Level 1:colcon.colcon_core.package_identification:_identify(Arducam-Pivariety-V4L2-Driver/Release/bin/5.10.60-v7l+) by extensions ['python_setup_py']
[4.008s] Level 1:colcon.colcon_core.package_identification:_identify(Arducam-Pivariety-V4L2-Driver/Release/bin/5.10.60-v7l+) by extension 'python_setup_py'
[4.010s] Level 1:colcon.colcon_core.package_identification:_identify(Arducam-Pivariety-V4L2-Driver/Release/bin/5.10.63+) by extensions ['ignore', 'ignore_ament_install']
[4.011s] Level 1:colcon.colcon_core.package_identification:_identify(Arducam-Pivariety-V4L2-Driver/Release/bin/5.10.63+) by extension 'ignore'
[4.011s] Level 1:colcon.colcon_core.package_identification:_identify(Arducam-Pivariety-V4L2-Driver/Release/bin/5.10.63+) by extension 'ignore_ament_install'
[4.012s] Level 1:colcon.colcon_core.package_identification:_identify(Arducam-Pivariety-V4L2-Driver/Release/bin/5.10.63+) by extensions ['colcon_pkg']
[4.012s] Level 1:colcon.colcon_core.package_identification:_identify(Arducam-Pivariety-V4L2-Driver/Release/bin/5.10.63+) by extension 'colcon_pkg'
[4.013s] Level 1:colcon.colcon_core.package_identification:_identify(Arducam-Pivariety-V4L2-Driver/Release/bin/5.10.63+) by extensions ['colcon_meta']
[4.013s] Level 1:colcon.colcon_core.package_identification:_identify(Arducam-Pivariety-V4L2-Driver/Release/bin/5.10.63+) by extension 'colcon_meta'
[4.014s] Level 1:colcon.colcon_core.package_identification:_identify(Arducam-Pivariety-V4L2-Driver/Release/bin/5.10.63+) by extensions ['ros']
[4.014s] Level 1:colcon.colcon_core.package_identification:_identify(Arducam-Pivariety-V4L2-Driver/Release/bin/5.10.63+) by extension 'ros'
[4.016s] Level 1:colcon.colcon_core.package_identification:_identify(Arducam-Pivariety-V4L2-Driver/Release/bin/5.10.63+) by extensions ['cmake', 'python']
[4.016s] Level 1:colcon.colcon_core.package_identification:_identify(Arducam-Pivariety-V4L2-Driver/Release/bin/5.10.63+) by extension 'cmake'
[4.017s] Level 1:colcon.colcon_core.package_identification:_identify(Arducam-Pivariety-V4L2-Driver/Release/bin/5.10.63+) by extension 'python'
[4.017s] Level 1:colcon.colcon_core.package_identification:_identify(Arducam-Pivariety-V4L2-Driver/Release/bin/5.10.63+) by extensions ['python_setup_py']
[4.017s] Level 1:colcon.colcon_core.package_identification:_identify(Arducam-Pivariety-V4L2-Driver/Release/bin/5.10.63+) by extension 'python_setup_py'
[4.019s] Level 1:colcon.colcon_core.package_identification:_identify(Arducam-Pivariety-V4L2-Driver/Release/bin/5.10.63-v7+) by extensions ['ignore', 'ignore_ament_install']
[4.020s] Level 1:colcon.colcon_core.package_identification:_identify(Arducam-Pivariety-V4L2-Driver/Release/bin/5.10.63-v7+) by extension 'ignore'
[4.021s] Level 1:colcon.colcon_core.package_identification:_identify(Arducam-Pivariety-V4L2-Driver/Release/bin/5.10.63-v7+) by extension 'ignore_ament_install'
[4.021s] Level 1:colcon.colcon_core.package_identification:_identify(Arducam-Pivariety-V4L2-Driver/Release/bin/5.10.63-v7+) by extensions ['colcon_pkg']
[4.022s] Level 1:colcon.colcon_core.package_identification:_identify(Arducam-Pivariety-V4L2-Driver/Release/bin/5.10.63-v7+) by extension 'colcon_pkg'
[4.022s] Level 1:colcon.colcon_core.package_identification:_identify(Arducam-Pivariety-V4L2-Driver/Release/bin/5.10.63-v7+) by extensions ['colcon_meta']
[4.022s] Level 1:colcon.colcon_core.package_identification:_identify(Arducam-Pivariety-V4L2-Driver/Release/bin/5.10.63-v7+) by extension 'colcon_meta'
[4.023s] Level 1:colcon.colcon_core.package_identification:_identify(Arducam-Pivariety-V4L2-Driver/Release/bin/5.10.63-v7+) by extensions ['ros']
[4.024s] Level 1:colcon.colcon_core.package_identification:_identify(Arducam-Pivariety-V4L2-Driver/Release/bin/5.10.63-v7+) by extension 'ros'
[4.025s] Level 1:colcon.colcon_core.package_identification:_identify(Arducam-Pivariety-V4L2-Driver/Release/bin/5.10.63-v7+) by extensions ['cmake', 'python']
[4.025s] Level 1:colcon.colcon_core.package_identification:_identify(Arducam-Pivariety-V4L2-Driver/Release/bin/5.10.63-v7+) by extension 'cmake'
[4.026s] Level 1:colcon.colcon_core.package_identification:_identify(Arducam-Pivariety-V4L2-Driver/Release/bin/5.10.63-v7+) by extension 'python'
[4.026s] Level 1:colcon.colcon_core.package_identification:_identify(Arducam-Pivariety-V4L2-Driver/Release/bin/5.10.63-v7+) by extensions ['python_setup_py']
[4.026s] Level 1:colcon.colcon_core.package_identification:_identify(Arducam-Pivariety-V4L2-Driver/Release/bin/5.10.63-v7+) by extension 'python_setup_py'
[4.028s] Level 1:colcon.colcon_core.package_identification:_identify(Arducam-Pivariety-V4L2-Driver/Release/bin/5.10.63-v7l+) by extensions ['ignore', 'ignore_ament_install']
[4.029s] Level 1:colcon.colcon_core.package_identification:_identify(Arducam-Pivariety-V4L2-Driver/Release/bin/5.10.63-v7l+) by extension 'ignore'
[4.030s] Level 1:colcon.colcon_core.package_identification:_identify(Arducam-Pivariety-V4L2-Driver/Release/bin/5.10.63-v7l+) by extension 'ignore_ament_install'
[4.031s] Level 1:colcon.colcon_core.package_identification:_identify(Arducam-Pivariety-V4L2-Driver/Release/bin/5.10.63-v7l+) by extensions ['colcon_pkg']
[4.031s] Level 1:colcon.colcon_core.package_identification:_identify(Arducam-Pivariety-V4L2-Driver/Release/bin/5.10.63-v7l+) by extension 'colcon_pkg'
[4.032s] Level 1:colcon.colcon_core.package_identification:_identify(Arducam-Pivariety-V4L2-Driver/Release/bin/5.10.63-v7l+) by extensions ['colcon_meta']
[4.032s] Level 1:colcon.colcon_core.package_identification:_identify(Arducam-Pivariety-V4L2-Driver/Release/bin/5.10.63-v7l+) by extension 'colcon_meta'
[4.033s] Level 1:colcon.colcon_core.package_identification:_identify(Arducam-Pivariety-V4L2-Driver/Release/bin/5.10.63-v7l+) by extensions ['ros']
[4.033s] Level 1:colcon.colcon_core.package_identification:_identify(Arducam-Pivariety-V4L2-Driver/Release/bin/5.10.63-v7l+) by extension 'ros'
[4.034s] Level 1:colcon.colcon_core.package_identification:_identify(Arducam-Pivariety-V4L2-Driver/Release/bin/5.10.63-v7l+) by extensions ['cmake', 'python']
[4.034s] Level 1:colcon.colcon_core.package_identification:_identify(Arducam-Pivariety-V4L2-Driver/Release/bin/5.10.63-v7l+) by extension 'cmake'
[4.035s] Level 1:colcon.colcon_core.package_identification:_identify(Arducam-Pivariety-V4L2-Driver/Release/bin/5.10.63-v7l+) by extension 'python'
[4.036s] Level 1:colcon.colcon_core.package_identification:_identify(Arducam-Pivariety-V4L2-Driver/Release/bin/5.10.63-v7l+) by extensions ['python_setup_py']
[4.036s] Level 1:colcon.colcon_core.package_identification:_identify(Arducam-Pivariety-V4L2-Driver/Release/bin/5.10.63-v7l+) by extension 'python_setup_py'
[4.037s] Level 1:colcon.colcon_core.package_identification:_identify(Arducam-Pivariety-V4L2-Driver/Release/bin/5.10.63-v8+) by extensions ['ignore', 'ignore_ament_install']
[4.038s] Level 1:colcon.colcon_core.package_identification:_identify(Arducam-Pivariety-V4L2-Driver/Release/bin/5.10.63-v8+) by extension 'ignore'
[4.039s] Level 1:colcon.colcon_core.package_identification:_identify(Arducam-Pivariety-V4L2-Driver/Release/bin/5.10.63-v8+) by extension 'ignore_ament_install'
[4.040s] Level 1:colcon.colcon_core.package_identification:_identify(Arducam-Pivariety-V4L2-Driver/Release/bin/5.10.63-v8+) by extensions ['colcon_pkg']
[4.040s] Level 1:colcon.colcon_core.package_identification:_identify(Arducam-Pivariety-V4L2-Driver/Release/bin/5.10.63-v8+) by extension 'colcon_pkg'
[4.041s] Level 1:colcon.colcon_core.package_identification:_identify(Arducam-Pivariety-V4L2-Driver/Release/bin/5.10.63-v8+) by extensions ['colcon_meta']
[4.041s] Level 1:colcon.colcon_core.package_identification:_identify(Arducam-Pivariety-V4L2-Driver/Release/bin/5.10.63-v8+) by extension 'colcon_meta'
[4.042s] Level 1:colcon.colcon_core.package_identification:_identify(Arducam-Pivariety-V4L2-Driver/Release/bin/5.10.63-v8+) by extensions ['ros']
[4.042s] Level 1:colcon.colcon_core.package_identification:_identify(Arducam-Pivariety-V4L2-Driver/Release/bin/5.10.63-v8+) by extension 'ros'
[4.043s] Level 1:colcon.colcon_core.package_identification:_identify(Arducam-Pivariety-V4L2-Driver/Release/bin/5.10.63-v8+) by extensions ['cmake', 'python']
[4.044s] Level 1:colcon.colcon_core.package_identification:_identify(Arducam-Pivariety-V4L2-Driver/Release/bin/5.10.63-v8+) by extension 'cmake'
[4.044s] Level 1:colcon.colcon_core.package_identification:_identify(Arducam-Pivariety-V4L2-Driver/Release/bin/5.10.63-v8+) by extension 'python'
[4.045s] Level 1:colcon.colcon_core.package_identification:_identify(Arducam-Pivariety-V4L2-Driver/Release/bin/5.10.63-v8+) by extensions ['python_setup_py']
[4.045s] Level 1:colcon.colcon_core.package_identification:_identify(Arducam-Pivariety-V4L2-Driver/Release/bin/5.10.63-v8+) by extension 'python_setup_py'
[4.047s] Level 1:colcon.colcon_core.package_identification:_identify(Arducam-Pivariety-V4L2-Driver/focus) by extensions ['ignore', 'ignore_ament_install']
[4.048s] Level 1:colcon.colcon_core.package_identification:_identify(Arducam-Pivariety-V4L2-Driver/focus) by extension 'ignore'
[4.048s] Level 1:colcon.colcon_core.package_identification:_identify(Arducam-Pivariety-V4L2-Driver/focus) by extension 'ignore_ament_install'
[4.049s] Level 1:colcon.colcon_core.package_identification:_identify(Arducam-Pivariety-V4L2-Driver/focus) by extensions ['colcon_pkg']
[4.049s] Level 1:colcon.colcon_core.package_identification:_identify(Arducam-Pivariety-V4L2-Driver/focus) by extension 'colcon_pkg'
[4.050s] Level 1:colcon.colcon_core.package_identification:_identify(Arducam-Pivariety-V4L2-Driver/focus) by extensions ['colcon_meta']
[4.050s] Level 1:colcon.colcon_core.package_identification:_identify(Arducam-Pivariety-V4L2-Driver/focus) by extension 'colcon_meta'
[4.051s] Level 1:colcon.colcon_core.package_identification:_identify(Arducam-Pivariety-V4L2-Driver/focus) by extensions ['ros']
[4.051s] Level 1:colcon.colcon_core.package_identification:_identify(Arducam-Pivariety-V4L2-Driver/focus) by extension 'ros'
[4.052s] Level 1:colcon.colcon_core.package_identification:_identify(Arducam-Pivariety-V4L2-Driver/focus) by extensions ['cmake', 'python']
[4.053s] Level 1:colcon.colcon_core.package_identification:_identify(Arducam-Pivariety-V4L2-Driver/focus) by extension 'cmake'
[4.053s] Level 1:colcon.colcon_core.package_identification:_identify(Arducam-Pivariety-V4L2-Driver/focus) by extension 'python'
[4.054s] Level 1:colcon.colcon_core.package_identification:_identify(Arducam-Pivariety-V4L2-Driver/focus) by extensions ['python_setup_py']
[4.054s] Level 1:colcon.colcon_core.package_identification:_identify(Arducam-Pivariety-V4L2-Driver/focus) by extension 'python_setup_py'
[4.055s] Level 1:colcon.colcon_core.package_identification:_identify(Arducam-Pivariety-V4L2-Driver/patchs) by extensions ['ignore', 'ignore_ament_install']
[4.056s] Level 1:colcon.colcon_core.package_identification:_identify(Arducam-Pivariety-V4L2-Driver/patchs) by extension 'ignore'
[4.057s] Level 1:colcon.colcon_core.package_identification:_identify(Arducam-Pivariety-V4L2-Driver/patchs) by extension 'ignore_ament_install'
[4.058s] Level 1:colcon.colcon_core.package_identification:_identify(Arducam-Pivariety-V4L2-Driver/patchs) by extensions ['colcon_pkg']
[4.058s] Level 1:colcon.colcon_core.package_identification:_identify(Arducam-Pivariety-V4L2-Driver/patchs) by extension 'colcon_pkg'
[4.059s] Level 1:colcon.colcon_core.package_identification:_identify(Arducam-Pivariety-V4L2-Driver/patchs) by extensions ['colcon_meta']
[4.059s] Level 1:colcon.colcon_core.package_identification:_identify(Arducam-Pivariety-V4L2-Driver/patchs) by extension 'colcon_meta'
[4.060s] Level 1:colcon.colcon_core.package_identification:_identify(Arducam-Pivariety-V4L2-Driver/patchs) by extensions ['ros']
[4.060s] Level 1:colcon.colcon_core.package_identification:_identify(Arducam-Pivariety-V4L2-Driver/patchs) by extension 'ros'
[4.061s] Level 1:colcon.colcon_core.package_identification:_identify(Arducam-Pivariety-V4L2-Driver/patchs) by extensions ['cmake', 'python']
[4.061s] Level 1:colcon.colcon_core.package_identification:_identify(Arducam-Pivariety-V4L2-Driver/patchs) by extension 'cmake'
[4.062s] Level 1:colcon.colcon_core.package_identification:_identify(Arducam-Pivariety-V4L2-Driver/patchs) by extension 'python'
[4.062s] Level 1:colcon.colcon_core.package_identification:_identify(Arducam-Pivariety-V4L2-Driver/patchs) by extensions ['python_setup_py']
[4.063s] Level 1:colcon.colcon_core.package_identification:_identify(Arducam-Pivariety-V4L2-Driver/patchs) by extension 'python_setup_py'
[4.064s] Level 1:colcon.colcon_core.package_identification:_identify(Arducam-Pivariety-V4L2-Driver/src) by extensions ['ignore', 'ignore_ament_install']
[4.065s] Level 1:colcon.colcon_core.package_identification:_identify(Arducam-Pivariety-V4L2-Driver/src) by extension 'ignore'
[4.066s] Level 1:colcon.colcon_core.package_identification:_identify(Arducam-Pivariety-V4L2-Driver/src) by extension 'ignore_ament_install'
[4.067s] Level 1:colcon.colcon_core.package_identification:_identify(Arducam-Pivariety-V4L2-Driver/src) by extensions ['colcon_pkg']
[4.067s] Level 1:colcon.colcon_core.package_identification:_identify(Arducam-Pivariety-V4L2-Driver/src) by extension 'colcon_pkg'
[4.068s] Level 1:colcon.colcon_core.package_identification:_identify(Arducam-Pivariety-V4L2-Driver/src) by extensions ['colcon_meta']
[4.068s] Level 1:colcon.colcon_core.package_identification:_identify(Arducam-Pivariety-V4L2-Driver/src) by extension 'colcon_meta'
[4.069s] Level 1:colcon.colcon_core.package_identification:_identify(Arducam-Pivariety-V4L2-Driver/src) by extensions ['ros']
[4.069s] Level 1:colcon.colcon_core.package_identification:_identify(Arducam-Pivariety-V4L2-Driver/src) by extension 'ros'
[4.070s] Level 1:colcon.colcon_core.package_identification:_identify(Arducam-Pivariety-V4L2-Driver/src) by extensions ['cmake', 'python']
[4.070s] Level 1:colcon.colcon_core.package_identification:_identify(Arducam-Pivariety-V4L2-Driver/src) by extension 'cmake'
[4.071s] Level 1:colcon.colcon_core.package_identification:_identify(Arducam-Pivariety-V4L2-Driver/src) by extension 'python'
[4.072s] Level 1:colcon.colcon_core.package_identification:_identify(Arducam-Pivariety-V4L2-Driver/src) by extensions ['python_setup_py']
[4.072s] Level 1:colcon.colcon_core.package_identification:_identify(Arducam-Pivariety-V4L2-Driver/src) by extension 'python_setup_py'
[4.074s] Level 1:colcon.colcon_core.package_identification:_identify(Arducam-Pivariety-V4L2-Driver/tools) by extensions ['ignore', 'ignore_ament_install']
[4.074s] Level 1:colcon.colcon_core.package_identification:_identify(Arducam-Pivariety-V4L2-Driver/tools) by extension 'ignore'
[4.075s] Level 1:colcon.colcon_core.package_identification:_identify(Arducam-Pivariety-V4L2-Driver/tools) by extension 'ignore_ament_install'
[4.076s] Level 1:colcon.colcon_core.package_identification:_identify(Arducam-Pivariety-V4L2-Driver/tools) by extensions ['colcon_pkg']
[4.076s] Level 1:colcon.colcon_core.package_identification:_identify(Arducam-Pivariety-V4L2-Driver/tools) by extension 'colcon_pkg'
[4.077s] Level 1:colcon.colcon_core.package_identification:_identify(Arducam-Pivariety-V4L2-Driver/tools) by extensions ['colcon_meta']
[4.077s] Level 1:colcon.colcon_core.package_identification:_identify(Arducam-Pivariety-V4L2-Driver/tools) by extension 'colcon_meta'
[4.078s] Level 1:colcon.colcon_core.package_identification:_identify(Arducam-Pivariety-V4L2-Driver/tools) by extensions ['ros']
[4.078s] Level 1:colcon.colcon_core.package_identification:_identify(Arducam-Pivariety-V4L2-Driver/tools) by extension 'ros'
[4.079s] Level 1:colcon.colcon_core.package_identification:_identify(Arducam-Pivariety-V4L2-Driver/tools) by extensions ['cmake', 'python']
[4.080s] Level 1:colcon.colcon_core.package_identification:_identify(Arducam-Pivariety-V4L2-Driver/tools) by extension 'cmake'
[4.080s] Level 1:colcon.colcon_core.package_identification:_identify(Arducam-Pivariety-V4L2-Driver/tools) by extension 'python'
[4.081s] Level 1:colcon.colcon_core.package_identification:_identify(Arducam-Pivariety-V4L2-Driver/tools) by extensions ['python_setup_py']
[4.081s] Level 1:colcon.colcon_core.package_identification:_identify(Arducam-Pivariety-V4L2-Driver/tools) by extension 'python_setup_py'
[4.082s] Level 1:colcon.colcon_core.package_identification:_identify(apt) by extensions ['ignore', 'ignore_ament_install']
[4.083s] Level 1:colcon.colcon_core.package_identification:_identify(apt) by extension 'ignore'
[4.084s] Level 1:colcon.colcon_core.package_identification:_identify(apt) by extension 'ignore_ament_install'
[4.085s] Level 1:colcon.colcon_core.package_identification:_identify(apt) by extensions ['colcon_pkg']
[4.085s] Level 1:colcon.colcon_core.package_identification:_identify(apt) by extension 'colcon_pkg'
[4.086s] Level 1:colcon.colcon_core.package_identification:_identify(apt) by extensions ['colcon_meta']
[4.086s] Level 1:colcon.colcon_core.package_identification:_identify(apt) by extension 'colcon_meta'
[4.086s] Level 1:colcon.colcon_core.package_identification:_identify(apt) by extensions ['ros']
[4.087s] Level 1:colcon.colcon_core.package_identification:_identify(apt) by extension 'ros'
[4.088s] Level 1:colcon.colcon_core.package_identification:_identify(apt) by extensions ['cmake', 'python']
[4.088s] Level 1:colcon.colcon_core.package_identification:_identify(apt) by extension 'cmake'
[4.089s] Level 1:colcon.colcon_core.package_identification:_identify(apt) by extension 'python'
[4.089s] Level 1:colcon.colcon_core.package_identification:_identify(apt) by extensions ['python_setup_py']
[4.090s] Level 1:colcon.colcon_core.package_identification:_identify(apt) by extension 'python_setup_py'
[4.091s] Level 1:colcon.colcon_core.package_identification:_identify(apt/auth.conf.d) by extensions ['ignore', 'ignore_ament_install']
[4.092s] Level 1:colcon.colcon_core.package_identification:_identify(apt/auth.conf.d) by extension 'ignore'
[4.092s] Level 1:colcon.colcon_core.package_identification:_identify(apt/auth.conf.d) by extension 'ignore_ament_install'
[4.093s] Level 1:colcon.colcon_core.package_identification:_identify(apt/auth.conf.d) by extensions ['colcon_pkg']
[4.093s] Level 1:colcon.colcon_core.package_identification:_identify(apt/auth.conf.d) by extension 'colcon_pkg'
[4.094s] Level 1:colcon.colcon_core.package_identification:_identify(apt/auth.conf.d) by extensions ['colcon_meta']
[4.094s] Level 1:colcon.colcon_core.package_identification:_identify(apt/auth.conf.d) by extension 'colcon_meta'
[4.095s] Level 1:colcon.colcon_core.package_identification:_identify(apt/auth.conf.d) by extensions ['ros']
[4.095s] Level 1:colcon.colcon_core.package_identification:_identify(apt/auth.conf.d) by extension 'ros'
[4.096s] Level 1:colcon.colcon_core.package_identification:_identify(apt/auth.conf.d) by extensions ['cmake', 'python']
[4.097s] Level 1:colcon.colcon_core.package_identification:_identify(apt/auth.conf.d) by extension 'cmake'
[4.097s] Level 1:colcon.colcon_core.package_identification:_identify(apt/auth.conf.d) by extension 'python'
[4.098s] Level 1:colcon.colcon_core.package_identification:_identify(apt/auth.conf.d) by extensions ['python_setup_py']
[4.098s] Level 1:colcon.colcon_core.package_identification:_identify(apt/auth.conf.d) by extension 'python_setup_py'
[4.099s] Level 1:colcon.colcon_core.package_identification:_identify(apt/keyrings) by extensions ['ignore', 'ignore_ament_install']
[4.100s] Level 1:colcon.colcon_core.package_identification:_identify(apt/keyrings) by extension 'ignore'
[4.101s] Level 1:colcon.colcon_core.package_identification:_identify(apt/keyrings) by extension 'ignore_ament_install'
[4.102s] Level 1:colcon.colcon_core.package_identification:_identify(apt/keyrings) by extensions ['colcon_pkg']
[4.102s] Level 1:colcon.colcon_core.package_identification:_identify(apt/keyrings) by extension 'colcon_pkg'
[4.102s] Level 1:colcon.colcon_core.package_identification:_identify(apt/keyrings) by extensions ['colcon_meta']
[4.103s] Level 1:colcon.colcon_core.package_identification:_identify(apt/keyrings) by extension 'colcon_meta'
[4.103s] Level 1:colcon.colcon_core.package_identification:_identify(apt/keyrings) by extensions ['ros']
[4.104s] Level 1:colcon.colcon_core.package_identification:_identify(apt/keyrings) by extension 'ros'
[4.105s] Level 1:colcon.colcon_core.package_identification:_identify(apt/keyrings) by extensions ['cmake', 'python']
[4.105s] Level 1:colcon.colcon_core.package_identification:_identify(apt/keyrings) by extension 'cmake'
[4.106s] Level 1:colcon.colcon_core.package_identification:_identify(apt/keyrings) by extension 'python'
[4.106s] Level 1:colcon.colcon_core.package_identification:_identify(apt/keyrings) by extensions ['python_setup_py']
[4.107s] Level 1:colcon.colcon_core.package_identification:_identify(apt/keyrings) by extension 'python_setup_py'
[4.108s] Level 1:colcon.colcon_core.package_identification:_identify(build) by extensions ['ignore', 'ignore_ament_install']
[4.109s] Level 1:colcon.colcon_core.package_identification:_identify(build) by extension 'ignore'
[4.109s] Level 1:colcon.colcon_core.package_identification:_identify(build) ignored
[4.111s] Level 1:colcon.colcon_core.package_identification:_identify(install) by extensions ['ignore', 'ignore_ament_install']
[4.112s] Level 1:colcon.colcon_core.package_identification:_identify(install) by extension 'ignore'
[4.113s] Level 1:colcon.colcon_core.package_identification:_identify(install) ignored
[4.118s] Level 1:colcon.colcon_core.package_identification:_identify(log) by extensions ['ignore', 'ignore_ament_install']
[4.119s] Level 1:colcon.colcon_core.package_identification:_identify(log) by extension 'ignore'
[4.119s] Level 1:colcon.colcon_core.package_identification:_identify(log) ignored
[4.121s] Level 1:colcon.colcon_core.package_identification:_identify(python) by extensions ['ignore', 'ignore_ament_install']
[4.122s] Level 1:colcon.colcon_core.package_identification:_identify(python) by extension 'ignore'
[4.122s] Level 1:colcon.colcon_core.package_identification:_identify(python) by extension 'ignore_ament_install'
[4.123s] Level 1:colcon.colcon_core.package_identification:_identify(python) by extensions ['colcon_pkg']
[4.123s] Level 1:colcon.colcon_core.package_identification:_identify(python) by extension 'colcon_pkg'
[4.124s] Level 1:colcon.colcon_core.package_identification:_identify(python) by extensions ['colcon_meta']
[4.124s] Level 1:colcon.colcon_core.package_identification:_identify(python) by extension 'colcon_meta'
[4.125s] Level 1:colcon.colcon_core.package_identification:_identify(python) by extensions ['ros']
[4.125s] Level 1:colcon.colcon_core.package_identification:_identify(python) by extension 'ros'
[4.126s] Level 1:colcon.colcon_core.package_identification:_identify(python) by extensions ['cmake', 'python']
[4.127s] Level 1:colcon.colcon_core.package_identification:_identify(python) by extension 'cmake'
[4.127s] Level 1:colcon.colcon_core.package_identification:_identify(python) by extension 'python'
[4.128s] Level 1:colcon.colcon_core.package_identification:_identify(python) by extensions ['python_setup_py']
[4.128s] Level 1:colcon.colcon_core.package_identification:_identify(python) by extension 'python_setup_py'
[4.130s] Level 1:colcon.colcon_core.package_identification:_identify(src) by extensions ['ignore', 'ignore_ament_install']
[4.130s] Level 1:colcon.colcon_core.package_identification:_identify(src) by extension 'ignore'
[4.131s] Level 1:colcon.colcon_core.package_identification:_identify(src) by extension 'ignore_ament_install'
[4.132s] Level 1:colcon.colcon_core.package_identification:_identify(src) by extensions ['colcon_pkg']
[4.132s] Level 1:colcon.colcon_core.package_identification:_identify(src) by extension 'colcon_pkg'
[4.133s] Level 1:colcon.colcon_core.package_identification:_identify(src) by extensions ['colcon_meta']
[4.133s] Level 1:colcon.colcon_core.package_identification:_identify(src) by extension 'colcon_meta'
[4.134s] Level 1:colcon.colcon_core.package_identification:_identify(src) by extensions ['ros']
[4.134s] Level 1:colcon.colcon_core.package_identification:_identify(src) by extension 'ros'
[4.135s] Level 1:colcon.colcon_core.package_identification:_identify(src) by extensions ['cmake', 'python']
[4.135s] Level 1:colcon.colcon_core.package_identification:_identify(src) by extension 'cmake'
[4.136s] Level 1:colcon.colcon_core.package_identification:_identify(src) by extension 'python'
[4.136s] Level 1:colcon.colcon_core.package_identification:_identify(src) by extensions ['python_setup_py']
[4.137s] Level 1:colcon.colcon_core.package_identification:_identify(src) by extension 'python_setup_py'
[4.138s] Level 1:colcon.colcon_core.package_identification:_identify(src/aruco_controller) by extensions ['ignore', 'ignore_ament_install']
[4.139s] Level 1:colcon.colcon_core.package_identification:_identify(src/aruco_controller) by extension 'ignore'
[4.140s] Level 1:colcon.colcon_core.package_identification:_identify(src/aruco_controller) by extension 'ignore_ament_install'
[4.141s] Level 1:colcon.colcon_core.package_identification:_identify(src/aruco_controller) by extensions ['colcon_pkg']
[4.141s] Level 1:colcon.colcon_core.package_identification:_identify(src/aruco_controller) by extension 'colcon_pkg'
[4.141s] Level 1:colcon.colcon_core.package_identification:_identify(src/aruco_controller) by extensions ['colcon_meta']
[4.142s] Level 1:colcon.colcon_core.package_identification:_identify(src/aruco_controller) by extension 'colcon_meta'
[4.142s] Level 1:colcon.colcon_core.package_identification:_identify(src/aruco_controller) by extensions ['ros']
[4.143s] Level 1:colcon.colcon_core.package_identification:_identify(src/aruco_controller) by extension 'ros'
[4.185s] DEBUG:colcon.colcon_core.package_identification:Package 'src/aruco_controller' with type 'ros.ament_python' and name 'aruco_controller'
[4.187s] Level 1:colcon.colcon_core.package_identification:_identify(src/image_pub) by extensions ['ignore', 'ignore_ament_install']
[4.188s] Level 1:colcon.colcon_core.package_identification:_identify(src/image_pub) by extension 'ignore'
[4.189s] Level 1:colcon.colcon_core.package_identification:_identify(src/image_pub) by extension 'ignore_ament_install'
[4.189s] Level 1:colcon.colcon_core.package_identification:_identify(src/image_pub) by extensions ['colcon_pkg']
[4.190s] Level 1:colcon.colcon_core.package_identification:_identify(src/image_pub) by extension 'colcon_pkg'
[4.190s] Level 1:colcon.colcon_core.package_identification:_identify(src/image_pub) by extensions ['colcon_meta']
[4.191s] Level 1:colcon.colcon_core.package_identification:_identify(src/image_pub) by extension 'colcon_meta'
[4.191s] Level 1:colcon.colcon_core.package_identification:_identify(src/image_pub) by extensions ['ros']
[4.192s] Level 1:colcon.colcon_core.package_identification:_identify(src/image_pub) by extension 'ros'
[4.198s] DEBUG:colcon.colcon_core.package_identification:Package 'src/image_pub' with type 'ros.ament_python' and name 'image_pub'
[4.199s] Level 1:colcon.colcon_core.package_identification:_identify(src/image_pubsub) by extensions ['ignore', 'ignore_ament_install']
[4.200s] Level 1:colcon.colcon_core.package_identification:_identify(src/image_pubsub) by extension 'ignore'
[4.201s] Level 1:colcon.colcon_core.package_identification:_identify(src/image_pubsub) by extension 'ignore_ament_install'
[4.202s] Level 1:colcon.colcon_core.package_identification:_identify(src/image_pubsub) by extensions ['colcon_pkg']
[4.202s] Level 1:colcon.colcon_core.package_identification:_identify(src/image_pubsub) by extension 'colcon_pkg'
[4.203s] Level 1:colcon.colcon_core.package_identification:_identify(src/image_pubsub) by extensions ['colcon_meta']
[4.203s] Level 1:colcon.colcon_core.package_identification:_identify(src/image_pubsub) by extension 'colcon_meta'
[4.204s] Level 1:colcon.colcon_core.package_identification:_identify(src/image_pubsub) by extensions ['ros']
[4.204s] Level 1:colcon.colcon_core.package_identification:_identify(src/image_pubsub) by extension 'ros'
[4.210s] DEBUG:colcon.colcon_core.package_identification:Package 'src/image_pubsub' with type 'ros.ament_python' and name 'image_pubsub'
[4.212s] Level 1:colcon.colcon_core.package_identification:_identify(src/py_pubsub) by extensions ['ignore', 'ignore_ament_install']
[4.213s] Level 1:colcon.colcon_core.package_identification:_identify(src/py_pubsub) by extension 'ignore'
[4.213s] Level 1:colcon.colcon_core.package_identification:_identify(src/py_pubsub) by extension 'ignore_ament_install'
[4.214s] Level 1:colcon.colcon_core.package_identification:_identify(src/py_pubsub) by extensions ['colcon_pkg']
[4.214s] Level 1:colcon.colcon_core.package_identification:_identify(src/py_pubsub) by extension 'colcon_pkg'
[4.215s] Level 1:colcon.colcon_core.package_identification:_identify(src/py_pubsub) by extensions ['colcon_meta']
[4.215s] Level 1:colcon.colcon_core.package_identification:_identify(src/py_pubsub) by extension 'colcon_meta'
[4.216s] Level 1:colcon.colcon_core.package_identification:_identify(src/py_pubsub) by extensions ['ros']
[4.216s] Level 1:colcon.colcon_core.package_identification:_identify(src/py_pubsub) by extension 'ros'
[4.222s] DEBUG:colcon.colcon_core.package_identification:Package 'src/py_pubsub' with type 'ros.ament_python' and name 'py_pubsub'
[4.224s] Level 1:colcon.colcon_core.package_identification:_identify(src/robot_controller) by extensions ['ignore', 'ignore_ament_install']
[4.225s] Level 1:colcon.colcon_core.package_identification:_identify(src/robot_controller) by extension 'ignore'
[4.225s] Level 1:colcon.colcon_core.package_identification:_identify(src/robot_controller) by extension 'ignore_ament_install'
[4.226s] Level 1:colcon.colcon_core.package_identification:_identify(src/robot_controller) by extensions ['colcon_pkg']
[4.227s] Level 1:colcon.colcon_core.package_identification:_identify(src/robot_controller) by extension 'colcon_pkg'
[4.227s] Level 1:colcon.colcon_core.package_identification:_identify(src/robot_controller) by extensions ['colcon_meta']
[4.228s] Level 1:colcon.colcon_core.package_identification:_identify(src/robot_controller) by extension 'colcon_meta'
[4.228s] Level 1:colcon.colcon_core.package_identification:_identify(src/robot_controller) by extensions ['ros']
[4.229s] Level 1:colcon.colcon_core.package_identification:_identify(src/robot_controller) by extension 'ros'
[4.235s] DEBUG:colcon.colcon_core.package_identification:Package 'src/robot_controller' with type 'ros.ament_python' and name 'robot_controller'
[4.236s] Level 1:colcon.colcon_core.package_identification:_identify(src/robot_controller_gui) by extensions ['ignore', 'ignore_ament_install']
[4.237s] Level 1:colcon.colcon_core.package_identification:_identify(src/robot_controller_gui) by extension 'ignore'
[4.238s] Level 1:colcon.colcon_core.package_identification:_identify(src/robot_controller_gui) by extension 'ignore_ament_install'
[4.238s] Level 1:colcon.colcon_core.package_identification:_identify(src/robot_controller_gui) by extensions ['colcon_pkg']
[4.239s] Level 1:colcon.colcon_core.package_identification:_identify(src/robot_controller_gui) by extension 'colcon_pkg'
[4.240s] Level 1:colcon.colcon_core.package_identification:_identify(src/robot_controller_gui) by extensions ['colcon_meta']
[4.240s] Level 1:colcon.colcon_core.package_identification:_identify(src/robot_controller_gui) by extension 'colcon_meta'
[4.241s] Level 1:colcon.colcon_core.package_identification:_identify(src/robot_controller_gui) by extensions ['ros']
[4.241s] Level 1:colcon.colcon_core.package_identification:_identify(src/robot_controller_gui) by extension 'ros'
[4.248s] DEBUG:colcon.colcon_core.package_identification:Package 'src/robot_controller_gui' with type 'ros.ament_python' and name 'robot_controller_gui'
[4.250s] Level 1:colcon.colcon_core.package_identification:_identify() by extensions ['ignore', 'ignore_ament_install']
[4.251s] Level 1:colcon.colcon_core.package_identification:_identify() by extension 'ignore'
[4.251s] Level 1:colcon.colcon_core.package_identification:_identify() by extension 'ignore_ament_install'
[4.252s] Level 1:colcon.colcon_core.package_identification:_identify() by extensions ['colcon_pkg']
[4.253s] Level 1:colcon.colcon_core.package_identification:_identify() by extension 'colcon_pkg'
[4.254s] Level 1:colcon.colcon_core.package_identification:_identify() by extensions ['colcon_meta']
[4.254s] Level 1:colcon.colcon_core.package_identification:_identify() by extension 'colcon_meta'
[4.255s] Level 1:colcon.colcon_core.package_identification:_identify() by extensions ['ros']
[4.255s] Level 1:colcon.colcon_core.package_identification:_identify() by extension 'ros'
[4.256s] Level 1:colcon.colcon_core.package_identification:_identify() by extensions ['cmake', 'python']
[4.257s] Level 1:colcon.colcon_core.package_identification:_identify() by extension 'cmake'
[4.258s] Level 1:colcon.colcon_core.package_identification:_identify() by extension 'python'
[4.258s] Level 1:colcon.colcon_core.package_identification:_identify() by extensions ['python_setup_py']
[4.259s] Level 1:colcon.colcon_core.package_identification:_identify() by extension 'python_setup_py'
[4.260s] Level 1:colcon.colcon_core.package_discovery:discover_packages(recursive) using defaults
[4.260s] Level 1:colcon.colcon_core.package_discovery:discover_packages(ignore) discover
[4.261s] Level 1:colcon.colcon_core.package_discovery:discover_packages(ignore) using defaults
[4.261s] Level 1:colcon.colcon_core.package_discovery:discover_packages(path) discover
[4.261s] Level 1:colcon.colcon_core.package_discovery:discover_packages(path) using defaults
[4.519s] INFO:colcon.colcon_core.package_selection:Skipping not selected package 'aruco_controller' in 'src/aruco_controller'
[4.519s] INFO:colcon.colcon_core.package_selection:Skipping not selected package 'image_pubsub' in 'src/image_pubsub'
[4.520s] INFO:colcon.colcon_core.package_selection:Skipping not selected package 'py_pubsub' in 'src/py_pubsub'
[4.520s] INFO:colcon.colcon_core.package_selection:Skipping not selected package 'robot_controller' in 'src/robot_controller'
[4.520s] INFO:colcon.colcon_core.package_selection:Skipping not selected package 'robot_controller_gui' in 'src/robot_controller_gui'
[4.526s] Level 1:colcon.colcon_core.package_discovery:discover_packages(prefix_path) check parameters
[4.527s] Level 1:colcon.colcon_core.package_discovery:discover_packages(prefix_path) discover
[4.567s] DEBUG:colcon.colcon_installed_package_information.package_discovery:Found 181 installed packages in /opt/ros/humble
[4.579s] Level 1:colcon.colcon_core.package_discovery:discover_packages(prefix_path) using defaults
[5.025s] Level 5:colcon.colcon_core.verb:set package 'image_pub' build argument 'cmake_args' from command line to 'None'
[5.025s] Level 5:colcon.colcon_core.verb:set package 'image_pub' build argument 'cmake_target' from command line to 'None'
[5.026s] Level 5:colcon.colcon_core.verb:set package 'image_pub' build argument 'cmake_target_skip_unavailable' from command line to 'False'
[5.026s] Level 5:colcon.colcon_core.verb:set package 'image_pub' build argument 'cmake_clean_cache' from command line to 'False'
[5.026s] Level 5:colcon.colcon_core.verb:set package 'image_pub' build argument 'cmake_clean_first' from command line to 'False'
[5.027s] Level 5:colcon.colcon_core.verb:set package 'image_pub' build argument 'cmake_force_configure' from command line to 'False'
[5.027s] Level 5:colcon.colcon_core.verb:set package 'image_pub' build argument 'ament_cmake_args' from command line to 'None'
[5.027s] Level 5:colcon.colcon_core.verb:set package 'image_pub' build argument 'catkin_cmake_args' from command line to 'None'
[5.027s] Level 5:colcon.colcon_core.verb:set package 'image_pub' build argument 'catkin_skip_building_tests' from command line to 'False'
[5.028s] DEBUG:colcon.colcon_core.verb:Building package 'image_pub' with the following arguments: {'ament_cmake_args': None, 'build_base': '/home/keime/ros2_ws/build/image_pub', 'catkin_cmake_args': None, 'catkin_skip_building_tests': False, 'cmake_args': None, 'cmake_clean_cache': False, 'cmake_clean_first': False, 'cmake_force_configure': False, 'cmake_target': None, 'cmake_target_skip_unavailable': False, 'install_base': '/home/keime/ros2_ws/install/image_pub', 'merge_install': False, 'path': '/home/keime/ros2_ws/src/image_pub', 'symlink_install': False, 'test_result_base': None}
[5.029s] INFO:colcon.colcon_core.executor:Executing jobs using 'parallel' executor
[5.037s] DEBUG:colcon.colcon_parallel_executor.executor.parallel:run_until_complete
[5.038s] INFO:colcon.colcon_ros.task.ament_python.build:Building ROS package in '/home/keime/ros2_ws/src/image_pub' with build type 'ament_python'
[5.040s] Level 1:colcon.colcon_core.shell:create_environment_hook('image_pub', 'ament_prefix_path')
[5.075s] INFO:colcon.colcon_core.plugin_system:Skipping extension 'colcon_core.shell.bat': Not used on non-Windows systems
[5.078s] INFO:colcon.colcon_core.shell:Creating environment hook '/home/keime/ros2_ws/install/image_pub/share/image_pub/hook/ament_prefix_path.ps1'
[5.085s] INFO:colcon.colcon_core.shell:Creating environment descriptor '/home/keime/ros2_ws/install/image_pub/share/image_pub/hook/ament_prefix_path.dsv'
[5.091s] INFO:colcon.colcon_core.shell:Creating environment hook '/home/keime/ros2_ws/install/image_pub/share/image_pub/hook/ament_prefix_path.sh'
[5.099s] INFO:colcon.colcon_core.shell:Skip shell extension 'powershell' for command environment: Not usable outside of PowerShell
[5.100s] DEBUG:colcon.colcon_core.shell:Skip shell extension 'dsv' for command environment
[8.093s] INFO:colcon.colcon_core.task.python.build:Building Python package in '/home/keime/ros2_ws/src/image_pub'
[8.098s] INFO:colcon.colcon_core.shell:Skip shell extension 'powershell' for command environment: Not usable outside of PowerShell
[8.099s] DEBUG:colcon.colcon_core.shell:Skip shell extension 'dsv' for command environment
[12.967s] DEBUG:colcon.colcon_core.event_handler.log_command:Invoking command in '/home/keime/ros2_ws/src/image_pub': PYTHONPATH=/home/keime/ros2_ws/build/image_pub/prefix_override:/home/keime/ros2_ws/install/image_pub/lib/python3.10/site-packages:${PYTHONPATH} /usr/bin/python3 -W ignore:setup.py install is deprecated setup.py egg_info --egg-base ../../build/image_pub build --build-base /home/keime/ros2_ws/build/image_pub/build install --record /home/keime/ros2_ws/build/image_pub/install.log --single-version-externally-managed install_data
[16.209s] DEBUG:colcon.colcon_core.event_handler.log_command:Invoked command in '/home/keime/ros2_ws/src/image_pub' returned '0': PYTHONPATH=/home/keime/ros2_ws/build/image_pub/prefix_override:/home/keime/ros2_ws/install/image_pub/lib/python3.10/site-packages:${PYTHONPATH} /usr/bin/python3 -W ignore:setup.py install is deprecated setup.py egg_info --egg-base ../../build/image_pub build --build-base /home/keime/ros2_ws/build/image_pub/build install --record /home/keime/ros2_ws/build/image_pub/install.log --single-version-externally-managed install_data
[16.257s] Level 1:colcon.colcon_core.environment:checking '/home/keime/ros2_ws/install/image_pub' for CMake module files
[16.270s] Level 1:colcon.colcon_core.environment:checking '/home/keime/ros2_ws/install/image_pub' for CMake config files
[16.283s] Level 1:colcon.colcon_core.environment:checking '/home/keime/ros2_ws/install/image_pub/lib'
[16.285s] Level 1:colcon.colcon_core.environment:checking '/home/keime/ros2_ws/install/image_pub/bin'
[16.286s] Level 1:colcon.colcon_core.environment:checking '/home/keime/ros2_ws/install/image_pub/lib/pkgconfig/image_pub.pc'
[16.289s] Level 1:colcon.colcon_core.environment:checking '/home/keime/ros2_ws/install/image_pub/lib/python3.10/site-packages'
[16.290s] Level 1:colcon.colcon_core.shell:create_environment_hook('image_pub', 'pythonpath')
[16.292s] INFO:colcon.colcon_core.shell:Creating environment hook '/home/keime/ros2_ws/install/image_pub/share/image_pub/hook/pythonpath.ps1'
[16.299s] INFO:colcon.colcon_core.shell:Creating environment descriptor '/home/keime/ros2_ws/install/image_pub/share/image_pub/hook/pythonpath.dsv'
[16.304s] INFO:colcon.colcon_core.shell:Creating environment hook '/home/keime/ros2_ws/install/image_pub/share/image_pub/hook/pythonpath.sh'
[16.311s] Level 1:colcon.colcon_core.environment:checking '/home/keime/ros2_ws/install/image_pub/bin'
[16.312s] Level 1:colcon.colcon_core.environment:create_environment_scripts_only(image_pub)
[16.316s] INFO:colcon.colcon_core.shell:Creating package script '/home/keime/ros2_ws/install/image_pub/share/image_pub/package.ps1'
[16.327s] INFO:colcon.colcon_core.shell:Creating package descriptor '/home/keime/ros2_ws/install/image_pub/share/image_pub/package.dsv'
[16.335s] INFO:colcon.colcon_core.shell:Creating package script '/home/keime/ros2_ws/install/image_pub/share/image_pub/package.sh'
[16.344s] INFO:colcon.colcon_core.shell:Creating package script '/home/keime/ros2_ws/install/image_pub/share/image_pub/package.bash'
[16.362s] INFO:colcon.colcon_core.shell:Creating package script '/home/keime/ros2_ws/install/image_pub/share/image_pub/package.zsh'
[16.372s] Level 1:colcon.colcon_core.environment:create_file_with_runtime_dependencies(/home/keime/ros2_ws/install/image_pub/share/colcon-core/packages/image_pub)
[16.375s] DEBUG:colcon.colcon_parallel_executor.executor.parallel:closing loop
[16.378s] DEBUG:colcon.colcon_parallel_executor.executor.parallel:loop closed
[16.380s] DEBUG:colcon.colcon_parallel_executor.executor.parallel:run_until_complete finished with '0'
[16.380s] DEBUG:colcon.colcon_core.event_reactor:joining thread
[16.477s] INFO:colcon.colcon_core.plugin_system:Skipping extension 'colcon_notification.desktop_notification.notify_send': Could not find 'notify-send'
[16.478s] INFO:colcon.colcon_core.plugin_system:Skipping extension 'colcon_notification.desktop_notification.terminal_notifier': Not used on non-Darwin systems
[16.479s] INFO:colcon.colcon_core.plugin_system:Skipping extension 'colcon_notification.desktop_notification.win32': Not used on non-Windows systems
[16.479s] INFO:colcon.colcon_notification.desktop_notification:Sending desktop notification using 'notify2'
[16.486s] DEBUG:colcon.colcon_notification.desktop_notification.notify2:Failed to initialize notify2: org.freedesktop.DBus.Error.ServiceUnknown: The name org.freedesktop.Notifications was not provided by any .service files
[16.487s] DEBUG:colcon.colcon_core.event_reactor:joined thread
[16.490s] INFO:colcon.colcon_core.shell:Creating prefix script '/home/keime/ros2_ws/install/local_setup.ps1'
[16.502s] INFO:colcon.colcon_core.shell:Creating prefix util module '/home/keime/ros2_ws/install/_local_setup_util_ps1.py'
[16.518s] INFO:colcon.colcon_core.shell:Creating prefix chain script '/home/keime/ros2_ws/install/setup.ps1'
[16.528s] INFO:colcon.colcon_core.shell:Creating prefix script '/home/keime/ros2_ws/install/local_setup.sh'
[16.535s] INFO:colcon.colcon_core.shell:Creating prefix util module '/home/keime/ros2_ws/install/_local_setup_util_sh.py'
[16.541s] INFO:colcon.colcon_core.shell:Creating prefix chain script '/home/keime/ros2_ws/install/setup.sh'
[16.551s] INFO:colcon.colcon_core.shell:Creating prefix script '/home/keime/ros2_ws/install/local_setup.bash'
[16.558s] INFO:colcon.colcon_core.shell:Creating prefix chain script '/home/keime/ros2_ws/install/setup.bash'
[16.569s] INFO:colcon.colcon_core.shell:Creating prefix script '/home/keime/ros2_ws/install/local_setup.zsh'
[16.576s] INFO:colcon.colcon_core.shell:Creating prefix chain script '/home/keime/ros2_ws/install/setup.zsh'
