[2.123s] Invoking command in '/home/keime/ros2_ws/src/image_pubsub': PYTHONPATH=/home/keime/ros2_ws/build/image_pubsub/prefix_override:/home/keime/ros2_ws/install/image_pubsub/lib/python3.10/site-packages:${PYTHONPATH} /usr/bin/python3 -W ignore:setup.py install is deprecated setup.py egg_info --egg-base ../../build/image_pubsub build --build-base /home/keime/ros2_ws/build/image_pubsub/build install --record /home/keime/ros2_ws/build/image_pubsub/install.log --single-version-externally-managed install_data
[2.721s] running egg_info
[2.721s] writing ../../build/image_pubsub/image_pubsub.egg-info/PKG-INFO
[2.723s] writing dependency_links to ../../build/image_pubsub/image_pubsub.egg-info/dependency_links.txt
[2.723s] writing entry points to ../../build/image_pubsub/image_pubsub.egg-info/entry_points.txt
[2.723s] writing requirements to ../../build/image_pubsub/image_pubsub.egg-info/requires.txt
[2.724s] writing top-level names to ../../build/image_pubsub/image_pubsub.egg-info/top_level.txt
[2.728s] reading manifest file '../../build/image_pubsub/image_pubsub.egg-info/SOURCES.txt'
[2.730s] writing manifest file '../../build/image_pubsub/image_pubsub.egg-info/SOURCES.txt'
[2.730s] running build
[2.730s] running build_py
[2.730s] copying image_pubsub/image_subscriber.py -> /home/keime/ros2_ws/build/image_pubsub/build/lib/image_pubsub
[2.731s] running install
[2.732s] running install_lib
[2.733s] copying /home/keime/ros2_ws/build/image_pubsub/build/lib/image_pubsub/image_subscriber.py -> /home/keime/ros2_ws/install/image_pubsub/lib/python3.10/site-packages/image_pubsub
[2.735s] byte-compiling /home/keime/ros2_ws/install/image_pubsub/lib/python3.10/site-packages/image_pubsub/image_subscriber.py to image_subscriber.cpython-310.pyc
[2.737s]   File "/home/keime/ros2_ws/install/image_pubsub/lib/python3.10/site-packages/image_pubsub/image_subscriber.py", line 26
[2.738s]     　flipped_frame = cv2.flip(current_frame, 1)
[2.738s]     ^
[2.738s] SyntaxError: invalid non-printable character U+3000
[2.738s] 
[2.738s] running install_data
[2.738s] running install_egg_info
[2.742s] removing '/home/keime/ros2_ws/install/image_pubsub/lib/python3.10/site-packages/image_pubsub-0.0.0-py3.10.egg-info' (and everything under it)
[2.743s] Copying ../../build/image_pubsub/image_pubsub.egg-info to /home/keime/ros2_ws/install/image_pubsub/lib/python3.10/site-packages/image_pubsub-0.0.0-py3.10.egg-info
[2.745s] running install_scripts
[2.794s] Installing img_publisher script to /home/keime/ros2_ws/install/image_pubsub/lib/image_pubsub
[2.795s] Installing img_subscriber script to /home/keime/ros2_ws/install/image_pubsub/lib/image_pubsub
[2.795s] writing list of installed files to '/home/keime/ros2_ws/build/image_pubsub/install.log'
[3.410s] Invoked command in '/home/keime/ros2_ws/src/image_pubsub' returned '0': PYTHONPATH=/home/keime/ros2_ws/build/image_pubsub/prefix_override:/home/keime/ros2_ws/install/image_pubsub/lib/python3.10/site-packages:${PYTHONPATH} /usr/bin/python3 -W ignore:setup.py install is deprecated setup.py egg_info --egg-base ../../build/image_pubsub build --build-base /home/keime/ros2_ws/build/image_pubsub/build install --record /home/keime/ros2_ws/build/image_pubsub/install.log --single-version-externally-managed install_data
