[1.657s] Invoking command in '/home/keime/ros2_ws/src/image_pubsub': PYTHONPATH=/home/keime/ros2_ws/build/image_pubsub/prefix_override:/home/keime/ros2_ws/install/image_pubsub/lib/python3.10/site-packages:${PYTHONPATH} /usr/bin/python3 -W ignore:setup.py install is deprecated setup.py egg_info --egg-base ../../build/image_pubsub build --build-base /home/keime/ros2_ws/build/image_pubsub/build install --record /home/keime/ros2_ws/build/image_pubsub/install.log --single-version-externally-managed install_data
[2.204s] running egg_info
[2.205s] writing ../../build/image_pubsub/image_pubsub.egg-info/PKG-INFO
[2.206s] writing dependency_links to ../../build/image_pubsub/image_pubsub.egg-info/dependency_links.txt
[2.206s] writing entry points to ../../build/image_pubsub/image_pubsub.egg-info/entry_points.txt
[2.207s] writing requirements to ../../build/image_pubsub/image_pubsub.egg-info/requires.txt
[2.207s] writing top-level names to ../../build/image_pubsub/image_pubsub.egg-info/top_level.txt
[2.211s] reading manifest file '../../build/image_pubsub/image_pubsub.egg-info/SOURCES.txt'
[2.213s] writing manifest file '../../build/image_pubsub/image_pubsub.egg-info/SOURCES.txt'
[2.213s] running build
[2.213s] running build_py
[2.214s] running install
[2.215s] running install_lib
[2.218s] running install_data
[2.218s] running install_egg_info
[2.221s] removing '/home/keime/ros2_ws/install/image_pubsub/lib/python3.10/site-packages/image_pubsub-0.0.0-py3.10.egg-info' (and everything under it)
[2.221s] Copying ../../build/image_pubsub/image_pubsub.egg-info to /home/keime/ros2_ws/install/image_pubsub/lib/python3.10/site-packages/image_pubsub-0.0.0-py3.10.egg-info
[2.223s] running install_scripts
[2.269s] Installing command_publisher_gui script to /home/keime/ros2_ws/install/image_pubsub/lib/image_pubsub
[2.269s] Installing img_publisher script to /home/keime/ros2_ws/install/image_pubsub/lib/image_pubsub
[2.270s] Installing img_subscriber script to /home/keime/ros2_ws/install/image_pubsub/lib/image_pubsub
[2.270s] writing list of installed files to '/home/keime/ros2_ws/build/image_pubsub/install.log'
[2.319s] Invoked command in '/home/keime/ros2_ws/src/image_pubsub' returned '0': PYTHONPATH=/home/keime/ros2_ws/build/image_pubsub/prefix_override:/home/keime/ros2_ws/install/image_pubsub/lib/python3.10/site-packages:${PYTHONPATH} /usr/bin/python3 -W ignore:setup.py install is deprecated setup.py egg_info --egg-base ../../build/image_pubsub build --build-base /home/keime/ros2_ws/build/image_pubsub/build install --record /home/keime/ros2_ws/build/image_pubsub/install.log --single-version-externally-managed install_data
