[0.092s] Invoking command in '/home/keime/ros2_ws/build/robot_interfaces': CMAKE_PREFIX_PATH=/opt/ros/humble /usr/bin/cmake --build /home/keime/ros2_ws/build/robot_interfaces -- -j2 -l2
[0.260s] [35m[1mConsolidate compiler generated dependencies of target robot_interfaces__rosidl_generator_c[0m
[0.266s] [  3%] Built target robot_interfaces__cpp
[0.290s] [ 12%] Built target robot_interfaces__rosidl_generator_c
[0.298s] [ 12%] Built target ament_cmake_python_copy_robot_interfaces
[0.313s] [35m[1mConsolidate compiler generated dependencies of target robot_interfaces__rosidl_typesupport_introspection_cpp[0m
[0.315s] [35m[1mConsolidate compiler generated dependencies of target robot_interfaces__rosidl_typesupport_fastrtps_cpp[0m
[0.340s] [ 22%] Built target robot_interfaces__rosidl_typesupport_introspection_cpp
[0.345s] [ 32%] Built target robot_interfaces__rosidl_typesupport_fastrtps_cpp
[0.355s] [35m[1mConsolidate compiler generated dependencies of target robot_interfaces__rosidl_typesupport_cpp[0m
[0.362s] [ 41%] Built target robot_interfaces__rosidl_typesupport_cpp
[0.371s] [35m[1mConsolidate compiler generated dependencies of target robot_interfaces__rosidl_typesupport_fastrtps_c[0m
[0.377s] [ 51%] Built target robot_interfaces__rosidl_typesupport_fastrtps_c
[0.383s] [35m[1mConsolidate compiler generated dependencies of target robot_interfaces__rosidl_typesupport_introspection_c[0m
[0.388s] [ 61%] Built target robot_interfaces__rosidl_typesupport_introspection_c
[0.400s] [35m[1mConsolidate compiler generated dependencies of target robot_interfaces__rosidl_typesupport_c[0m
[0.406s] [ 70%] Built target robot_interfaces__rosidl_typesupport_c
[0.481s] [ 70%] Built target robot_interfaces
[0.549s] [ 74%] Built target robot_interfaces__py
[0.575s] [35m[1mConsolidate compiler generated dependencies of target robot_interfaces__rosidl_generator_py[0m
[0.588s] running egg_info
[0.589s] writing robot_interfaces.egg-info/PKG-INFO
[0.589s] writing dependency_links to robot_interfaces.egg-info/dependency_links.txt
[0.589s] writing top-level names to robot_interfaces.egg-info/top_level.txt
[0.592s] reading manifest file 'robot_interfaces.egg-info/SOURCES.txt'
[0.593s] writing manifest file 'robot_interfaces.egg-info/SOURCES.txt'
[0.595s] [ 80%] Built target robot_interfaces__rosidl_generator_py
[0.612s] [35m[1mConsolidate compiler generated dependencies of target robot_interfaces__rosidl_typesupport_fastrtps_c__pyext[0m
[0.613s] [ 80%] Built target ament_cmake_python_build_robot_interfaces_egg
[0.619s] [ 87%] Built target robot_interfaces__rosidl_typesupport_fastrtps_c__pyext
[0.623s] [35m[1mConsolidate compiler generated dependencies of target robot_interfaces__rosidl_typesupport_introspection_c__pyext[0m
[0.632s] [ 93%] Built target robot_interfaces__rosidl_typesupport_introspection_c__pyext
[0.633s] [35m[1mConsolidate compiler generated dependencies of target robot_interfaces__rosidl_typesupport_c__pyext[0m
[0.640s] [100%] Built target robot_interfaces__rosidl_typesupport_c__pyext
[0.647s] Invoked command in '/home/keime/ros2_ws/build/robot_interfaces' returned '0': CMAKE_PREFIX_PATH=/opt/ros/humble /usr/bin/cmake --build /home/keime/ros2_ws/build/robot_interfaces -- -j2 -l2
[0.683s] Invoking command in '/home/keime/ros2_ws/build/robot_interfaces': CMAKE_PREFIX_PATH=/opt/ros/humble /usr/bin/cmake --install /home/keime/ros2_ws/build/robot_interfaces
[0.688s] -- Install configuration: ""
[0.690s] -- Up-to-date: /home/keime/ros2_ws/install/robot_interfaces/share/ament_index/resource_index/rosidl_interfaces/robot_interfaces
[0.691s] -- Up-to-date: /home/keime/ros2_ws/install/robot_interfaces/include/robot_interfaces/robot_interfaces
[0.691s] -- Up-to-date: /home/keime/ros2_ws/install/robot_interfaces/include/robot_interfaces/robot_interfaces/msg
[0.691s] -- Up-to-date: /home/keime/ros2_ws/install/robot_interfaces/include/robot_interfaces/robot_interfaces/msg/rosidl_generator_c__visibility_control.h
[0.691s] -- Up-to-date: /home/keime/ros2_ws/install/robot_interfaces/include/robot_interfaces/robot_interfaces/srv
[0.691s] -- Up-to-date: /home/keime/ros2_ws/install/robot_interfaces/include/robot_interfaces/robot_interfaces/srv/robot_command.h
[0.691s] -- Up-to-date: /home/keime/ros2_ws/install/robot_interfaces/include/robot_interfaces/robot_interfaces/srv/detail
[0.691s] -- Up-to-date: /home/keime/ros2_ws/install/robot_interfaces/include/robot_interfaces/robot_interfaces/srv/detail/robot_command__functions.c
[0.691s] -- Up-to-date: /home/keime/ros2_ws/install/robot_interfaces/include/robot_interfaces/robot_interfaces/srv/detail/robot_command__struct.h
[0.691s] -- Up-to-date: /home/keime/ros2_ws/install/robot_interfaces/include/robot_interfaces/robot_interfaces/srv/detail/robot_command__type_support.h
[0.692s] -- Up-to-date: /home/keime/ros2_ws/install/robot_interfaces/include/robot_interfaces/robot_interfaces/srv/detail/robot_command__functions.h
[0.692s] -- Up-to-date: /home/keime/ros2_ws/install/robot_interfaces/share/robot_interfaces/environment/library_path.sh
[0.692s] -- Up-to-date: /home/keime/ros2_ws/install/robot_interfaces/share/robot_interfaces/environment/library_path.dsv
[0.695s] -- Up-to-date: /home/keime/ros2_ws/install/robot_interfaces/lib/librobot_interfaces__rosidl_generator_c.so
[0.695s] -- Up-to-date: /home/keime/ros2_ws/install/robot_interfaces/include/robot_interfaces/robot_interfaces
[0.695s] -- Up-to-date: /home/keime/ros2_ws/install/robot_interfaces/include/robot_interfaces/robot_interfaces/msg
[0.695s] -- Up-to-date: /home/keime/ros2_ws/install/robot_interfaces/include/robot_interfaces/robot_interfaces/msg/rosidl_typesupport_fastrtps_c__visibility_control.h
[0.695s] -- Up-to-date: /home/keime/ros2_ws/install/robot_interfaces/include/robot_interfaces/robot_interfaces/srv
[0.695s] -- Up-to-date: /home/keime/ros2_ws/install/robot_interfaces/include/robot_interfaces/robot_interfaces/srv/detail
[0.695s] -- Up-to-date: /home/keime/ros2_ws/install/robot_interfaces/include/robot_interfaces/robot_interfaces/srv/detail/robot_command__rosidl_typesupport_fastrtps_c.h
[0.696s] -- Up-to-date: /home/keime/ros2_ws/install/robot_interfaces/lib/librobot_interfaces__rosidl_typesupport_fastrtps_c.so
[0.696s] -- Up-to-date: /home/keime/ros2_ws/install/robot_interfaces/include/robot_interfaces/robot_interfaces
[0.696s] -- Up-to-date: /home/keime/ros2_ws/install/robot_interfaces/include/robot_interfaces/robot_interfaces/msg
[0.696s] -- Up-to-date: /home/keime/ros2_ws/install/robot_interfaces/include/robot_interfaces/robot_interfaces/msg/rosidl_typesupport_introspection_c__visibility_control.h
[0.696s] -- Up-to-date: /home/keime/ros2_ws/install/robot_interfaces/include/robot_interfaces/robot_interfaces/srv
[0.696s] -- Up-to-date: /home/keime/ros2_ws/install/robot_interfaces/include/robot_interfaces/robot_interfaces/srv/detail
[0.696s] -- Up-to-date: /home/keime/ros2_ws/install/robot_interfaces/include/robot_interfaces/robot_interfaces/srv/detail/robot_command__type_support.c
[0.696s] -- Up-to-date: /home/keime/ros2_ws/install/robot_interfaces/include/robot_interfaces/robot_interfaces/srv/detail/robot_command__rosidl_typesupport_introspection_c.h
[0.697s] -- Up-to-date: /home/keime/ros2_ws/install/robot_interfaces/lib/librobot_interfaces__rosidl_typesupport_introspection_c.so
[0.697s] -- Up-to-date: /home/keime/ros2_ws/install/robot_interfaces/lib/librobot_interfaces__rosidl_typesupport_c.so
[0.697s] -- Up-to-date: /home/keime/ros2_ws/install/robot_interfaces/include/robot_interfaces/robot_interfaces
[0.697s] -- Up-to-date: /home/keime/ros2_ws/install/robot_interfaces/include/robot_interfaces/robot_interfaces/srv
[0.697s] -- Up-to-date: /home/keime/ros2_ws/install/robot_interfaces/include/robot_interfaces/robot_interfaces/srv/robot_command.hpp
[0.697s] -- Up-to-date: /home/keime/ros2_ws/install/robot_interfaces/include/robot_interfaces/robot_interfaces/srv/detail
[0.697s] -- Up-to-date: /home/keime/ros2_ws/install/robot_interfaces/include/robot_interfaces/robot_interfaces/srv/detail/robot_command__struct.hpp
[0.697s] -- Up-to-date: /home/keime/ros2_ws/install/robot_interfaces/include/robot_interfaces/robot_interfaces/srv/detail/robot_command__traits.hpp
[0.697s] -- Up-to-date: /home/keime/ros2_ws/install/robot_interfaces/include/robot_interfaces/robot_interfaces/srv/detail/robot_command__builder.hpp
[0.697s] -- Up-to-date: /home/keime/ros2_ws/install/robot_interfaces/include/robot_interfaces/robot_interfaces
[0.697s] -- Up-to-date: /home/keime/ros2_ws/install/robot_interfaces/include/robot_interfaces/robot_interfaces/msg
[0.698s] -- Up-to-date: /home/keime/ros2_ws/install/robot_interfaces/include/robot_interfaces/robot_interfaces/msg/rosidl_typesupport_fastrtps_cpp__visibility_control.h
[0.698s] -- Up-to-date: /home/keime/ros2_ws/install/robot_interfaces/include/robot_interfaces/robot_interfaces/srv
[0.698s] -- Up-to-date: /home/keime/ros2_ws/install/robot_interfaces/include/robot_interfaces/robot_interfaces/srv/detail
[0.698s] -- Up-to-date: /home/keime/ros2_ws/install/robot_interfaces/include/robot_interfaces/robot_interfaces/srv/detail/robot_command__rosidl_typesupport_fastrtps_cpp.hpp
[0.698s] -- Up-to-date: /home/keime/ros2_ws/install/robot_interfaces/include/robot_interfaces/robot_interfaces/srv/detail/dds_fastrtps
[0.698s] -- Up-to-date: /home/keime/ros2_ws/install/robot_interfaces/lib/librobot_interfaces__rosidl_typesupport_fastrtps_cpp.so
[0.698s] -- Up-to-date: /home/keime/ros2_ws/install/robot_interfaces/include/robot_interfaces/robot_interfaces
[0.698s] -- Up-to-date: /home/keime/ros2_ws/install/robot_interfaces/include/robot_interfaces/robot_interfaces/srv
[0.698s] -- Up-to-date: /home/keime/ros2_ws/install/robot_interfaces/include/robot_interfaces/robot_interfaces/srv/detail
[0.698s] -- Up-to-date: /home/keime/ros2_ws/install/robot_interfaces/include/robot_interfaces/robot_interfaces/srv/detail/robot_command__rosidl_typesupport_introspection_cpp.hpp
[0.698s] -- Up-to-date: /home/keime/ros2_ws/install/robot_interfaces/include/robot_interfaces/robot_interfaces/srv/detail/robot_command__type_support.cpp
[0.698s] -- Up-to-date: /home/keime/ros2_ws/install/robot_interfaces/lib/librobot_interfaces__rosidl_typesupport_introspection_cpp.so
[0.699s] -- Up-to-date: /home/keime/ros2_ws/install/robot_interfaces/lib/librobot_interfaces__rosidl_typesupport_cpp.so
[0.699s] -- Up-to-date: /home/keime/ros2_ws/install/robot_interfaces/share/robot_interfaces/environment/pythonpath.sh
[0.699s] -- Up-to-date: /home/keime/ros2_ws/install/robot_interfaces/share/robot_interfaces/environment/pythonpath.dsv
[0.700s] -- Up-to-date: /home/keime/ros2_ws/install/robot_interfaces/local/lib/python3.10/dist-packages/robot_interfaces-0.0.0-py3.10.egg-info
[0.700s] -- Installing: /home/keime/ros2_ws/install/robot_interfaces/local/lib/python3.10/dist-packages/robot_interfaces-0.0.0-py3.10.egg-info/SOURCES.txt
[0.700s] -- Installing: /home/keime/ros2_ws/install/robot_interfaces/local/lib/python3.10/dist-packages/robot_interfaces-0.0.0-py3.10.egg-info/dependency_links.txt
[0.700s] -- Installing: /home/keime/ros2_ws/install/robot_interfaces/local/lib/python3.10/dist-packages/robot_interfaces-0.0.0-py3.10.egg-info/PKG-INFO
[0.700s] -- Installing: /home/keime/ros2_ws/install/robot_interfaces/local/lib/python3.10/dist-packages/robot_interfaces-0.0.0-py3.10.egg-info/top_level.txt
[0.700s] -- Up-to-date: /home/keime/ros2_ws/install/robot_interfaces/local/lib/python3.10/dist-packages/robot_interfaces
[0.700s] -- Up-to-date: /home/keime/ros2_ws/install/robot_interfaces/local/lib/python3.10/dist-packages/robot_interfaces/_robot_interfaces_s.ep.rosidl_typesupport_c.c
[0.701s] -- Up-to-date: /home/keime/ros2_ws/install/robot_interfaces/local/lib/python3.10/dist-packages/robot_interfaces/robot_interfaces_s__rosidl_typesupport_fastrtps_c.cpython-310-x86_64-linux-gnu.so
[0.701s] -- Up-to-date: /home/keime/ros2_ws/install/robot_interfaces/local/lib/python3.10/dist-packages/robot_interfaces/_robot_interfaces_s.ep.rosidl_typesupport_introspection_c.c
[0.701s] -- Up-to-date: /home/keime/ros2_ws/install/robot_interfaces/local/lib/python3.10/dist-packages/robot_interfaces/__init__.py
[0.701s] -- Up-to-date: /home/keime/ros2_ws/install/robot_interfaces/local/lib/python3.10/dist-packages/robot_interfaces/_robot_interfaces_s.ep.rosidl_typesupport_fastrtps_c.c
[0.701s] -- Up-to-date: /home/keime/ros2_ws/install/robot_interfaces/local/lib/python3.10/dist-packages/robot_interfaces/robot_interfaces_s__rosidl_typesupport_introspection_c.cpython-310-x86_64-linux-gnu.so
[0.701s] -- Up-to-date: /home/keime/ros2_ws/install/robot_interfaces/local/lib/python3.10/dist-packages/robot_interfaces/librobot_interfaces__rosidl_generator_py.so
[0.701s] -- Up-to-date: /home/keime/ros2_ws/install/robot_interfaces/local/lib/python3.10/dist-packages/robot_interfaces/srv
[0.701s] -- Up-to-date: /home/keime/ros2_ws/install/robot_interfaces/local/lib/python3.10/dist-packages/robot_interfaces/srv/_robot_command.py
[0.701s] -- Up-to-date: /home/keime/ros2_ws/install/robot_interfaces/local/lib/python3.10/dist-packages/robot_interfaces/srv/__init__.py
[0.701s] -- Up-to-date: /home/keime/ros2_ws/install/robot_interfaces/local/lib/python3.10/dist-packages/robot_interfaces/srv/_robot_command_s.c
[0.701s] -- Up-to-date: /home/keime/ros2_ws/install/robot_interfaces/local/lib/python3.10/dist-packages/robot_interfaces/robot_interfaces_s__rosidl_typesupport_c.cpython-310-x86_64-linux-gnu.so
[0.727s] Listing '/home/keime/ros2_ws/install/robot_interfaces/local/lib/python3.10/dist-packages/robot_interfaces'...
[0.727s] Listing '/home/keime/ros2_ws/install/robot_interfaces/local/lib/python3.10/dist-packages/robot_interfaces/srv'...
[0.731s] -- Up-to-date: /home/keime/ros2_ws/install/robot_interfaces/local/lib/python3.10/dist-packages/robot_interfaces/robot_interfaces_s__rosidl_typesupport_fastrtps_c.cpython-310-x86_64-linux-gnu.so
[0.732s] -- Up-to-date: /home/keime/ros2_ws/install/robot_interfaces/local/lib/python3.10/dist-packages/robot_interfaces/robot_interfaces_s__rosidl_typesupport_introspection_c.cpython-310-x86_64-linux-gnu.so
[0.732s] -- Up-to-date: /home/keime/ros2_ws/install/robot_interfaces/local/lib/python3.10/dist-packages/robot_interfaces/robot_interfaces_s__rosidl_typesupport_c.cpython-310-x86_64-linux-gnu.so
[0.733s] -- Up-to-date: /home/keime/ros2_ws/install/robot_interfaces/lib/librobot_interfaces__rosidl_generator_py.so
[0.734s] -- Up-to-date: /home/keime/ros2_ws/install/robot_interfaces/share/robot_interfaces/srv/RobotCommand.idl
[0.734s] -- Up-to-date: /home/keime/ros2_ws/install/robot_interfaces/share/robot_interfaces/srv/RobotCommand.srv
[0.734s] -- Up-to-date: /home/keime/ros2_ws/install/robot_interfaces/share/robot_interfaces/srv/RobotCommand_Request.msg
[0.734s] -- Up-to-date: /home/keime/ros2_ws/install/robot_interfaces/share/robot_interfaces/srv/RobotCommand_Response.msg
[0.734s] -- Up-to-date: /home/keime/ros2_ws/install/robot_interfaces/share/ament_index/resource_index/package_run_dependencies/robot_interfaces
[0.735s] -- Up-to-date: /home/keime/ros2_ws/install/robot_interfaces/share/ament_index/resource_index/parent_prefix_path/robot_interfaces
[0.735s] -- Up-to-date: /home/keime/ros2_ws/install/robot_interfaces/share/robot_interfaces/environment/ament_prefix_path.sh
[0.735s] -- Up-to-date: /home/keime/ros2_ws/install/robot_interfaces/share/robot_interfaces/environment/ament_prefix_path.dsv
[0.735s] -- Up-to-date: /home/keime/ros2_ws/install/robot_interfaces/share/robot_interfaces/environment/path.sh
[0.735s] -- Up-to-date: /home/keime/ros2_ws/install/robot_interfaces/share/robot_interfaces/environment/path.dsv
[0.735s] -- Up-to-date: /home/keime/ros2_ws/install/robot_interfaces/share/robot_interfaces/local_setup.bash
[0.735s] -- Up-to-date: /home/keime/ros2_ws/install/robot_interfaces/share/robot_interfaces/local_setup.sh
[0.735s] -- Up-to-date: /home/keime/ros2_ws/install/robot_interfaces/share/robot_interfaces/local_setup.zsh
[0.735s] -- Up-to-date: /home/keime/ros2_ws/install/robot_interfaces/share/robot_interfaces/local_setup.dsv
[0.735s] -- Installing: /home/keime/ros2_ws/install/robot_interfaces/share/robot_interfaces/package.dsv
[0.735s] -- Up-to-date: /home/keime/ros2_ws/install/robot_interfaces/share/ament_index/resource_index/packages/robot_interfaces
[0.737s] -- Up-to-date: /home/keime/ros2_ws/install/robot_interfaces/share/robot_interfaces/cmake/export_robot_interfaces__rosidl_generator_cExport.cmake
[0.737s] -- Up-to-date: /home/keime/ros2_ws/install/robot_interfaces/share/robot_interfaces/cmake/export_robot_interfaces__rosidl_generator_cExport-noconfig.cmake
[0.737s] -- Up-to-date: /home/keime/ros2_ws/install/robot_interfaces/share/robot_interfaces/cmake/export_robot_interfaces__rosidl_typesupport_fastrtps_cExport.cmake
[0.737s] -- Up-to-date: /home/keime/ros2_ws/install/robot_interfaces/share/robot_interfaces/cmake/export_robot_interfaces__rosidl_typesupport_fastrtps_cExport-noconfig.cmake
[0.738s] -- Up-to-date: /home/keime/ros2_ws/install/robot_interfaces/share/robot_interfaces/cmake/robot_interfaces__rosidl_typesupport_introspection_cExport.cmake
[0.738s] -- Up-to-date: /home/keime/ros2_ws/install/robot_interfaces/share/robot_interfaces/cmake/robot_interfaces__rosidl_typesupport_introspection_cExport-noconfig.cmake
[0.739s] -- Up-to-date: /home/keime/ros2_ws/install/robot_interfaces/share/robot_interfaces/cmake/robot_interfaces__rosidl_typesupport_cExport.cmake
[0.739s] -- Up-to-date: /home/keime/ros2_ws/install/robot_interfaces/share/robot_interfaces/cmake/robot_interfaces__rosidl_typesupport_cExport-noconfig.cmake
[0.740s] -- Up-to-date: /home/keime/ros2_ws/install/robot_interfaces/share/robot_interfaces/cmake/export_robot_interfaces__rosidl_generator_cppExport.cmake
[0.740s] -- Up-to-date: /home/keime/ros2_ws/install/robot_interfaces/share/robot_interfaces/cmake/export_robot_interfaces__rosidl_typesupport_fastrtps_cppExport.cmake
[0.740s] -- Up-to-date: /home/keime/ros2_ws/install/robot_interfaces/share/robot_interfaces/cmake/export_robot_interfaces__rosidl_typesupport_fastrtps_cppExport-noconfig.cmake
[0.741s] -- Up-to-date: /home/keime/ros2_ws/install/robot_interfaces/share/robot_interfaces/cmake/robot_interfaces__rosidl_typesupport_introspection_cppExport.cmake
[0.741s] -- Up-to-date: /home/keime/ros2_ws/install/robot_interfaces/share/robot_interfaces/cmake/robot_interfaces__rosidl_typesupport_introspection_cppExport-noconfig.cmake
[0.741s] -- Up-to-date: /home/keime/ros2_ws/install/robot_interfaces/share/robot_interfaces/cmake/robot_interfaces__rosidl_typesupport_cppExport.cmake
[0.741s] -- Up-to-date: /home/keime/ros2_ws/install/robot_interfaces/share/robot_interfaces/cmake/robot_interfaces__rosidl_typesupport_cppExport-noconfig.cmake
[0.742s] -- Up-to-date: /home/keime/ros2_ws/install/robot_interfaces/share/robot_interfaces/cmake/export_robot_interfaces__rosidl_generator_pyExport.cmake
[0.742s] -- Up-to-date: /home/keime/ros2_ws/install/robot_interfaces/share/robot_interfaces/cmake/export_robot_interfaces__rosidl_generator_pyExport-noconfig.cmake
[0.742s] -- Up-to-date: /home/keime/ros2_ws/install/robot_interfaces/share/robot_interfaces/cmake/rosidl_cmake-extras.cmake
[0.742s] -- Up-to-date: /home/keime/ros2_ws/install/robot_interfaces/share/robot_interfaces/cmake/ament_cmake_export_include_directories-extras.cmake
[0.742s] -- Up-to-date: /home/keime/ros2_ws/install/robot_interfaces/share/robot_interfaces/cmake/ament_cmake_export_libraries-extras.cmake
[0.742s] -- Up-to-date: /home/keime/ros2_ws/install/robot_interfaces/share/robot_interfaces/cmake/ament_cmake_export_targets-extras.cmake
[0.742s] -- Up-to-date: /home/keime/ros2_ws/install/robot_interfaces/share/robot_interfaces/cmake/rosidl_cmake_export_typesupport_targets-extras.cmake
[0.742s] -- Up-to-date: /home/keime/ros2_ws/install/robot_interfaces/share/robot_interfaces/cmake/ament_cmake_export_dependencies-extras.cmake
[0.742s] -- Up-to-date: /home/keime/ros2_ws/install/robot_interfaces/share/robot_interfaces/cmake/rosidl_cmake_export_typesupport_libraries-extras.cmake
[0.742s] -- Up-to-date: /home/keime/ros2_ws/install/robot_interfaces/share/robot_interfaces/cmake/robot_interfacesConfig.cmake
[0.742s] -- Up-to-date: /home/keime/ros2_ws/install/robot_interfaces/share/robot_interfaces/cmake/robot_interfacesConfig-version.cmake
[0.742s] -- Up-to-date: /home/keime/ros2_ws/install/robot_interfaces/share/robot_interfaces/package.xml
[0.744s] Invoked command in '/home/keime/ros2_ws/build/robot_interfaces' returned '0': CMAKE_PREFIX_PATH=/opt/ros/humble /usr/bin/cmake --install /home/keime/ros2_ws/build/robot_interfaces
