[21.339s] Invoking command in '/home/keime/ros2_ws/src/image_pub': PYTHONPATH=/home/keime/ros2_ws/build/image_pub/prefix_override:/home/keime/ros2_ws/install/image_pub/lib/python3.10/site-packages:${PYTHONPATH} /usr/bin/python3 -W ignore:setup.py install is deprecated setup.py egg_info --egg-base ../../build/image_pub build --build-base /home/keime/ros2_ws/build/image_pub/build install --record /home/keime/ros2_ws/build/image_pub/install.log --single-version-externally-managed install_data
[26.139s] running egg_info
[26.149s] writing ../../build/image_pub/image_pub.egg-info/PKG-INFO
[26.158s] writing dependency_links to ../../build/image_pub/image_pub.egg-info/dependency_links.txt
[26.166s] writing entry points to ../../build/image_pub/image_pub.egg-info/entry_points.txt
[26.169s] writing requirements to ../../build/image_pub/image_pub.egg-info/requires.txt
[26.171s] writing top-level names to ../../build/image_pub/image_pub.egg-info/top_level.txt
[26.197s] reading manifest file '../../build/image_pub/image_pub.egg-info/SOURCES.txt'
[26.211s] writing manifest file '../../build/image_pub/image_pub.egg-info/SOURCES.txt'
[26.213s] running build
[26.216s] running build_py
[26.223s] running install
[26.233s] running install_lib
[26.258s] running install_data
[26.274s] running install_egg_info
[26.299s] removing '/home/keime/ros2_ws/install/image_pub/lib/python3.10/site-packages/image_pub-0.0.0-py3.10.egg-info' (and everything under it)
[26.308s] Copying ../../build/image_pub/image_pub.egg-info to /home/keime/ros2_ws/install/image_pub/lib/python3.10/site-packages/image_pub-0.0.0-py3.10.egg-info
[26.332s] running install_scripts
[26.624s] Installing action script to /home/keime/ros2_ws/install/image_pub/lib/image_pub
[26.635s] Installing img_publisher script to /home/keime/ros2_ws/install/image_pub/lib/image_pub
[26.641s] writing list of installed files to '/home/keime/ros2_ws/build/image_pub/install.log'
[27.625s] Invoked command in '/home/keime/ros2_ws/src/image_pub' returned '0': PYTHONPATH=/home/keime/ros2_ws/build/image_pub/prefix_override:/home/keime/ros2_ws/install/image_pub/lib/python3.10/site-packages:${PYTHONPATH} /usr/bin/python3 -W ignore:setup.py install is deprecated setup.py egg_info --egg-base ../../build/image_pub build --build-base /home/keime/ros2_ws/build/image_pub/build install --record /home/keime/ros2_ws/build/image_pub/install.log --single-version-externally-managed install_data
