[8.234s] Invoking command in '/home/keime/ros2_ws/src/image_pub': PYTHONPATH=/home/keime/ros2_ws/build/image_pub/prefix_override:/home/keime/ros2_ws/install/image_pub/lib/python3.10/site-packages:${PYTHONPATH} /usr/bin/python3 -W ignore:setup.py install is deprecated setup.py egg_info --egg-base ../../build/image_pub build --build-base /home/keime/ros2_ws/build/image_pub/build install --record /home/keime/ros2_ws/build/image_pub/install.log --single-version-externally-managed install_data
[10.886s] running egg_info
[10.891s] writing ../../build/image_pub/image_pub.egg-info/PKG-INFO
[10.896s] writing dependency_links to ../../build/image_pub/image_pub.egg-info/dependency_links.txt
[10.898s] writing entry points to ../../build/image_pub/image_pub.egg-info/entry_points.txt
[10.900s] writing requirements to ../../build/image_pub/image_pub.egg-info/requires.txt
[10.901s] writing top-level names to ../../build/image_pub/image_pub.egg-info/top_level.txt
[10.919s] reading manifest file '../../build/image_pub/image_pub.egg-info/SOURCES.txt'
[10.932s] writing manifest file '../../build/image_pub/image_pub.egg-info/SOURCES.txt'
[10.934s] running build
[10.935s] running build_py
[10.941s] running install
[10.944s] running install_lib
[10.961s] running install_data
[10.965s] running install_egg_info
[10.983s] removing '/home/keime/ros2_ws/install/image_pub/lib/python3.10/site-packages/image_pub-0.0.0-py3.10.egg-info' (and everything under it)
[10.989s] Copying ../../build/image_pub/image_pub.egg-info to /home/keime/ros2_ws/install/image_pub/lib/python3.10/site-packages/image_pub-0.0.0-py3.10.egg-info
[11.005s] running install_scripts
[11.204s] Installing action script to /home/keime/ros2_ws/install/image_pub/lib/image_pub
[11.208s] Installing img_publisher script to /home/keime/ros2_ws/install/image_pub/lib/image_pub
[11.211s] writing list of installed files to '/home/keime/ros2_ws/build/image_pub/install.log'
[11.471s] Invoked command in '/home/keime/ros2_ws/src/image_pub' returned '0': PYTHONPATH=/home/keime/ros2_ws/build/image_pub/prefix_override:/home/keime/ros2_ws/install/image_pub/lib/python3.10/site-packages:${PYTHONPATH} /usr/bin/python3 -W ignore:setup.py install is deprecated setup.py egg_info --egg-base ../../build/image_pub build --build-base /home/keime/ros2_ws/build/image_pub/build install --record /home/keime/ros2_ws/build/image_pub/install.log --single-version-externally-managed install_data
