[4.458s] DEBUG:colcon:Command line arguments: ['/usr/bin/colcon', 'build', '--packages-select', 'robot_controller']
[4.459s] DEBUG:colcon:Parsed command line arguments: Namespace(log_base=None, log_level=None, verb_name='build', build_base='build', install_base='install', merge_install=False, symlink_install=False, test_result_base=None, continue_on_error=False, executor='parallel', parallel_workers=4, event_handlers=None, ignore_user_meta=False, metas=['./colcon.meta'], base_paths=['.'], packages_ignore=None, packages_ignore_regex=None, paths=None, packages_up_to=None, packages_up_to_regex=None, packages_above=None, packages_above_and_dependencies=None, packages_above_depth=None, packages_select_by_dep=None, packages_skip_by_dep=None, packages_skip_up_to=None, packages_select_build_failed=False, packages_skip_build_finished=False, packages_select_test_failures=False, packages_skip_test_passed=False, packages_select=['robot_controller'], packages_skip=None, packages_select_regex=None, packages_skip_regex=None, packages_start=None, packages_end=None, allow_overriding=[], cmake_args=None, cmake_target=None, cmake_target_skip_unavailable=False, cmake_clean_cache=False, cmake_clean_first=False, cmake_force_configure=False, ament_cmake_args=None, catkin_cmake_args=None, catkin_skip_building_tests=False, verb_parser=<colcon_defaults.argument_parser.defaults.DefaultArgumentsDecorator object at 0xffffb0b5ae30>, verb_extension=<colcon_core.verb.build.BuildVerb object at 0xffffb0ce7910>, main=<bound method BuildVerb.main of <colcon_core.verb.build.BuildVerb object at 0xffffb0ce7910>>)
[14.799s] Level 1:colcon.colcon_core.package_discovery:discover_packages(colcon_meta) check parameters
[14.802s] Level 1:colcon.colcon_core.package_discovery:discover_packages(recursive) check parameters
[14.802s] Level 1:colcon.colcon_core.package_discovery:discover_packages(ignore) check parameters
[14.803s] Level 1:colcon.colcon_core.package_discovery:discover_packages(path) check parameters
[14.803s] Level 1:colcon.colcon_core.package_discovery:discover_packages(colcon_meta) discover
[14.804s] Level 1:colcon.colcon_core.package_discovery:discover_packages(recursive) discover
[14.804s] INFO:colcon.colcon_core.package_discovery:Crawling recursively for packages in '/home/keime/ros2_ws'
[14.805s] Level 1:colcon.colcon_core.package_identification:_identify(.) by extensions ['ignore', 'ignore_ament_install']
[14.806s] Level 1:colcon.colcon_core.package_identification:_identify(.) by extension 'ignore'
[14.807s] Level 1:colcon.colcon_core.package_identification:_identify(.) by extension 'ignore_ament_install'
[14.808s] Level 1:colcon.colcon_core.package_identification:_identify(.) by extensions ['colcon_pkg']
[14.808s] Level 1:colcon.colcon_core.package_identification:_identify(.) by extension 'colcon_pkg'
[14.809s] Level 1:colcon.colcon_core.package_identification:_identify(.) by extensions ['colcon_meta']
[14.809s] Level 1:colcon.colcon_core.package_identification:_identify(.) by extension 'colcon_meta'
[14.810s] Level 1:colcon.colcon_core.package_identification:_identify(.) by extensions ['ros']
[14.810s] Level 1:colcon.colcon_core.package_identification:_identify(.) by extension 'ros'
[14.977s] Level 1:colcon.colcon_core.package_identification:_identify(.) by extensions ['cmake', 'python']
[14.978s] Level 1:colcon.colcon_core.package_identification:_identify(.) by extension 'cmake'
[14.978s] Level 1:colcon.colcon_core.package_identification:_identify(.) by extension 'python'
[14.979s] Level 1:colcon.colcon_core.package_identification:_identify(.) by extensions ['python_setup_py']
[14.980s] Level 1:colcon.colcon_core.package_identification:_identify(.) by extension 'python_setup_py'
[14.981s] Level 1:colcon.colcon_core.package_identification:_identify(build) by extensions ['ignore', 'ignore_ament_install']
[14.982s] Level 1:colcon.colcon_core.package_identification:_identify(build) by extension 'ignore'
[14.983s] Level 1:colcon.colcon_core.package_identification:_identify(build) ignored
[14.985s] Level 1:colcon.colcon_core.package_identification:_identify(install) by extensions ['ignore', 'ignore_ament_install']
[14.986s] Level 1:colcon.colcon_core.package_identification:_identify(install) by extension 'ignore'
[14.987s] Level 1:colcon.colcon_core.package_identification:_identify(install) ignored
[14.988s] Level 1:colcon.colcon_core.package_identification:_identify(log) by extensions ['ignore', 'ignore_ament_install']
[14.989s] Level 1:colcon.colcon_core.package_identification:_identify(log) by extension 'ignore'
[14.990s] Level 1:colcon.colcon_core.package_identification:_identify(log) ignored
[14.992s] Level 1:colcon.colcon_core.package_identification:_identify(src) by extensions ['ignore', 'ignore_ament_install']
[14.994s] Level 1:colcon.colcon_core.package_identification:_identify(src) by extension 'ignore'
[14.994s] Level 1:colcon.colcon_core.package_identification:_identify(src) by extension 'ignore_ament_install'
[14.995s] Level 1:colcon.colcon_core.package_identification:_identify(src) by extensions ['colcon_pkg']
[14.996s] Level 1:colcon.colcon_core.package_identification:_identify(src) by extension 'colcon_pkg'
[14.996s] Level 1:colcon.colcon_core.package_identification:_identify(src) by extensions ['colcon_meta']
[14.996s] Level 1:colcon.colcon_core.package_identification:_identify(src) by extension 'colcon_meta'
[14.997s] Level 1:colcon.colcon_core.package_identification:_identify(src) by extensions ['ros']
[14.997s] Level 1:colcon.colcon_core.package_identification:_identify(src) by extension 'ros'
[14.999s] Level 1:colcon.colcon_core.package_identification:_identify(src) by extensions ['cmake', 'python']
[14.999s] Level 1:colcon.colcon_core.package_identification:_identify(src) by extension 'cmake'
[15.000s] Level 1:colcon.colcon_core.package_identification:_identify(src) by extension 'python'
[15.000s] Level 1:colcon.colcon_core.package_identification:_identify(src) by extensions ['python_setup_py']
[15.001s] Level 1:colcon.colcon_core.package_identification:_identify(src) by extension 'python_setup_py'
[15.003s] Level 1:colcon.colcon_core.package_identification:_identify(src/image_pubsub) by extensions ['ignore', 'ignore_ament_install']
[15.005s] Level 1:colcon.colcon_core.package_identification:_identify(src/image_pubsub) by extension 'ignore'
[15.005s] Level 1:colcon.colcon_core.package_identification:_identify(src/image_pubsub) by extension 'ignore_ament_install'
[15.006s] Level 1:colcon.colcon_core.package_identification:_identify(src/image_pubsub) by extensions ['colcon_pkg']
[15.007s] Level 1:colcon.colcon_core.package_identification:_identify(src/image_pubsub) by extension 'colcon_pkg'
[15.008s] Level 1:colcon.colcon_core.package_identification:_identify(src/image_pubsub) by extensions ['colcon_meta']
[15.008s] Level 1:colcon.colcon_core.package_identification:_identify(src/image_pubsub) by extension 'colcon_meta'
[15.009s] Level 1:colcon.colcon_core.package_identification:_identify(src/image_pubsub) by extensions ['ros']
[15.011s] Level 1:colcon.colcon_core.package_identification:_identify(src/image_pubsub) by extension 'ros'
[15.045s] DEBUG:colcon.colcon_core.package_identification:Package 'src/image_pubsub' with type 'ros.ament_python' and name 'image_pubsub'
[15.048s] Level 1:colcon.colcon_core.package_identification:_identify(src/py_pubsub) by extensions ['ignore', 'ignore_ament_install']
[15.049s] Level 1:colcon.colcon_core.package_identification:_identify(src/py_pubsub) by extension 'ignore'
[15.050s] Level 1:colcon.colcon_core.package_identification:_identify(src/py_pubsub) by extension 'ignore_ament_install'
[15.051s] Level 1:colcon.colcon_core.package_identification:_identify(src/py_pubsub) by extensions ['colcon_pkg']
[15.052s] Level 1:colcon.colcon_core.package_identification:_identify(src/py_pubsub) by extension 'colcon_pkg'
[15.052s] Level 1:colcon.colcon_core.package_identification:_identify(src/py_pubsub) by extensions ['colcon_meta']
[15.053s] Level 1:colcon.colcon_core.package_identification:_identify(src/py_pubsub) by extension 'colcon_meta'
[15.053s] Level 1:colcon.colcon_core.package_identification:_identify(src/py_pubsub) by extensions ['ros']
[15.054s] Level 1:colcon.colcon_core.package_identification:_identify(src/py_pubsub) by extension 'ros'
[15.075s] DEBUG:colcon.colcon_core.package_identification:Package 'src/py_pubsub' with type 'ros.ament_python' and name 'py_pubsub'
[15.078s] Level 1:colcon.colcon_core.package_identification:_identify(src/robot_controller) by extensions ['ignore', 'ignore_ament_install']
[15.079s] Level 1:colcon.colcon_core.package_identification:_identify(src/robot_controller) by extension 'ignore'
[15.080s] Level 1:colcon.colcon_core.package_identification:_identify(src/robot_controller) by extension 'ignore_ament_install'
[15.081s] Level 1:colcon.colcon_core.package_identification:_identify(src/robot_controller) by extensions ['colcon_pkg']
[15.082s] Level 1:colcon.colcon_core.package_identification:_identify(src/robot_controller) by extension 'colcon_pkg'
[15.082s] Level 1:colcon.colcon_core.package_identification:_identify(src/robot_controller) by extensions ['colcon_meta']
[15.083s] Level 1:colcon.colcon_core.package_identification:_identify(src/robot_controller) by extension 'colcon_meta'
[15.084s] Level 1:colcon.colcon_core.package_identification:_identify(src/robot_controller) by extensions ['ros']
[15.084s] Level 1:colcon.colcon_core.package_identification:_identify(src/robot_controller) by extension 'ros'
[15.091s] DEBUG:colcon.colcon_core.package_identification:Package 'src/robot_controller' with type 'ros.ament_python' and name 'robot_controller'
[15.091s] Level 1:colcon.colcon_core.package_discovery:discover_packages(recursive) using defaults
[15.092s] Level 1:colcon.colcon_core.package_discovery:discover_packages(ignore) discover
[15.092s] Level 1:colcon.colcon_core.package_discovery:discover_packages(ignore) using defaults
[15.093s] Level 1:colcon.colcon_core.package_discovery:discover_packages(path) discover
[15.093s] Level 1:colcon.colcon_core.package_discovery:discover_packages(path) using defaults
[15.460s] INFO:colcon.colcon_core.package_selection:Skipping not selected package 'image_pubsub' in 'src/image_pubsub'
[15.461s] INFO:colcon.colcon_core.package_selection:Skipping not selected package 'py_pubsub' in 'src/py_pubsub'
[15.467s] Level 1:colcon.colcon_core.package_discovery:discover_packages(prefix_path) check parameters
[15.467s] Level 1:colcon.colcon_core.package_discovery:discover_packages(prefix_path) discover
[15.510s] DEBUG:colcon.colcon_installed_package_information.package_discovery:Found 181 installed packages in /opt/ros/humble
[15.523s] Level 1:colcon.colcon_core.package_discovery:discover_packages(prefix_path) using defaults
[16.060s] Level 5:colcon.colcon_core.verb:set package 'robot_controller' build argument 'cmake_args' from command line to 'None'
[16.061s] Level 5:colcon.colcon_core.verb:set package 'robot_controller' build argument 'cmake_target' from command line to 'None'
[16.061s] Level 5:colcon.colcon_core.verb:set package 'robot_controller' build argument 'cmake_target_skip_unavailable' from command line to 'False'
[16.061s] Level 5:colcon.colcon_core.verb:set package 'robot_controller' build argument 'cmake_clean_cache' from command line to 'False'
[16.062s] Level 5:colcon.colcon_core.verb:set package 'robot_controller' build argument 'cmake_clean_first' from command line to 'False'
[16.062s] Level 5:colcon.colcon_core.verb:set package 'robot_controller' build argument 'cmake_force_configure' from command line to 'False'
[16.062s] Level 5:colcon.colcon_core.verb:set package 'robot_controller' build argument 'ament_cmake_args' from command line to 'None'
[16.063s] Level 5:colcon.colcon_core.verb:set package 'robot_controller' build argument 'catkin_cmake_args' from command line to 'None'
[16.063s] Level 5:colcon.colcon_core.verb:set package 'robot_controller' build argument 'catkin_skip_building_tests' from command line to 'False'
[16.063s] DEBUG:colcon.colcon_core.verb:Building package 'robot_controller' with the following arguments: {'ament_cmake_args': None, 'build_base': '/home/keime/ros2_ws/build/robot_controller', 'catkin_cmake_args': None, 'catkin_skip_building_tests': False, 'cmake_args': None, 'cmake_clean_cache': False, 'cmake_clean_first': False, 'cmake_force_configure': False, 'cmake_target': None, 'cmake_target_skip_unavailable': False, 'install_base': '/home/keime/ros2_ws/install/robot_controller', 'merge_install': False, 'path': '/home/keime/ros2_ws/src/robot_controller', 'symlink_install': False, 'test_result_base': None}
[16.065s] INFO:colcon.colcon_core.executor:Executing jobs using 'parallel' executor
[16.074s] DEBUG:colcon.colcon_parallel_executor.executor.parallel:run_until_complete
[16.076s] INFO:colcon.colcon_ros.task.ament_python.build:Building ROS package in '/home/keime/ros2_ws/src/robot_controller' with build type 'ament_python'
[16.077s] Level 1:colcon.colcon_core.shell:create_environment_hook('robot_controller', 'ament_prefix_path')
[16.124s] INFO:colcon.colcon_core.plugin_system:Skipping extension 'colcon_core.shell.bat': Not used on non-Windows systems
[16.127s] INFO:colcon.colcon_core.shell:Creating environment hook '/home/keime/ros2_ws/install/robot_controller/share/robot_controller/hook/ament_prefix_path.ps1'
[16.136s] INFO:colcon.colcon_core.shell:Creating environment descriptor '/home/keime/ros2_ws/install/robot_controller/share/robot_controller/hook/ament_prefix_path.dsv'
[16.143s] INFO:colcon.colcon_core.shell:Creating environment hook '/home/keime/ros2_ws/install/robot_controller/share/robot_controller/hook/ament_prefix_path.sh'
[16.153s] INFO:colcon.colcon_core.shell:Skip shell extension 'powershell' for command environment: Not usable outside of PowerShell
[16.154s] DEBUG:colcon.colcon_core.shell:Skip shell extension 'dsv' for command environment
[20.728s] INFO:colcon.colcon_core.task.python.build:Building Python package in '/home/keime/ros2_ws/src/robot_controller'
[20.747s] INFO:colcon.colcon_core.shell:Skip shell extension 'powershell' for command environment: Not usable outside of PowerShell
[20.748s] DEBUG:colcon.colcon_core.shell:Skip shell extension 'dsv' for command environment
[31.720s] DEBUG:colcon.colcon_core.event_handler.log_command:Invoking command in '/home/keime/ros2_ws/src/robot_controller': PYTHONPATH=/home/keime/ros2_ws/build/robot_controller/prefix_override:/home/keime/ros2_ws/install/robot_controller/lib/python3.10/site-packages:${PYTHONPATH} /usr/bin/python3 -W ignore:setup.py install is deprecated setup.py egg_info --egg-base ../../build/robot_controller build --build-base /home/keime/ros2_ws/build/robot_controller/build install --record /home/keime/ros2_ws/build/robot_controller/install.log --single-version-externally-managed install_data
[36.487s] DEBUG:colcon.colcon_core.event_handler.log_command:Invoked command in '/home/keime/ros2_ws/src/robot_controller' returned '0': PYTHONPATH=/home/keime/ros2_ws/build/robot_controller/prefix_override:/home/keime/ros2_ws/install/robot_controller/lib/python3.10/site-packages:${PYTHONPATH} /usr/bin/python3 -W ignore:setup.py install is deprecated setup.py egg_info --egg-base ../../build/robot_controller build --build-base /home/keime/ros2_ws/build/robot_controller/build install --record /home/keime/ros2_ws/build/robot_controller/install.log --single-version-externally-managed install_data
[36.815s] Level 1:colcon.colcon_core.environment:checking '/home/keime/ros2_ws/install/robot_controller' for CMake module files
[36.837s] Level 1:colcon.colcon_core.environment:checking '/home/keime/ros2_ws/install/robot_controller' for CMake config files
[36.860s] Level 1:colcon.colcon_core.environment:checking '/home/keime/ros2_ws/install/robot_controller/lib'
[36.862s] Level 1:colcon.colcon_core.environment:checking '/home/keime/ros2_ws/install/robot_controller/bin'
[36.863s] Level 1:colcon.colcon_core.environment:checking '/home/keime/ros2_ws/install/robot_controller/lib/pkgconfig/robot_controller.pc'
[36.866s] Level 1:colcon.colcon_core.environment:checking '/home/keime/ros2_ws/install/robot_controller/lib/python3.10/site-packages'
[36.868s] Level 1:colcon.colcon_core.shell:create_environment_hook('robot_controller', 'pythonpath')
[36.876s] INFO:colcon.colcon_core.shell:Creating environment hook '/home/keime/ros2_ws/install/robot_controller/share/robot_controller/hook/pythonpath.ps1'
[36.895s] INFO:colcon.colcon_core.shell:Creating environment descriptor '/home/keime/ros2_ws/install/robot_controller/share/robot_controller/hook/pythonpath.dsv'
[36.912s] INFO:colcon.colcon_core.shell:Creating environment hook '/home/keime/ros2_ws/install/robot_controller/share/robot_controller/hook/pythonpath.sh'
[36.919s] Level 1:colcon.colcon_core.environment:checking '/home/keime/ros2_ws/install/robot_controller/bin'
[36.920s] Level 1:colcon.colcon_core.environment:create_environment_scripts_only(robot_controller)
[36.924s] INFO:colcon.colcon_core.shell:Creating package script '/home/keime/ros2_ws/install/robot_controller/share/robot_controller/package.ps1'
[36.971s] INFO:colcon.colcon_core.shell:Creating package descriptor '/home/keime/ros2_ws/install/robot_controller/share/robot_controller/package.dsv'
[36.989s] INFO:colcon.colcon_core.shell:Creating package script '/home/keime/ros2_ws/install/robot_controller/share/robot_controller/package.sh'
[37.061s] INFO:colcon.colcon_core.shell:Creating package script '/home/keime/ros2_ws/install/robot_controller/share/robot_controller/package.bash'
[37.120s] INFO:colcon.colcon_core.shell:Creating package script '/home/keime/ros2_ws/install/robot_controller/share/robot_controller/package.zsh'
[37.190s] Level 1:colcon.colcon_core.environment:create_file_with_runtime_dependencies(/home/keime/ros2_ws/install/robot_controller/share/colcon-core/packages/robot_controller)
[37.340s] DEBUG:colcon.colcon_parallel_executor.executor.parallel:closing loop
[37.362s] DEBUG:colcon.colcon_parallel_executor.executor.parallel:loop closed
[37.376s] DEBUG:colcon.colcon_parallel_executor.executor.parallel:run_until_complete finished with '0'
[37.384s] DEBUG:colcon.colcon_core.event_reactor:joining thread
[38.088s] INFO:colcon.colcon_core.plugin_system:Skipping extension 'colcon_notification.desktop_notification.notify_send': Could not find 'notify-send'
[38.089s] INFO:colcon.colcon_core.plugin_system:Skipping extension 'colcon_notification.desktop_notification.terminal_notifier': Not used on non-Darwin systems
[38.089s] INFO:colcon.colcon_core.plugin_system:Skipping extension 'colcon_notification.desktop_notification.win32': Not used on non-Windows systems
[38.098s] INFO:colcon.colcon_notification.desktop_notification:Sending desktop notification using 'notify2'
[39.216s] DEBUG:colcon.colcon_notification.desktop_notification.notify2:Failed to initialize notify2: org.freedesktop.DBus.Error.ServiceUnknown: The name org.freedesktop.Notifications was not provided by any .service files
[39.217s] DEBUG:colcon.colcon_core.event_reactor:joined thread
[39.253s] INFO:colcon.colcon_core.shell:Creating prefix script '/home/keime/ros2_ws/install/local_setup.ps1'
[39.286s] INFO:colcon.colcon_core.shell:Creating prefix util module '/home/keime/ros2_ws/install/_local_setup_util_ps1.py'
[39.319s] INFO:colcon.colcon_core.shell:Creating prefix chain script '/home/keime/ros2_ws/install/setup.ps1'
[39.339s] INFO:colcon.colcon_core.shell:Creating prefix script '/home/keime/ros2_ws/install/local_setup.sh'
[39.382s] INFO:colcon.colcon_core.shell:Creating prefix util module '/home/keime/ros2_ws/install/_local_setup_util_sh.py'
[39.388s] INFO:colcon.colcon_core.shell:Creating prefix chain script '/home/keime/ros2_ws/install/setup.sh'
[39.403s] INFO:colcon.colcon_core.shell:Creating prefix script '/home/keime/ros2_ws/install/local_setup.bash'
[39.415s] INFO:colcon.colcon_core.shell:Creating prefix chain script '/home/keime/ros2_ws/install/setup.bash'
[39.428s] INFO:colcon.colcon_core.shell:Creating prefix script '/home/keime/ros2_ws/install/local_setup.zsh'
[39.439s] INFO:colcon.colcon_core.shell:Creating prefix chain script '/home/keime/ros2_ws/install/setup.zsh'
