[7.983s] Invoking command in '/home/keime/ros2_ws/src/image_pub': PYTHONPATH=/home/keime/ros2_ws/build/image_pub/prefix_override:/home/keime/ros2_ws/install/image_pub/lib/python3.10/site-packages:${PYTHONPATH} /usr/bin/python3 -W ignore:setup.py install is deprecated setup.py egg_info --egg-base ../../build/image_pub build --build-base /home/keime/ros2_ws/build/image_pub/build install --record /home/keime/ros2_ws/build/image_pub/install.log --single-version-externally-managed install_data
[10.673s] running egg_info
[10.679s] writing ../../build/image_pub/image_pub.egg-info/PKG-INFO
[10.683s] writing dependency_links to ../../build/image_pub/image_pub.egg-info/dependency_links.txt
[10.685s] writing entry points to ../../build/image_pub/image_pub.egg-info/entry_points.txt
[10.687s] writing requirements to ../../build/image_pub/image_pub.egg-info/requires.txt
[10.689s] writing top-level names to ../../build/image_pub/image_pub.egg-info/top_level.txt
[10.708s] reading manifest file '../../build/image_pub/image_pub.egg-info/SOURCES.txt'
[10.719s] writing manifest file '../../build/image_pub/image_pub.egg-info/SOURCES.txt'
[10.721s] running build
[10.722s] running build_py
[10.727s] copying image_pub/image_publisher.py -> /home/keime/ros2_ws/build/image_pub/build/lib/image_pub
[10.731s] running install
[10.734s] running install_lib
[10.743s] copying /home/keime/ros2_ws/build/image_pub/build/lib/image_pub/image_publisher.py -> /home/keime/ros2_ws/install/image_pub/lib/python3.10/site-packages/image_pub
[10.751s] byte-compiling /home/keime/ros2_ws/install/image_pub/lib/python3.10/site-packages/image_pub/image_publisher.py to image_publisher.cpython-310.pyc
[10.757s] running install_data
[10.759s] running install_egg_info
[10.777s] removing '/home/keime/ros2_ws/install/image_pub/lib/python3.10/site-packages/image_pub-0.0.0-py3.10.egg-info' (and everything under it)
[10.781s] Copying ../../build/image_pub/image_pub.egg-info to /home/keime/ros2_ws/install/image_pub/lib/python3.10/site-packages/image_pub-0.0.0-py3.10.egg-info
[10.795s] running install_scripts
[11.022s] Installing img_publisher script to /home/keime/ros2_ws/install/image_pub/lib/image_pub
[11.026s] writing list of installed files to '/home/keime/ros2_ws/build/image_pub/install.log'
[11.285s] Invoked command in '/home/keime/ros2_ws/src/image_pub' returned '0': PYTHONPATH=/home/keime/ros2_ws/build/image_pub/prefix_override:/home/keime/ros2_ws/install/image_pub/lib/python3.10/site-packages:${PYTHONPATH} /usr/bin/python3 -W ignore:setup.py install is deprecated setup.py egg_info --egg-base ../../build/image_pub build --build-base /home/keime/ros2_ws/build/image_pub/build install --record /home/keime/ros2_ws/build/image_pub/install.log --single-version-externally-managed install_data
