[7.652s] Invoking command in '/home/keime/ros2_ws/src/robot_controller': PYTHONPATH=/home/keime/ros2_ws/build/robot_controller/prefix_override:/home/keime/ros2_ws/install/robot_controller/lib/python3.10/site-packages:${PYTHONPATH} /usr/bin/python3 -W ignore:setup.py install is deprecated setup.py egg_info --egg-base ../../build/robot_controller build --build-base /home/keime/ros2_ws/build/robot_controller/build install --record /home/keime/ros2_ws/build/robot_controller/install.log --single-version-externally-managed install_data
[10.341s] running egg_info
[10.346s] writing ../../build/robot_controller/robot_controller.egg-info/PKG-INFO
[10.348s] writing dependency_links to ../../build/robot_controller/robot_controller.egg-info/dependency_links.txt
[10.351s] writing entry points to ../../build/robot_controller/robot_controller.egg-info/entry_points.txt
[10.353s] writing requirements to ../../build/robot_controller/robot_controller.egg-info/requires.txt
[10.355s] writing top-level names to ../../build/robot_controller/robot_controller.egg-info/top_level.txt
[10.372s] reading manifest file '../../build/robot_controller/robot_controller.egg-info/SOURCES.txt'
[10.385s] writing manifest file '../../build/robot_controller/robot_controller.egg-info/SOURCES.txt'
[10.386s] running build
[10.387s] running build_py
[10.389s] copying robot_controller/command_subscriber_action.py -> /home/keime/ros2_ws/build/robot_controller/build/lib/robot_controller
[10.394s] running install
[10.397s] running install_lib
[10.405s] copying /home/keime/ros2_ws/build/robot_controller/build/lib/robot_controller/command_subscriber_action.py -> /home/keime/ros2_ws/install/robot_controller/lib/python3.10/site-packages/robot_controller
[10.411s] byte-compiling /home/keime/ros2_ws/install/robot_controller/lib/python3.10/site-packages/robot_controller/command_subscriber_action.py to command_subscriber_action.cpython-310.pyc
[10.425s] running install_data
[10.426s] running install_egg_info
[10.442s] removing '/home/keime/ros2_ws/install/robot_controller/lib/python3.10/site-packages/robot_controller-0.0.0-py3.10.egg-info' (and everything under it)
[10.447s] Copying ../../build/robot_controller/robot_controller.egg-info to /home/keime/ros2_ws/install/robot_controller/lib/python3.10/site-packages/robot_controller-0.0.0-py3.10.egg-info
[10.462s] running install_scripts
[10.661s] Installing action script to /home/keime/ros2_ws/install/robot_controller/lib/robot_controller
[10.665s] writing list of installed files to '/home/keime/ros2_ws/build/robot_controller/install.log'
[10.929s] Invoked command in '/home/keime/ros2_ws/src/robot_controller' returned '0': PYTHONPATH=/home/keime/ros2_ws/build/robot_controller/prefix_override:/home/keime/ros2_ws/install/robot_controller/lib/python3.10/site-packages:${PYTHONPATH} /usr/bin/python3 -W ignore:setup.py install is deprecated setup.py egg_info --egg-base ../../build/robot_controller build --build-base /home/keime/ros2_ws/build/robot_controller/build install --record /home/keime/ros2_ws/build/robot_controller/install.log --single-version-externally-managed install_data
