[7.398s] Invoking command in '/home/keime/ros2_ws/src/py_pubsub': PYTHONPATH=/home/keime/ros2_ws/build/py_pubsub/prefix_override:/home/keime/ros2_ws/install/py_pubsub/lib/python3.10/site-packages:${PYTHONPATH} /usr/bin/python3 -W ignore:setup.py install is deprecated setup.py egg_info --egg-base ../../build/py_pubsub build --build-base /home/keime/ros2_ws/build/py_pubsub/build install --record /home/keime/ros2_ws/build/py_pubsub/install.log --single-version-externally-managed install_data
[10.015s] running egg_info
[10.021s] writing ../../build/py_pubsub/py_pubsub.egg-info/PKG-INFO
[10.023s] writing dependency_links to ../../build/py_pubsub/py_pubsub.egg-info/dependency_links.txt
[10.025s] writing entry points to ../../build/py_pubsub/py_pubsub.egg-info/entry_points.txt
[10.027s] writing requirements to ../../build/py_pubsub/py_pubsub.egg-info/requires.txt
[10.029s] writing top-level names to ../../build/py_pubsub/py_pubsub.egg-info/top_level.txt
[10.046s] reading manifest file '../../build/py_pubsub/py_pubsub.egg-info/SOURCES.txt'
[10.058s] writing manifest file '../../build/py_pubsub/py_pubsub.egg-info/SOURCES.txt'
[10.060s] running build
[10.061s] running build_py
[10.063s] copying py_pubsub/publisher_member_function.py -> /home/keime/ros2_ws/build/py_pubsub/build/lib/py_pubsub
[10.066s] running install
[10.069s] running install_lib
[10.076s] copying /home/keime/ros2_ws/build/py_pubsub/build/lib/py_pubsub/publisher_member_function.py -> /home/keime/ros2_ws/install/py_pubsub/lib/python3.10/site-packages/py_pubsub
[10.083s] byte-compiling /home/keime/ros2_ws/install/py_pubsub/lib/python3.10/site-packages/py_pubsub/publisher_member_function.py to publisher_member_function.cpython-310.pyc
[10.089s] running install_data
[10.090s] running install_egg_info
[10.106s] removing '/home/keime/ros2_ws/install/py_pubsub/lib/python3.10/site-packages/py_pubsub-0.0.0-py3.10.egg-info' (and everything under it)
[10.110s] Copying ../../build/py_pubsub/py_pubsub.egg-info to /home/keime/ros2_ws/install/py_pubsub/lib/python3.10/site-packages/py_pubsub-0.0.0-py3.10.egg-info
[10.124s] running install_scripts
[10.323s] Installing listener script to /home/keime/ros2_ws/install/py_pubsub/lib/py_pubsub
[10.325s] Installing talker script to /home/keime/ros2_ws/install/py_pubsub/lib/py_pubsub
[10.329s] writing list of installed files to '/home/keime/ros2_ws/build/py_pubsub/install.log'
[10.589s] Invoked command in '/home/keime/ros2_ws/src/py_pubsub' returned '0': PYTHONPATH=/home/keime/ros2_ws/build/py_pubsub/prefix_override:/home/keime/ros2_ws/install/py_pubsub/lib/python3.10/site-packages:${PYTHONPATH} /usr/bin/python3 -W ignore:setup.py install is deprecated setup.py egg_info --egg-base ../../build/py_pubsub build --build-base /home/keime/ros2_ws/build/py_pubsub/build install --record /home/keime/ros2_ws/build/py_pubsub/install.log --single-version-externally-managed install_data
