[8.211s] Invoking command in '/home/keime/ros2_ws/src/image_pub': PYTHONPATH=/home/keime/ros2_ws/build/image_pub/prefix_override:/home/keime/ros2_ws/install/image_pub/lib/python3.10/site-packages:${PYTHONPATH} /usr/bin/python3 -W ignore:setup.py install is deprecated setup.py egg_info --egg-base ../../build/image_pub build --build-base /home/keime/ros2_ws/build/image_pub/build install --record /home/keime/ros2_ws/build/image_pub/install.log --single-version-externally-managed install_data
[10.950s] running egg_info
[10.957s] writing ../../build/image_pub/image_pub.egg-info/PKG-INFO
[10.961s] writing dependency_links to ../../build/image_pub/image_pub.egg-info/dependency_links.txt
[10.963s] writing entry points to ../../build/image_pub/image_pub.egg-info/entry_points.txt
[10.965s] writing requirements to ../../build/image_pub/image_pub.egg-info/requires.txt
[10.967s] writing top-level names to ../../build/image_pub/image_pub.egg-info/top_level.txt
[10.985s] reading manifest file '../../build/image_pub/image_pub.egg-info/SOURCES.txt'
[10.997s] writing manifest file '../../build/image_pub/image_pub.egg-info/SOURCES.txt'
[10.998s] running build
[10.999s] running build_py
[11.006s] running install
[11.009s] running install_lib
[11.026s] running install_data
[11.031s] running install_egg_info
[11.050s] removing '/home/keime/ros2_ws/install/image_pub/lib/python3.10/site-packages/image_pub-0.0.0-py3.10.egg-info' (and everything under it)
[11.056s] Copying ../../build/image_pub/image_pub.egg-info to /home/keime/ros2_ws/install/image_pub/lib/python3.10/site-packages/image_pub-0.0.0-py3.10.egg-info
[11.071s] running install_scripts
[11.287s] Installing action script to /home/keime/ros2_ws/install/image_pub/lib/image_pub
[11.291s] Installing img_publisher script to /home/keime/ros2_ws/install/image_pub/lib/image_pub
[11.294s] writing list of installed files to '/home/keime/ros2_ws/build/image_pub/install.log'
[11.561s] Invoked command in '/home/keime/ros2_ws/src/image_pub' returned '0': PYTHONPATH=/home/keime/ros2_ws/build/image_pub/prefix_override:/home/keime/ros2_ws/install/image_pub/lib/python3.10/site-packages:${PYTHONPATH} /usr/bin/python3 -W ignore:setup.py install is deprecated setup.py egg_info --egg-base ../../build/image_pub build --build-base /home/keime/ros2_ws/build/image_pub/build install --record /home/keime/ros2_ws/build/image_pub/install.log --single-version-externally-managed install_data
