[11.096s] Invoking command in '/home/keime/ros2_ws/src/robot_controller': PYTHONPATH=/home/keime/ros2_ws/build/robot_controller/prefix_override:/home/keime/ros2_ws/install/robot_controller/lib/python3.10/site-packages:${PYTHONPATH} /usr/bin/python3 -W ignore:setup.py install is deprecated setup.py egg_info --egg-base ../../build/robot_controller build --build-base /home/keime/ros2_ws/build/robot_controller/build install --record /home/keime/ros2_ws/build/robot_controller/install.log --single-version-externally-managed install_data
[14.121s] running egg_info
[14.128s] writing ../../build/robot_controller/robot_controller.egg-info/PKG-INFO
[14.133s] writing dependency_links to ../../build/robot_controller/robot_controller.egg-info/dependency_links.txt
[14.135s] writing entry points to ../../build/robot_controller/robot_controller.egg-info/entry_points.txt
[14.138s] writing requirements to ../../build/robot_controller/robot_controller.egg-info/requires.txt
[14.141s] writing top-level names to ../../build/robot_controller/robot_controller.egg-info/top_level.txt
[14.162s] reading manifest file '../../build/robot_controller/robot_controller.egg-info/SOURCES.txt'
[14.174s] writing manifest file '../../build/robot_controller/robot_controller.egg-info/SOURCES.txt'
[14.176s] running build
[14.178s] running build_py
[14.185s] running install
[14.189s] running install_lib
[14.208s] running install_data
[14.214s] running install_egg_info
[14.233s] removing '/home/keime/ros2_ws/install/robot_controller/lib/python3.10/site-packages/robot_controller-0.0.0-py3.10.egg-info' (and everything under it)
[14.239s] Copying ../../build/robot_controller/robot_controller.egg-info to /home/keime/ros2_ws/install/robot_controller/lib/python3.10/site-packages/robot_controller-0.0.0-py3.10.egg-info
[14.257s] running install_scripts
[14.488s] Installing action script to /home/keime/ros2_ws/install/robot_controller/lib/robot_controller
[14.493s] writing list of installed files to '/home/keime/ros2_ws/build/robot_controller/install.log'
[14.887s] Invoked command in '/home/keime/ros2_ws/src/robot_controller' returned '0': PYTHONPATH=/home/keime/ros2_ws/build/robot_controller/prefix_override:/home/keime/ros2_ws/install/robot_controller/lib/python3.10/site-packages:${PYTHONPATH} /usr/bin/python3 -W ignore:setup.py install is deprecated setup.py egg_info --egg-base ../../build/robot_controller build --build-base /home/keime/ros2_ws/build/robot_controller/build install --record /home/keime/ros2_ws/build/robot_controller/install.log --single-version-externally-managed install_data
