[6.970s] Invoking command in '/home/keime/ros2_ws/src/image_pub': PYTHONPATH=/home/keime/ros2_ws/build/image_pub/prefix_override:/home/keime/ros2_ws/install/image_pub/lib/python3.10/site-packages:${PYTHONPATH} /usr/bin/python3 -W ignore:setup.py install is deprecated setup.py egg_info --egg-base ../../build/image_pub build --build-base /home/keime/ros2_ws/build/image_pub/build install --record /home/keime/ros2_ws/build/image_pub/install.log --single-version-externally-managed install_data
[9.666s] running egg_info
[9.672s] writing ../../build/image_pub/image_pub.egg-info/PKG-INFO
[9.674s] writing dependency_links to ../../build/image_pub/image_pub.egg-info/dependency_links.txt
[9.676s] writing entry points to ../../build/image_pub/image_pub.egg-info/entry_points.txt
[9.679s] writing requirements to ../../build/image_pub/image_pub.egg-info/requires.txt
[9.680s] writing top-level names to ../../build/image_pub/image_pub.egg-info/top_level.txt
[9.698s] reading manifest file '../../build/image_pub/image_pub.egg-info/SOURCES.txt'
[9.707s] writing manifest file '../../build/image_pub/image_pub.egg-info/SOURCES.txt'
[9.709s] running build
[9.710s] running build_py
[9.712s] copying image_pub/img_publisher.py -> /home/keime/ros2_ws/build/image_pub/build/lib/image_pub
[9.715s] running install
[9.718s] running install_lib
[9.726s] copying /home/keime/ros2_ws/build/image_pub/build/lib/image_pub/img_publisher.py -> /home/keime/ros2_ws/install/image_pub/lib/python3.10/site-packages/image_pub
[9.733s] byte-compiling /home/keime/ros2_ws/install/image_pub/lib/python3.10/site-packages/image_pub/img_publisher.py to img_publisher.cpython-310.pyc
[9.738s] running install_data
[9.739s] running install_egg_info
[9.757s] removing '/home/keime/ros2_ws/install/image_pub/lib/python3.10/site-packages/image_pub-0.0.0-py3.10.egg-info' (and everything under it)
[9.761s] Copying ../../build/image_pub/image_pub.egg-info to /home/keime/ros2_ws/install/image_pub/lib/python3.10/site-packages/image_pub-0.0.0-py3.10.egg-info
[9.774s] running install_scripts
[9.996s] Installing image_publisher script to /home/keime/ros2_ws/install/image_pub/lib/image_pub
[9.999s] writing list of installed files to '/home/keime/ros2_ws/build/image_pub/install.log'
[10.262s] Invoked command in '/home/keime/ros2_ws/src/image_pub' returned '0': PYTHONPATH=/home/keime/ros2_ws/build/image_pub/prefix_override:/home/keime/ros2_ws/install/image_pub/lib/python3.10/site-packages:${PYTHONPATH} /usr/bin/python3 -W ignore:setup.py install is deprecated setup.py egg_info --egg-base ../../build/image_pub build --build-base /home/keime/ros2_ws/build/image_pub/build install --record /home/keime/ros2_ws/build/image_pub/install.log --single-version-externally-managed install_data
