[21.403s] Invoking command in '/home/keime/ros2_ws/src/image_pubsub': PYTHONPATH=/home/keime/ros2_ws/build/image_pubsub/prefix_override:/home/keime/ros2_ws/install/image_pubsub/lib/python3.10/site-packages:${PYTHONPATH} /usr/bin/python3 -W ignore:setup.py install is deprecated setup.py egg_info --egg-base ../../build/image_pubsub build --build-base /home/keime/ros2_ws/build/image_pubsub/build install --record /home/keime/ros2_ws/build/image_pubsub/install.log --single-version-externally-managed install_data
[25.866s] running egg_info
[25.873s] writing ../../build/image_pubsub/image_pubsub.egg-info/PKG-INFO
[25.877s] writing dependency_links to ../../build/image_pubsub/image_pubsub.egg-info/dependency_links.txt
[25.882s] writing entry points to ../../build/image_pubsub/image_pubsub.egg-info/entry_points.txt
[25.888s] writing requirements to ../../build/image_pubsub/image_pubsub.egg-info/requires.txt
[25.890s] writing top-level names to ../../build/image_pubsub/image_pubsub.egg-info/top_level.txt
[25.942s] reading manifest file '../../build/image_pubsub/image_pubsub.egg-info/SOURCES.txt'
[25.960s] writing manifest file '../../build/image_pubsub/image_pubsub.egg-info/SOURCES.txt'
[25.963s] running build
[25.965s] running build_py
[25.986s] running install
[25.988s] running install_lib
[26.023s] running install_data
[26.037s] running install_egg_info
[26.058s] removing '/home/keime/ros2_ws/install/image_pubsub/lib/python3.10/site-packages/image_pubsub-0.0.0-py3.10.egg-info' (and everything under it)
[26.080s] Copying ../../build/image_pubsub/image_pubsub.egg-info to /home/keime/ros2_ws/install/image_pubsub/lib/python3.10/site-packages/image_pubsub-0.0.0-py3.10.egg-info
[26.096s] running install_scripts
[26.442s] Installing command_publisher_gui script to /home/keime/ros2_ws/install/image_pubsub/lib/image_pubsub
[26.448s] Installing img_publisher script to /home/keime/ros2_ws/install/image_pubsub/lib/image_pubsub
[26.454s] Installing img_subscriber script to /home/keime/ros2_ws/install/image_pubsub/lib/image_pubsub
[26.461s] writing list of installed files to '/home/keime/ros2_ws/build/image_pubsub/install.log'
[26.970s] Invoked command in '/home/keime/ros2_ws/src/image_pubsub' returned '0': PYTHONPATH=/home/keime/ros2_ws/build/image_pubsub/prefix_override:/home/keime/ros2_ws/install/image_pubsub/lib/python3.10/site-packages:${PYTHONPATH} /usr/bin/python3 -W ignore:setup.py install is deprecated setup.py egg_info --egg-base ../../build/image_pubsub build --build-base /home/keime/ros2_ws/build/image_pubsub/build install --record /home/keime/ros2_ws/build/image_pubsub/install.log --single-version-externally-managed install_data
