[10.681s] Invoking command in '/home/keime/ros2_ws/src/robot_controller_gui': PYTHONPATH=/home/keime/ros2_ws/build/robot_controller_gui/prefix_override:/home/keime/ros2_ws/install/robot_controller_gui/lib/python3.10/site-packages:${PYTHONPATH} /usr/bin/python3 -W ignore:setup.py install is deprecated setup.py egg_info --egg-base ../../build/robot_controller_gui build --build-base /home/keime/ros2_ws/build/robot_controller_gui/build install --record /home/keime/ros2_ws/build/robot_controller_gui/install.log --single-version-externally-managed install_data
[13.715s] running egg_info
[13.722s] writing ../../build/robot_controller_gui/robot_controller_gui.egg-info/PKG-INFO
[13.727s] writing dependency_links to ../../build/robot_controller_gui/robot_controller_gui.egg-info/dependency_links.txt
[13.729s] writing entry points to ../../build/robot_controller_gui/robot_controller_gui.egg-info/entry_points.txt
[13.731s] writing requirements to ../../build/robot_controller_gui/robot_controller_gui.egg-info/requires.txt
[13.733s] writing top-level names to ../../build/robot_controller_gui/robot_controller_gui.egg-info/top_level.txt
[13.759s] reading manifest file '../../build/robot_controller_gui/robot_controller_gui.egg-info/SOURCES.txt'
[13.772s] writing manifest file '../../build/robot_controller_gui/robot_controller_gui.egg-info/SOURCES.txt'
[13.774s] running build
[13.776s] running build_py
[13.781s] running install
[13.784s] running install_lib
[13.804s] running install_data
[13.808s] running install_egg_info
[13.828s] removing '/home/keime/ros2_ws/install/robot_controller_gui/lib/python3.10/site-packages/robot_controller_gui-0.0.0-py3.10.egg-info' (and everything under it)
[13.833s] Copying ../../build/robot_controller_gui/robot_controller_gui.egg-info to /home/keime/ros2_ws/install/robot_controller_gui/lib/python3.10/site-packages/robot_controller_gui-0.0.0-py3.10.egg-info
[13.851s] running install_scripts
[14.079s] Installing command_publisher_gui script to /home/keime/ros2_ws/install/robot_controller_gui/lib/robot_controller_gui
[14.086s] writing list of installed files to '/home/keime/ros2_ws/build/robot_controller_gui/install.log'
[14.415s] Invoked command in '/home/keime/ros2_ws/src/robot_controller_gui' returned '0': PYTHONPATH=/home/keime/ros2_ws/build/robot_controller_gui/prefix_override:/home/keime/ros2_ws/install/robot_controller_gui/lib/python3.10/site-packages:${PYTHONPATH} /usr/bin/python3 -W ignore:setup.py install is deprecated setup.py egg_info --egg-base ../../build/robot_controller_gui build --build-base /home/keime/ros2_ws/build/robot_controller_gui/build install --record /home/keime/ros2_ws/build/robot_controller_gui/install.log --single-version-externally-managed install_data
