[9.788s] Invoking command in '/home/keime/ros2_ws/src/image_pub': PYTHONPATH=/home/keime/ros2_ws/build/image_pub/prefix_override:/home/keime/ros2_ws/install/image_pub/lib/python3.10/site-packages:${PYTHONPATH} /usr/bin/python3 -W ignore:setup.py install is deprecated setup.py egg_info --egg-base ../../build/image_pub build --build-base /home/keime/ros2_ws/build/image_pub/build install --record /home/keime/ros2_ws/build/image_pub/install.log --single-version-externally-managed install_data
[12.784s] running egg_info
[12.792s] writing ../../build/image_pub/image_pub.egg-info/PKG-INFO
[12.797s] writing dependency_links to ../../build/image_pub/image_pub.egg-info/dependency_links.txt
[12.800s] writing entry points to ../../build/image_pub/image_pub.egg-info/entry_points.txt
[12.804s] writing requirements to ../../build/image_pub/image_pub.egg-info/requires.txt
[12.806s] writing top-level names to ../../build/image_pub/image_pub.egg-info/top_level.txt
[12.828s] reading manifest file '../../build/image_pub/image_pub.egg-info/SOURCES.txt'
[12.844s] writing manifest file '../../build/image_pub/image_pub.egg-info/SOURCES.txt'
[12.846s] running build
[12.847s] running build_py
[12.853s] running install
[12.857s] running install_lib
[12.879s] running install_data
[12.884s] running install_egg_info
[12.903s] removing '/home/keime/ros2_ws/install/image_pub/lib/python3.10/site-packages/image_pub-0.0.0-py3.10.egg-info' (and everything under it)
[12.910s] Copying ../../build/image_pub/image_pub.egg-info to /home/keime/ros2_ws/install/image_pub/lib/python3.10/site-packages/image_pub-0.0.0-py3.10.egg-info
[12.928s] running install_scripts
[13.159s] Installing action script to /home/keime/ros2_ws/install/image_pub/lib/image_pub
[13.163s] Installing img_publisher script to /home/keime/ros2_ws/install/image_pub/lib/image_pub
[13.167s] writing list of installed files to '/home/keime/ros2_ws/build/image_pub/install.log'
[13.441s] Invoked command in '/home/keime/ros2_ws/src/image_pub' returned '0': PYTHONPATH=/home/keime/ros2_ws/build/image_pub/prefix_override:/home/keime/ros2_ws/install/image_pub/lib/python3.10/site-packages:${PYTHONPATH} /usr/bin/python3 -W ignore:setup.py install is deprecated setup.py egg_info --egg-base ../../build/image_pub build --build-base /home/keime/ros2_ws/build/image_pub/build install --record /home/keime/ros2_ws/build/image_pub/install.log --single-version-externally-managed install_data
