[0.878s] Invoking command in '/home/keime/ros2_ws/src/image_pub': PYTHONPATH=/home/keime/ros2_ws/build/image_pub/prefix_override:/home/keime/ros2_ws/install/image_pub/lib/python3.10/site-packages:${PYTHONPATH} /usr/bin/python3 setup.py egg_info --egg-base ../../build/image_pub build --build-base /home/keime/ros2_ws/build/image_pub/build install --record /home/keime/ros2_ws/build/image_pub/install.log --single-version-externally-managed
[1.090s] running egg_info
[1.091s] writing ../../build/image_pub/image_pub.egg-info/PKG-INFO
[1.091s] writing dependency_links to ../../build/image_pub/image_pub.egg-info/dependency_links.txt
[1.092s] writing entry points to ../../build/image_pub/image_pub.egg-info/entry_points.txt
[1.092s] writing requirements to ../../build/image_pub/image_pub.egg-info/requires.txt
[1.092s] writing top-level names to ../../build/image_pub/image_pub.egg-info/top_level.txt
[1.094s] reading manifest file '../../build/image_pub/image_pub.egg-info/SOURCES.txt'
[1.094s] writing manifest file '../../build/image_pub/image_pub.egg-info/SOURCES.txt'
[1.095s] running build
[1.095s] running build_py
[1.095s] running install
[1.095s] running install_lib
[1.096s] running install_data
[1.097s] running install_egg_info
[1.098s] removing '/home/keime/ros2_ws/install/image_pub/lib/python3.10/site-packages/image_pub-0.0.0-py3.10.egg-info' (and everything under it)
[1.098s] Copying ../../build/image_pub/image_pub.egg-info to /home/keime/ros2_ws/install/image_pub/lib/python3.10/site-packages/image_pub-0.0.0-py3.10.egg-info
[1.099s] running install_scripts
[1.116s] Installing action script to /home/keime/ros2_ws/install/image_pub/lib/image_pub
[1.116s] Installing img_publisher script to /home/keime/ros2_ws/install/image_pub/lib/image_pub
[1.117s] writing list of installed files to '/home/keime/ros2_ws/build/image_pub/install.log'
[1.222s] Invoked command in '/home/keime/ros2_ws/src/image_pub' returned '0': PYTHONPATH=/home/keime/ros2_ws/build/image_pub/prefix_override:/home/keime/ros2_ws/install/image_pub/lib/python3.10/site-packages:${PYTHONPATH} /usr/bin/python3 setup.py egg_info --egg-base ../../build/image_pub build --build-base /home/keime/ros2_ws/build/image_pub/build install --record /home/keime/ros2_ws/build/image_pub/install.log --single-version-externally-managed
