[7.186s] Invoking command in '/home/keime/ros2_ws/src/image_pub': PYTHONPATH=/home/keime/ros2_ws/build/image_pub/prefix_override:/home/keime/ros2_ws/install/image_pub/lib/python3.10/site-packages:${PYTHONPATH} /usr/bin/python3 -W ignore:setup.py install is deprecated setup.py egg_info --egg-base ../../build/image_pub build --build-base /home/keime/ros2_ws/build/image_pub/build install --record /home/keime/ros2_ws/build/image_pub/install.log --single-version-externally-managed install_data
[9.934s] running egg_info
[9.940s] writing ../../build/image_pub/image_pub.egg-info/PKG-INFO
[9.943s] writing dependency_links to ../../build/image_pub/image_pub.egg-info/dependency_links.txt
[9.945s] writing entry points to ../../build/image_pub/image_pub.egg-info/entry_points.txt
[9.947s] writing requirements to ../../build/image_pub/image_pub.egg-info/requires.txt
[9.949s] writing top-level names to ../../build/image_pub/image_pub.egg-info/top_level.txt
[9.968s] reading manifest file '../../build/image_pub/image_pub.egg-info/SOURCES.txt'
[9.977s] writing manifest file '../../build/image_pub/image_pub.egg-info/SOURCES.txt'
[9.979s] running build
[9.980s] running build_py
[9.984s] running install
[9.987s] running install_lib
[10.001s] running install_data
[10.002s] running install_egg_info
[10.019s] removing '/home/keime/ros2_ws/install/image_pub/lib/python3.10/site-packages/image_pub-0.0.0-py3.10.egg-info' (and everything under it)
[10.024s] Copying ../../build/image_pub/image_pub.egg-info to /home/keime/ros2_ws/install/image_pub/lib/python3.10/site-packages/image_pub-0.0.0-py3.10.egg-info
[10.037s] running install_scripts
[10.246s] Installing action script to /home/keime/ros2_ws/install/image_pub/lib/image_pub
[10.248s] Installing img_publisher script to /home/keime/ros2_ws/install/image_pub/lib/image_pub
[10.252s] writing list of installed files to '/home/keime/ros2_ws/build/image_pub/install.log'
[10.515s] Invoked command in '/home/keime/ros2_ws/src/image_pub' returned '0': PYTHONPATH=/home/keime/ros2_ws/build/image_pub/prefix_override:/home/keime/ros2_ws/install/image_pub/lib/python3.10/site-packages:${PYTHONPATH} /usr/bin/python3 -W ignore:setup.py install is deprecated setup.py egg_info --egg-base ../../build/image_pub build --build-base /home/keime/ros2_ws/build/image_pub/build install --record /home/keime/ros2_ws/build/image_pub/install.log --single-version-externally-managed install_data
