[1.196s] DEBUG:colcon:Command line arguments: ['/usr/bin/colcon', 'build', '--packages-select', 'robot_controller']
[1.197s] DEBUG:colcon:Parsed command line arguments: Namespace(log_base=None, log_level=None, verb_name='build', build_base='build', install_base='install', merge_install=False, symlink_install=False, test_result_base=None, continue_on_error=False, executor='parallel', parallel_workers=4, event_handlers=None, ignore_user_meta=False, metas=['./colcon.meta'], base_paths=['.'], packages_ignore=None, packages_ignore_regex=None, paths=None, packages_up_to=None, packages_up_to_regex=None, packages_above=None, packages_above_and_dependencies=None, packages_above_depth=None, packages_select_by_dep=None, packages_skip_by_dep=None, packages_skip_up_to=None, packages_select_build_failed=False, packages_skip_build_finished=False, packages_select_test_failures=False, packages_skip_test_passed=False, packages_select=['robot_controller'], packages_skip=None, packages_select_regex=None, packages_skip_regex=None, packages_start=None, packages_end=None, allow_overriding=[], cmake_args=None, cmake_target=None, cmake_target_skip_unavailable=False, cmake_clean_cache=False, cmake_clean_first=False, cmake_force_configure=False, ament_cmake_args=None, catkin_cmake_args=None, catkin_skip_building_tests=False, verb_parser=<colcon_defaults.argument_parser.defaults.DefaultArgumentsDecorator object at 0xffffafd4ece0>, verb_extension=<colcon_core.verb.build.BuildVerb object at 0xffffafee37c0>, main=<bound method BuildVerb.main of <colcon_core.verb.build.BuildVerb object at 0xffffafee37c0>>)
[3.140s] Level 1:colcon.colcon_core.package_discovery:discover_packages(colcon_meta) check parameters
[3.140s] Level 1:colcon.colcon_core.package_discovery:discover_packages(recursive) check parameters
[3.141s] Level 1:colcon.colcon_core.package_discovery:discover_packages(ignore) check parameters
[3.141s] Level 1:colcon.colcon_core.package_discovery:discover_packages(path) check parameters
[3.141s] Level 1:colcon.colcon_core.package_discovery:discover_packages(colcon_meta) discover
[3.142s] Level 1:colcon.colcon_core.package_discovery:discover_packages(recursive) discover
[3.142s] INFO:colcon.colcon_core.package_discovery:Crawling recursively for packages in '/home/keime/ros2_ws'
[3.144s] Level 1:colcon.colcon_core.package_identification:_identify(.) by extensions ['ignore', 'ignore_ament_install']
[3.144s] Level 1:colcon.colcon_core.package_identification:_identify(.) by extension 'ignore'
[3.145s] Level 1:colcon.colcon_core.package_identification:_identify(.) by extension 'ignore_ament_install'
[3.146s] Level 1:colcon.colcon_core.package_identification:_identify(.) by extensions ['colcon_pkg']
[3.146s] Level 1:colcon.colcon_core.package_identification:_identify(.) by extension 'colcon_pkg'
[3.147s] Level 1:colcon.colcon_core.package_identification:_identify(.) by extensions ['colcon_meta']
[3.147s] Level 1:colcon.colcon_core.package_identification:_identify(.) by extension 'colcon_meta'
[3.147s] Level 1:colcon.colcon_core.package_identification:_identify(.) by extensions ['ros']
[3.148s] Level 1:colcon.colcon_core.package_identification:_identify(.) by extension 'ros'
[3.266s] Level 1:colcon.colcon_core.package_identification:_identify(.) by extensions ['cmake', 'python']
[3.266s] Level 1:colcon.colcon_core.package_identification:_identify(.) by extension 'cmake'
[3.267s] Level 1:colcon.colcon_core.package_identification:_identify(.) by extension 'python'
[3.267s] Level 1:colcon.colcon_core.package_identification:_identify(.) by extensions ['python_setup_py']
[3.268s] Level 1:colcon.colcon_core.package_identification:_identify(.) by extension 'python_setup_py'
[3.269s] Level 1:colcon.colcon_core.package_identification:_identify(build) by extensions ['ignore', 'ignore_ament_install']
[3.270s] Level 1:colcon.colcon_core.package_identification:_identify(build) by extension 'ignore'
[3.270s] Level 1:colcon.colcon_core.package_identification:_identify(build) ignored
[3.272s] Level 1:colcon.colcon_core.package_identification:_identify(install) by extensions ['ignore', 'ignore_ament_install']
[3.273s] Level 1:colcon.colcon_core.package_identification:_identify(install) by extension 'ignore'
[3.273s] Level 1:colcon.colcon_core.package_identification:_identify(install) ignored
[3.275s] Level 1:colcon.colcon_core.package_identification:_identify(log) by extensions ['ignore', 'ignore_ament_install']
[3.276s] Level 1:colcon.colcon_core.package_identification:_identify(log) by extension 'ignore'
[3.276s] Level 1:colcon.colcon_core.package_identification:_identify(log) ignored
[3.278s] Level 1:colcon.colcon_core.package_identification:_identify(pythonテスト) by extensions ['ignore', 'ignore_ament_install']
[3.279s] Level 1:colcon.colcon_core.package_identification:_identify(pythonテスト) by extension 'ignore'
[3.279s] Level 1:colcon.colcon_core.package_identification:_identify(pythonテスト) by extension 'ignore_ament_install'
[3.280s] Level 1:colcon.colcon_core.package_identification:_identify(pythonテスト) by extensions ['colcon_pkg']
[3.280s] Level 1:colcon.colcon_core.package_identification:_identify(pythonテスト) by extension 'colcon_pkg'
[3.281s] Level 1:colcon.colcon_core.package_identification:_identify(pythonテスト) by extensions ['colcon_meta']
[3.281s] Level 1:colcon.colcon_core.package_identification:_identify(pythonテスト) by extension 'colcon_meta'
[3.281s] Level 1:colcon.colcon_core.package_identification:_identify(pythonテスト) by extensions ['ros']
[3.282s] Level 1:colcon.colcon_core.package_identification:_identify(pythonテスト) by extension 'ros'
[3.283s] Level 1:colcon.colcon_core.package_identification:_identify(pythonテスト) by extensions ['cmake', 'python']
[3.283s] Level 1:colcon.colcon_core.package_identification:_identify(pythonテスト) by extension 'cmake'
[3.284s] Level 1:colcon.colcon_core.package_identification:_identify(pythonテスト) by extension 'python'
[3.284s] Level 1:colcon.colcon_core.package_identification:_identify(pythonテスト) by extensions ['python_setup_py']
[3.284s] Level 1:colcon.colcon_core.package_identification:_identify(pythonテスト) by extension 'python_setup_py'
[3.286s] Level 1:colcon.colcon_core.package_identification:_identify(src) by extensions ['ignore', 'ignore_ament_install']
[3.287s] Level 1:colcon.colcon_core.package_identification:_identify(src) by extension 'ignore'
[3.287s] Level 1:colcon.colcon_core.package_identification:_identify(src) by extension 'ignore_ament_install'
[3.288s] Level 1:colcon.colcon_core.package_identification:_identify(src) by extensions ['colcon_pkg']
[3.288s] Level 1:colcon.colcon_core.package_identification:_identify(src) by extension 'colcon_pkg'
[3.288s] Level 1:colcon.colcon_core.package_identification:_identify(src) by extensions ['colcon_meta']
[3.289s] Level 1:colcon.colcon_core.package_identification:_identify(src) by extension 'colcon_meta'
[3.289s] Level 1:colcon.colcon_core.package_identification:_identify(src) by extensions ['ros']
[3.290s] Level 1:colcon.colcon_core.package_identification:_identify(src) by extension 'ros'
[3.291s] Level 1:colcon.colcon_core.package_identification:_identify(src) by extensions ['cmake', 'python']
[3.291s] Level 1:colcon.colcon_core.package_identification:_identify(src) by extension 'cmake'
[3.291s] Level 1:colcon.colcon_core.package_identification:_identify(src) by extension 'python'
[3.292s] Level 1:colcon.colcon_core.package_identification:_identify(src) by extensions ['python_setup_py']
[3.292s] Level 1:colcon.colcon_core.package_identification:_identify(src) by extension 'python_setup_py'
[3.293s] Level 1:colcon.colcon_core.package_identification:_identify(src/image_pubsub) by extensions ['ignore', 'ignore_ament_install']
[3.295s] Level 1:colcon.colcon_core.package_identification:_identify(src/image_pubsub) by extension 'ignore'
[3.295s] Level 1:colcon.colcon_core.package_identification:_identify(src/image_pubsub) by extension 'ignore_ament_install'
[3.296s] Level 1:colcon.colcon_core.package_identification:_identify(src/image_pubsub) by extensions ['colcon_pkg']
[3.296s] Level 1:colcon.colcon_core.package_identification:_identify(src/image_pubsub) by extension 'colcon_pkg'
[3.297s] Level 1:colcon.colcon_core.package_identification:_identify(src/image_pubsub) by extensions ['colcon_meta']
[3.297s] Level 1:colcon.colcon_core.package_identification:_identify(src/image_pubsub) by extension 'colcon_meta'
[3.297s] Level 1:colcon.colcon_core.package_identification:_identify(src/image_pubsub) by extensions ['ros']
[3.298s] Level 1:colcon.colcon_core.package_identification:_identify(src/image_pubsub) by extension 'ros'
[3.320s] DEBUG:colcon.colcon_core.package_identification:Package 'src/image_pubsub' with type 'ros.ament_python' and name 'image_pubsub'
[3.321s] Level 1:colcon.colcon_core.package_identification:_identify(src/py_pubsub) by extensions ['ignore', 'ignore_ament_install']
[3.322s] Level 1:colcon.colcon_core.package_identification:_identify(src/py_pubsub) by extension 'ignore'
[3.323s] Level 1:colcon.colcon_core.package_identification:_identify(src/py_pubsub) by extension 'ignore_ament_install'
[3.323s] Level 1:colcon.colcon_core.package_identification:_identify(src/py_pubsub) by extensions ['colcon_pkg']
[3.324s] Level 1:colcon.colcon_core.package_identification:_identify(src/py_pubsub) by extension 'colcon_pkg'
[3.324s] Level 1:colcon.colcon_core.package_identification:_identify(src/py_pubsub) by extensions ['colcon_meta']
[3.325s] Level 1:colcon.colcon_core.package_identification:_identify(src/py_pubsub) by extension 'colcon_meta'
[3.325s] Level 1:colcon.colcon_core.package_identification:_identify(src/py_pubsub) by extensions ['ros']
[3.325s] Level 1:colcon.colcon_core.package_identification:_identify(src/py_pubsub) by extension 'ros'
[3.344s] DEBUG:colcon.colcon_core.package_identification:Package 'src/py_pubsub' with type 'ros.ament_python' and name 'py_pubsub'
[3.345s] Level 1:colcon.colcon_core.package_identification:_identify(src/robot_controller) by extensions ['ignore', 'ignore_ament_install']
[3.346s] Level 1:colcon.colcon_core.package_identification:_identify(src/robot_controller) by extension 'ignore'
[3.347s] Level 1:colcon.colcon_core.package_identification:_identify(src/robot_controller) by extension 'ignore_ament_install'
[3.347s] Level 1:colcon.colcon_core.package_identification:_identify(src/robot_controller) by extensions ['colcon_pkg']
[3.348s] Level 1:colcon.colcon_core.package_identification:_identify(src/robot_controller) by extension 'colcon_pkg'
[3.348s] Level 1:colcon.colcon_core.package_identification:_identify(src/robot_controller) by extensions ['colcon_meta']
[3.348s] Level 1:colcon.colcon_core.package_identification:_identify(src/robot_controller) by extension 'colcon_meta'
[3.349s] Level 1:colcon.colcon_core.package_identification:_identify(src/robot_controller) by extensions ['ros']
[3.349s] Level 1:colcon.colcon_core.package_identification:_identify(src/robot_controller) by extension 'ros'
[3.354s] DEBUG:colcon.colcon_core.package_identification:Package 'src/robot_controller' with type 'ros.ament_python' and name 'robot_controller'
[3.355s] Level 1:colcon.colcon_core.package_discovery:discover_packages(recursive) using defaults
[3.355s] Level 1:colcon.colcon_core.package_discovery:discover_packages(ignore) discover
[3.355s] Level 1:colcon.colcon_core.package_discovery:discover_packages(ignore) using defaults
[3.356s] Level 1:colcon.colcon_core.package_discovery:discover_packages(path) discover
[3.356s] Level 1:colcon.colcon_core.package_discovery:discover_packages(path) using defaults
[3.558s] INFO:colcon.colcon_core.package_selection:Skipping not selected package 'image_pubsub' in 'src/image_pubsub'
[3.558s] INFO:colcon.colcon_core.package_selection:Skipping not selected package 'py_pubsub' in 'src/py_pubsub'
[3.563s] Level 1:colcon.colcon_core.package_discovery:discover_packages(prefix_path) check parameters
[3.563s] Level 1:colcon.colcon_core.package_discovery:discover_packages(prefix_path) discover
[3.584s] DEBUG:colcon.colcon_installed_package_information.package_discovery:Found 3 installed packages in /home/keime/ros2_ws/install
[3.601s] DEBUG:colcon.colcon_installed_package_information.package_discovery:Found 181 installed packages in /opt/ros/humble
[3.613s] Level 1:colcon.colcon_core.package_discovery:discover_packages(prefix_path) using defaults
[3.943s] Level 5:colcon.colcon_core.verb:set package 'robot_controller' build argument 'cmake_args' from command line to 'None'
[3.944s] Level 5:colcon.colcon_core.verb:set package 'robot_controller' build argument 'cmake_target' from command line to 'None'
[3.944s] Level 5:colcon.colcon_core.verb:set package 'robot_controller' build argument 'cmake_target_skip_unavailable' from command line to 'False'
[3.945s] Level 5:colcon.colcon_core.verb:set package 'robot_controller' build argument 'cmake_clean_cache' from command line to 'False'
[3.945s] Level 5:colcon.colcon_core.verb:set package 'robot_controller' build argument 'cmake_clean_first' from command line to 'False'
[3.945s] Level 5:colcon.colcon_core.verb:set package 'robot_controller' build argument 'cmake_force_configure' from command line to 'False'
[3.945s] Level 5:colcon.colcon_core.verb:set package 'robot_controller' build argument 'ament_cmake_args' from command line to 'None'
[3.946s] Level 5:colcon.colcon_core.verb:set package 'robot_controller' build argument 'catkin_cmake_args' from command line to 'None'
[3.946s] Level 5:colcon.colcon_core.verb:set package 'robot_controller' build argument 'catkin_skip_building_tests' from command line to 'False'
[3.946s] DEBUG:colcon.colcon_core.verb:Building package 'robot_controller' with the following arguments: {'ament_cmake_args': None, 'build_base': '/home/keime/ros2_ws/build/robot_controller', 'catkin_cmake_args': None, 'catkin_skip_building_tests': False, 'cmake_args': None, 'cmake_clean_cache': False, 'cmake_clean_first': False, 'cmake_force_configure': False, 'cmake_target': None, 'cmake_target_skip_unavailable': False, 'install_base': '/home/keime/ros2_ws/install/robot_controller', 'merge_install': False, 'path': '/home/keime/ros2_ws/src/robot_controller', 'symlink_install': False, 'test_result_base': None}
[3.948s] INFO:colcon.colcon_core.executor:Executing jobs using 'parallel' executor
[3.955s] DEBUG:colcon.colcon_parallel_executor.executor.parallel:run_until_complete
[3.957s] INFO:colcon.colcon_ros.task.ament_python.build:Building ROS package in '/home/keime/ros2_ws/src/robot_controller' with build type 'ament_python'
[3.958s] Level 1:colcon.colcon_core.shell:create_environment_hook('robot_controller', 'ament_prefix_path')
[3.984s] INFO:colcon.colcon_core.plugin_system:Skipping extension 'colcon_core.shell.bat': Not used on non-Windows systems
[3.986s] INFO:colcon.colcon_core.shell:Creating environment hook '/home/keime/ros2_ws/install/robot_controller/share/robot_controller/hook/ament_prefix_path.ps1'
[3.992s] INFO:colcon.colcon_core.shell:Creating environment descriptor '/home/keime/ros2_ws/install/robot_controller/share/robot_controller/hook/ament_prefix_path.dsv'
[3.997s] INFO:colcon.colcon_core.shell:Creating environment hook '/home/keime/ros2_ws/install/robot_controller/share/robot_controller/hook/ament_prefix_path.sh'
[4.005s] INFO:colcon.colcon_core.shell:Skip shell extension 'powershell' for command environment: Not usable outside of PowerShell
[4.006s] DEBUG:colcon.colcon_core.shell:Skip shell extension 'dsv' for command environment
[7.026s] INFO:colcon.colcon_core.task.python.build:Building Python package in '/home/keime/ros2_ws/src/robot_controller'
[7.029s] INFO:colcon.colcon_core.shell:Skip shell extension 'powershell' for command environment: Not usable outside of PowerShell
[7.030s] DEBUG:colcon.colcon_core.shell:Skip shell extension 'dsv' for command environment
[11.297s] DEBUG:colcon.colcon_core.event_handler.log_command:Invoking command in '/home/keime/ros2_ws/src/robot_controller': PYTHONPATH=/home/keime/ros2_ws/build/robot_controller/prefix_override:/home/keime/ros2_ws/install/robot_controller/lib/python3.10/site-packages:${PYTHONPATH} /usr/bin/python3 -W ignore:setup.py install is deprecated setup.py egg_info --egg-base ../../build/robot_controller build --build-base /home/keime/ros2_ws/build/robot_controller/build install --record /home/keime/ros2_ws/build/robot_controller/install.log --single-version-externally-managed install_data
[14.645s] DEBUG:colcon.colcon_core.event_handler.log_command:Invoked command in '/home/keime/ros2_ws/src/robot_controller' returned '0': PYTHONPATH=/home/keime/ros2_ws/build/robot_controller/prefix_override:/home/keime/ros2_ws/install/robot_controller/lib/python3.10/site-packages:${PYTHONPATH} /usr/bin/python3 -W ignore:setup.py install is deprecated setup.py egg_info --egg-base ../../build/robot_controller build --build-base /home/keime/ros2_ws/build/robot_controller/build install --record /home/keime/ros2_ws/build/robot_controller/install.log --single-version-externally-managed install_data
[14.677s] Level 1:colcon.colcon_core.environment:checking '/home/keime/ros2_ws/install/robot_controller' for CMake module files
[14.683s] Level 1:colcon.colcon_core.environment:checking '/home/keime/ros2_ws/install/robot_controller' for CMake config files
[14.693s] Level 1:colcon.colcon_core.environment:checking '/home/keime/ros2_ws/install/robot_controller/lib'
[14.695s] Level 1:colcon.colcon_core.environment:checking '/home/keime/ros2_ws/install/robot_controller/bin'
[14.695s] Level 1:colcon.colcon_core.environment:checking '/home/keime/ros2_ws/install/robot_controller/lib/pkgconfig/robot_controller.pc'
[14.698s] Level 1:colcon.colcon_core.environment:checking '/home/keime/ros2_ws/install/robot_controller/lib/python3.10/site-packages'
[14.699s] Level 1:colcon.colcon_core.shell:create_environment_hook('robot_controller', 'pythonpath')
[14.701s] INFO:colcon.colcon_core.shell:Creating environment hook '/home/keime/ros2_ws/install/robot_controller/share/robot_controller/hook/pythonpath.ps1'
[14.705s] INFO:colcon.colcon_core.shell:Creating environment descriptor '/home/keime/ros2_ws/install/robot_controller/share/robot_controller/hook/pythonpath.dsv'
[14.709s] INFO:colcon.colcon_core.shell:Creating environment hook '/home/keime/ros2_ws/install/robot_controller/share/robot_controller/hook/pythonpath.sh'
[14.715s] Level 1:colcon.colcon_core.environment:checking '/home/keime/ros2_ws/install/robot_controller/bin'
[14.716s] Level 1:colcon.colcon_core.environment:create_environment_scripts_only(robot_controller)
[14.720s] INFO:colcon.colcon_core.shell:Creating package script '/home/keime/ros2_ws/install/robot_controller/share/robot_controller/package.ps1'
[14.728s] INFO:colcon.colcon_core.shell:Creating package descriptor '/home/keime/ros2_ws/install/robot_controller/share/robot_controller/package.dsv'
[14.735s] INFO:colcon.colcon_core.shell:Creating package script '/home/keime/ros2_ws/install/robot_controller/share/robot_controller/package.sh'
[14.743s] INFO:colcon.colcon_core.shell:Creating package script '/home/keime/ros2_ws/install/robot_controller/share/robot_controller/package.bash'
[14.752s] INFO:colcon.colcon_core.shell:Creating package script '/home/keime/ros2_ws/install/robot_controller/share/robot_controller/package.zsh'
[14.760s] Level 1:colcon.colcon_core.environment:create_file_with_runtime_dependencies(/home/keime/ros2_ws/install/robot_controller/share/colcon-core/packages/robot_controller)
[14.763s] DEBUG:colcon.colcon_parallel_executor.executor.parallel:closing loop
[14.766s] DEBUG:colcon.colcon_parallel_executor.executor.parallel:loop closed
[14.767s] DEBUG:colcon.colcon_parallel_executor.executor.parallel:run_until_complete finished with '0'
[14.768s] DEBUG:colcon.colcon_core.event_reactor:joining thread
[14.835s] INFO:colcon.colcon_core.plugin_system:Skipping extension 'colcon_notification.desktop_notification.notify_send': Could not find 'notify-send'
[14.836s] INFO:colcon.colcon_core.plugin_system:Skipping extension 'colcon_notification.desktop_notification.terminal_notifier': Not used on non-Darwin systems
[14.837s] INFO:colcon.colcon_core.plugin_system:Skipping extension 'colcon_notification.desktop_notification.win32': Not used on non-Windows systems
[14.837s] INFO:colcon.colcon_notification.desktop_notification:Sending desktop notification using 'notify2'
[14.844s] DEBUG:colcon.colcon_notification.desktop_notification.notify2:Failed to initialize notify2: org.freedesktop.DBus.Error.ServiceUnknown: The name org.freedesktop.Notifications was not provided by any .service files
[14.845s] DEBUG:colcon.colcon_core.event_reactor:joined thread
[14.848s] INFO:colcon.colcon_core.shell:Creating prefix script '/home/keime/ros2_ws/install/local_setup.ps1'
[14.858s] INFO:colcon.colcon_core.shell:Creating prefix util module '/home/keime/ros2_ws/install/_local_setup_util_ps1.py'
[14.873s] INFO:colcon.colcon_core.shell:Creating prefix chain script '/home/keime/ros2_ws/install/setup.ps1'
[14.885s] INFO:colcon.colcon_core.shell:Creating prefix script '/home/keime/ros2_ws/install/local_setup.sh'
[14.892s] INFO:colcon.colcon_core.shell:Creating prefix util module '/home/keime/ros2_ws/install/_local_setup_util_sh.py'
[14.897s] INFO:colcon.colcon_core.shell:Creating prefix chain script '/home/keime/ros2_ws/install/setup.sh'
[14.910s] INFO:colcon.colcon_core.shell:Creating prefix script '/home/keime/ros2_ws/install/local_setup.bash'
[14.916s] INFO:colcon.colcon_core.shell:Creating prefix chain script '/home/keime/ros2_ws/install/setup.bash'
[14.928s] INFO:colcon.colcon_core.shell:Creating prefix script '/home/keime/ros2_ws/install/local_setup.zsh'
[14.933s] INFO:colcon.colcon_core.shell:Creating prefix chain script '/home/keime/ros2_ws/install/setup.zsh'
