[0.578s] Invoking command in '/home/keime/ros2_ws/src/robot_controller': PYTHONPATH=/home/keime/ros2_ws/build/robot_controller/prefix_override:/home/keime/ros2_ws/install/robot_controller/lib/python3.10/site-packages:${PYTHONPATH} /usr/bin/python3 setup.py egg_info --egg-base ../../build/robot_controller build --build-base /home/keime/ros2_ws/build/robot_controller/build install --record /home/keime/ros2_ws/build/robot_controller/install.log --single-version-externally-managed
[0.752s] running egg_info
[0.752s] writing ../../build/robot_controller/robot_controller.egg-info/PKG-INFO
[0.753s] writing dependency_links to ../../build/robot_controller/robot_controller.egg-info/dependency_links.txt
[0.753s] writing entry points to ../../build/robot_controller/robot_controller.egg-info/entry_points.txt
[0.753s] writing requirements to ../../build/robot_controller/robot_controller.egg-info/requires.txt
[0.753s] writing top-level names to ../../build/robot_controller/robot_controller.egg-info/top_level.txt
[0.755s] reading manifest file '../../build/robot_controller/robot_controller.egg-info/SOURCES.txt'
[0.756s] writing manifest file '../../build/robot_controller/robot_controller.egg-info/SOURCES.txt'
[0.756s] running build
[0.756s] running build_py
[0.759s] running install
[0.759s] running install_lib
[0.761s] running install_data
[0.762s] running install_egg_info
[0.764s] removing '/home/keime/ros2_ws/install/robot_controller/lib/python3.10/site-packages/robot_controller-0.0.0-py3.10.egg-info' (and everything under it)
[0.764s] Copying ../../build/robot_controller/robot_controller.egg-info to /home/keime/ros2_ws/install/robot_controller/lib/python3.10/site-packages/robot_controller-0.0.0-py3.10.egg-info
[0.765s] running install_scripts
[0.779s] Installing action script to /home/keime/ros2_ws/install/robot_controller/lib/robot_controller
[0.780s] writing list of installed files to '/home/keime/ros2_ws/build/robot_controller/install.log'
[0.803s] Invoked command in '/home/keime/ros2_ws/src/robot_controller' returned '0': PYTHONPATH=/home/keime/ros2_ws/build/robot_controller/prefix_override:/home/keime/ros2_ws/install/robot_controller/lib/python3.10/site-packages:${PYTHONPATH} /usr/bin/python3 setup.py egg_info --egg-base ../../build/robot_controller build --build-base /home/keime/ros2_ws/build/robot_controller/build install --record /home/keime/ros2_ws/build/robot_controller/install.log --single-version-externally-managed
