[7.070s] Invoking command in '/home/keime/ros2_ws/src/robot_controller': PYTHONPATH=/home/keime/ros2_ws/build/robot_controller/prefix_override:/home/keime/ros2_ws/install/robot_controller/lib/python3.10/site-packages:${PYTHONPATH} /usr/bin/python3 -W ignore:setup.py install is deprecated setup.py egg_info --egg-base ../../build/robot_controller build --build-base /home/keime/ros2_ws/build/robot_controller/build install --record /home/keime/ros2_ws/build/robot_controller/install.log --single-version-externally-managed install_data
[9.825s] running egg_info
[9.832s] writing ../../build/robot_controller/robot_controller.egg-info/PKG-INFO
[9.834s] writing dependency_links to ../../build/robot_controller/robot_controller.egg-info/dependency_links.txt
[9.836s] writing entry points to ../../build/robot_controller/robot_controller.egg-info/entry_points.txt
[9.838s] writing requirements to ../../build/robot_controller/robot_controller.egg-info/requires.txt
[9.840s] writing top-level names to ../../build/robot_controller/robot_controller.egg-info/top_level.txt
[9.858s] reading manifest file '../../build/robot_controller/robot_controller.egg-info/SOURCES.txt'
[9.869s] writing manifest file '../../build/robot_controller/robot_controller.egg-info/SOURCES.txt'
[9.870s] running build
[9.871s] running build_py
[9.875s] running install
[9.878s] running install_lib
[9.891s] running install_data
[9.893s] running install_egg_info
[9.910s] removing '/home/keime/ros2_ws/install/robot_controller/lib/python3.10/site-packages/robot_controller-0.0.0-py3.10.egg-info' (and everything under it)
[9.914s] Copying ../../build/robot_controller/robot_controller.egg-info to /home/keime/ros2_ws/install/robot_controller/lib/python3.10/site-packages/robot_controller-0.0.0-py3.10.egg-info
[9.928s] running install_scripts
[10.146s] Installing subscriber script to /home/keime/ros2_ws/install/robot_controller/lib/robot_controller
[10.150s] writing list of installed files to '/home/keime/ros2_ws/build/robot_controller/install.log'
[10.409s] Invoked command in '/home/keime/ros2_ws/src/robot_controller' returned '0': PYTHONPATH=/home/keime/ros2_ws/build/robot_controller/prefix_override:/home/keime/ros2_ws/install/robot_controller/lib/python3.10/site-packages:${PYTHONPATH} /usr/bin/python3 -W ignore:setup.py install is deprecated setup.py egg_info --egg-base ../../build/robot_controller build --build-base /home/keime/ros2_ws/build/robot_controller/build install --record /home/keime/ros2_ws/build/robot_controller/install.log --single-version-externally-managed install_data
