[8.013s] Invoking command in '/home/keime/ros2_ws/src/image_pubsub': PYTHONPATH=/home/keime/ros2_ws/build/image_pubsub/prefix_override:/home/keime/ros2_ws/install/image_pubsub/lib/python3.10/site-packages:${PYTHONPATH} /usr/bin/python3 -W ignore:setup.py install is deprecated setup.py egg_info --egg-base ../../build/image_pubsub build --build-base /home/keime/ros2_ws/build/image_pubsub/build install --record /home/keime/ros2_ws/build/image_pubsub/install.log --single-version-externally-managed install_data
[10.602s] running egg_info
[10.608s] creating ../../build/image_pubsub/image_pubsub.egg-info
[10.609s] writing ../../build/image_pubsub/image_pubsub.egg-info/PKG-INFO
[10.612s] writing dependency_links to ../../build/image_pubsub/image_pubsub.egg-info/dependency_links.txt
[10.613s] writing entry points to ../../build/image_pubsub/image_pubsub.egg-info/entry_points.txt
[10.615s] writing requirements to ../../build/image_pubsub/image_pubsub.egg-info/requires.txt
[10.616s] writing top-level names to ../../build/image_pubsub/image_pubsub.egg-info/top_level.txt
[10.618s] writing manifest file '../../build/image_pubsub/image_pubsub.egg-info/SOURCES.txt'
[10.634s] reading manifest file '../../build/image_pubsub/image_pubsub.egg-info/SOURCES.txt'
[10.643s] writing manifest file '../../build/image_pubsub/image_pubsub.egg-info/SOURCES.txt'
[10.645s] running build
[10.646s] running build_py
[10.648s] creating /home/keime/ros2_ws/build/image_pubsub/build
[10.649s] creating /home/keime/ros2_ws/build/image_pubsub/build/lib
[10.650s] creating /home/keime/ros2_ws/build/image_pubsub/build/lib/image_pubsub
[10.651s] copying image_pubsub/__init__.py -> /home/keime/ros2_ws/build/image_pubsub/build/lib/image_pubsub
[10.652s] copying image_pubsub/image_subscriber.py -> /home/keime/ros2_ws/build/image_pubsub/build/lib/image_pubsub
[10.654s] copying image_pubsub/image_publisher.py -> /home/keime/ros2_ws/build/image_pubsub/build/lib/image_pubsub
[10.657s] running install
[10.661s] running install_lib
[10.668s] creating /home/keime/ros2_ws/install/image_pubsub/lib/python3.10/site-packages/image_pubsub
[10.669s] copying /home/keime/ros2_ws/build/image_pubsub/build/lib/image_pubsub/__init__.py -> /home/keime/ros2_ws/install/image_pubsub/lib/python3.10/site-packages/image_pubsub
[10.671s] copying /home/keime/ros2_ws/build/image_pubsub/build/lib/image_pubsub/image_subscriber.py -> /home/keime/ros2_ws/install/image_pubsub/lib/python3.10/site-packages/image_pubsub
[10.672s] copying /home/keime/ros2_ws/build/image_pubsub/build/lib/image_pubsub/image_publisher.py -> /home/keime/ros2_ws/install/image_pubsub/lib/python3.10/site-packages/image_pubsub
[10.678s] byte-compiling /home/keime/ros2_ws/install/image_pubsub/lib/python3.10/site-packages/image_pubsub/__init__.py to __init__.cpython-310.pyc
[10.681s] byte-compiling /home/keime/ros2_ws/install/image_pubsub/lib/python3.10/site-packages/image_pubsub/image_subscriber.py to image_subscriber.cpython-310.pyc
[10.685s] byte-compiling /home/keime/ros2_ws/install/image_pubsub/lib/python3.10/site-packages/image_pubsub/image_publisher.py to image_publisher.cpython-310.pyc
[10.690s] running install_data
[10.691s] creating /home/keime/ros2_ws/install/image_pubsub/share/ament_index
[10.693s] creating /home/keime/ros2_ws/install/image_pubsub/share/ament_index/resource_index
[10.694s] creating /home/keime/ros2_ws/install/image_pubsub/share/ament_index/resource_index/packages
[10.695s] copying resource/image_pubsub -> /home/keime/ros2_ws/install/image_pubsub/share/ament_index/resource_index/packages
[10.696s] copying package.xml -> /home/keime/ros2_ws/install/image_pubsub/share/image_pubsub
[10.697s] running install_egg_info
[10.713s] Copying ../../build/image_pubsub/image_pubsub.egg-info to /home/keime/ros2_ws/install/image_pubsub/lib/python3.10/site-packages/image_pubsub-0.0.0-py3.10.egg-info
[10.725s] running install_scripts
[10.924s] Installing img_publisher script to /home/keime/ros2_ws/install/image_pubsub/lib/image_pubsub
[10.926s] Installing img_subscriber script to /home/keime/ros2_ws/install/image_pubsub/lib/image_pubsub
[10.929s] writing list of installed files to '/home/keime/ros2_ws/build/image_pubsub/install.log'
[11.187s] Invoked command in '/home/keime/ros2_ws/src/image_pubsub' returned '0': PYTHONPATH=/home/keime/ros2_ws/build/image_pubsub/prefix_override:/home/keime/ros2_ws/install/image_pubsub/lib/python3.10/site-packages:${PYTHONPATH} /usr/bin/python3 -W ignore:setup.py install is deprecated setup.py egg_info --egg-base ../../build/image_pubsub build --build-base /home/keime/ros2_ws/build/image_pubsub/build install --record /home/keime/ros2_ws/build/image_pubsub/install.log --single-version-externally-managed install_data
