[8.176s] Invoking command in '/home/keime/ros2_ws/src/aruco_controller': PYTHONPATH=/home/keime/ros2_ws/build/aruco_controller/prefix_override:/home/keime/ros2_ws/install/aruco_controller/lib/python3.10/site-packages:${PYTHONPATH} /usr/bin/python3 -W ignore:setup.py install is deprecated setup.py egg_info --egg-base ../../build/aruco_controller build --build-base /home/keime/ros2_ws/build/aruco_controller/build install --record /home/keime/ros2_ws/build/aruco_controller/install.log --single-version-externally-managed install_data
[10.897s] running egg_info
[10.903s] writing ../../build/aruco_controller/aruco_controller.egg-info/PKG-INFO
[10.908s] writing dependency_links to ../../build/aruco_controller/aruco_controller.egg-info/dependency_links.txt
[10.910s] writing entry points to ../../build/aruco_controller/aruco_controller.egg-info/entry_points.txt
[10.912s] writing requirements to ../../build/aruco_controller/aruco_controller.egg-info/requires.txt
[10.913s] writing top-level names to ../../build/aruco_controller/aruco_controller.egg-info/top_level.txt
[10.931s] reading manifest file '../../build/aruco_controller/aruco_controller.egg-info/SOURCES.txt'
[10.946s] writing manifest file '../../build/aruco_controller/aruco_controller.egg-info/SOURCES.txt'
[10.947s] running build
[10.948s] running build_py
[10.954s] running install
[10.957s] running install_lib
[10.973s] running install_data
[10.977s] running install_egg_info
[10.995s] removing '/home/keime/ros2_ws/install/aruco_controller/lib/python3.10/site-packages/aruco_controller-0.0.0-py3.10.egg-info' (and everything under it)
[10.999s] Copying ../../build/aruco_controller/aruco_controller.egg-info to /home/keime/ros2_ws/install/aruco_controller/lib/python3.10/site-packages/aruco_controller-0.0.0-py3.10.egg-info
[11.014s] running install_scripts
[11.241s] Installing controller_node script to /home/keime/ros2_ws/install/aruco_controller/lib/aruco_controller
[11.247s] writing list of installed files to '/home/keime/ros2_ws/build/aruco_controller/install.log'
[11.508s] Invoked command in '/home/keime/ros2_ws/src/aruco_controller' returned '0': PYTHONPATH=/home/keime/ros2_ws/build/aruco_controller/prefix_override:/home/keime/ros2_ws/install/aruco_controller/lib/python3.10/site-packages:${PYTHONPATH} /usr/bin/python3 -W ignore:setup.py install is deprecated setup.py egg_info --egg-base ../../build/aruco_controller build --build-base /home/keime/ros2_ws/build/aruco_controller/build install --record /home/keime/ros2_ws/build/aruco_controller/install.log --single-version-externally-managed install_data
