[8.390s] Invoking command in '/home/keime/ros2_ws/src/image_pubsub': PYTHONPATH=/home/keime/ros2_ws/build/image_pubsub/prefix_override:/home/keime/ros2_ws/install/image_pubsub/lib/python3.10/site-packages:${PYTHONPATH} /usr/bin/python3 -W ignore:setup.py install is deprecated setup.py egg_info --egg-base ../../build/image_pubsub build --build-base /home/keime/ros2_ws/build/image_pubsub/build install --record /home/keime/ros2_ws/build/image_pubsub/install.log --single-version-externally-managed install_data
[11.011s] running egg_info
[11.017s] writing ../../build/image_pubsub/image_pubsub.egg-info/PKG-INFO
[11.021s] writing dependency_links to ../../build/image_pubsub/image_pubsub.egg-info/dependency_links.txt
[11.023s] writing entry points to ../../build/image_pubsub/image_pubsub.egg-info/entry_points.txt
[11.025s] writing requirements to ../../build/image_pubsub/image_pubsub.egg-info/requires.txt
[11.026s] writing top-level names to ../../build/image_pubsub/image_pubsub.egg-info/top_level.txt
[11.045s] reading manifest file '../../build/image_pubsub/image_pubsub.egg-info/SOURCES.txt'
[11.057s] writing manifest file '../../build/image_pubsub/image_pubsub.egg-info/SOURCES.txt'
[11.059s] running build
[11.060s] running build_py
[11.065s] copying image_pubsub/BACKimage_publisher.py -> /home/keime/ros2_ws/build/image_pubsub/build/lib/image_pubsub
[11.069s] running install
[11.071s] running install_lib
[11.082s] copying /home/keime/ros2_ws/build/image_pubsub/build/lib/image_pubsub/BACKimage_publisher.py -> /home/keime/ros2_ws/install/image_pubsub/lib/python3.10/site-packages/image_pubsub
[11.092s] byte-compiling /home/keime/ros2_ws/install/image_pubsub/lib/python3.10/site-packages/image_pubsub/BACKimage_publisher.py to BACKimage_publisher.cpython-310.pyc
[11.098s] running install_data
[11.104s] running install_egg_info
[11.123s] removing '/home/keime/ros2_ws/install/image_pubsub/lib/python3.10/site-packages/image_pubsub-0.0.0-py3.10.egg-info' (and everything under it)
[11.127s] Copying ../../build/image_pubsub/image_pubsub.egg-info to /home/keime/ros2_ws/install/image_pubsub/lib/python3.10/site-packages/image_pubsub-0.0.0-py3.10.egg-info
[11.142s] running install_scripts
[11.341s] Installing command_publisher_gui script to /home/keime/ros2_ws/install/image_pubsub/lib/image_pubsub
[11.345s] Installing img_subscriber script to /home/keime/ros2_ws/install/image_pubsub/lib/image_pubsub
[11.348s] writing list of installed files to '/home/keime/ros2_ws/build/image_pubsub/install.log'
[11.607s] Invoked command in '/home/keime/ros2_ws/src/image_pubsub' returned '0': PYTHONPATH=/home/keime/ros2_ws/build/image_pubsub/prefix_override:/home/keime/ros2_ws/install/image_pubsub/lib/python3.10/site-packages:${PYTHONPATH} /usr/bin/python3 -W ignore:setup.py install is deprecated setup.py egg_info --egg-base ../../build/image_pubsub build --build-base /home/keime/ros2_ws/build/image_pubsub/build install --record /home/keime/ros2_ws/build/image_pubsub/install.log --single-version-externally-managed install_data
