[0.000000] (-) TimerEvent: {}
[0.003146] (-) JobUnselected: {'identifier': 'aruco_controller'}
[0.003813] (-) JobUnselected: {'identifier': 'image_pubsub'}
[0.004730] (-) JobUnselected: {'identifier': 'py_pubsub'}
[0.005273] (-) JobUnselected: {'identifier': 'robot_controller'}
[0.005592] (-) JobUnselected: {'identifier': 'robot_controller_gui'}
[0.005960] (image_pub) JobQueued: {'identifier': 'image_pub', 'dependencies': OrderedDict()}
[0.006283] (image_pub) JobStarted: {'identifier': 'image_pub'}
[0.095887] (-) TimerEvent: {}
[0.202758] (-) TimerEvent: {}
[0.304115] (-) TimerEvent: {}
[0.405417] (-) TimerEvent: {}
[0.506658] (-) TimerEvent: {}
[0.607922] (-) TimerEvent: {}
[0.709276] (-) TimerEvent: {}
[0.810567] (-) TimerEvent: {}
[0.911808] (-) TimerEvent: {}
[1.013044] (-) TimerEvent: {}
[1.114258] (-) TimerEvent: {}
[1.215449] (-) TimerEvent: {}
[1.316733] (-) TimerEvent: {}
[1.417912] (-) TimerEvent: {}
[1.519109] (-) TimerEvent: {}
[1.620333] (-) TimerEvent: {}
[1.721593] (-) TimerEvent: {}
[1.822793] (-) TimerEvent: {}
[1.924063] (-) TimerEvent: {}
[2.025376] (-) TimerEvent: {}
[2.126925] (-) TimerEvent: {}
[2.228273] (-) TimerEvent: {}
[2.329598] (-) TimerEvent: {}
[2.430819] (-) TimerEvent: {}
[2.532016] (-) TimerEvent: {}
[2.633363] (-) TimerEvent: {}
[2.734708] (-) TimerEvent: {}
[2.836188] (-) TimerEvent: {}
[2.937881] (-) TimerEvent: {}
[3.020549] (image_pub) StderrLine: {'line': b'Traceback (most recent call last):\n  File "/usr/lib/python3/dist-packages/colcon_core/executor/__init__.py", line 91, in __call__\n    rc = await self.task(*args, **kwargs)\n  File "/usr/lib/python3/dist-packages/colcon_core/task/__init__.py", line 93, in __call__\n    return await task_method(*args, **kwargs)\n  File "/usr/lib/python3/dist-packages/colcon_ros/task/ament_python/build.py", line 51, in build\n    setup_py_data = get_setup_data(self.context.pkg, env)\n  File "/usr/lib/python3/dist-packages/colcon_core/task/python/__init__.py", line 20, in get_setup_data\n    return dict(pkg.metadata[key](env))\n  File "/usr/lib/python3/dist-packages/colcon_ros/package_augmentation/ros_ament_python.py", line 57, in getter\n    return get_setup_information(\n  File "/usr/lib/python3/dist-packages/colcon_python_setup_py/package_identification/python_setup_py.py", line 241, in get_setup_information\n    _setup_information_cache[hashable_env] = _get_setup_information(\n  File "/usr/lib/python3/dist-packages/colcon_python_setup_py/package_identification/python_setup_py.py", line 288, in _get_setup_information\n    result = subprocess.run(\n  File "/usr/lib/python3.10/subprocess.py", line 526, in run\n    raise CalledProcessError(retcode, process.args,\nsubprocess.CalledProcessError: Command \'[\'/usr/bin/python3\', \'-c\', \'import sys;from contextlib import suppress;exec("with suppress(ImportError):    from setuptools.extern.packaging.specifiers    import SpecifierSet");exec("with suppress(ImportError):    from packaging.specifiers import SpecifierSet");from distutils.core import run_setup;dist = run_setup(    \\\'setup.py\\\', script_args=(\\\'--dry-run\\\',), stop_after=\\\'config\\\');skip_keys = (\\\'cmdclass\\\', \\\'distclass\\\', \\\'ext_modules\\\', \\\'metadata\\\');data = {    key: value for key, value in dist.__dict__.items()     if (        not key.startswith(\\\'_\\\') and         not callable(value) and         key not in skip_keys and         key not in dist.display_option_names    )};data[\\\'metadata\\\'] = {    k: v for k, v in dist.metadata.__dict__.items()     if k not in (\\\'license_files\\\', \\\'provides_extras\\\')};sys.stdout.buffer.write(repr(data).encode(\\\'utf-8\\\'))\']\' returned non-zero exit status 1.\n'}
[3.024547] (image_pub) JobEnded: {'identifier': 'image_pub', 'rc': 1}
[3.034070] (-) EventReactorShutdown: {}
