[1.564s] Invoking command in '/home/keime/ros2_ws/src/py_pubsub': PYTHONPATH=/home/keime/ros2_ws/build/py_pubsub/prefix_override:/home/keime/ros2_ws/install/py_pubsub/lib/python3.10/site-packages:${PYTHONPATH} /usr/bin/python3 -W ignore:setup.py install is deprecated setup.py egg_info --egg-base ../../build/py_pubsub build --build-base /home/keime/ros2_ws/build/py_pubsub/build install --record /home/keime/ros2_ws/build/py_pubsub/install.log --single-version-externally-managed install_data
[2.135s] running egg_info
[2.137s] writing ../../build/py_pubsub/py_pubsub.egg-info/PKG-INFO
[2.138s] writing dependency_links to ../../build/py_pubsub/py_pubsub.egg-info/dependency_links.txt
[2.139s] writing entry points to ../../build/py_pubsub/py_pubsub.egg-info/entry_points.txt
[2.140s] writing requirements to ../../build/py_pubsub/py_pubsub.egg-info/requires.txt
[2.141s] writing top-level names to ../../build/py_pubsub/py_pubsub.egg-info/top_level.txt
[2.146s] reading manifest file '../../build/py_pubsub/py_pubsub.egg-info/SOURCES.txt'
[2.148s] writing manifest file '../../build/py_pubsub/py_pubsub.egg-info/SOURCES.txt'
[2.149s] running build
[2.149s] running build_py
[2.150s] running install
[2.152s] running install_lib
[2.155s] running install_data
[2.156s] running install_egg_info
[2.160s] removing '/home/keime/ros2_ws/install/py_pubsub/lib/python3.10/site-packages/py_pubsub-0.0.0-py3.10.egg-info' (and everything under it)
[2.161s] Copying ../../build/py_pubsub/py_pubsub.egg-info to /home/keime/ros2_ws/install/py_pubsub/lib/python3.10/site-packages/py_pubsub-0.0.0-py3.10.egg-info
[2.163s] running install_scripts
[2.214s] Installing listener script to /home/keime/ros2_ws/install/py_pubsub/lib/py_pubsub
[2.214s] Installing talker script to /home/keime/ros2_ws/install/py_pubsub/lib/py_pubsub
[2.215s] writing list of installed files to '/home/keime/ros2_ws/build/py_pubsub/install.log'
[2.273s] Invoked command in '/home/keime/ros2_ws/src/py_pubsub' returned '0': PYTHONPATH=/home/keime/ros2_ws/build/py_pubsub/prefix_override:/home/keime/ros2_ws/install/py_pubsub/lib/python3.10/site-packages:${PYTHONPATH} /usr/bin/python3 -W ignore:setup.py install is deprecated setup.py egg_info --egg-base ../../build/py_pubsub build --build-base /home/keime/ros2_ws/build/py_pubsub/build install --record /home/keime/ros2_ws/build/py_pubsub/install.log --single-version-externally-managed install_data
