[1.746s] DEBUG:colcon:Command line arguments: ['/usr/bin/colcon', 'build', '--packages-select', 'image_pub']
[1.747s] DEBUG:colcon:Parsed command line arguments: Namespace(log_base=None, log_level=None, verb_name='build', build_base='build', install_base='install', merge_install=False, symlink_install=False, test_result_base=None, continue_on_error=False, executor='parallel', parallel_workers=4, event_handlers=None, ignore_user_meta=False, metas=['./colcon.meta'], base_paths=['.'], packages_ignore=None, packages_ignore_regex=None, paths=None, packages_up_to=None, packages_up_to_regex=None, packages_above=None, packages_above_and_dependencies=None, packages_above_depth=None, packages_select_by_dep=None, packages_skip_by_dep=None, packages_skip_up_to=None, packages_select_build_failed=False, packages_skip_build_finished=False, packages_select_test_failures=False, packages_skip_test_passed=False, packages_select=['image_pub'], packages_skip=None, packages_select_regex=None, packages_skip_regex=None, packages_start=None, packages_end=None, allow_overriding=[], cmake_args=None, cmake_target=None, cmake_target_skip_unavailable=False, cmake_clean_cache=False, cmake_clean_first=False, cmake_force_configure=False, ament_cmake_args=None, catkin_cmake_args=None, catkin_skip_building_tests=False, verb_parser=<colcon_defaults.argument_parser.defaults.DefaultArgumentsDecorator object at 0xffffa1b5b010>, verb_extension=<colcon_core.verb.build.BuildVerb object at 0xffffa1cefaf0>, main=<bound method BuildVerb.main of <colcon_core.verb.build.BuildVerb object at 0xffffa1cefaf0>>)
[3.820s] Level 1:colcon.colcon_core.package_discovery:discover_packages(colcon_meta) check parameters
[3.821s] Level 1:colcon.colcon_core.package_discovery:discover_packages(recursive) check parameters
[3.822s] Level 1:colcon.colcon_core.package_discovery:discover_packages(ignore) check parameters
[3.822s] Level 1:colcon.colcon_core.package_discovery:discover_packages(path) check parameters
[3.822s] Level 1:colcon.colcon_core.package_discovery:discover_packages(colcon_meta) discover
[3.823s] Level 1:colcon.colcon_core.package_discovery:discover_packages(recursive) discover
[3.824s] INFO:colcon.colcon_core.package_discovery:Crawling recursively for packages in '/home/keime/ros2_ws'
[3.825s] Level 1:colcon.colcon_core.package_identification:_identify(.) by extensions ['ignore', 'ignore_ament_install']
[3.826s] Level 1:colcon.colcon_core.package_identification:_identify(.) by extension 'ignore'
[3.826s] Level 1:colcon.colcon_core.package_identification:_identify(.) by extension 'ignore_ament_install'
[3.827s] Level 1:colcon.colcon_core.package_identification:_identify(.) by extensions ['colcon_pkg']
[3.828s] Level 1:colcon.colcon_core.package_identification:_identify(.) by extension 'colcon_pkg'
[3.829s] Level 1:colcon.colcon_core.package_identification:_identify(.) by extensions ['colcon_meta']
[3.829s] Level 1:colcon.colcon_core.package_identification:_identify(.) by extension 'colcon_meta'
[3.829s] Level 1:colcon.colcon_core.package_identification:_identify(.) by extensions ['ros']
[3.830s] Level 1:colcon.colcon_core.package_identification:_identify(.) by extension 'ros'
[3.948s] Level 1:colcon.colcon_core.package_identification:_identify(.) by extensions ['cmake', 'python']
[3.949s] Level 1:colcon.colcon_core.package_identification:_identify(.) by extension 'cmake'
[3.949s] Level 1:colcon.colcon_core.package_identification:_identify(.) by extension 'python'
[3.950s] Level 1:colcon.colcon_core.package_identification:_identify(.) by extensions ['python_setup_py']
[3.950s] Level 1:colcon.colcon_core.package_identification:_identify(.) by extension 'python_setup_py'
[3.960s] Level 1:colcon.colcon_core.package_identification:_identify(Arducam-Pivariety-V4L2-Driver) by extensions ['ignore', 'ignore_ament_install']
[3.961s] Level 1:colcon.colcon_core.package_identification:_identify(Arducam-Pivariety-V4L2-Driver) by extension 'ignore'
[3.962s] Level 1:colcon.colcon_core.package_identification:_identify(Arducam-Pivariety-V4L2-Driver) by extension 'ignore_ament_install'
[3.963s] Level 1:colcon.colcon_core.package_identification:_identify(Arducam-Pivariety-V4L2-Driver) by extensions ['colcon_pkg']
[3.963s] Level 1:colcon.colcon_core.package_identification:_identify(Arducam-Pivariety-V4L2-Driver) by extension 'colcon_pkg'
[3.964s] Level 1:colcon.colcon_core.package_identification:_identify(Arducam-Pivariety-V4L2-Driver) by extensions ['colcon_meta']
[3.964s] Level 1:colcon.colcon_core.package_identification:_identify(Arducam-Pivariety-V4L2-Driver) by extension 'colcon_meta'
[3.965s] Level 1:colcon.colcon_core.package_identification:_identify(Arducam-Pivariety-V4L2-Driver) by extensions ['ros']
[3.965s] Level 1:colcon.colcon_core.package_identification:_identify(Arducam-Pivariety-V4L2-Driver) by extension 'ros'
[3.967s] Level 1:colcon.colcon_core.package_identification:_identify(Arducam-Pivariety-V4L2-Driver) by extensions ['cmake', 'python']
[3.967s] Level 1:colcon.colcon_core.package_identification:_identify(Arducam-Pivariety-V4L2-Driver) by extension 'cmake'
[3.968s] Level 1:colcon.colcon_core.package_identification:_identify(Arducam-Pivariety-V4L2-Driver) by extension 'python'
[3.968s] Level 1:colcon.colcon_core.package_identification:_identify(Arducam-Pivariety-V4L2-Driver) by extensions ['python_setup_py']
[3.969s] Level 1:colcon.colcon_core.package_identification:_identify(Arducam-Pivariety-V4L2-Driver) by extension 'python_setup_py'
[3.979s] Level 1:colcon.colcon_core.package_identification:_identify(Arducam-Pivariety-V4L2-Driver/Release) by extensions ['ignore', 'ignore_ament_install']
[3.980s] Level 1:colcon.colcon_core.package_identification:_identify(Arducam-Pivariety-V4L2-Driver/Release) by extension 'ignore'
[3.981s] Level 1:colcon.colcon_core.package_identification:_identify(Arducam-Pivariety-V4L2-Driver/Release) by extension 'ignore_ament_install'
[3.981s] Level 1:colcon.colcon_core.package_identification:_identify(Arducam-Pivariety-V4L2-Driver/Release) by extensions ['colcon_pkg']
[3.982s] Level 1:colcon.colcon_core.package_identification:_identify(Arducam-Pivariety-V4L2-Driver/Release) by extension 'colcon_pkg'
[3.982s] Level 1:colcon.colcon_core.package_identification:_identify(Arducam-Pivariety-V4L2-Driver/Release) by extensions ['colcon_meta']
[3.983s] Level 1:colcon.colcon_core.package_identification:_identify(Arducam-Pivariety-V4L2-Driver/Release) by extension 'colcon_meta'
[3.983s] Level 1:colcon.colcon_core.package_identification:_identify(Arducam-Pivariety-V4L2-Driver/Release) by extensions ['ros']
[3.984s] Level 1:colcon.colcon_core.package_identification:_identify(Arducam-Pivariety-V4L2-Driver/Release) by extension 'ros'
[3.985s] Level 1:colcon.colcon_core.package_identification:_identify(Arducam-Pivariety-V4L2-Driver/Release) by extensions ['cmake', 'python']
[3.986s] Level 1:colcon.colcon_core.package_identification:_identify(Arducam-Pivariety-V4L2-Driver/Release) by extension 'cmake'
[3.986s] Level 1:colcon.colcon_core.package_identification:_identify(Arducam-Pivariety-V4L2-Driver/Release) by extension 'python'
[3.987s] Level 1:colcon.colcon_core.package_identification:_identify(Arducam-Pivariety-V4L2-Driver/Release) by extensions ['python_setup_py']
[3.988s] Level 1:colcon.colcon_core.package_identification:_identify(Arducam-Pivariety-V4L2-Driver/Release) by extension 'python_setup_py'
[3.991s] Level 1:colcon.colcon_core.package_identification:_identify(Arducam-Pivariety-V4L2-Driver/Release/bin) by extensions ['ignore', 'ignore_ament_install']
[3.992s] Level 1:colcon.colcon_core.package_identification:_identify(Arducam-Pivariety-V4L2-Driver/Release/bin) by extension 'ignore'
[3.993s] Level 1:colcon.colcon_core.package_identification:_identify(Arducam-Pivariety-V4L2-Driver/Release/bin) by extension 'ignore_ament_install'
[3.994s] Level 1:colcon.colcon_core.package_identification:_identify(Arducam-Pivariety-V4L2-Driver/Release/bin) by extensions ['colcon_pkg']
[3.994s] Level 1:colcon.colcon_core.package_identification:_identify(Arducam-Pivariety-V4L2-Driver/Release/bin) by extension 'colcon_pkg'
[3.995s] Level 1:colcon.colcon_core.package_identification:_identify(Arducam-Pivariety-V4L2-Driver/Release/bin) by extensions ['colcon_meta']
[3.996s] Level 1:colcon.colcon_core.package_identification:_identify(Arducam-Pivariety-V4L2-Driver/Release/bin) by extension 'colcon_meta'
[3.997s] Level 1:colcon.colcon_core.package_identification:_identify(Arducam-Pivariety-V4L2-Driver/Release/bin) by extensions ['ros']
[3.997s] Level 1:colcon.colcon_core.package_identification:_identify(Arducam-Pivariety-V4L2-Driver/Release/bin) by extension 'ros'
[3.998s] Level 1:colcon.colcon_core.package_identification:_identify(Arducam-Pivariety-V4L2-Driver/Release/bin) by extensions ['cmake', 'python']
[3.998s] Level 1:colcon.colcon_core.package_identification:_identify(Arducam-Pivariety-V4L2-Driver/Release/bin) by extension 'cmake'
[3.999s] Level 1:colcon.colcon_core.package_identification:_identify(Arducam-Pivariety-V4L2-Driver/Release/bin) by extension 'python'
[4.000s] Level 1:colcon.colcon_core.package_identification:_identify(Arducam-Pivariety-V4L2-Driver/Release/bin) by extensions ['python_setup_py']
[4.000s] Level 1:colcon.colcon_core.package_identification:_identify(Arducam-Pivariety-V4L2-Driver/Release/bin) by extension 'python_setup_py'
[4.003s] Level 1:colcon.colcon_core.package_identification:_identify(Arducam-Pivariety-V4L2-Driver/Release/bin/5.10.17+) by extensions ['ignore', 'ignore_ament_install']
[4.004s] Level 1:colcon.colcon_core.package_identification:_identify(Arducam-Pivariety-V4L2-Driver/Release/bin/5.10.17+) by extension 'ignore'
[4.005s] Level 1:colcon.colcon_core.package_identification:_identify(Arducam-Pivariety-V4L2-Driver/Release/bin/5.10.17+) by extension 'ignore_ament_install'
[4.005s] Level 1:colcon.colcon_core.package_identification:_identify(Arducam-Pivariety-V4L2-Driver/Release/bin/5.10.17+) by extensions ['colcon_pkg']
[4.006s] Level 1:colcon.colcon_core.package_identification:_identify(Arducam-Pivariety-V4L2-Driver/Release/bin/5.10.17+) by extension 'colcon_pkg'
[4.006s] Level 1:colcon.colcon_core.package_identification:_identify(Arducam-Pivariety-V4L2-Driver/Release/bin/5.10.17+) by extensions ['colcon_meta']
[4.006s] Level 1:colcon.colcon_core.package_identification:_identify(Arducam-Pivariety-V4L2-Driver/Release/bin/5.10.17+) by extension 'colcon_meta'
[4.007s] Level 1:colcon.colcon_core.package_identification:_identify(Arducam-Pivariety-V4L2-Driver/Release/bin/5.10.17+) by extensions ['ros']
[4.008s] Level 1:colcon.colcon_core.package_identification:_identify(Arducam-Pivariety-V4L2-Driver/Release/bin/5.10.17+) by extension 'ros'
[4.009s] Level 1:colcon.colcon_core.package_identification:_identify(Arducam-Pivariety-V4L2-Driver/Release/bin/5.10.17+) by extensions ['cmake', 'python']
[4.010s] Level 1:colcon.colcon_core.package_identification:_identify(Arducam-Pivariety-V4L2-Driver/Release/bin/5.10.17+) by extension 'cmake'
[4.010s] Level 1:colcon.colcon_core.package_identification:_identify(Arducam-Pivariety-V4L2-Driver/Release/bin/5.10.17+) by extension 'python'
[4.011s] Level 1:colcon.colcon_core.package_identification:_identify(Arducam-Pivariety-V4L2-Driver/Release/bin/5.10.17+) by extensions ['python_setup_py']
[4.012s] Level 1:colcon.colcon_core.package_identification:_identify(Arducam-Pivariety-V4L2-Driver/Release/bin/5.10.17+) by extension 'python_setup_py'
[4.015s] Level 1:colcon.colcon_core.package_identification:_identify(Arducam-Pivariety-V4L2-Driver/Release/bin/5.10.17-v7+) by extensions ['ignore', 'ignore_ament_install']
[4.016s] Level 1:colcon.colcon_core.package_identification:_identify(Arducam-Pivariety-V4L2-Driver/Release/bin/5.10.17-v7+) by extension 'ignore'
[4.017s] Level 1:colcon.colcon_core.package_identification:_identify(Arducam-Pivariety-V4L2-Driver/Release/bin/5.10.17-v7+) by extension 'ignore_ament_install'
[4.018s] Level 1:colcon.colcon_core.package_identification:_identify(Arducam-Pivariety-V4L2-Driver/Release/bin/5.10.17-v7+) by extensions ['colcon_pkg']
[4.018s] Level 1:colcon.colcon_core.package_identification:_identify(Arducam-Pivariety-V4L2-Driver/Release/bin/5.10.17-v7+) by extension 'colcon_pkg'
[4.019s] Level 1:colcon.colcon_core.package_identification:_identify(Arducam-Pivariety-V4L2-Driver/Release/bin/5.10.17-v7+) by extensions ['colcon_meta']
[4.020s] Level 1:colcon.colcon_core.package_identification:_identify(Arducam-Pivariety-V4L2-Driver/Release/bin/5.10.17-v7+) by extension 'colcon_meta'
[4.020s] Level 1:colcon.colcon_core.package_identification:_identify(Arducam-Pivariety-V4L2-Driver/Release/bin/5.10.17-v7+) by extensions ['ros']
[4.021s] Level 1:colcon.colcon_core.package_identification:_identify(Arducam-Pivariety-V4L2-Driver/Release/bin/5.10.17-v7+) by extension 'ros'
[4.022s] Level 1:colcon.colcon_core.package_identification:_identify(Arducam-Pivariety-V4L2-Driver/Release/bin/5.10.17-v7+) by extensions ['cmake', 'python']
[4.022s] Level 1:colcon.colcon_core.package_identification:_identify(Arducam-Pivariety-V4L2-Driver/Release/bin/5.10.17-v7+) by extension 'cmake'
[4.023s] Level 1:colcon.colcon_core.package_identification:_identify(Arducam-Pivariety-V4L2-Driver/Release/bin/5.10.17-v7+) by extension 'python'
[4.023s] Level 1:colcon.colcon_core.package_identification:_identify(Arducam-Pivariety-V4L2-Driver/Release/bin/5.10.17-v7+) by extensions ['python_setup_py']
[4.024s] Level 1:colcon.colcon_core.package_identification:_identify(Arducam-Pivariety-V4L2-Driver/Release/bin/5.10.17-v7+) by extension 'python_setup_py'
[4.027s] Level 1:colcon.colcon_core.package_identification:_identify(Arducam-Pivariety-V4L2-Driver/Release/bin/5.10.17-v7l+) by extensions ['ignore', 'ignore_ament_install']
[4.028s] Level 1:colcon.colcon_core.package_identification:_identify(Arducam-Pivariety-V4L2-Driver/Release/bin/5.10.17-v7l+) by extension 'ignore'
[4.028s] Level 1:colcon.colcon_core.package_identification:_identify(Arducam-Pivariety-V4L2-Driver/Release/bin/5.10.17-v7l+) by extension 'ignore_ament_install'
[4.029s] Level 1:colcon.colcon_core.package_identification:_identify(Arducam-Pivariety-V4L2-Driver/Release/bin/5.10.17-v7l+) by extensions ['colcon_pkg']
[4.029s] Level 1:colcon.colcon_core.package_identification:_identify(Arducam-Pivariety-V4L2-Driver/Release/bin/5.10.17-v7l+) by extension 'colcon_pkg'
[4.030s] Level 1:colcon.colcon_core.package_identification:_identify(Arducam-Pivariety-V4L2-Driver/Release/bin/5.10.17-v7l+) by extensions ['colcon_meta']
[4.030s] Level 1:colcon.colcon_core.package_identification:_identify(Arducam-Pivariety-V4L2-Driver/Release/bin/5.10.17-v7l+) by extension 'colcon_meta'
[4.031s] Level 1:colcon.colcon_core.package_identification:_identify(Arducam-Pivariety-V4L2-Driver/Release/bin/5.10.17-v7l+) by extensions ['ros']
[4.032s] Level 1:colcon.colcon_core.package_identification:_identify(Arducam-Pivariety-V4L2-Driver/Release/bin/5.10.17-v7l+) by extension 'ros'
[4.033s] Level 1:colcon.colcon_core.package_identification:_identify(Arducam-Pivariety-V4L2-Driver/Release/bin/5.10.17-v7l+) by extensions ['cmake', 'python']
[4.034s] Level 1:colcon.colcon_core.package_identification:_identify(Arducam-Pivariety-V4L2-Driver/Release/bin/5.10.17-v7l+) by extension 'cmake'
[4.034s] Level 1:colcon.colcon_core.package_identification:_identify(Arducam-Pivariety-V4L2-Driver/Release/bin/5.10.17-v7l+) by extension 'python'
[4.035s] Level 1:colcon.colcon_core.package_identification:_identify(Arducam-Pivariety-V4L2-Driver/Release/bin/5.10.17-v7l+) by extensions ['python_setup_py']
[4.036s] Level 1:colcon.colcon_core.package_identification:_identify(Arducam-Pivariety-V4L2-Driver/Release/bin/5.10.17-v7l+) by extension 'python_setup_py'
[4.039s] Level 1:colcon.colcon_core.package_identification:_identify(Arducam-Pivariety-V4L2-Driver/Release/bin/5.10.52+) by extensions ['ignore', 'ignore_ament_install']
[4.040s] Level 1:colcon.colcon_core.package_identification:_identify(Arducam-Pivariety-V4L2-Driver/Release/bin/5.10.52+) by extension 'ignore'
[4.041s] Level 1:colcon.colcon_core.package_identification:_identify(Arducam-Pivariety-V4L2-Driver/Release/bin/5.10.52+) by extension 'ignore_ament_install'
[4.042s] Level 1:colcon.colcon_core.package_identification:_identify(Arducam-Pivariety-V4L2-Driver/Release/bin/5.10.52+) by extensions ['colcon_pkg']
[4.042s] Level 1:colcon.colcon_core.package_identification:_identify(Arducam-Pivariety-V4L2-Driver/Release/bin/5.10.52+) by extension 'colcon_pkg'
[4.043s] Level 1:colcon.colcon_core.package_identification:_identify(Arducam-Pivariety-V4L2-Driver/Release/bin/5.10.52+) by extensions ['colcon_meta']
[4.044s] Level 1:colcon.colcon_core.package_identification:_identify(Arducam-Pivariety-V4L2-Driver/Release/bin/5.10.52+) by extension 'colcon_meta'
[4.044s] Level 1:colcon.colcon_core.package_identification:_identify(Arducam-Pivariety-V4L2-Driver/Release/bin/5.10.52+) by extensions ['ros']
[4.045s] Level 1:colcon.colcon_core.package_identification:_identify(Arducam-Pivariety-V4L2-Driver/Release/bin/5.10.52+) by extension 'ros'
[4.046s] Level 1:colcon.colcon_core.package_identification:_identify(Arducam-Pivariety-V4L2-Driver/Release/bin/5.10.52+) by extensions ['cmake', 'python']
[4.046s] Level 1:colcon.colcon_core.package_identification:_identify(Arducam-Pivariety-V4L2-Driver/Release/bin/5.10.52+) by extension 'cmake'
[4.047s] Level 1:colcon.colcon_core.package_identification:_identify(Arducam-Pivariety-V4L2-Driver/Release/bin/5.10.52+) by extension 'python'
[4.047s] Level 1:colcon.colcon_core.package_identification:_identify(Arducam-Pivariety-V4L2-Driver/Release/bin/5.10.52+) by extensions ['python_setup_py']
[4.048s] Level 1:colcon.colcon_core.package_identification:_identify(Arducam-Pivariety-V4L2-Driver/Release/bin/5.10.52+) by extension 'python_setup_py'
[4.051s] Level 1:colcon.colcon_core.package_identification:_identify(Arducam-Pivariety-V4L2-Driver/Release/bin/5.10.52-v7+) by extensions ['ignore', 'ignore_ament_install']
[4.052s] Level 1:colcon.colcon_core.package_identification:_identify(Arducam-Pivariety-V4L2-Driver/Release/bin/5.10.52-v7+) by extension 'ignore'
[4.052s] Level 1:colcon.colcon_core.package_identification:_identify(Arducam-Pivariety-V4L2-Driver/Release/bin/5.10.52-v7+) by extension 'ignore_ament_install'
[4.053s] Level 1:colcon.colcon_core.package_identification:_identify(Arducam-Pivariety-V4L2-Driver/Release/bin/5.10.52-v7+) by extensions ['colcon_pkg']
[4.054s] Level 1:colcon.colcon_core.package_identification:_identify(Arducam-Pivariety-V4L2-Driver/Release/bin/5.10.52-v7+) by extension 'colcon_pkg'
[4.054s] Level 1:colcon.colcon_core.package_identification:_identify(Arducam-Pivariety-V4L2-Driver/Release/bin/5.10.52-v7+) by extensions ['colcon_meta']
[4.054s] Level 1:colcon.colcon_core.package_identification:_identify(Arducam-Pivariety-V4L2-Driver/Release/bin/5.10.52-v7+) by extension 'colcon_meta'
[4.055s] Level 1:colcon.colcon_core.package_identification:_identify(Arducam-Pivariety-V4L2-Driver/Release/bin/5.10.52-v7+) by extensions ['ros']
[4.056s] Level 1:colcon.colcon_core.package_identification:_identify(Arducam-Pivariety-V4L2-Driver/Release/bin/5.10.52-v7+) by extension 'ros'
[4.057s] Level 1:colcon.colcon_core.package_identification:_identify(Arducam-Pivariety-V4L2-Driver/Release/bin/5.10.52-v7+) by extensions ['cmake', 'python']
[4.058s] Level 1:colcon.colcon_core.package_identification:_identify(Arducam-Pivariety-V4L2-Driver/Release/bin/5.10.52-v7+) by extension 'cmake'
[4.058s] Level 1:colcon.colcon_core.package_identification:_identify(Arducam-Pivariety-V4L2-Driver/Release/bin/5.10.52-v7+) by extension 'python'
[4.059s] Level 1:colcon.colcon_core.package_identification:_identify(Arducam-Pivariety-V4L2-Driver/Release/bin/5.10.52-v7+) by extensions ['python_setup_py']
[4.060s] Level 1:colcon.colcon_core.package_identification:_identify(Arducam-Pivariety-V4L2-Driver/Release/bin/5.10.52-v7+) by extension 'python_setup_py'
[4.063s] Level 1:colcon.colcon_core.package_identification:_identify(Arducam-Pivariety-V4L2-Driver/Release/bin/5.10.52-v7l+) by extensions ['ignore', 'ignore_ament_install']
[4.064s] Level 1:colcon.colcon_core.package_identification:_identify(Arducam-Pivariety-V4L2-Driver/Release/bin/5.10.52-v7l+) by extension 'ignore'
[4.065s] Level 1:colcon.colcon_core.package_identification:_identify(Arducam-Pivariety-V4L2-Driver/Release/bin/5.10.52-v7l+) by extension 'ignore_ament_install'
[4.066s] Level 1:colcon.colcon_core.package_identification:_identify(Arducam-Pivariety-V4L2-Driver/Release/bin/5.10.52-v7l+) by extensions ['colcon_pkg']
[4.066s] Level 1:colcon.colcon_core.package_identification:_identify(Arducam-Pivariety-V4L2-Driver/Release/bin/5.10.52-v7l+) by extension 'colcon_pkg'
[4.067s] Level 1:colcon.colcon_core.package_identification:_identify(Arducam-Pivariety-V4L2-Driver/Release/bin/5.10.52-v7l+) by extensions ['colcon_meta']
[4.068s] Level 1:colcon.colcon_core.package_identification:_identify(Arducam-Pivariety-V4L2-Driver/Release/bin/5.10.52-v7l+) by extension 'colcon_meta'
[4.069s] Level 1:colcon.colcon_core.package_identification:_identify(Arducam-Pivariety-V4L2-Driver/Release/bin/5.10.52-v7l+) by extensions ['ros']
[4.069s] Level 1:colcon.colcon_core.package_identification:_identify(Arducam-Pivariety-V4L2-Driver/Release/bin/5.10.52-v7l+) by extension 'ros'
[4.070s] Level 1:colcon.colcon_core.package_identification:_identify(Arducam-Pivariety-V4L2-Driver/Release/bin/5.10.52-v7l+) by extensions ['cmake', 'python']
[4.070s] Level 1:colcon.colcon_core.package_identification:_identify(Arducam-Pivariety-V4L2-Driver/Release/bin/5.10.52-v7l+) by extension 'cmake'
[4.071s] Level 1:colcon.colcon_core.package_identification:_identify(Arducam-Pivariety-V4L2-Driver/Release/bin/5.10.52-v7l+) by extension 'python'
[4.072s] Level 1:colcon.colcon_core.package_identification:_identify(Arducam-Pivariety-V4L2-Driver/Release/bin/5.10.52-v7l+) by extensions ['python_setup_py']
[4.072s] Level 1:colcon.colcon_core.package_identification:_identify(Arducam-Pivariety-V4L2-Driver/Release/bin/5.10.52-v7l+) by extension 'python_setup_py'
[4.075s] Level 1:colcon.colcon_core.package_identification:_identify(Arducam-Pivariety-V4L2-Driver/Release/bin/5.10.60+) by extensions ['ignore', 'ignore_ament_install']
[4.076s] Level 1:colcon.colcon_core.package_identification:_identify(Arducam-Pivariety-V4L2-Driver/Release/bin/5.10.60+) by extension 'ignore'
[4.077s] Level 1:colcon.colcon_core.package_identification:_identify(Arducam-Pivariety-V4L2-Driver/Release/bin/5.10.60+) by extension 'ignore_ament_install'
[4.077s] Level 1:colcon.colcon_core.package_identification:_identify(Arducam-Pivariety-V4L2-Driver/Release/bin/5.10.60+) by extensions ['colcon_pkg']
[4.078s] Level 1:colcon.colcon_core.package_identification:_identify(Arducam-Pivariety-V4L2-Driver/Release/bin/5.10.60+) by extension 'colcon_pkg'
[4.078s] Level 1:colcon.colcon_core.package_identification:_identify(Arducam-Pivariety-V4L2-Driver/Release/bin/5.10.60+) by extensions ['colcon_meta']
[4.078s] Level 1:colcon.colcon_core.package_identification:_identify(Arducam-Pivariety-V4L2-Driver/Release/bin/5.10.60+) by extension 'colcon_meta'
[4.079s] Level 1:colcon.colcon_core.package_identification:_identify(Arducam-Pivariety-V4L2-Driver/Release/bin/5.10.60+) by extensions ['ros']
[4.080s] Level 1:colcon.colcon_core.package_identification:_identify(Arducam-Pivariety-V4L2-Driver/Release/bin/5.10.60+) by extension 'ros'
[4.081s] Level 1:colcon.colcon_core.package_identification:_identify(Arducam-Pivariety-V4L2-Driver/Release/bin/5.10.60+) by extensions ['cmake', 'python']
[4.082s] Level 1:colcon.colcon_core.package_identification:_identify(Arducam-Pivariety-V4L2-Driver/Release/bin/5.10.60+) by extension 'cmake'
[4.082s] Level 1:colcon.colcon_core.package_identification:_identify(Arducam-Pivariety-V4L2-Driver/Release/bin/5.10.60+) by extension 'python'
[4.083s] Level 1:colcon.colcon_core.package_identification:_identify(Arducam-Pivariety-V4L2-Driver/Release/bin/5.10.60+) by extensions ['python_setup_py']
[4.084s] Level 1:colcon.colcon_core.package_identification:_identify(Arducam-Pivariety-V4L2-Driver/Release/bin/5.10.60+) by extension 'python_setup_py'
[4.087s] Level 1:colcon.colcon_core.package_identification:_identify(Arducam-Pivariety-V4L2-Driver/Release/bin/5.10.60-v7+) by extensions ['ignore', 'ignore_ament_install']
[4.088s] Level 1:colcon.colcon_core.package_identification:_identify(Arducam-Pivariety-V4L2-Driver/Release/bin/5.10.60-v7+) by extension 'ignore'
[4.089s] Level 1:colcon.colcon_core.package_identification:_identify(Arducam-Pivariety-V4L2-Driver/Release/bin/5.10.60-v7+) by extension 'ignore_ament_install'
[4.090s] Level 1:colcon.colcon_core.package_identification:_identify(Arducam-Pivariety-V4L2-Driver/Release/bin/5.10.60-v7+) by extensions ['colcon_pkg']
[4.090s] Level 1:colcon.colcon_core.package_identification:_identify(Arducam-Pivariety-V4L2-Driver/Release/bin/5.10.60-v7+) by extension 'colcon_pkg'
[4.091s] Level 1:colcon.colcon_core.package_identification:_identify(Arducam-Pivariety-V4L2-Driver/Release/bin/5.10.60-v7+) by extensions ['colcon_meta']
[4.092s] Level 1:colcon.colcon_core.package_identification:_identify(Arducam-Pivariety-V4L2-Driver/Release/bin/5.10.60-v7+) by extension 'colcon_meta'
[4.093s] Level 1:colcon.colcon_core.package_identification:_identify(Arducam-Pivariety-V4L2-Driver/Release/bin/5.10.60-v7+) by extensions ['ros']
[4.093s] Level 1:colcon.colcon_core.package_identification:_identify(Arducam-Pivariety-V4L2-Driver/Release/bin/5.10.60-v7+) by extension 'ros'
[4.094s] Level 1:colcon.colcon_core.package_identification:_identify(Arducam-Pivariety-V4L2-Driver/Release/bin/5.10.60-v7+) by extensions ['cmake', 'python']
[4.095s] Level 1:colcon.colcon_core.package_identification:_identify(Arducam-Pivariety-V4L2-Driver/Release/bin/5.10.60-v7+) by extension 'cmake'
[4.095s] Level 1:colcon.colcon_core.package_identification:_identify(Arducam-Pivariety-V4L2-Driver/Release/bin/5.10.60-v7+) by extension 'python'
[4.096s] Level 1:colcon.colcon_core.package_identification:_identify(Arducam-Pivariety-V4L2-Driver/Release/bin/5.10.60-v7+) by extensions ['python_setup_py']
[4.096s] Level 1:colcon.colcon_core.package_identification:_identify(Arducam-Pivariety-V4L2-Driver/Release/bin/5.10.60-v7+) by extension 'python_setup_py'
[4.099s] Level 1:colcon.colcon_core.package_identification:_identify(Arducam-Pivariety-V4L2-Driver/Release/bin/5.10.60-v7l+) by extensions ['ignore', 'ignore_ament_install']
[4.100s] Level 1:colcon.colcon_core.package_identification:_identify(Arducam-Pivariety-V4L2-Driver/Release/bin/5.10.60-v7l+) by extension 'ignore'
[4.101s] Level 1:colcon.colcon_core.package_identification:_identify(Arducam-Pivariety-V4L2-Driver/Release/bin/5.10.60-v7l+) by extension 'ignore_ament_install'
[4.101s] Level 1:colcon.colcon_core.package_identification:_identify(Arducam-Pivariety-V4L2-Driver/Release/bin/5.10.60-v7l+) by extensions ['colcon_pkg']
[4.102s] Level 1:colcon.colcon_core.package_identification:_identify(Arducam-Pivariety-V4L2-Driver/Release/bin/5.10.60-v7l+) by extension 'colcon_pkg'
[4.102s] Level 1:colcon.colcon_core.package_identification:_identify(Arducam-Pivariety-V4L2-Driver/Release/bin/5.10.60-v7l+) by extensions ['colcon_meta']
[4.103s] Level 1:colcon.colcon_core.package_identification:_identify(Arducam-Pivariety-V4L2-Driver/Release/bin/5.10.60-v7l+) by extension 'colcon_meta'
[4.104s] Level 1:colcon.colcon_core.package_identification:_identify(Arducam-Pivariety-V4L2-Driver/Release/bin/5.10.60-v7l+) by extensions ['ros']
[4.104s] Level 1:colcon.colcon_core.package_identification:_identify(Arducam-Pivariety-V4L2-Driver/Release/bin/5.10.60-v7l+) by extension 'ros'
[4.106s] Level 1:colcon.colcon_core.package_identification:_identify(Arducam-Pivariety-V4L2-Driver/Release/bin/5.10.60-v7l+) by extensions ['cmake', 'python']
[4.106s] Level 1:colcon.colcon_core.package_identification:_identify(Arducam-Pivariety-V4L2-Driver/Release/bin/5.10.60-v7l+) by extension 'cmake'
[4.107s] Level 1:colcon.colcon_core.package_identification:_identify(Arducam-Pivariety-V4L2-Driver/Release/bin/5.10.60-v7l+) by extension 'python'
[4.107s] Level 1:colcon.colcon_core.package_identification:_identify(Arducam-Pivariety-V4L2-Driver/Release/bin/5.10.60-v7l+) by extensions ['python_setup_py']
[4.108s] Level 1:colcon.colcon_core.package_identification:_identify(Arducam-Pivariety-V4L2-Driver/Release/bin/5.10.60-v7l+) by extension 'python_setup_py'
[4.111s] Level 1:colcon.colcon_core.package_identification:_identify(Arducam-Pivariety-V4L2-Driver/Release/bin/5.10.63+) by extensions ['ignore', 'ignore_ament_install']
[4.112s] Level 1:colcon.colcon_core.package_identification:_identify(Arducam-Pivariety-V4L2-Driver/Release/bin/5.10.63+) by extension 'ignore'
[4.113s] Level 1:colcon.colcon_core.package_identification:_identify(Arducam-Pivariety-V4L2-Driver/Release/bin/5.10.63+) by extension 'ignore_ament_install'
[4.114s] Level 1:colcon.colcon_core.package_identification:_identify(Arducam-Pivariety-V4L2-Driver/Release/bin/5.10.63+) by extensions ['colcon_pkg']
[4.114s] Level 1:colcon.colcon_core.package_identification:_identify(Arducam-Pivariety-V4L2-Driver/Release/bin/5.10.63+) by extension 'colcon_pkg'
[4.115s] Level 1:colcon.colcon_core.package_identification:_identify(Arducam-Pivariety-V4L2-Driver/Release/bin/5.10.63+) by extensions ['colcon_meta']
[4.116s] Level 1:colcon.colcon_core.package_identification:_identify(Arducam-Pivariety-V4L2-Driver/Release/bin/5.10.63+) by extension 'colcon_meta'
[4.117s] Level 1:colcon.colcon_core.package_identification:_identify(Arducam-Pivariety-V4L2-Driver/Release/bin/5.10.63+) by extensions ['ros']
[4.117s] Level 1:colcon.colcon_core.package_identification:_identify(Arducam-Pivariety-V4L2-Driver/Release/bin/5.10.63+) by extension 'ros'
[4.118s] Level 1:colcon.colcon_core.package_identification:_identify(Arducam-Pivariety-V4L2-Driver/Release/bin/5.10.63+) by extensions ['cmake', 'python']
[4.119s] Level 1:colcon.colcon_core.package_identification:_identify(Arducam-Pivariety-V4L2-Driver/Release/bin/5.10.63+) by extension 'cmake'
[4.119s] Level 1:colcon.colcon_core.package_identification:_identify(Arducam-Pivariety-V4L2-Driver/Release/bin/5.10.63+) by extension 'python'
[4.120s] Level 1:colcon.colcon_core.package_identification:_identify(Arducam-Pivariety-V4L2-Driver/Release/bin/5.10.63+) by extensions ['python_setup_py']
[4.120s] Level 1:colcon.colcon_core.package_identification:_identify(Arducam-Pivariety-V4L2-Driver/Release/bin/5.10.63+) by extension 'python_setup_py'
[4.123s] Level 1:colcon.colcon_core.package_identification:_identify(Arducam-Pivariety-V4L2-Driver/Release/bin/5.10.63-v7+) by extensions ['ignore', 'ignore_ament_install']
[4.124s] Level 1:colcon.colcon_core.package_identification:_identify(Arducam-Pivariety-V4L2-Driver/Release/bin/5.10.63-v7+) by extension 'ignore'
[4.125s] Level 1:colcon.colcon_core.package_identification:_identify(Arducam-Pivariety-V4L2-Driver/Release/bin/5.10.63-v7+) by extension 'ignore_ament_install'
[4.125s] Level 1:colcon.colcon_core.package_identification:_identify(Arducam-Pivariety-V4L2-Driver/Release/bin/5.10.63-v7+) by extensions ['colcon_pkg']
[4.126s] Level 1:colcon.colcon_core.package_identification:_identify(Arducam-Pivariety-V4L2-Driver/Release/bin/5.10.63-v7+) by extension 'colcon_pkg'
[4.126s] Level 1:colcon.colcon_core.package_identification:_identify(Arducam-Pivariety-V4L2-Driver/Release/bin/5.10.63-v7+) by extensions ['colcon_meta']
[4.127s] Level 1:colcon.colcon_core.package_identification:_identify(Arducam-Pivariety-V4L2-Driver/Release/bin/5.10.63-v7+) by extension 'colcon_meta'
[4.128s] Level 1:colcon.colcon_core.package_identification:_identify(Arducam-Pivariety-V4L2-Driver/Release/bin/5.10.63-v7+) by extensions ['ros']
[4.128s] Level 1:colcon.colcon_core.package_identification:_identify(Arducam-Pivariety-V4L2-Driver/Release/bin/5.10.63-v7+) by extension 'ros'
[4.130s] Level 1:colcon.colcon_core.package_identification:_identify(Arducam-Pivariety-V4L2-Driver/Release/bin/5.10.63-v7+) by extensions ['cmake', 'python']
[4.130s] Level 1:colcon.colcon_core.package_identification:_identify(Arducam-Pivariety-V4L2-Driver/Release/bin/5.10.63-v7+) by extension 'cmake'
[4.131s] Level 1:colcon.colcon_core.package_identification:_identify(Arducam-Pivariety-V4L2-Driver/Release/bin/5.10.63-v7+) by extension 'python'
[4.132s] Level 1:colcon.colcon_core.package_identification:_identify(Arducam-Pivariety-V4L2-Driver/Release/bin/5.10.63-v7+) by extensions ['python_setup_py']
[4.132s] Level 1:colcon.colcon_core.package_identification:_identify(Arducam-Pivariety-V4L2-Driver/Release/bin/5.10.63-v7+) by extension 'python_setup_py'
[4.135s] Level 1:colcon.colcon_core.package_identification:_identify(Arducam-Pivariety-V4L2-Driver/Release/bin/5.10.63-v7l+) by extensions ['ignore', 'ignore_ament_install']
[4.137s] Level 1:colcon.colcon_core.package_identification:_identify(Arducam-Pivariety-V4L2-Driver/Release/bin/5.10.63-v7l+) by extension 'ignore'
[4.137s] Level 1:colcon.colcon_core.package_identification:_identify(Arducam-Pivariety-V4L2-Driver/Release/bin/5.10.63-v7l+) by extension 'ignore_ament_install'
[4.138s] Level 1:colcon.colcon_core.package_identification:_identify(Arducam-Pivariety-V4L2-Driver/Release/bin/5.10.63-v7l+) by extensions ['colcon_pkg']
[4.139s] Level 1:colcon.colcon_core.package_identification:_identify(Arducam-Pivariety-V4L2-Driver/Release/bin/5.10.63-v7l+) by extension 'colcon_pkg'
[4.140s] Level 1:colcon.colcon_core.package_identification:_identify(Arducam-Pivariety-V4L2-Driver/Release/bin/5.10.63-v7l+) by extensions ['colcon_meta']
[4.140s] Level 1:colcon.colcon_core.package_identification:_identify(Arducam-Pivariety-V4L2-Driver/Release/bin/5.10.63-v7l+) by extension 'colcon_meta'
[4.141s] Level 1:colcon.colcon_core.package_identification:_identify(Arducam-Pivariety-V4L2-Driver/Release/bin/5.10.63-v7l+) by extensions ['ros']
[4.141s] Level 1:colcon.colcon_core.package_identification:_identify(Arducam-Pivariety-V4L2-Driver/Release/bin/5.10.63-v7l+) by extension 'ros'
[4.142s] Level 1:colcon.colcon_core.package_identification:_identify(Arducam-Pivariety-V4L2-Driver/Release/bin/5.10.63-v7l+) by extensions ['cmake', 'python']
[4.143s] Level 1:colcon.colcon_core.package_identification:_identify(Arducam-Pivariety-V4L2-Driver/Release/bin/5.10.63-v7l+) by extension 'cmake'
[4.143s] Level 1:colcon.colcon_core.package_identification:_identify(Arducam-Pivariety-V4L2-Driver/Release/bin/5.10.63-v7l+) by extension 'python'
[4.144s] Level 1:colcon.colcon_core.package_identification:_identify(Arducam-Pivariety-V4L2-Driver/Release/bin/5.10.63-v7l+) by extensions ['python_setup_py']
[4.144s] Level 1:colcon.colcon_core.package_identification:_identify(Arducam-Pivariety-V4L2-Driver/Release/bin/5.10.63-v7l+) by extension 'python_setup_py'
[4.147s] Level 1:colcon.colcon_core.package_identification:_identify(Arducam-Pivariety-V4L2-Driver/Release/bin/5.10.63-v8+) by extensions ['ignore', 'ignore_ament_install']
[4.148s] Level 1:colcon.colcon_core.package_identification:_identify(Arducam-Pivariety-V4L2-Driver/Release/bin/5.10.63-v8+) by extension 'ignore'
[4.149s] Level 1:colcon.colcon_core.package_identification:_identify(Arducam-Pivariety-V4L2-Driver/Release/bin/5.10.63-v8+) by extension 'ignore_ament_install'
[4.150s] Level 1:colcon.colcon_core.package_identification:_identify(Arducam-Pivariety-V4L2-Driver/Release/bin/5.10.63-v8+) by extensions ['colcon_pkg']
[4.150s] Level 1:colcon.colcon_core.package_identification:_identify(Arducam-Pivariety-V4L2-Driver/Release/bin/5.10.63-v8+) by extension 'colcon_pkg'
[4.150s] Level 1:colcon.colcon_core.package_identification:_identify(Arducam-Pivariety-V4L2-Driver/Release/bin/5.10.63-v8+) by extensions ['colcon_meta']
[4.151s] Level 1:colcon.colcon_core.package_identification:_identify(Arducam-Pivariety-V4L2-Driver/Release/bin/5.10.63-v8+) by extension 'colcon_meta'
[4.152s] Level 1:colcon.colcon_core.package_identification:_identify(Arducam-Pivariety-V4L2-Driver/Release/bin/5.10.63-v8+) by extensions ['ros']
[4.152s] Level 1:colcon.colcon_core.package_identification:_identify(Arducam-Pivariety-V4L2-Driver/Release/bin/5.10.63-v8+) by extension 'ros'
[4.154s] Level 1:colcon.colcon_core.package_identification:_identify(Arducam-Pivariety-V4L2-Driver/Release/bin/5.10.63-v8+) by extensions ['cmake', 'python']
[4.154s] Level 1:colcon.colcon_core.package_identification:_identify(Arducam-Pivariety-V4L2-Driver/Release/bin/5.10.63-v8+) by extension 'cmake'
[4.155s] Level 1:colcon.colcon_core.package_identification:_identify(Arducam-Pivariety-V4L2-Driver/Release/bin/5.10.63-v8+) by extension 'python'
[4.156s] Level 1:colcon.colcon_core.package_identification:_identify(Arducam-Pivariety-V4L2-Driver/Release/bin/5.10.63-v8+) by extensions ['python_setup_py']
[4.156s] Level 1:colcon.colcon_core.package_identification:_identify(Arducam-Pivariety-V4L2-Driver/Release/bin/5.10.63-v8+) by extension 'python_setup_py'
[4.159s] Level 1:colcon.colcon_core.package_identification:_identify(Arducam-Pivariety-V4L2-Driver/focus) by extensions ['ignore', 'ignore_ament_install']
[4.160s] Level 1:colcon.colcon_core.package_identification:_identify(Arducam-Pivariety-V4L2-Driver/focus) by extension 'ignore'
[4.161s] Level 1:colcon.colcon_core.package_identification:_identify(Arducam-Pivariety-V4L2-Driver/focus) by extension 'ignore_ament_install'
[4.162s] Level 1:colcon.colcon_core.package_identification:_identify(Arducam-Pivariety-V4L2-Driver/focus) by extensions ['colcon_pkg']
[4.162s] Level 1:colcon.colcon_core.package_identification:_identify(Arducam-Pivariety-V4L2-Driver/focus) by extension 'colcon_pkg'
[4.163s] Level 1:colcon.colcon_core.package_identification:_identify(Arducam-Pivariety-V4L2-Driver/focus) by extensions ['colcon_meta']
[4.164s] Level 1:colcon.colcon_core.package_identification:_identify(Arducam-Pivariety-V4L2-Driver/focus) by extension 'colcon_meta'
[4.165s] Level 1:colcon.colcon_core.package_identification:_identify(Arducam-Pivariety-V4L2-Driver/focus) by extensions ['ros']
[4.165s] Level 1:colcon.colcon_core.package_identification:_identify(Arducam-Pivariety-V4L2-Driver/focus) by extension 'ros'
[4.166s] Level 1:colcon.colcon_core.package_identification:_identify(Arducam-Pivariety-V4L2-Driver/focus) by extensions ['cmake', 'python']
[4.166s] Level 1:colcon.colcon_core.package_identification:_identify(Arducam-Pivariety-V4L2-Driver/focus) by extension 'cmake'
[4.167s] Level 1:colcon.colcon_core.package_identification:_identify(Arducam-Pivariety-V4L2-Driver/focus) by extension 'python'
[4.167s] Level 1:colcon.colcon_core.package_identification:_identify(Arducam-Pivariety-V4L2-Driver/focus) by extensions ['python_setup_py']
[4.168s] Level 1:colcon.colcon_core.package_identification:_identify(Arducam-Pivariety-V4L2-Driver/focus) by extension 'python_setup_py'
[4.171s] Level 1:colcon.colcon_core.package_identification:_identify(Arducam-Pivariety-V4L2-Driver/patchs) by extensions ['ignore', 'ignore_ament_install']
[4.172s] Level 1:colcon.colcon_core.package_identification:_identify(Arducam-Pivariety-V4L2-Driver/patchs) by extension 'ignore'
[4.172s] Level 1:colcon.colcon_core.package_identification:_identify(Arducam-Pivariety-V4L2-Driver/patchs) by extension 'ignore_ament_install'
[4.173s] Level 1:colcon.colcon_core.package_identification:_identify(Arducam-Pivariety-V4L2-Driver/patchs) by extensions ['colcon_pkg']
[4.173s] Level 1:colcon.colcon_core.package_identification:_identify(Arducam-Pivariety-V4L2-Driver/patchs) by extension 'colcon_pkg'
[4.174s] Level 1:colcon.colcon_core.package_identification:_identify(Arducam-Pivariety-V4L2-Driver/patchs) by extensions ['colcon_meta']
[4.174s] Level 1:colcon.colcon_core.package_identification:_identify(Arducam-Pivariety-V4L2-Driver/patchs) by extension 'colcon_meta'
[4.175s] Level 1:colcon.colcon_core.package_identification:_identify(Arducam-Pivariety-V4L2-Driver/patchs) by extensions ['ros']
[4.175s] Level 1:colcon.colcon_core.package_identification:_identify(Arducam-Pivariety-V4L2-Driver/patchs) by extension 'ros'
[4.177s] Level 1:colcon.colcon_core.package_identification:_identify(Arducam-Pivariety-V4L2-Driver/patchs) by extensions ['cmake', 'python']
[4.177s] Level 1:colcon.colcon_core.package_identification:_identify(Arducam-Pivariety-V4L2-Driver/patchs) by extension 'cmake'
[4.178s] Level 1:colcon.colcon_core.package_identification:_identify(Arducam-Pivariety-V4L2-Driver/patchs) by extension 'python'
[4.179s] Level 1:colcon.colcon_core.package_identification:_identify(Arducam-Pivariety-V4L2-Driver/patchs) by extensions ['python_setup_py']
[4.179s] Level 1:colcon.colcon_core.package_identification:_identify(Arducam-Pivariety-V4L2-Driver/patchs) by extension 'python_setup_py'
[4.182s] Level 1:colcon.colcon_core.package_identification:_identify(Arducam-Pivariety-V4L2-Driver/src) by extensions ['ignore', 'ignore_ament_install']
[4.184s] Level 1:colcon.colcon_core.package_identification:_identify(Arducam-Pivariety-V4L2-Driver/src) by extension 'ignore'
[4.184s] Level 1:colcon.colcon_core.package_identification:_identify(Arducam-Pivariety-V4L2-Driver/src) by extension 'ignore_ament_install'
[4.185s] Level 1:colcon.colcon_core.package_identification:_identify(Arducam-Pivariety-V4L2-Driver/src) by extensions ['colcon_pkg']
[4.186s] Level 1:colcon.colcon_core.package_identification:_identify(Arducam-Pivariety-V4L2-Driver/src) by extension 'colcon_pkg'
[4.186s] Level 1:colcon.colcon_core.package_identification:_identify(Arducam-Pivariety-V4L2-Driver/src) by extensions ['colcon_meta']
[4.187s] Level 1:colcon.colcon_core.package_identification:_identify(Arducam-Pivariety-V4L2-Driver/src) by extension 'colcon_meta'
[4.188s] Level 1:colcon.colcon_core.package_identification:_identify(Arducam-Pivariety-V4L2-Driver/src) by extensions ['ros']
[4.188s] Level 1:colcon.colcon_core.package_identification:_identify(Arducam-Pivariety-V4L2-Driver/src) by extension 'ros'
[4.189s] Level 1:colcon.colcon_core.package_identification:_identify(Arducam-Pivariety-V4L2-Driver/src) by extensions ['cmake', 'python']
[4.190s] Level 1:colcon.colcon_core.package_identification:_identify(Arducam-Pivariety-V4L2-Driver/src) by extension 'cmake'
[4.190s] Level 1:colcon.colcon_core.package_identification:_identify(Arducam-Pivariety-V4L2-Driver/src) by extension 'python'
[4.191s] Level 1:colcon.colcon_core.package_identification:_identify(Arducam-Pivariety-V4L2-Driver/src) by extensions ['python_setup_py']
[4.191s] Level 1:colcon.colcon_core.package_identification:_identify(Arducam-Pivariety-V4L2-Driver/src) by extension 'python_setup_py'
[4.194s] Level 1:colcon.colcon_core.package_identification:_identify(Arducam-Pivariety-V4L2-Driver/tools) by extensions ['ignore', 'ignore_ament_install']
[4.195s] Level 1:colcon.colcon_core.package_identification:_identify(Arducam-Pivariety-V4L2-Driver/tools) by extension 'ignore'
[4.196s] Level 1:colcon.colcon_core.package_identification:_identify(Arducam-Pivariety-V4L2-Driver/tools) by extension 'ignore_ament_install'
[4.196s] Level 1:colcon.colcon_core.package_identification:_identify(Arducam-Pivariety-V4L2-Driver/tools) by extensions ['colcon_pkg']
[4.197s] Level 1:colcon.colcon_core.package_identification:_identify(Arducam-Pivariety-V4L2-Driver/tools) by extension 'colcon_pkg'
[4.197s] Level 1:colcon.colcon_core.package_identification:_identify(Arducam-Pivariety-V4L2-Driver/tools) by extensions ['colcon_meta']
[4.198s] Level 1:colcon.colcon_core.package_identification:_identify(Arducam-Pivariety-V4L2-Driver/tools) by extension 'colcon_meta'
[4.198s] Level 1:colcon.colcon_core.package_identification:_identify(Arducam-Pivariety-V4L2-Driver/tools) by extensions ['ros']
[4.198s] Level 1:colcon.colcon_core.package_identification:_identify(Arducam-Pivariety-V4L2-Driver/tools) by extension 'ros'
[4.200s] Level 1:colcon.colcon_core.package_identification:_identify(Arducam-Pivariety-V4L2-Driver/tools) by extensions ['cmake', 'python']
[4.201s] Level 1:colcon.colcon_core.package_identification:_identify(Arducam-Pivariety-V4L2-Driver/tools) by extension 'cmake'
[4.201s] Level 1:colcon.colcon_core.package_identification:_identify(Arducam-Pivariety-V4L2-Driver/tools) by extension 'python'
[4.202s] Level 1:colcon.colcon_core.package_identification:_identify(Arducam-Pivariety-V4L2-Driver/tools) by extensions ['python_setup_py']
[4.202s] Level 1:colcon.colcon_core.package_identification:_identify(Arducam-Pivariety-V4L2-Driver/tools) by extension 'python_setup_py'
[4.205s] Level 1:colcon.colcon_core.package_identification:_identify(apt) by extensions ['ignore', 'ignore_ament_install']
[4.206s] Level 1:colcon.colcon_core.package_identification:_identify(apt) by extension 'ignore'
[4.207s] Level 1:colcon.colcon_core.package_identification:_identify(apt) by extension 'ignore_ament_install'
[4.208s] Level 1:colcon.colcon_core.package_identification:_identify(apt) by extensions ['colcon_pkg']
[4.208s] Level 1:colcon.colcon_core.package_identification:_identify(apt) by extension 'colcon_pkg'
[4.209s] Level 1:colcon.colcon_core.package_identification:_identify(apt) by extensions ['colcon_meta']
[4.209s] Level 1:colcon.colcon_core.package_identification:_identify(apt) by extension 'colcon_meta'
[4.210s] Level 1:colcon.colcon_core.package_identification:_identify(apt) by extensions ['ros']
[4.210s] Level 1:colcon.colcon_core.package_identification:_identify(apt) by extension 'ros'
[4.212s] Level 1:colcon.colcon_core.package_identification:_identify(apt) by extensions ['cmake', 'python']
[4.212s] Level 1:colcon.colcon_core.package_identification:_identify(apt) by extension 'cmake'
[4.213s] Level 1:colcon.colcon_core.package_identification:_identify(apt) by extension 'python'
[4.213s] Level 1:colcon.colcon_core.package_identification:_identify(apt) by extensions ['python_setup_py']
[4.214s] Level 1:colcon.colcon_core.package_identification:_identify(apt) by extension 'python_setup_py'
[4.216s] Level 1:colcon.colcon_core.package_identification:_identify(apt/auth.conf.d) by extensions ['ignore', 'ignore_ament_install']
[4.217s] Level 1:colcon.colcon_core.package_identification:_identify(apt/auth.conf.d) by extension 'ignore'
[4.218s] Level 1:colcon.colcon_core.package_identification:_identify(apt/auth.conf.d) by extension 'ignore_ament_install'
[4.219s] Level 1:colcon.colcon_core.package_identification:_identify(apt/auth.conf.d) by extensions ['colcon_pkg']
[4.219s] Level 1:colcon.colcon_core.package_identification:_identify(apt/auth.conf.d) by extension 'colcon_pkg'
[4.220s] Level 1:colcon.colcon_core.package_identification:_identify(apt/auth.conf.d) by extensions ['colcon_meta']
[4.220s] Level 1:colcon.colcon_core.package_identification:_identify(apt/auth.conf.d) by extension 'colcon_meta'
[4.221s] Level 1:colcon.colcon_core.package_identification:_identify(apt/auth.conf.d) by extensions ['ros']
[4.221s] Level 1:colcon.colcon_core.package_identification:_identify(apt/auth.conf.d) by extension 'ros'
[4.222s] Level 1:colcon.colcon_core.package_identification:_identify(apt/auth.conf.d) by extensions ['cmake', 'python']
[4.222s] Level 1:colcon.colcon_core.package_identification:_identify(apt/auth.conf.d) by extension 'cmake'
[4.223s] Level 1:colcon.colcon_core.package_identification:_identify(apt/auth.conf.d) by extension 'python'
[4.224s] Level 1:colcon.colcon_core.package_identification:_identify(apt/auth.conf.d) by extensions ['python_setup_py']
[4.224s] Level 1:colcon.colcon_core.package_identification:_identify(apt/auth.conf.d) by extension 'python_setup_py'
[4.227s] Level 1:colcon.colcon_core.package_identification:_identify(apt/keyrings) by extensions ['ignore', 'ignore_ament_install']
[4.228s] Level 1:colcon.colcon_core.package_identification:_identify(apt/keyrings) by extension 'ignore'
[4.229s] Level 1:colcon.colcon_core.package_identification:_identify(apt/keyrings) by extension 'ignore_ament_install'
[4.230s] Level 1:colcon.colcon_core.package_identification:_identify(apt/keyrings) by extensions ['colcon_pkg']
[4.230s] Level 1:colcon.colcon_core.package_identification:_identify(apt/keyrings) by extension 'colcon_pkg'
[4.231s] Level 1:colcon.colcon_core.package_identification:_identify(apt/keyrings) by extensions ['colcon_meta']
[4.231s] Level 1:colcon.colcon_core.package_identification:_identify(apt/keyrings) by extension 'colcon_meta'
[4.232s] Level 1:colcon.colcon_core.package_identification:_identify(apt/keyrings) by extensions ['ros']
[4.232s] Level 1:colcon.colcon_core.package_identification:_identify(apt/keyrings) by extension 'ros'
[4.234s] Level 1:colcon.colcon_core.package_identification:_identify(apt/keyrings) by extensions ['cmake', 'python']
[4.234s] Level 1:colcon.colcon_core.package_identification:_identify(apt/keyrings) by extension 'cmake'
[4.235s] Level 1:colcon.colcon_core.package_identification:_identify(apt/keyrings) by extension 'python'
[4.236s] Level 1:colcon.colcon_core.package_identification:_identify(apt/keyrings) by extensions ['python_setup_py']
[4.236s] Level 1:colcon.colcon_core.package_identification:_identify(apt/keyrings) by extension 'python_setup_py'
[4.237s] Level 1:colcon.colcon_core.package_identification:_identify(build) by extensions ['ignore', 'ignore_ament_install']
[4.238s] Level 1:colcon.colcon_core.package_identification:_identify(build) by extension 'ignore'
[4.239s] Level 1:colcon.colcon_core.package_identification:_identify(build) ignored
[4.241s] Level 1:colcon.colcon_core.package_identification:_identify(install) by extensions ['ignore', 'ignore_ament_install']
[4.241s] Level 1:colcon.colcon_core.package_identification:_identify(install) by extension 'ignore'
[4.242s] Level 1:colcon.colcon_core.package_identification:_identify(install) ignored
[4.245s] Level 1:colcon.colcon_core.package_identification:_identify(log) by extensions ['ignore', 'ignore_ament_install']
[4.246s] Level 1:colcon.colcon_core.package_identification:_identify(log) by extension 'ignore'
[4.246s] Level 1:colcon.colcon_core.package_identification:_identify(log) ignored
[4.249s] Level 1:colcon.colcon_core.package_identification:_identify(python) by extensions ['ignore', 'ignore_ament_install']
[4.250s] Level 1:colcon.colcon_core.package_identification:_identify(python) by extension 'ignore'
[4.250s] Level 1:colcon.colcon_core.package_identification:_identify(python) by extension 'ignore_ament_install'
[4.251s] Level 1:colcon.colcon_core.package_identification:_identify(python) by extensions ['colcon_pkg']
[4.252s] Level 1:colcon.colcon_core.package_identification:_identify(python) by extension 'colcon_pkg'
[4.252s] Level 1:colcon.colcon_core.package_identification:_identify(python) by extensions ['colcon_meta']
[4.252s] Level 1:colcon.colcon_core.package_identification:_identify(python) by extension 'colcon_meta'
[4.253s] Level 1:colcon.colcon_core.package_identification:_identify(python) by extensions ['ros']
[4.253s] Level 1:colcon.colcon_core.package_identification:_identify(python) by extension 'ros'
[4.254s] Level 1:colcon.colcon_core.package_identification:_identify(python) by extensions ['cmake', 'python']
[4.255s] Level 1:colcon.colcon_core.package_identification:_identify(python) by extension 'cmake'
[4.255s] Level 1:colcon.colcon_core.package_identification:_identify(python) by extension 'python'
[4.256s] Level 1:colcon.colcon_core.package_identification:_identify(python) by extensions ['python_setup_py']
[4.256s] Level 1:colcon.colcon_core.package_identification:_identify(python) by extension 'python_setup_py'
[4.257s] Level 1:colcon.colcon_core.package_identification:_identify(src) by extensions ['ignore', 'ignore_ament_install']
[4.258s] Level 1:colcon.colcon_core.package_identification:_identify(src) by extension 'ignore'
[4.259s] Level 1:colcon.colcon_core.package_identification:_identify(src) by extension 'ignore_ament_install'
[4.259s] Level 1:colcon.colcon_core.package_identification:_identify(src) by extensions ['colcon_pkg']
[4.260s] Level 1:colcon.colcon_core.package_identification:_identify(src) by extension 'colcon_pkg'
[4.260s] Level 1:colcon.colcon_core.package_identification:_identify(src) by extensions ['colcon_meta']
[4.261s] Level 1:colcon.colcon_core.package_identification:_identify(src) by extension 'colcon_meta'
[4.261s] Level 1:colcon.colcon_core.package_identification:_identify(src) by extensions ['ros']
[4.261s] Level 1:colcon.colcon_core.package_identification:_identify(src) by extension 'ros'
[4.262s] Level 1:colcon.colcon_core.package_identification:_identify(src) by extensions ['cmake', 'python']
[4.263s] Level 1:colcon.colcon_core.package_identification:_identify(src) by extension 'cmake'
[4.263s] Level 1:colcon.colcon_core.package_identification:_identify(src) by extension 'python'
[4.264s] Level 1:colcon.colcon_core.package_identification:_identify(src) by extensions ['python_setup_py']
[4.264s] Level 1:colcon.colcon_core.package_identification:_identify(src) by extension 'python_setup_py'
[4.265s] Level 1:colcon.colcon_core.package_identification:_identify(src/image_pub) by extensions ['ignore', 'ignore_ament_install']
[4.266s] Level 1:colcon.colcon_core.package_identification:_identify(src/image_pub) by extension 'ignore'
[4.267s] Level 1:colcon.colcon_core.package_identification:_identify(src/image_pub) by extension 'ignore_ament_install'
[4.268s] Level 1:colcon.colcon_core.package_identification:_identify(src/image_pub) by extensions ['colcon_pkg']
[4.268s] Level 1:colcon.colcon_core.package_identification:_identify(src/image_pub) by extension 'colcon_pkg'
[4.268s] Level 1:colcon.colcon_core.package_identification:_identify(src/image_pub) by extensions ['colcon_meta']
[4.269s] Level 1:colcon.colcon_core.package_identification:_identify(src/image_pub) by extension 'colcon_meta'
[4.269s] Level 1:colcon.colcon_core.package_identification:_identify(src/image_pub) by extensions ['ros']
[4.270s] Level 1:colcon.colcon_core.package_identification:_identify(src/image_pub) by extension 'ros'
[4.304s] DEBUG:colcon.colcon_core.package_identification:Package 'src/image_pub' with type 'ros.ament_python' and name 'image_pub'
[4.305s] Level 1:colcon.colcon_core.package_identification:_identify(src/image_pubsub) by extensions ['ignore', 'ignore_ament_install']
[4.306s] Level 1:colcon.colcon_core.package_identification:_identify(src/image_pubsub) by extension 'ignore'
[4.307s] Level 1:colcon.colcon_core.package_identification:_identify(src/image_pubsub) by extension 'ignore_ament_install'
[4.308s] Level 1:colcon.colcon_core.package_identification:_identify(src/image_pubsub) by extensions ['colcon_pkg']
[4.308s] Level 1:colcon.colcon_core.package_identification:_identify(src/image_pubsub) by extension 'colcon_pkg'
[4.308s] Level 1:colcon.colcon_core.package_identification:_identify(src/image_pubsub) by extensions ['colcon_meta']
[4.309s] Level 1:colcon.colcon_core.package_identification:_identify(src/image_pubsub) by extension 'colcon_meta'
[4.309s] Level 1:colcon.colcon_core.package_identification:_identify(src/image_pubsub) by extensions ['ros']
[4.310s] Level 1:colcon.colcon_core.package_identification:_identify(src/image_pubsub) by extension 'ros'
[4.314s] DEBUG:colcon.colcon_core.package_identification:Package 'src/image_pubsub' with type 'ros.ament_python' and name 'image_pubsub'
[4.316s] Level 1:colcon.colcon_core.package_identification:_identify(src/py_pubsub) by extensions ['ignore', 'ignore_ament_install']
[4.317s] Level 1:colcon.colcon_core.package_identification:_identify(src/py_pubsub) by extension 'ignore'
[4.317s] Level 1:colcon.colcon_core.package_identification:_identify(src/py_pubsub) by extension 'ignore_ament_install'
[4.318s] Level 1:colcon.colcon_core.package_identification:_identify(src/py_pubsub) by extensions ['colcon_pkg']
[4.318s] Level 1:colcon.colcon_core.package_identification:_identify(src/py_pubsub) by extension 'colcon_pkg'
[4.319s] Level 1:colcon.colcon_core.package_identification:_identify(src/py_pubsub) by extensions ['colcon_meta']
[4.319s] Level 1:colcon.colcon_core.package_identification:_identify(src/py_pubsub) by extension 'colcon_meta'
[4.320s] Level 1:colcon.colcon_core.package_identification:_identify(src/py_pubsub) by extensions ['ros']
[4.320s] Level 1:colcon.colcon_core.package_identification:_identify(src/py_pubsub) by extension 'ros'
[4.325s] DEBUG:colcon.colcon_core.package_identification:Package 'src/py_pubsub' with type 'ros.ament_python' and name 'py_pubsub'
[4.326s] Level 1:colcon.colcon_core.package_identification:_identify(src/robot_controller) by extensions ['ignore', 'ignore_ament_install']
[4.327s] Level 1:colcon.colcon_core.package_identification:_identify(src/robot_controller) by extension 'ignore'
[4.328s] Level 1:colcon.colcon_core.package_identification:_identify(src/robot_controller) by extension 'ignore_ament_install'
[4.329s] Level 1:colcon.colcon_core.package_identification:_identify(src/robot_controller) by extensions ['colcon_pkg']
[4.329s] Level 1:colcon.colcon_core.package_identification:_identify(src/robot_controller) by extension 'colcon_pkg'
[4.329s] Level 1:colcon.colcon_core.package_identification:_identify(src/robot_controller) by extensions ['colcon_meta']
[4.330s] Level 1:colcon.colcon_core.package_identification:_identify(src/robot_controller) by extension 'colcon_meta'
[4.330s] Level 1:colcon.colcon_core.package_identification:_identify(src/robot_controller) by extensions ['ros']
[4.331s] Level 1:colcon.colcon_core.package_identification:_identify(src/robot_controller) by extension 'ros'
[4.336s] DEBUG:colcon.colcon_core.package_identification:Package 'src/robot_controller' with type 'ros.ament_python' and name 'robot_controller'
[4.336s] Level 1:colcon.colcon_core.package_discovery:discover_packages(recursive) using defaults
[4.337s] Level 1:colcon.colcon_core.package_discovery:discover_packages(ignore) discover
[4.337s] Level 1:colcon.colcon_core.package_discovery:discover_packages(ignore) using defaults
[4.337s] Level 1:colcon.colcon_core.package_discovery:discover_packages(path) discover
[4.338s] Level 1:colcon.colcon_core.package_discovery:discover_packages(path) using defaults
[4.637s] INFO:colcon.colcon_core.package_selection:Skipping not selected package 'image_pubsub' in 'src/image_pubsub'
[4.638s] INFO:colcon.colcon_core.package_selection:Skipping not selected package 'py_pubsub' in 'src/py_pubsub'
[4.638s] INFO:colcon.colcon_core.package_selection:Skipping not selected package 'robot_controller' in 'src/robot_controller'
[4.645s] Level 1:colcon.colcon_core.package_discovery:discover_packages(prefix_path) check parameters
[4.645s] Level 1:colcon.colcon_core.package_discovery:discover_packages(prefix_path) discover
[4.688s] DEBUG:colcon.colcon_installed_package_information.package_discovery:Found 4 installed packages in /home/keime/ros2_ws/install
[4.705s] DEBUG:colcon.colcon_installed_package_information.package_discovery:Found 181 installed packages in /opt/ros/humble
[4.718s] Level 1:colcon.colcon_core.package_discovery:discover_packages(prefix_path) using defaults
[5.309s] Level 5:colcon.colcon_core.verb:set package 'image_pub' build argument 'cmake_args' from command line to 'None'
[5.310s] Level 5:colcon.colcon_core.verb:set package 'image_pub' build argument 'cmake_target' from command line to 'None'
[5.310s] Level 5:colcon.colcon_core.verb:set package 'image_pub' build argument 'cmake_target_skip_unavailable' from command line to 'False'
[5.310s] Level 5:colcon.colcon_core.verb:set package 'image_pub' build argument 'cmake_clean_cache' from command line to 'False'
[5.311s] Level 5:colcon.colcon_core.verb:set package 'image_pub' build argument 'cmake_clean_first' from command line to 'False'
[5.311s] Level 5:colcon.colcon_core.verb:set package 'image_pub' build argument 'cmake_force_configure' from command line to 'False'
[5.311s] Level 5:colcon.colcon_core.verb:set package 'image_pub' build argument 'ament_cmake_args' from command line to 'None'
[5.311s] Level 5:colcon.colcon_core.verb:set package 'image_pub' build argument 'catkin_cmake_args' from command line to 'None'
[5.312s] Level 5:colcon.colcon_core.verb:set package 'image_pub' build argument 'catkin_skip_building_tests' from command line to 'False'
[5.312s] DEBUG:colcon.colcon_core.verb:Building package 'image_pub' with the following arguments: {'ament_cmake_args': None, 'build_base': '/home/keime/ros2_ws/build/image_pub', 'catkin_cmake_args': None, 'catkin_skip_building_tests': False, 'cmake_args': None, 'cmake_clean_cache': False, 'cmake_clean_first': False, 'cmake_force_configure': False, 'cmake_target': None, 'cmake_target_skip_unavailable': False, 'install_base': '/home/keime/ros2_ws/install/image_pub', 'merge_install': False, 'path': '/home/keime/ros2_ws/src/image_pub', 'symlink_install': False, 'test_result_base': None}
[5.314s] INFO:colcon.colcon_core.executor:Executing jobs using 'parallel' executor
[5.321s] DEBUG:colcon.colcon_parallel_executor.executor.parallel:run_until_complete
[5.323s] INFO:colcon.colcon_ros.task.ament_python.build:Building ROS package in '/home/keime/ros2_ws/src/image_pub' with build type 'ament_python'
[5.324s] Level 1:colcon.colcon_core.shell:create_environment_hook('image_pub', 'ament_prefix_path')
[5.367s] INFO:colcon.colcon_core.plugin_system:Skipping extension 'colcon_core.shell.bat': Not used on non-Windows systems
[5.370s] INFO:colcon.colcon_core.shell:Creating environment hook '/home/keime/ros2_ws/install/image_pub/share/image_pub/hook/ament_prefix_path.ps1'
[5.381s] INFO:colcon.colcon_core.shell:Creating environment descriptor '/home/keime/ros2_ws/install/image_pub/share/image_pub/hook/ament_prefix_path.dsv'
[5.388s] INFO:colcon.colcon_core.shell:Creating environment hook '/home/keime/ros2_ws/install/image_pub/share/image_pub/hook/ament_prefix_path.sh'
[5.398s] INFO:colcon.colcon_core.shell:Skip shell extension 'powershell' for command environment: Not usable outside of PowerShell
[5.399s] DEBUG:colcon.colcon_core.shell:Skip shell extension 'dsv' for command environment
[8.317s] INFO:colcon.colcon_core.task.python.build:Building Python package in '/home/keime/ros2_ws/src/image_pub'
[8.320s] INFO:colcon.colcon_core.shell:Skip shell extension 'powershell' for command environment: Not usable outside of PowerShell
[8.320s] DEBUG:colcon.colcon_core.shell:Skip shell extension 'dsv' for command environment
[13.312s] DEBUG:colcon.colcon_core.event_handler.log_command:Invoking command in '/home/keime/ros2_ws/src/image_pub': PYTHONPATH=/home/keime/ros2_ws/build/image_pub/prefix_override:/home/keime/ros2_ws/install/image_pub/lib/python3.10/site-packages:${PYTHONPATH} /usr/bin/python3 -W ignore:setup.py install is deprecated setup.py egg_info --egg-base ../../build/image_pub build --build-base /home/keime/ros2_ws/build/image_pub/build install --record /home/keime/ros2_ws/build/image_pub/install.log --single-version-externally-managed install_data
[16.614s] DEBUG:colcon.colcon_core.event_handler.log_command:Invoked command in '/home/keime/ros2_ws/src/image_pub' returned '0': PYTHONPATH=/home/keime/ros2_ws/build/image_pub/prefix_override:/home/keime/ros2_ws/install/image_pub/lib/python3.10/site-packages:${PYTHONPATH} /usr/bin/python3 -W ignore:setup.py install is deprecated setup.py egg_info --egg-base ../../build/image_pub build --build-base /home/keime/ros2_ws/build/image_pub/build install --record /home/keime/ros2_ws/build/image_pub/install.log --single-version-externally-managed install_data
[16.669s] Level 1:colcon.colcon_core.environment:checking '/home/keime/ros2_ws/install/image_pub' for CMake module files
[16.676s] Level 1:colcon.colcon_core.environment:checking '/home/keime/ros2_ws/install/image_pub' for CMake config files
[16.689s] Level 1:colcon.colcon_core.environment:checking '/home/keime/ros2_ws/install/image_pub/lib'
[16.692s] Level 1:colcon.colcon_core.environment:checking '/home/keime/ros2_ws/install/image_pub/bin'
[16.693s] Level 1:colcon.colcon_core.environment:checking '/home/keime/ros2_ws/install/image_pub/lib/pkgconfig/image_pub.pc'
[16.696s] Level 1:colcon.colcon_core.environment:checking '/home/keime/ros2_ws/install/image_pub/lib/python3.10/site-packages'
[16.696s] Level 1:colcon.colcon_core.shell:create_environment_hook('image_pub', 'pythonpath')
[16.699s] INFO:colcon.colcon_core.shell:Creating environment hook '/home/keime/ros2_ws/install/image_pub/share/image_pub/hook/pythonpath.ps1'
[16.703s] INFO:colcon.colcon_core.shell:Creating environment descriptor '/home/keime/ros2_ws/install/image_pub/share/image_pub/hook/pythonpath.dsv'
[16.707s] INFO:colcon.colcon_core.shell:Creating environment hook '/home/keime/ros2_ws/install/image_pub/share/image_pub/hook/pythonpath.sh'
[16.713s] Level 1:colcon.colcon_core.environment:checking '/home/keime/ros2_ws/install/image_pub/bin'
[16.714s] Level 1:colcon.colcon_core.environment:create_environment_scripts_only(image_pub)
[16.717s] INFO:colcon.colcon_core.shell:Creating package script '/home/keime/ros2_ws/install/image_pub/share/image_pub/package.ps1'
[16.727s] INFO:colcon.colcon_core.shell:Creating package descriptor '/home/keime/ros2_ws/install/image_pub/share/image_pub/package.dsv'
[16.734s] INFO:colcon.colcon_core.shell:Creating package script '/home/keime/ros2_ws/install/image_pub/share/image_pub/package.sh'
[16.744s] INFO:colcon.colcon_core.shell:Creating package script '/home/keime/ros2_ws/install/image_pub/share/image_pub/package.bash'
[16.754s] INFO:colcon.colcon_core.shell:Creating package script '/home/keime/ros2_ws/install/image_pub/share/image_pub/package.zsh'
[16.762s] Level 1:colcon.colcon_core.environment:create_file_with_runtime_dependencies(/home/keime/ros2_ws/install/image_pub/share/colcon-core/packages/image_pub)
[16.765s] DEBUG:colcon.colcon_parallel_executor.executor.parallel:closing loop
[16.768s] DEBUG:colcon.colcon_parallel_executor.executor.parallel:loop closed
[16.769s] DEBUG:colcon.colcon_parallel_executor.executor.parallel:run_until_complete finished with '0'
[16.770s] DEBUG:colcon.colcon_core.event_reactor:joining thread
[16.859s] INFO:colcon.colcon_core.plugin_system:Skipping extension 'colcon_notification.desktop_notification.notify_send': Could not find 'notify-send'
[16.860s] INFO:colcon.colcon_core.plugin_system:Skipping extension 'colcon_notification.desktop_notification.terminal_notifier': Not used on non-Darwin systems
[16.861s] INFO:colcon.colcon_core.plugin_system:Skipping extension 'colcon_notification.desktop_notification.win32': Not used on non-Windows systems
[16.861s] INFO:colcon.colcon_notification.desktop_notification:Sending desktop notification using 'notify2'
[16.869s] DEBUG:colcon.colcon_notification.desktop_notification.notify2:Failed to initialize notify2: org.freedesktop.DBus.Error.ServiceUnknown: The name org.freedesktop.Notifications was not provided by any .service files
[16.870s] DEBUG:colcon.colcon_core.event_reactor:joined thread
[16.872s] INFO:colcon.colcon_core.shell:Creating prefix script '/home/keime/ros2_ws/install/local_setup.ps1'
[16.885s] INFO:colcon.colcon_core.shell:Creating prefix util module '/home/keime/ros2_ws/install/_local_setup_util_ps1.py'
[16.901s] INFO:colcon.colcon_core.shell:Creating prefix chain script '/home/keime/ros2_ws/install/setup.ps1'
[16.924s] INFO:colcon.colcon_core.shell:Creating prefix script '/home/keime/ros2_ws/install/local_setup.sh'
[16.936s] INFO:colcon.colcon_core.shell:Creating prefix util module '/home/keime/ros2_ws/install/_local_setup_util_sh.py'
[16.941s] INFO:colcon.colcon_core.shell:Creating prefix chain script '/home/keime/ros2_ws/install/setup.sh'
[16.968s] INFO:colcon.colcon_core.shell:Creating prefix script '/home/keime/ros2_ws/install/local_setup.bash'
[16.976s] INFO:colcon.colcon_core.shell:Creating prefix chain script '/home/keime/ros2_ws/install/setup.bash'
[16.990s] INFO:colcon.colcon_core.shell:Creating prefix script '/home/keime/ros2_ws/install/local_setup.zsh'
[16.997s] INFO:colcon.colcon_core.shell:Creating prefix chain script '/home/keime/ros2_ws/install/setup.zsh'
