[0.947s] DEBUG:colcon:Command line arguments: ['/usr/bin/colcon', 'build']
[0.947s] DEBUG:colcon:Parsed command line arguments: Namespace(log_base=None, log_level=None, verb_name='build', build_base='build', install_base='install', merge_install=False, symlink_install=False, test_result_base=None, continue_on_error=False, executor='parallel', parallel_workers=2, event_handlers=None, ignore_user_meta=False, metas=['./colcon.meta'], base_paths=['.'], packages_ignore=None, packages_ignore_regex=None, paths=None, packages_up_to=None, packages_up_to_regex=None, packages_above=None, packages_above_and_dependencies=None, packages_above_depth=None, packages_select_by_dep=None, packages_skip_by_dep=None, packages_skip_up_to=None, packages_select_build_failed=False, packages_skip_build_finished=False, packages_select_test_failures=False, packages_skip_test_passed=False, packages_select=None, packages_skip=None, packages_select_regex=None, packages_skip_regex=None, packages_start=None, packages_end=None, allow_overriding=[], cmake_args=None, cmake_target=None, cmake_target_skip_unavailable=False, cmake_clean_cache=False, cmake_clean_first=False, cmake_force_configure=False, ament_cmake_args=None, catkin_cmake_args=None, catkin_skip_building_tests=False, verb_parser=<colcon_defaults.argument_parser.defaults.DefaultArgumentsDecorator object at 0x7f5c58e386d0>, verb_extension=<colcon_core.verb.build.BuildVerb object at 0x7f5c58e3a710>, main=<bound method BuildVerb.main of <colcon_core.verb.build.BuildVerb object at 0x7f5c58e3a710>>)
[1.081s] Level 1:colcon.colcon_core.package_discovery:discover_packages(colcon_meta) check parameters
[1.081s] Level 1:colcon.colcon_core.package_discovery:discover_packages(recursive) check parameters
[1.081s] Level 1:colcon.colcon_core.package_discovery:discover_packages(ignore) check parameters
[1.081s] Level 1:colcon.colcon_core.package_discovery:discover_packages(path) check parameters
[1.081s] Level 1:colcon.colcon_core.package_discovery:discover_packages(colcon_meta) discover
[1.081s] Level 1:colcon.colcon_core.package_discovery:discover_packages(recursive) discover
[1.081s] INFO:colcon.colcon_core.package_discovery:Crawling recursively for packages in '/home/keime/ros2_ws'
[1.081s] Level 1:colcon.colcon_core.package_identification:_identify(.) by extensions ['ignore', 'ignore_ament_install']
[1.081s] Level 1:colcon.colcon_core.package_identification:_identify(.) by extension 'ignore'
[1.081s] Level 1:colcon.colcon_core.package_identification:_identify(.) by extension 'ignore_ament_install'
[1.081s] Level 1:colcon.colcon_core.package_identification:_identify(.) by extensions ['colcon_pkg']
[1.081s] Level 1:colcon.colcon_core.package_identification:_identify(.) by extension 'colcon_pkg'
[1.082s] Level 1:colcon.colcon_core.package_identification:_identify(.) by extensions ['colcon_meta']
[1.082s] Level 1:colcon.colcon_core.package_identification:_identify(.) by extension 'colcon_meta'
[1.082s] Level 1:colcon.colcon_core.package_identification:_identify(.) by extensions ['ros']
[1.082s] Level 1:colcon.colcon_core.package_identification:_identify(.) by extension 'ros'
[1.097s] Level 1:colcon.colcon_core.package_identification:_identify(.) by extensions ['cmake', 'python']
[1.097s] Level 1:colcon.colcon_core.package_identification:_identify(.) by extension 'cmake'
[1.097s] Level 1:colcon.colcon_core.package_identification:_identify(.) by extension 'python'
[1.097s] Level 1:colcon.colcon_core.package_identification:_identify(.) by extensions ['python_setup_py']
[1.097s] Level 1:colcon.colcon_core.package_identification:_identify(.) by extension 'python_setup_py'
[1.098s] Level 1:colcon.colcon_core.package_identification:_identify(Arducam-Pivariety-V4L2-Driver) by extensions ['ignore', 'ignore_ament_install']
[1.098s] Level 1:colcon.colcon_core.package_identification:_identify(Arducam-Pivariety-V4L2-Driver) by extension 'ignore'
[1.098s] Level 1:colcon.colcon_core.package_identification:_identify(Arducam-Pivariety-V4L2-Driver) by extension 'ignore_ament_install'
[1.098s] Level 1:colcon.colcon_core.package_identification:_identify(Arducam-Pivariety-V4L2-Driver) by extensions ['colcon_pkg']
[1.098s] Level 1:colcon.colcon_core.package_identification:_identify(Arducam-Pivariety-V4L2-Driver) by extension 'colcon_pkg'
[1.098s] Level 1:colcon.colcon_core.package_identification:_identify(Arducam-Pivariety-V4L2-Driver) by extensions ['colcon_meta']
[1.098s] Level 1:colcon.colcon_core.package_identification:_identify(Arducam-Pivariety-V4L2-Driver) by extension 'colcon_meta'
[1.098s] Level 1:colcon.colcon_core.package_identification:_identify(Arducam-Pivariety-V4L2-Driver) by extensions ['ros']
[1.098s] Level 1:colcon.colcon_core.package_identification:_identify(Arducam-Pivariety-V4L2-Driver) by extension 'ros'
[1.098s] Level 1:colcon.colcon_core.package_identification:_identify(Arducam-Pivariety-V4L2-Driver) by extensions ['cmake', 'python']
[1.098s] Level 1:colcon.colcon_core.package_identification:_identify(Arducam-Pivariety-V4L2-Driver) by extension 'cmake'
[1.098s] Level 1:colcon.colcon_core.package_identification:_identify(Arducam-Pivariety-V4L2-Driver) by extension 'python'
[1.098s] Level 1:colcon.colcon_core.package_identification:_identify(Arducam-Pivariety-V4L2-Driver) by extensions ['python_setup_py']
[1.098s] Level 1:colcon.colcon_core.package_identification:_identify(Arducam-Pivariety-V4L2-Driver) by extension 'python_setup_py'
[1.098s] Level 1:colcon.colcon_core.package_identification:_identify(build) by extensions ['ignore', 'ignore_ament_install']
[1.098s] Level 1:colcon.colcon_core.package_identification:_identify(build) by extension 'ignore'
[1.098s] Level 1:colcon.colcon_core.package_identification:_identify(build) ignored
[1.098s] Level 1:colcon.colcon_core.package_identification:_identify(install) by extensions ['ignore', 'ignore_ament_install']
[1.098s] Level 1:colcon.colcon_core.package_identification:_identify(install) by extension 'ignore'
[1.098s] Level 1:colcon.colcon_core.package_identification:_identify(install) ignored
[1.099s] Level 1:colcon.colcon_core.package_identification:_identify(log) by extensions ['ignore', 'ignore_ament_install']
[1.099s] Level 1:colcon.colcon_core.package_identification:_identify(log) by extension 'ignore'
[1.099s] Level 1:colcon.colcon_core.package_identification:_identify(log) ignored
[1.099s] Level 1:colcon.colcon_core.package_identification:_identify(pythonテスト) by extensions ['ignore', 'ignore_ament_install']
[1.099s] Level 1:colcon.colcon_core.package_identification:_identify(pythonテスト) by extension 'ignore'
[1.099s] Level 1:colcon.colcon_core.package_identification:_identify(pythonテスト) by extension 'ignore_ament_install'
[1.099s] Level 1:colcon.colcon_core.package_identification:_identify(pythonテスト) by extensions ['colcon_pkg']
[1.100s] Level 1:colcon.colcon_core.package_identification:_identify(pythonテスト) by extension 'colcon_pkg'
[1.100s] Level 1:colcon.colcon_core.package_identification:_identify(pythonテスト) by extensions ['colcon_meta']
[1.100s] Level 1:colcon.colcon_core.package_identification:_identify(pythonテスト) by extension 'colcon_meta'
[1.100s] Level 1:colcon.colcon_core.package_identification:_identify(pythonテスト) by extensions ['ros']
[1.100s] Level 1:colcon.colcon_core.package_identification:_identify(pythonテスト) by extension 'ros'
[1.100s] Level 1:colcon.colcon_core.package_identification:_identify(pythonテスト) by extensions ['cmake', 'python']
[1.100s] Level 1:colcon.colcon_core.package_identification:_identify(pythonテスト) by extension 'cmake'
[1.100s] Level 1:colcon.colcon_core.package_identification:_identify(pythonテスト) by extension 'python'
[1.100s] Level 1:colcon.colcon_core.package_identification:_identify(pythonテスト) by extensions ['python_setup_py']
[1.100s] Level 1:colcon.colcon_core.package_identification:_identify(pythonテスト) by extension 'python_setup_py'
[1.100s] Level 1:colcon.colcon_core.package_identification:_identify(src) by extensions ['ignore', 'ignore_ament_install']
[1.100s] Level 1:colcon.colcon_core.package_identification:_identify(src) by extension 'ignore'
[1.100s] Level 1:colcon.colcon_core.package_identification:_identify(src) by extension 'ignore_ament_install'
[1.100s] Level 1:colcon.colcon_core.package_identification:_identify(src) by extensions ['colcon_pkg']
[1.100s] Level 1:colcon.colcon_core.package_identification:_identify(src) by extension 'colcon_pkg'
[1.100s] Level 1:colcon.colcon_core.package_identification:_identify(src) by extensions ['colcon_meta']
[1.100s] Level 1:colcon.colcon_core.package_identification:_identify(src) by extension 'colcon_meta'
[1.100s] Level 1:colcon.colcon_core.package_identification:_identify(src) by extensions ['ros']
[1.100s] Level 1:colcon.colcon_core.package_identification:_identify(src) by extension 'ros'
[1.100s] Level 1:colcon.colcon_core.package_identification:_identify(src) by extensions ['cmake', 'python']
[1.100s] Level 1:colcon.colcon_core.package_identification:_identify(src) by extension 'cmake'
[1.100s] Level 1:colcon.colcon_core.package_identification:_identify(src) by extension 'python'
[1.100s] Level 1:colcon.colcon_core.package_identification:_identify(src) by extensions ['python_setup_py']
[1.100s] Level 1:colcon.colcon_core.package_identification:_identify(src) by extension 'python_setup_py'
[1.101s] Level 1:colcon.colcon_core.package_identification:_identify(src/aruco_controller) by extensions ['ignore', 'ignore_ament_install']
[1.101s] Level 1:colcon.colcon_core.package_identification:_identify(src/aruco_controller) by extension 'ignore'
[1.101s] Level 1:colcon.colcon_core.package_identification:_identify(src/aruco_controller) by extension 'ignore_ament_install'
[1.101s] Level 1:colcon.colcon_core.package_identification:_identify(src/aruco_controller) by extensions ['colcon_pkg']
[1.101s] Level 1:colcon.colcon_core.package_identification:_identify(src/aruco_controller) by extension 'colcon_pkg'
[1.101s] Level 1:colcon.colcon_core.package_identification:_identify(src/aruco_controller) by extensions ['colcon_meta']
[1.101s] Level 1:colcon.colcon_core.package_identification:_identify(src/aruco_controller) by extension 'colcon_meta'
[1.101s] Level 1:colcon.colcon_core.package_identification:_identify(src/aruco_controller) by extensions ['ros']
[1.101s] Level 1:colcon.colcon_core.package_identification:_identify(src/aruco_controller) by extension 'ros'
[1.106s] DEBUG:colcon.colcon_core.package_identification:Package 'src/aruco_controller' with type 'ros.ament_python' and name 'aruco_controller'
[1.107s] Level 1:colcon.colcon_core.package_identification:_identify(src/image_pub) by extensions ['ignore', 'ignore_ament_install']
[1.107s] Level 1:colcon.colcon_core.package_identification:_identify(src/image_pub) by extension 'ignore'
[1.107s] Level 1:colcon.colcon_core.package_identification:_identify(src/image_pub) by extension 'ignore_ament_install'
[1.107s] Level 1:colcon.colcon_core.package_identification:_identify(src/image_pub) by extensions ['colcon_pkg']
[1.107s] Level 1:colcon.colcon_core.package_identification:_identify(src/image_pub) by extension 'colcon_pkg'
[1.107s] Level 1:colcon.colcon_core.package_identification:_identify(src/image_pub) by extensions ['colcon_meta']
[1.107s] Level 1:colcon.colcon_core.package_identification:_identify(src/image_pub) by extension 'colcon_meta'
[1.107s] Level 1:colcon.colcon_core.package_identification:_identify(src/image_pub) by extensions ['ros']
[1.107s] Level 1:colcon.colcon_core.package_identification:_identify(src/image_pub) by extension 'ros'
[1.108s] DEBUG:colcon.colcon_core.package_identification:Package 'src/image_pub' with type 'ros.ament_python' and name 'image_pub'
[1.108s] Level 1:colcon.colcon_core.package_identification:_identify(src/image_pubsub) by extensions ['ignore', 'ignore_ament_install']
[1.109s] Level 1:colcon.colcon_core.package_identification:_identify(src/image_pubsub) by extension 'ignore'
[1.109s] Level 1:colcon.colcon_core.package_identification:_identify(src/image_pubsub) by extension 'ignore_ament_install'
[1.109s] Level 1:colcon.colcon_core.package_identification:_identify(src/image_pubsub) by extensions ['colcon_pkg']
[1.109s] Level 1:colcon.colcon_core.package_identification:_identify(src/image_pubsub) by extension 'colcon_pkg'
[1.109s] Level 1:colcon.colcon_core.package_identification:_identify(src/image_pubsub) by extensions ['colcon_meta']
[1.109s] Level 1:colcon.colcon_core.package_identification:_identify(src/image_pubsub) by extension 'colcon_meta'
[1.109s] Level 1:colcon.colcon_core.package_identification:_identify(src/image_pubsub) by extensions ['ros']
[1.109s] Level 1:colcon.colcon_core.package_identification:_identify(src/image_pubsub) by extension 'ros'
[1.110s] DEBUG:colcon.colcon_core.package_identification:Package 'src/image_pubsub' with type 'ros.ament_python' and name 'image_pubsub'
[1.110s] Level 1:colcon.colcon_core.package_identification:_identify(src/py_pubsub) by extensions ['ignore', 'ignore_ament_install']
[1.111s] Level 1:colcon.colcon_core.package_identification:_identify(src/py_pubsub) by extension 'ignore'
[1.111s] Level 1:colcon.colcon_core.package_identification:_identify(src/py_pubsub) by extension 'ignore_ament_install'
[1.111s] Level 1:colcon.colcon_core.package_identification:_identify(src/py_pubsub) by extensions ['colcon_pkg']
[1.111s] Level 1:colcon.colcon_core.package_identification:_identify(src/py_pubsub) by extension 'colcon_pkg'
[1.111s] Level 1:colcon.colcon_core.package_identification:_identify(src/py_pubsub) by extensions ['colcon_meta']
[1.111s] Level 1:colcon.colcon_core.package_identification:_identify(src/py_pubsub) by extension 'colcon_meta'
[1.111s] Level 1:colcon.colcon_core.package_identification:_identify(src/py_pubsub) by extensions ['ros']
[1.111s] Level 1:colcon.colcon_core.package_identification:_identify(src/py_pubsub) by extension 'ros'
[1.112s] DEBUG:colcon.colcon_core.package_identification:Package 'src/py_pubsub' with type 'ros.ament_python' and name 'py_pubsub'
[1.112s] Level 1:colcon.colcon_core.package_identification:_identify(src/robot_controller) by extensions ['ignore', 'ignore_ament_install']
[1.112s] Level 1:colcon.colcon_core.package_identification:_identify(src/robot_controller) by extension 'ignore'
[1.113s] Level 1:colcon.colcon_core.package_identification:_identify(src/robot_controller) by extension 'ignore_ament_install'
[1.113s] Level 1:colcon.colcon_core.package_identification:_identify(src/robot_controller) by extensions ['colcon_pkg']
[1.113s] Level 1:colcon.colcon_core.package_identification:_identify(src/robot_controller) by extension 'colcon_pkg'
[1.113s] Level 1:colcon.colcon_core.package_identification:_identify(src/robot_controller) by extensions ['colcon_meta']
[1.113s] Level 1:colcon.colcon_core.package_identification:_identify(src/robot_controller) by extension 'colcon_meta'
[1.113s] Level 1:colcon.colcon_core.package_identification:_identify(src/robot_controller) by extensions ['ros']
[1.113s] Level 1:colcon.colcon_core.package_identification:_identify(src/robot_controller) by extension 'ros'
[1.114s] DEBUG:colcon.colcon_core.package_identification:Package 'src/robot_controller' with type 'ros.ament_python' and name 'robot_controller'
[1.114s] Level 1:colcon.colcon_core.package_identification:_identify(src/robot_controller_gui) by extensions ['ignore', 'ignore_ament_install']
[1.114s] Level 1:colcon.colcon_core.package_identification:_identify(src/robot_controller_gui) by extension 'ignore'
[1.114s] Level 1:colcon.colcon_core.package_identification:_identify(src/robot_controller_gui) by extension 'ignore_ament_install'
[1.114s] Level 1:colcon.colcon_core.package_identification:_identify(src/robot_controller_gui) by extensions ['colcon_pkg']
[1.115s] Level 1:colcon.colcon_core.package_identification:_identify(src/robot_controller_gui) by extension 'colcon_pkg'
[1.115s] Level 1:colcon.colcon_core.package_identification:_identify(src/robot_controller_gui) by extensions ['colcon_meta']
[1.115s] Level 1:colcon.colcon_core.package_identification:_identify(src/robot_controller_gui) by extension 'colcon_meta'
[1.115s] Level 1:colcon.colcon_core.package_identification:_identify(src/robot_controller_gui) by extensions ['ros']
[1.115s] Level 1:colcon.colcon_core.package_identification:_identify(src/robot_controller_gui) by extension 'ros'
[1.116s] DEBUG:colcon.colcon_core.package_identification:Package 'src/robot_controller_gui' with type 'ros.ament_python' and name 'robot_controller_gui'
[1.116s] Level 1:colcon.colcon_core.package_identification:_identify(src/robot_interfaces) by extensions ['ignore', 'ignore_ament_install']
[1.116s] Level 1:colcon.colcon_core.package_identification:_identify(src/robot_interfaces) by extension 'ignore'
[1.116s] Level 1:colcon.colcon_core.package_identification:_identify(src/robot_interfaces) by extension 'ignore_ament_install'
[1.116s] Level 1:colcon.colcon_core.package_identification:_identify(src/robot_interfaces) by extensions ['colcon_pkg']
[1.116s] Level 1:colcon.colcon_core.package_identification:_identify(src/robot_interfaces) by extension 'colcon_pkg'
[1.116s] Level 1:colcon.colcon_core.package_identification:_identify(src/robot_interfaces) by extensions ['colcon_meta']
[1.116s] Level 1:colcon.colcon_core.package_identification:_identify(src/robot_interfaces) by extension 'colcon_meta'
[1.116s] Level 1:colcon.colcon_core.package_identification:_identify(src/robot_interfaces) by extensions ['ros']
[1.116s] Level 1:colcon.colcon_core.package_identification:_identify(src/robot_interfaces) by extension 'ros'
[1.117s] DEBUG:colcon.colcon_core.package_identification:Package 'src/robot_interfaces' with type 'ros.ament_cmake' and name 'robot_interfaces'
[1.117s] Level 1:colcon.colcon_core.package_identification:_identify(マーカー) by extensions ['ignore', 'ignore_ament_install']
[1.117s] Level 1:colcon.colcon_core.package_identification:_identify(マーカー) by extension 'ignore'
[1.117s] Level 1:colcon.colcon_core.package_identification:_identify(マーカー) by extension 'ignore_ament_install'
[1.117s] Level 1:colcon.colcon_core.package_identification:_identify(マーカー) by extensions ['colcon_pkg']
[1.117s] Level 1:colcon.colcon_core.package_identification:_identify(マーカー) by extension 'colcon_pkg'
[1.118s] Level 1:colcon.colcon_core.package_identification:_identify(マーカー) by extensions ['colcon_meta']
[1.118s] Level 1:colcon.colcon_core.package_identification:_identify(マーカー) by extension 'colcon_meta'
[1.118s] Level 1:colcon.colcon_core.package_identification:_identify(マーカー) by extensions ['ros']
[1.118s] Level 1:colcon.colcon_core.package_identification:_identify(マーカー) by extension 'ros'
[1.118s] Level 1:colcon.colcon_core.package_identification:_identify(マーカー) by extensions ['cmake', 'python']
[1.118s] Level 1:colcon.colcon_core.package_identification:_identify(マーカー) by extension 'cmake'
[1.118s] Level 1:colcon.colcon_core.package_identification:_identify(マーカー) by extension 'python'
[1.118s] Level 1:colcon.colcon_core.package_identification:_identify(マーカー) by extensions ['python_setup_py']
[1.118s] Level 1:colcon.colcon_core.package_identification:_identify(マーカー) by extension 'python_setup_py'
[1.118s] Level 1:colcon.colcon_core.package_discovery:discover_packages(recursive) using defaults
[1.118s] Level 1:colcon.colcon_core.package_discovery:discover_packages(ignore) discover
[1.118s] Level 1:colcon.colcon_core.package_discovery:discover_packages(ignore) using defaults
[1.118s] Level 1:colcon.colcon_core.package_discovery:discover_packages(path) discover
[1.118s] Level 1:colcon.colcon_core.package_discovery:discover_packages(path) using defaults
[1.232s] Level 1:colcon.colcon_core.package_discovery:discover_packages(prefix_path) check parameters
[1.232s] Level 1:colcon.colcon_core.package_discovery:discover_packages(prefix_path) discover
[1.259s] DEBUG:colcon.colcon_installed_package_information.package_discovery:Found 346 installed packages in /opt/ros/humble
[1.261s] Level 1:colcon.colcon_core.package_discovery:discover_packages(prefix_path) using defaults
[1.370s] Level 5:colcon.colcon_core.verb:set package 'aruco_controller' build argument 'cmake_args' from command line to 'None'
[1.371s] Level 5:colcon.colcon_core.verb:set package 'aruco_controller' build argument 'cmake_target' from command line to 'None'
[1.371s] Level 5:colcon.colcon_core.verb:set package 'aruco_controller' build argument 'cmake_target_skip_unavailable' from command line to 'False'
[1.371s] Level 5:colcon.colcon_core.verb:set package 'aruco_controller' build argument 'cmake_clean_cache' from command line to 'False'
[1.371s] Level 5:colcon.colcon_core.verb:set package 'aruco_controller' build argument 'cmake_clean_first' from command line to 'False'
[1.371s] Level 5:colcon.colcon_core.verb:set package 'aruco_controller' build argument 'cmake_force_configure' from command line to 'False'
[1.371s] Level 5:colcon.colcon_core.verb:set package 'aruco_controller' build argument 'ament_cmake_args' from command line to 'None'
[1.371s] Level 5:colcon.colcon_core.verb:set package 'aruco_controller' build argument 'catkin_cmake_args' from command line to 'None'
[1.371s] Level 5:colcon.colcon_core.verb:set package 'aruco_controller' build argument 'catkin_skip_building_tests' from command line to 'False'
[1.371s] DEBUG:colcon.colcon_core.verb:Building package 'aruco_controller' with the following arguments: {'ament_cmake_args': None, 'build_base': '/home/keime/ros2_ws/build/aruco_controller', 'catkin_cmake_args': None, 'catkin_skip_building_tests': False, 'cmake_args': None, 'cmake_clean_cache': False, 'cmake_clean_first': False, 'cmake_force_configure': False, 'cmake_target': None, 'cmake_target_skip_unavailable': False, 'install_base': '/home/keime/ros2_ws/install/aruco_controller', 'merge_install': False, 'path': '/home/keime/ros2_ws/src/aruco_controller', 'symlink_install': False, 'test_result_base': None}
[1.381s] Level 5:colcon.colcon_core.verb:set package 'image_pub' build argument 'cmake_args' from command line to 'None'
[1.381s] Level 5:colcon.colcon_core.verb:set package 'image_pub' build argument 'cmake_target' from command line to 'None'
[1.381s] Level 5:colcon.colcon_core.verb:set package 'image_pub' build argument 'cmake_target_skip_unavailable' from command line to 'False'
[1.381s] Level 5:colcon.colcon_core.verb:set package 'image_pub' build argument 'cmake_clean_cache' from command line to 'False'
[1.381s] Level 5:colcon.colcon_core.verb:set package 'image_pub' build argument 'cmake_clean_first' from command line to 'False'
[1.381s] Level 5:colcon.colcon_core.verb:set package 'image_pub' build argument 'cmake_force_configure' from command line to 'False'
[1.381s] Level 5:colcon.colcon_core.verb:set package 'image_pub' build argument 'ament_cmake_args' from command line to 'None'
[1.381s] Level 5:colcon.colcon_core.verb:set package 'image_pub' build argument 'catkin_cmake_args' from command line to 'None'
[1.381s] Level 5:colcon.colcon_core.verb:set package 'image_pub' build argument 'catkin_skip_building_tests' from command line to 'False'
[1.381s] DEBUG:colcon.colcon_core.verb:Building package 'image_pub' with the following arguments: {'ament_cmake_args': None, 'build_base': '/home/keime/ros2_ws/build/image_pub', 'catkin_cmake_args': None, 'catkin_skip_building_tests': False, 'cmake_args': None, 'cmake_clean_cache': False, 'cmake_clean_first': False, 'cmake_force_configure': False, 'cmake_target': None, 'cmake_target_skip_unavailable': False, 'install_base': '/home/keime/ros2_ws/install/image_pub', 'merge_install': False, 'path': '/home/keime/ros2_ws/src/image_pub', 'symlink_install': False, 'test_result_base': None}
[1.391s] Level 5:colcon.colcon_core.verb:set package 'image_pubsub' build argument 'cmake_args' from command line to 'None'
[1.391s] Level 5:colcon.colcon_core.verb:set package 'image_pubsub' build argument 'cmake_target' from command line to 'None'
[1.391s] Level 5:colcon.colcon_core.verb:set package 'image_pubsub' build argument 'cmake_target_skip_unavailable' from command line to 'False'
[1.391s] Level 5:colcon.colcon_core.verb:set package 'image_pubsub' build argument 'cmake_clean_cache' from command line to 'False'
[1.391s] Level 5:colcon.colcon_core.verb:set package 'image_pubsub' build argument 'cmake_clean_first' from command line to 'False'
[1.391s] Level 5:colcon.colcon_core.verb:set package 'image_pubsub' build argument 'cmake_force_configure' from command line to 'False'
[1.392s] Level 5:colcon.colcon_core.verb:set package 'image_pubsub' build argument 'ament_cmake_args' from command line to 'None'
[1.392s] Level 5:colcon.colcon_core.verb:set package 'image_pubsub' build argument 'catkin_cmake_args' from command line to 'None'
[1.392s] Level 5:colcon.colcon_core.verb:set package 'image_pubsub' build argument 'catkin_skip_building_tests' from command line to 'False'
[1.392s] DEBUG:colcon.colcon_core.verb:Building package 'image_pubsub' with the following arguments: {'ament_cmake_args': None, 'build_base': '/home/keime/ros2_ws/build/image_pubsub', 'catkin_cmake_args': None, 'catkin_skip_building_tests': False, 'cmake_args': None, 'cmake_clean_cache': False, 'cmake_clean_first': False, 'cmake_force_configure': False, 'cmake_target': None, 'cmake_target_skip_unavailable': False, 'install_base': '/home/keime/ros2_ws/install/image_pubsub', 'merge_install': False, 'path': '/home/keime/ros2_ws/src/image_pubsub', 'symlink_install': False, 'test_result_base': None}
[1.402s] Level 5:colcon.colcon_core.verb:set package 'py_pubsub' build argument 'cmake_args' from command line to 'None'
[1.402s] Level 5:colcon.colcon_core.verb:set package 'py_pubsub' build argument 'cmake_target' from command line to 'None'
[1.402s] Level 5:colcon.colcon_core.verb:set package 'py_pubsub' build argument 'cmake_target_skip_unavailable' from command line to 'False'
[1.402s] Level 5:colcon.colcon_core.verb:set package 'py_pubsub' build argument 'cmake_clean_cache' from command line to 'False'
[1.402s] Level 5:colcon.colcon_core.verb:set package 'py_pubsub' build argument 'cmake_clean_first' from command line to 'False'
[1.402s] Level 5:colcon.colcon_core.verb:set package 'py_pubsub' build argument 'cmake_force_configure' from command line to 'False'
[1.402s] Level 5:colcon.colcon_core.verb:set package 'py_pubsub' build argument 'ament_cmake_args' from command line to 'None'
[1.402s] Level 5:colcon.colcon_core.verb:set package 'py_pubsub' build argument 'catkin_cmake_args' from command line to 'None'
[1.402s] Level 5:colcon.colcon_core.verb:set package 'py_pubsub' build argument 'catkin_skip_building_tests' from command line to 'False'
[1.402s] DEBUG:colcon.colcon_core.verb:Building package 'py_pubsub' with the following arguments: {'ament_cmake_args': None, 'build_base': '/home/keime/ros2_ws/build/py_pubsub', 'catkin_cmake_args': None, 'catkin_skip_building_tests': False, 'cmake_args': None, 'cmake_clean_cache': False, 'cmake_clean_first': False, 'cmake_force_configure': False, 'cmake_target': None, 'cmake_target_skip_unavailable': False, 'install_base': '/home/keime/ros2_ws/install/py_pubsub', 'merge_install': False, 'path': '/home/keime/ros2_ws/src/py_pubsub', 'symlink_install': False, 'test_result_base': None}
[1.412s] Level 5:colcon.colcon_core.verb:set package 'robot_controller' build argument 'cmake_args' from command line to 'None'
[1.412s] Level 5:colcon.colcon_core.verb:set package 'robot_controller' build argument 'cmake_target' from command line to 'None'
[1.412s] Level 5:colcon.colcon_core.verb:set package 'robot_controller' build argument 'cmake_target_skip_unavailable' from command line to 'False'
[1.412s] Level 5:colcon.colcon_core.verb:set package 'robot_controller' build argument 'cmake_clean_cache' from command line to 'False'
[1.412s] Level 5:colcon.colcon_core.verb:set package 'robot_controller' build argument 'cmake_clean_first' from command line to 'False'
[1.412s] Level 5:colcon.colcon_core.verb:set package 'robot_controller' build argument 'cmake_force_configure' from command line to 'False'
[1.412s] Level 5:colcon.colcon_core.verb:set package 'robot_controller' build argument 'ament_cmake_args' from command line to 'None'
[1.412s] Level 5:colcon.colcon_core.verb:set package 'robot_controller' build argument 'catkin_cmake_args' from command line to 'None'
[1.412s] Level 5:colcon.colcon_core.verb:set package 'robot_controller' build argument 'catkin_skip_building_tests' from command line to 'False'
[1.412s] DEBUG:colcon.colcon_core.verb:Building package 'robot_controller' with the following arguments: {'ament_cmake_args': None, 'build_base': '/home/keime/ros2_ws/build/robot_controller', 'catkin_cmake_args': None, 'catkin_skip_building_tests': False, 'cmake_args': None, 'cmake_clean_cache': False, 'cmake_clean_first': False, 'cmake_force_configure': False, 'cmake_target': None, 'cmake_target_skip_unavailable': False, 'install_base': '/home/keime/ros2_ws/install/robot_controller', 'merge_install': False, 'path': '/home/keime/ros2_ws/src/robot_controller', 'symlink_install': False, 'test_result_base': None}
[1.424s] Level 5:colcon.colcon_core.verb:set package 'robot_controller_gui' build argument 'cmake_args' from command line to 'None'
[1.424s] Level 5:colcon.colcon_core.verb:set package 'robot_controller_gui' build argument 'cmake_target' from command line to 'None'
[1.424s] Level 5:colcon.colcon_core.verb:set package 'robot_controller_gui' build argument 'cmake_target_skip_unavailable' from command line to 'False'
[1.424s] Level 5:colcon.colcon_core.verb:set package 'robot_controller_gui' build argument 'cmake_clean_cache' from command line to 'False'
[1.424s] Level 5:colcon.colcon_core.verb:set package 'robot_controller_gui' build argument 'cmake_clean_first' from command line to 'False'
[1.424s] Level 5:colcon.colcon_core.verb:set package 'robot_controller_gui' build argument 'cmake_force_configure' from command line to 'False'
[1.424s] Level 5:colcon.colcon_core.verb:set package 'robot_controller_gui' build argument 'ament_cmake_args' from command line to 'None'
[1.424s] Level 5:colcon.colcon_core.verb:set package 'robot_controller_gui' build argument 'catkin_cmake_args' from command line to 'None'
[1.424s] Level 5:colcon.colcon_core.verb:set package 'robot_controller_gui' build argument 'catkin_skip_building_tests' from command line to 'False'
[1.424s] DEBUG:colcon.colcon_core.verb:Building package 'robot_controller_gui' with the following arguments: {'ament_cmake_args': None, 'build_base': '/home/keime/ros2_ws/build/robot_controller_gui', 'catkin_cmake_args': None, 'catkin_skip_building_tests': False, 'cmake_args': None, 'cmake_clean_cache': False, 'cmake_clean_first': False, 'cmake_force_configure': False, 'cmake_target': None, 'cmake_target_skip_unavailable': False, 'install_base': '/home/keime/ros2_ws/install/robot_controller_gui', 'merge_install': False, 'path': '/home/keime/ros2_ws/src/robot_controller_gui', 'symlink_install': False, 'test_result_base': None}
[1.435s] Level 5:colcon.colcon_core.verb:set package 'robot_interfaces' build argument 'cmake_args' from command line to 'None'
[1.435s] Level 5:colcon.colcon_core.verb:set package 'robot_interfaces' build argument 'cmake_target' from command line to 'None'
[1.435s] Level 5:colcon.colcon_core.verb:set package 'robot_interfaces' build argument 'cmake_target_skip_unavailable' from command line to 'False'
[1.435s] Level 5:colcon.colcon_core.verb:set package 'robot_interfaces' build argument 'cmake_clean_cache' from command line to 'False'
[1.435s] Level 5:colcon.colcon_core.verb:set package 'robot_interfaces' build argument 'cmake_clean_first' from command line to 'False'
[1.435s] Level 5:colcon.colcon_core.verb:set package 'robot_interfaces' build argument 'cmake_force_configure' from command line to 'False'
[1.435s] Level 5:colcon.colcon_core.verb:set package 'robot_interfaces' build argument 'ament_cmake_args' from command line to 'None'
[1.435s] Level 5:colcon.colcon_core.verb:set package 'robot_interfaces' build argument 'catkin_cmake_args' from command line to 'None'
[1.435s] Level 5:colcon.colcon_core.verb:set package 'robot_interfaces' build argument 'catkin_skip_building_tests' from command line to 'False'
[1.435s] DEBUG:colcon.colcon_core.verb:Building package 'robot_interfaces' with the following arguments: {'ament_cmake_args': None, 'build_base': '/home/keime/ros2_ws/build/robot_interfaces', 'catkin_cmake_args': None, 'catkin_skip_building_tests': False, 'cmake_args': None, 'cmake_clean_cache': False, 'cmake_clean_first': False, 'cmake_force_configure': False, 'cmake_target': None, 'cmake_target_skip_unavailable': False, 'install_base': '/home/keime/ros2_ws/install/robot_interfaces', 'merge_install': False, 'path': '/home/keime/ros2_ws/src/robot_interfaces', 'symlink_install': False, 'test_result_base': None}
[1.445s] INFO:colcon.colcon_core.executor:Executing jobs using 'parallel' executor
[1.456s] DEBUG:colcon.colcon_parallel_executor.executor.parallel:run_until_complete
[1.456s] INFO:colcon.colcon_ros.task.ament_python.build:Building ROS package in '/home/keime/ros2_ws/src/aruco_controller' with build type 'ament_python'
[1.456s] Level 1:colcon.colcon_core.shell:create_environment_hook('aruco_controller', 'ament_prefix_path')
[1.485s] INFO:colcon.colcon_core.plugin_system:Skipping extension 'colcon_core.shell.bat': Not used on non-Windows systems
[1.485s] INFO:colcon.colcon_core.shell:Creating environment hook '/home/keime/ros2_ws/install/aruco_controller/share/aruco_controller/hook/ament_prefix_path.ps1'
[1.489s] INFO:colcon.colcon_core.shell:Creating environment descriptor '/home/keime/ros2_ws/install/aruco_controller/share/aruco_controller/hook/ament_prefix_path.dsv'
[1.490s] INFO:colcon.colcon_core.shell:Creating environment hook '/home/keime/ros2_ws/install/aruco_controller/share/aruco_controller/hook/ament_prefix_path.sh'
[1.501s] INFO:colcon.colcon_core.shell:Skip shell extension 'powershell' for command environment: Not usable outside of PowerShell
[1.502s] DEBUG:colcon.colcon_core.shell:Skip shell extension 'dsv' for command environment
[1.526s] INFO:colcon.colcon_ros.task.ament_python.build:Building ROS package in '/home/keime/ros2_ws/src/image_pub' with build type 'ament_python'
[1.526s] Level 1:colcon.colcon_core.shell:create_environment_hook('image_pub', 'ament_prefix_path')
[1.539s] INFO:colcon.colcon_core.shell:Creating environment hook '/home/keime/ros2_ws/install/image_pub/share/image_pub/hook/ament_prefix_path.ps1'
[1.541s] INFO:colcon.colcon_core.shell:Creating environment descriptor '/home/keime/ros2_ws/install/image_pub/share/image_pub/hook/ament_prefix_path.dsv'
[1.541s] INFO:colcon.colcon_core.shell:Creating environment hook '/home/keime/ros2_ws/install/image_pub/share/image_pub/hook/ament_prefix_path.sh'
[1.553s] INFO:colcon.colcon_core.shell:Skip shell extension 'powershell' for command environment: Not usable outside of PowerShell
[1.553s] DEBUG:colcon.colcon_core.shell:Skip shell extension 'dsv' for command environment
[1.814s] INFO:colcon.colcon_core.task.python.build:Building Python package in '/home/keime/ros2_ws/src/aruco_controller'
[1.825s] INFO:colcon.colcon_core.shell:Skip shell extension 'powershell' for command environment: Not usable outside of PowerShell
[1.825s] DEBUG:colcon.colcon_core.shell:Skip shell extension 'dsv' for command environment
[2.078s] INFO:colcon.colcon_core.task.python.build:Building Python package in '/home/keime/ros2_ws/src/image_pub'
[2.088s] INFO:colcon.colcon_core.shell:Skip shell extension 'powershell' for command environment: Not usable outside of PowerShell
[2.089s] DEBUG:colcon.colcon_core.shell:Skip shell extension 'dsv' for command environment
[2.557s] DEBUG:colcon.colcon_core.event_handler.log_command:Invoking command in '/home/keime/ros2_ws/src/image_pub': PYTHONPATH=/home/keime/ros2_ws/build/image_pub/prefix_override:/home/keime/ros2_ws/install/image_pub/lib/python3.10/site-packages:${PYTHONPATH} /usr/bin/python3 setup.py egg_info --egg-base ../../build/image_pub build --build-base /home/keime/ros2_ws/build/image_pub/build install --record /home/keime/ros2_ws/build/image_pub/install.log --single-version-externally-managed
[2.569s] DEBUG:colcon.colcon_core.event_handler.log_command:Invoking command in '/home/keime/ros2_ws/src/aruco_controller': PYTHONPATH=/home/keime/ros2_ws/build/aruco_controller/prefix_override:/home/keime/ros2_ws/install/aruco_controller/lib/python3.10/site-packages:${PYTHONPATH} /usr/bin/python3 setup.py egg_info --egg-base ../../build/aruco_controller build --build-base /home/keime/ros2_ws/build/aruco_controller/build install --record /home/keime/ros2_ws/build/aruco_controller/install.log --single-version-externally-managed
[2.831s] DEBUG:colcon.colcon_core.event_handler.log_command:Invoked command in '/home/keime/ros2_ws/src/aruco_controller' returned '0': PYTHONPATH=/home/keime/ros2_ws/build/aruco_controller/prefix_override:/home/keime/ros2_ws/install/aruco_controller/lib/python3.10/site-packages:${PYTHONPATH} /usr/bin/python3 setup.py egg_info --egg-base ../../build/aruco_controller build --build-base /home/keime/ros2_ws/build/aruco_controller/build install --record /home/keime/ros2_ws/build/aruco_controller/install.log --single-version-externally-managed
[2.849s] Level 1:colcon.colcon_core.environment:checking '/home/keime/ros2_ws/install/aruco_controller' for CMake module files
[2.850s] Level 1:colcon.colcon_core.environment:checking '/home/keime/ros2_ws/install/aruco_controller' for CMake config files
[2.851s] Level 1:colcon.colcon_core.environment:checking '/home/keime/ros2_ws/install/aruco_controller/lib'
[2.851s] Level 1:colcon.colcon_core.environment:checking '/home/keime/ros2_ws/install/aruco_controller/bin'
[2.851s] Level 1:colcon.colcon_core.environment:checking '/home/keime/ros2_ws/install/aruco_controller/lib/pkgconfig/aruco_controller.pc'
[2.851s] Level 1:colcon.colcon_core.environment:checking '/home/keime/ros2_ws/install/aruco_controller/lib/python3.10/site-packages'
[2.851s] Level 1:colcon.colcon_core.shell:create_environment_hook('aruco_controller', 'pythonpath')
[2.861s] INFO:colcon.colcon_core.shell:Creating environment hook '/home/keime/ros2_ws/install/aruco_controller/share/aruco_controller/hook/pythonpath.ps1'
[2.862s] INFO:colcon.colcon_core.shell:Creating environment descriptor '/home/keime/ros2_ws/install/aruco_controller/share/aruco_controller/hook/pythonpath.dsv'
[2.862s] INFO:colcon.colcon_core.shell:Creating environment hook '/home/keime/ros2_ws/install/aruco_controller/share/aruco_controller/hook/pythonpath.sh'
[2.863s] Level 1:colcon.colcon_core.environment:checking '/home/keime/ros2_ws/install/aruco_controller/bin'
[2.863s] Level 1:colcon.colcon_core.environment:create_environment_scripts_only(aruco_controller)
[2.876s] INFO:colcon.colcon_core.shell:Creating package script '/home/keime/ros2_ws/install/aruco_controller/share/aruco_controller/package.ps1'
[2.878s] INFO:colcon.colcon_core.shell:Creating package descriptor '/home/keime/ros2_ws/install/aruco_controller/share/aruco_controller/package.dsv'
[2.879s] INFO:colcon.colcon_core.shell:Creating package script '/home/keime/ros2_ws/install/aruco_controller/share/aruco_controller/package.sh'
[2.880s] INFO:colcon.colcon_core.shell:Creating package script '/home/keime/ros2_ws/install/aruco_controller/share/aruco_controller/package.bash'
[2.882s] INFO:colcon.colcon_core.shell:Creating package script '/home/keime/ros2_ws/install/aruco_controller/share/aruco_controller/package.zsh'
[2.883s] Level 1:colcon.colcon_core.environment:create_file_with_runtime_dependencies(/home/keime/ros2_ws/install/aruco_controller/share/colcon-core/packages/aruco_controller)
[2.883s] INFO:colcon.colcon_ros.task.ament_python.build:Building ROS package in '/home/keime/ros2_ws/src/image_pubsub' with build type 'ament_python'
[2.884s] Level 1:colcon.colcon_core.shell:create_environment_hook('image_pubsub', 'ament_prefix_path')
[2.896s] INFO:colcon.colcon_core.shell:Creating environment hook '/home/keime/ros2_ws/install/image_pubsub/share/image_pubsub/hook/ament_prefix_path.ps1'
[2.898s] INFO:colcon.colcon_core.shell:Creating environment descriptor '/home/keime/ros2_ws/install/image_pubsub/share/image_pubsub/hook/ament_prefix_path.dsv'
[2.898s] INFO:colcon.colcon_core.shell:Creating environment hook '/home/keime/ros2_ws/install/image_pubsub/share/image_pubsub/hook/ament_prefix_path.sh'
[2.909s] INFO:colcon.colcon_core.shell:Skip shell extension 'powershell' for command environment: Not usable outside of PowerShell
[2.909s] DEBUG:colcon.colcon_core.shell:Skip shell extension 'dsv' for command environment
[2.936s] DEBUG:colcon.colcon_core.event_handler.log_command:Invoked command in '/home/keime/ros2_ws/src/image_pub' returned '0': PYTHONPATH=/home/keime/ros2_ws/build/image_pub/prefix_override:/home/keime/ros2_ws/install/image_pub/lib/python3.10/site-packages:${PYTHONPATH} /usr/bin/python3 setup.py egg_info --egg-base ../../build/image_pub build --build-base /home/keime/ros2_ws/build/image_pub/build install --record /home/keime/ros2_ws/build/image_pub/install.log --single-version-externally-managed
[2.947s] Level 1:colcon.colcon_core.environment:checking '/home/keime/ros2_ws/install/image_pub' for CMake module files
[2.947s] Level 1:colcon.colcon_core.environment:checking '/home/keime/ros2_ws/install/image_pub' for CMake config files
[2.948s] Level 1:colcon.colcon_core.environment:checking '/home/keime/ros2_ws/install/image_pub/lib'
[2.948s] Level 1:colcon.colcon_core.environment:checking '/home/keime/ros2_ws/install/image_pub/bin'
[2.948s] Level 1:colcon.colcon_core.environment:checking '/home/keime/ros2_ws/install/image_pub/lib/pkgconfig/image_pub.pc'
[2.949s] Level 1:colcon.colcon_core.environment:checking '/home/keime/ros2_ws/install/image_pub/lib/python3.10/site-packages'
[2.949s] Level 1:colcon.colcon_core.shell:create_environment_hook('image_pub', 'pythonpath')
[2.959s] INFO:colcon.colcon_core.shell:Creating environment hook '/home/keime/ros2_ws/install/image_pub/share/image_pub/hook/pythonpath.ps1'
[2.960s] INFO:colcon.colcon_core.shell:Creating environment descriptor '/home/keime/ros2_ws/install/image_pub/share/image_pub/hook/pythonpath.dsv'
[2.960s] INFO:colcon.colcon_core.shell:Creating environment hook '/home/keime/ros2_ws/install/image_pub/share/image_pub/hook/pythonpath.sh'
[2.960s] Level 1:colcon.colcon_core.environment:checking '/home/keime/ros2_ws/install/image_pub/bin'
[2.960s] Level 1:colcon.colcon_core.environment:create_environment_scripts_only(image_pub)
[2.973s] INFO:colcon.colcon_core.shell:Creating package script '/home/keime/ros2_ws/install/image_pub/share/image_pub/package.ps1'
[2.973s] INFO:colcon.colcon_core.shell:Creating package descriptor '/home/keime/ros2_ws/install/image_pub/share/image_pub/package.dsv'
[2.974s] INFO:colcon.colcon_core.shell:Creating package script '/home/keime/ros2_ws/install/image_pub/share/image_pub/package.sh'
[2.974s] INFO:colcon.colcon_core.shell:Creating package script '/home/keime/ros2_ws/install/image_pub/share/image_pub/package.bash'
[2.974s] INFO:colcon.colcon_core.shell:Creating package script '/home/keime/ros2_ws/install/image_pub/share/image_pub/package.zsh'
[2.975s] Level 1:colcon.colcon_core.environment:create_file_with_runtime_dependencies(/home/keime/ros2_ws/install/image_pub/share/colcon-core/packages/image_pub)
[2.976s] INFO:colcon.colcon_ros.task.ament_python.build:Building ROS package in '/home/keime/ros2_ws/src/py_pubsub' with build type 'ament_python'
[2.976s] Level 1:colcon.colcon_core.shell:create_environment_hook('py_pubsub', 'ament_prefix_path')
[2.989s] INFO:colcon.colcon_core.shell:Creating environment hook '/home/keime/ros2_ws/install/py_pubsub/share/py_pubsub/hook/ament_prefix_path.ps1'
[2.991s] INFO:colcon.colcon_core.shell:Creating environment descriptor '/home/keime/ros2_ws/install/py_pubsub/share/py_pubsub/hook/ament_prefix_path.dsv'
[2.992s] INFO:colcon.colcon_core.shell:Creating environment hook '/home/keime/ros2_ws/install/py_pubsub/share/py_pubsub/hook/ament_prefix_path.sh'
[3.003s] INFO:colcon.colcon_core.shell:Skip shell extension 'powershell' for command environment: Not usable outside of PowerShell
[3.003s] DEBUG:colcon.colcon_core.shell:Skip shell extension 'dsv' for command environment
[3.258s] INFO:colcon.colcon_core.task.python.build:Building Python package in '/home/keime/ros2_ws/src/image_pubsub'
[3.270s] INFO:colcon.colcon_core.shell:Skip shell extension 'powershell' for command environment: Not usable outside of PowerShell
[3.270s] DEBUG:colcon.colcon_core.shell:Skip shell extension 'dsv' for command environment
[3.522s] INFO:colcon.colcon_core.task.python.build:Building Python package in '/home/keime/ros2_ws/src/py_pubsub'
[3.533s] INFO:colcon.colcon_core.shell:Skip shell extension 'powershell' for command environment: Not usable outside of PowerShell
[3.533s] DEBUG:colcon.colcon_core.shell:Skip shell extension 'dsv' for command environment
[3.868s] DEBUG:colcon.colcon_core.event_handler.log_command:Invoking command in '/home/keime/ros2_ws/src/image_pubsub': PYTHONPATH=/home/keime/ros2_ws/build/image_pubsub/prefix_override:/home/keime/ros2_ws/install/image_pubsub/lib/python3.10/site-packages:${PYTHONPATH} /usr/bin/python3 setup.py egg_info --egg-base ../../build/image_pubsub build --build-base /home/keime/ros2_ws/build/image_pubsub/build install --record /home/keime/ros2_ws/build/image_pubsub/install.log --single-version-externally-managed
[3.872s] DEBUG:colcon.colcon_core.event_handler.log_command:Invoking command in '/home/keime/ros2_ws/src/py_pubsub': PYTHONPATH=/home/keime/ros2_ws/build/py_pubsub/prefix_override:/home/keime/ros2_ws/install/py_pubsub/lib/python3.10/site-packages:${PYTHONPATH} /usr/bin/python3 setup.py egg_info --egg-base ../../build/py_pubsub build --build-base /home/keime/ros2_ws/build/py_pubsub/build install --record /home/keime/ros2_ws/build/py_pubsub/install.log --single-version-externally-managed
[4.147s] DEBUG:colcon.colcon_core.event_handler.log_command:Invoked command in '/home/keime/ros2_ws/src/py_pubsub' returned '0': PYTHONPATH=/home/keime/ros2_ws/build/py_pubsub/prefix_override:/home/keime/ros2_ws/install/py_pubsub/lib/python3.10/site-packages:${PYTHONPATH} /usr/bin/python3 setup.py egg_info --egg-base ../../build/py_pubsub build --build-base /home/keime/ros2_ws/build/py_pubsub/build install --record /home/keime/ros2_ws/build/py_pubsub/install.log --single-version-externally-managed
[4.152s] Level 1:colcon.colcon_core.environment:checking '/home/keime/ros2_ws/install/py_pubsub' for CMake module files
[4.153s] Level 1:colcon.colcon_core.environment:checking '/home/keime/ros2_ws/install/py_pubsub' for CMake config files
[4.154s] Level 1:colcon.colcon_core.environment:checking '/home/keime/ros2_ws/install/py_pubsub/lib'
[4.154s] Level 1:colcon.colcon_core.environment:checking '/home/keime/ros2_ws/install/py_pubsub/bin'
[4.155s] Level 1:colcon.colcon_core.environment:checking '/home/keime/ros2_ws/install/py_pubsub/lib/pkgconfig/py_pubsub.pc'
[4.155s] Level 1:colcon.colcon_core.environment:checking '/home/keime/ros2_ws/install/py_pubsub/lib/python3.10/site-packages'
[4.155s] Level 1:colcon.colcon_core.shell:create_environment_hook('py_pubsub', 'pythonpath')
[4.165s] INFO:colcon.colcon_core.shell:Creating environment hook '/home/keime/ros2_ws/install/py_pubsub/share/py_pubsub/hook/pythonpath.ps1'
[4.165s] INFO:colcon.colcon_core.shell:Creating environment descriptor '/home/keime/ros2_ws/install/py_pubsub/share/py_pubsub/hook/pythonpath.dsv'
[4.166s] INFO:colcon.colcon_core.shell:Creating environment hook '/home/keime/ros2_ws/install/py_pubsub/share/py_pubsub/hook/pythonpath.sh'
[4.166s] Level 1:colcon.colcon_core.environment:checking '/home/keime/ros2_ws/install/py_pubsub/bin'
[4.166s] Level 1:colcon.colcon_core.environment:create_environment_scripts_only(py_pubsub)
[4.177s] INFO:colcon.colcon_core.shell:Creating package script '/home/keime/ros2_ws/install/py_pubsub/share/py_pubsub/package.ps1'
[4.178s] INFO:colcon.colcon_core.shell:Creating package descriptor '/home/keime/ros2_ws/install/py_pubsub/share/py_pubsub/package.dsv'
[4.178s] INFO:colcon.colcon_core.shell:Creating package script '/home/keime/ros2_ws/install/py_pubsub/share/py_pubsub/package.sh'
[4.178s] INFO:colcon.colcon_core.shell:Creating package script '/home/keime/ros2_ws/install/py_pubsub/share/py_pubsub/package.bash'
[4.179s] INFO:colcon.colcon_core.shell:Creating package script '/home/keime/ros2_ws/install/py_pubsub/share/py_pubsub/package.zsh'
[4.179s] Level 1:colcon.colcon_core.environment:create_file_with_runtime_dependencies(/home/keime/ros2_ws/install/py_pubsub/share/colcon-core/packages/py_pubsub)
[4.179s] INFO:colcon.colcon_ros.task.ament_python.build:Building ROS package in '/home/keime/ros2_ws/src/robot_controller' with build type 'ament_python'
[4.179s] Level 1:colcon.colcon_core.shell:create_environment_hook('robot_controller', 'ament_prefix_path')
[4.191s] INFO:colcon.colcon_core.shell:Creating environment hook '/home/keime/ros2_ws/install/robot_controller/share/robot_controller/hook/ament_prefix_path.ps1'
[4.193s] INFO:colcon.colcon_core.shell:Creating environment descriptor '/home/keime/ros2_ws/install/robot_controller/share/robot_controller/hook/ament_prefix_path.dsv'
[4.194s] INFO:colcon.colcon_core.shell:Creating environment hook '/home/keime/ros2_ws/install/robot_controller/share/robot_controller/hook/ament_prefix_path.sh'
[4.205s] INFO:colcon.colcon_core.shell:Skip shell extension 'powershell' for command environment: Not usable outside of PowerShell
[4.205s] DEBUG:colcon.colcon_core.shell:Skip shell extension 'dsv' for command environment
[4.231s] DEBUG:colcon.colcon_core.event_handler.log_command:Invoked command in '/home/keime/ros2_ws/src/image_pubsub' returned '0': PYTHONPATH=/home/keime/ros2_ws/build/image_pubsub/prefix_override:/home/keime/ros2_ws/install/image_pubsub/lib/python3.10/site-packages:${PYTHONPATH} /usr/bin/python3 setup.py egg_info --egg-base ../../build/image_pubsub build --build-base /home/keime/ros2_ws/build/image_pubsub/build install --record /home/keime/ros2_ws/build/image_pubsub/install.log --single-version-externally-managed
[4.242s] Level 1:colcon.colcon_core.environment:checking '/home/keime/ros2_ws/install/image_pubsub' for CMake module files
[4.243s] Level 1:colcon.colcon_core.environment:checking '/home/keime/ros2_ws/install/image_pubsub' for CMake config files
[4.244s] Level 1:colcon.colcon_core.environment:checking '/home/keime/ros2_ws/install/image_pubsub/lib'
[4.244s] Level 1:colcon.colcon_core.environment:checking '/home/keime/ros2_ws/install/image_pubsub/bin'
[4.244s] Level 1:colcon.colcon_core.environment:checking '/home/keime/ros2_ws/install/image_pubsub/lib/pkgconfig/image_pubsub.pc'
[4.244s] Level 1:colcon.colcon_core.environment:checking '/home/keime/ros2_ws/install/image_pubsub/lib/python3.10/site-packages'
[4.244s] Level 1:colcon.colcon_core.shell:create_environment_hook('image_pubsub', 'pythonpath')
[4.255s] INFO:colcon.colcon_core.shell:Creating environment hook '/home/keime/ros2_ws/install/image_pubsub/share/image_pubsub/hook/pythonpath.ps1'
[4.255s] INFO:colcon.colcon_core.shell:Creating environment descriptor '/home/keime/ros2_ws/install/image_pubsub/share/image_pubsub/hook/pythonpath.dsv'
[4.256s] INFO:colcon.colcon_core.shell:Creating environment hook '/home/keime/ros2_ws/install/image_pubsub/share/image_pubsub/hook/pythonpath.sh'
[4.256s] Level 1:colcon.colcon_core.environment:checking '/home/keime/ros2_ws/install/image_pubsub/bin'
[4.256s] Level 1:colcon.colcon_core.environment:create_environment_scripts_only(image_pubsub)
[4.279s] INFO:colcon.colcon_core.shell:Creating package script '/home/keime/ros2_ws/install/image_pubsub/share/image_pubsub/package.ps1'
[4.279s] INFO:colcon.colcon_core.shell:Creating package descriptor '/home/keime/ros2_ws/install/image_pubsub/share/image_pubsub/package.dsv'
[4.279s] INFO:colcon.colcon_core.shell:Creating package script '/home/keime/ros2_ws/install/image_pubsub/share/image_pubsub/package.sh'
[4.280s] INFO:colcon.colcon_core.shell:Creating package script '/home/keime/ros2_ws/install/image_pubsub/share/image_pubsub/package.bash'
[4.280s] INFO:colcon.colcon_core.shell:Creating package script '/home/keime/ros2_ws/install/image_pubsub/share/image_pubsub/package.zsh'
[4.280s] Level 1:colcon.colcon_core.environment:create_file_with_runtime_dependencies(/home/keime/ros2_ws/install/image_pubsub/share/colcon-core/packages/image_pubsub)
[4.281s] INFO:colcon.colcon_ros.task.ament_python.build:Building ROS package in '/home/keime/ros2_ws/src/robot_controller_gui' with build type 'ament_python'
[4.281s] Level 1:colcon.colcon_core.shell:create_environment_hook('robot_controller_gui', 'ament_prefix_path')
[4.294s] INFO:colcon.colcon_core.shell:Creating environment hook '/home/keime/ros2_ws/install/robot_controller_gui/share/robot_controller_gui/hook/ament_prefix_path.ps1'
[4.295s] INFO:colcon.colcon_core.shell:Creating environment descriptor '/home/keime/ros2_ws/install/robot_controller_gui/share/robot_controller_gui/hook/ament_prefix_path.dsv'
[4.296s] INFO:colcon.colcon_core.shell:Creating environment hook '/home/keime/ros2_ws/install/robot_controller_gui/share/robot_controller_gui/hook/ament_prefix_path.sh'
[4.307s] INFO:colcon.colcon_core.shell:Skip shell extension 'powershell' for command environment: Not usable outside of PowerShell
[4.307s] DEBUG:colcon.colcon_core.shell:Skip shell extension 'dsv' for command environment
[4.564s] INFO:colcon.colcon_core.task.python.build:Building Python package in '/home/keime/ros2_ws/src/robot_controller'
[4.575s] INFO:colcon.colcon_core.shell:Skip shell extension 'powershell' for command environment: Not usable outside of PowerShell
[4.576s] DEBUG:colcon.colcon_core.shell:Skip shell extension 'dsv' for command environment
[4.824s] INFO:colcon.colcon_core.task.python.build:Building Python package in '/home/keime/ros2_ws/src/robot_controller_gui'
[4.835s] INFO:colcon.colcon_core.shell:Skip shell extension 'powershell' for command environment: Not usable outside of PowerShell
[4.835s] DEBUG:colcon.colcon_core.shell:Skip shell extension 'dsv' for command environment
[5.173s] DEBUG:colcon.colcon_core.event_handler.log_command:Invoking command in '/home/keime/ros2_ws/src/robot_controller_gui': PYTHONPATH=/home/keime/ros2_ws/build/robot_controller_gui/prefix_override:/home/keime/ros2_ws/install/robot_controller_gui/lib/python3.10/site-packages:${PYTHONPATH} /usr/bin/python3 setup.py egg_info --egg-base ../../build/robot_controller_gui build --build-base /home/keime/ros2_ws/build/robot_controller_gui/build install --record /home/keime/ros2_ws/build/robot_controller_gui/install.log --single-version-externally-managed
[5.175s] DEBUG:colcon.colcon_core.event_handler.log_command:Invoking command in '/home/keime/ros2_ws/src/robot_controller': PYTHONPATH=/home/keime/ros2_ws/build/robot_controller/prefix_override:/home/keime/ros2_ws/install/robot_controller/lib/python3.10/site-packages:${PYTHONPATH} /usr/bin/python3 setup.py egg_info --egg-base ../../build/robot_controller build --build-base /home/keime/ros2_ws/build/robot_controller/build install --record /home/keime/ros2_ws/build/robot_controller/install.log --single-version-externally-managed
[5.448s] DEBUG:colcon.colcon_core.event_handler.log_command:Invoked command in '/home/keime/ros2_ws/src/robot_controller' returned '0': PYTHONPATH=/home/keime/ros2_ws/build/robot_controller/prefix_override:/home/keime/ros2_ws/install/robot_controller/lib/python3.10/site-packages:${PYTHONPATH} /usr/bin/python3 setup.py egg_info --egg-base ../../build/robot_controller build --build-base /home/keime/ros2_ws/build/robot_controller/build install --record /home/keime/ros2_ws/build/robot_controller/install.log --single-version-externally-managed
[5.457s] Level 1:colcon.colcon_core.environment:checking '/home/keime/ros2_ws/install/robot_controller' for CMake module files
[5.457s] Level 1:colcon.colcon_core.environment:checking '/home/keime/ros2_ws/install/robot_controller' for CMake config files
[5.459s] Level 1:colcon.colcon_core.environment:checking '/home/keime/ros2_ws/install/robot_controller/lib'
[5.459s] Level 1:colcon.colcon_core.environment:checking '/home/keime/ros2_ws/install/robot_controller/bin'
[5.459s] Level 1:colcon.colcon_core.environment:checking '/home/keime/ros2_ws/install/robot_controller/lib/pkgconfig/robot_controller.pc'
[5.459s] Level 1:colcon.colcon_core.environment:checking '/home/keime/ros2_ws/install/robot_controller/lib/python3.10/site-packages'
[5.459s] Level 1:colcon.colcon_core.shell:create_environment_hook('robot_controller', 'pythonpath')
[5.470s] INFO:colcon.colcon_core.shell:Creating environment hook '/home/keime/ros2_ws/install/robot_controller/share/robot_controller/hook/pythonpath.ps1'
[5.470s] INFO:colcon.colcon_core.shell:Creating environment descriptor '/home/keime/ros2_ws/install/robot_controller/share/robot_controller/hook/pythonpath.dsv'
[5.470s] INFO:colcon.colcon_core.shell:Creating environment hook '/home/keime/ros2_ws/install/robot_controller/share/robot_controller/hook/pythonpath.sh'
[5.471s] Level 1:colcon.colcon_core.environment:checking '/home/keime/ros2_ws/install/robot_controller/bin'
[5.471s] Level 1:colcon.colcon_core.environment:create_environment_scripts_only(robot_controller)
[5.483s] INFO:colcon.colcon_core.shell:Creating package script '/home/keime/ros2_ws/install/robot_controller/share/robot_controller/package.ps1'
[5.484s] INFO:colcon.colcon_core.shell:Creating package descriptor '/home/keime/ros2_ws/install/robot_controller/share/robot_controller/package.dsv'
[5.484s] INFO:colcon.colcon_core.shell:Creating package script '/home/keime/ros2_ws/install/robot_controller/share/robot_controller/package.sh'
[5.484s] INFO:colcon.colcon_core.shell:Creating package script '/home/keime/ros2_ws/install/robot_controller/share/robot_controller/package.bash'
[5.484s] INFO:colcon.colcon_core.shell:Creating package script '/home/keime/ros2_ws/install/robot_controller/share/robot_controller/package.zsh'
[5.485s] Level 1:colcon.colcon_core.environment:create_file_with_runtime_dependencies(/home/keime/ros2_ws/install/robot_controller/share/colcon-core/packages/robot_controller)
[5.485s] INFO:colcon.colcon_ros.task.ament_cmake.build:Building ROS package in '/home/keime/ros2_ws/src/robot_interfaces' with build type 'ament_cmake'
[5.485s] INFO:colcon.colcon_cmake.task.cmake.build:Building CMake package in '/home/keime/ros2_ws/src/robot_interfaces'
[5.499s] INFO:colcon.colcon_core.shell:Skip shell extension 'powershell' for command environment: Not usable outside of PowerShell
[5.499s] DEBUG:colcon.colcon_core.shell:Skip shell extension 'dsv' for command environment
[5.526s] DEBUG:colcon.colcon_core.event_handler.log_command:Invoked command in '/home/keime/ros2_ws/src/robot_controller_gui' returned '0': PYTHONPATH=/home/keime/ros2_ws/build/robot_controller_gui/prefix_override:/home/keime/ros2_ws/install/robot_controller_gui/lib/python3.10/site-packages:${PYTHONPATH} /usr/bin/python3 setup.py egg_info --egg-base ../../build/robot_controller_gui build --build-base /home/keime/ros2_ws/build/robot_controller_gui/build install --record /home/keime/ros2_ws/build/robot_controller_gui/install.log --single-version-externally-managed
[5.535s] Level 1:colcon.colcon_core.environment:checking '/home/keime/ros2_ws/install/robot_controller_gui' for CMake module files
[5.536s] Level 1:colcon.colcon_core.environment:checking '/home/keime/ros2_ws/install/robot_controller_gui' for CMake config files
[5.537s] Level 1:colcon.colcon_core.environment:checking '/home/keime/ros2_ws/install/robot_controller_gui/lib'
[5.537s] Level 1:colcon.colcon_core.environment:checking '/home/keime/ros2_ws/install/robot_controller_gui/bin'
[5.538s] Level 1:colcon.colcon_core.environment:checking '/home/keime/ros2_ws/install/robot_controller_gui/lib/pkgconfig/robot_controller_gui.pc'
[5.538s] Level 1:colcon.colcon_core.environment:checking '/home/keime/ros2_ws/install/robot_controller_gui/lib/python3.10/site-packages'
[5.538s] Level 1:colcon.colcon_core.shell:create_environment_hook('robot_controller_gui', 'pythonpath')
[5.549s] INFO:colcon.colcon_core.shell:Creating environment hook '/home/keime/ros2_ws/install/robot_controller_gui/share/robot_controller_gui/hook/pythonpath.ps1'
[5.549s] INFO:colcon.colcon_core.shell:Creating environment descriptor '/home/keime/ros2_ws/install/robot_controller_gui/share/robot_controller_gui/hook/pythonpath.dsv'
[5.550s] INFO:colcon.colcon_core.shell:Creating environment hook '/home/keime/ros2_ws/install/robot_controller_gui/share/robot_controller_gui/hook/pythonpath.sh'
[5.550s] Level 1:colcon.colcon_core.environment:checking '/home/keime/ros2_ws/install/robot_controller_gui/bin'
[5.550s] Level 1:colcon.colcon_core.environment:create_environment_scripts_only(robot_controller_gui)
[5.561s] INFO:colcon.colcon_core.shell:Creating package script '/home/keime/ros2_ws/install/robot_controller_gui/share/robot_controller_gui/package.ps1'
[5.562s] INFO:colcon.colcon_core.shell:Creating package descriptor '/home/keime/ros2_ws/install/robot_controller_gui/share/robot_controller_gui/package.dsv'
[5.562s] INFO:colcon.colcon_core.shell:Creating package script '/home/keime/ros2_ws/install/robot_controller_gui/share/robot_controller_gui/package.sh'
[5.562s] INFO:colcon.colcon_core.shell:Creating package script '/home/keime/ros2_ws/install/robot_controller_gui/share/robot_controller_gui/package.bash'
[5.562s] INFO:colcon.colcon_core.shell:Creating package script '/home/keime/ros2_ws/install/robot_controller_gui/share/robot_controller_gui/package.zsh'
[5.562s] Level 1:colcon.colcon_core.environment:create_file_with_runtime_dependencies(/home/keime/ros2_ws/install/robot_controller_gui/share/colcon-core/packages/robot_controller_gui)
[5.567s] DEBUG:colcon.colcon_core.event_handler.log_command:Invoking command in '/home/keime/ros2_ws/build/robot_interfaces': CMAKE_PREFIX_PATH=/opt/ros/humble /usr/bin/cmake /home/keime/ros2_ws/src/robot_interfaces -DCMAKE_INSTALL_PREFIX=/home/keime/ros2_ws/install/robot_interfaces
[8.600s] DEBUG:colcon.colcon_core.event_handler.log_command:Invoked command in '/home/keime/ros2_ws/build/robot_interfaces' returned '1': CMAKE_PREFIX_PATH=/opt/ros/humble /usr/bin/cmake /home/keime/ros2_ws/src/robot_interfaces -DCMAKE_INSTALL_PREFIX=/home/keime/ros2_ws/install/robot_interfaces
[8.608s] Level 1:colcon.colcon_core.environment:create_environment_scripts_only(robot_interfaces)
[8.618s] Level 1:colcon.colcon_core.environment:checking '/home/keime/ros2_ws/install/robot_interfaces' for CMake module files
[8.618s] Level 1:colcon.colcon_core.environment:checking '/home/keime/ros2_ws/install/robot_interfaces' for CMake config files
[8.619s] Level 1:colcon.colcon_core.environment:checking '/home/keime/ros2_ws/install/robot_interfaces/bin'
[8.619s] Level 1:colcon.colcon_core.environment:checking '/home/keime/ros2_ws/install/robot_interfaces/lib/pkgconfig/robot_interfaces.pc'
[8.619s] Level 1:colcon.colcon_core.environment:checking '/home/keime/ros2_ws/install/robot_interfaces/lib/python3.10/site-packages'
[8.619s] Level 1:colcon.colcon_core.environment:checking '/home/keime/ros2_ws/install/robot_interfaces/bin'
[8.629s] INFO:colcon.colcon_core.shell:Creating package script '/home/keime/ros2_ws/install/robot_interfaces/share/robot_interfaces/package.ps1'
[8.630s] INFO:colcon.colcon_core.shell:Creating package descriptor '/home/keime/ros2_ws/install/robot_interfaces/share/robot_interfaces/package.dsv'
[8.630s] INFO:colcon.colcon_core.shell:Creating package script '/home/keime/ros2_ws/install/robot_interfaces/share/robot_interfaces/package.sh'
[8.630s] INFO:colcon.colcon_core.shell:Creating package script '/home/keime/ros2_ws/install/robot_interfaces/share/robot_interfaces/package.bash'
[8.631s] INFO:colcon.colcon_core.shell:Creating package script '/home/keime/ros2_ws/install/robot_interfaces/share/robot_interfaces/package.zsh'
[8.631s] Level 1:colcon.colcon_core.environment:create_file_with_runtime_dependencies(/home/keime/ros2_ws/install/robot_interfaces/share/colcon-core/packages/robot_interfaces)
[8.642s] DEBUG:colcon.colcon_parallel_executor.executor.parallel:closing loop
[8.642s] DEBUG:colcon.colcon_parallel_executor.executor.parallel:loop closed
[8.642s] DEBUG:colcon.colcon_parallel_executor.executor.parallel:run_until_complete finished with '1'
[8.642s] DEBUG:colcon.colcon_core.event_reactor:joining thread
[8.712s] INFO:colcon.colcon_core.plugin_system:Skipping extension 'colcon_notification.desktop_notification.notify_send': Could not find 'notify-send'
[8.712s] INFO:colcon.colcon_core.plugin_system:Skipping extension 'colcon_notification.desktop_notification.terminal_notifier': Not used on non-Darwin systems
[8.712s] INFO:colcon.colcon_core.plugin_system:Skipping extension 'colcon_notification.desktop_notification.win32': Not used on non-Windows systems
[8.712s] INFO:colcon.colcon_notification.desktop_notification:Sending desktop notification using 'notify2'
[8.713s] DEBUG:colcon.colcon_notification.desktop_notification.notify2:Failed to initialize notify2: org.freedesktop.DBus.Error.FileNotFound: Failed to connect to socket /run/user/1000/bus: No such file or directory
[8.713s] DEBUG:colcon.colcon_core.event_reactor:joined thread
[8.724s] INFO:colcon.colcon_core.shell:Creating prefix script '/home/keime/ros2_ws/install/local_setup.ps1'
[8.726s] INFO:colcon.colcon_core.shell:Creating prefix util module '/home/keime/ros2_ws/install/_local_setup_util_ps1.py'
[8.728s] INFO:colcon.colcon_core.shell:Creating prefix chain script '/home/keime/ros2_ws/install/setup.ps1'
[8.740s] INFO:colcon.colcon_core.shell:Creating prefix script '/home/keime/ros2_ws/install/local_setup.sh'
[8.741s] INFO:colcon.colcon_core.shell:Creating prefix util module '/home/keime/ros2_ws/install/_local_setup_util_sh.py'
[8.742s] INFO:colcon.colcon_core.shell:Creating prefix chain script '/home/keime/ros2_ws/install/setup.sh'
[8.755s] INFO:colcon.colcon_core.shell:Creating prefix script '/home/keime/ros2_ws/install/local_setup.bash'
[8.756s] INFO:colcon.colcon_core.shell:Creating prefix chain script '/home/keime/ros2_ws/install/setup.bash'
[8.769s] INFO:colcon.colcon_core.shell:Creating prefix script '/home/keime/ros2_ws/install/local_setup.zsh'
[8.770s] INFO:colcon.colcon_core.shell:Creating prefix chain script '/home/keime/ros2_ws/install/setup.zsh'
