[0.636s] Invoking command in '/home/keime/ros2_ws/src/image_pubsub': PYTHONPATH=/home/keime/ros2_ws/build/image_pubsub/prefix_override:/home/keime/ros2_ws/install/image_pubsub/lib/python3.10/site-packages:${PYTHONPATH} /usr/bin/python3 setup.py egg_info --egg-base ../../build/image_pubsub build --build-base /home/keime/ros2_ws/build/image_pubsub/build install --record /home/keime/ros2_ws/build/image_pubsub/install.log --single-version-externally-managed
[0.845s] running egg_info
[0.846s] writing ../../build/image_pubsub/image_pubsub.egg-info/PKG-INFO
[0.846s] writing dependency_links to ../../build/image_pubsub/image_pubsub.egg-info/dependency_links.txt
[0.846s] writing entry points to ../../build/image_pubsub/image_pubsub.egg-info/entry_points.txt
[0.846s] writing requirements to ../../build/image_pubsub/image_pubsub.egg-info/requires.txt
[0.846s] writing top-level names to ../../build/image_pubsub/image_pubsub.egg-info/top_level.txt
[0.847s] reading manifest file '../../build/image_pubsub/image_pubsub.egg-info/SOURCES.txt'
[0.848s] writing manifest file '../../build/image_pubsub/image_pubsub.egg-info/SOURCES.txt'
[0.848s] running build
[0.848s] running build_py
[0.848s] copying image_pubsub/BACKimage_publisher.py -> /home/keime/ros2_ws/build/image_pubsub/build/lib/image_pubsub
[0.848s] running install
[0.849s] running install_lib
[0.849s] copying /home/keime/ros2_ws/build/image_pubsub/build/lib/image_pubsub/BACKimage_publisher.py -> /home/keime/ros2_ws/install/image_pubsub/lib/python3.10/site-packages/image_pubsub
[0.850s] byte-compiling /home/keime/ros2_ws/install/image_pubsub/lib/python3.10/site-packages/image_pubsub/BACKimage_publisher.py to BACKimage_publisher.cpython-310.pyc
[0.850s] running install_data
[0.850s] running install_egg_info
[0.852s] removing '/home/keime/ros2_ws/install/image_pubsub/lib/python3.10/site-packages/image_pubsub-0.0.0-py3.10.egg-info' (and everything under it)
[0.852s] Copying ../../build/image_pubsub/image_pubsub.egg-info to /home/keime/ros2_ws/install/image_pubsub/lib/python3.10/site-packages/image_pubsub-0.0.0-py3.10.egg-info
[0.852s] running install_scripts
[0.869s] Installing command_publisher_gui script to /home/keime/ros2_ws/install/image_pubsub/lib/image_pubsub
[0.869s] Installing img_subscriber script to /home/keime/ros2_ws/install/image_pubsub/lib/image_pubsub
[0.869s] writing list of installed files to '/home/keime/ros2_ws/build/image_pubsub/install.log'
[0.892s] Invoked command in '/home/keime/ros2_ws/src/image_pubsub' returned '0': PYTHONPATH=/home/keime/ros2_ws/build/image_pubsub/prefix_override:/home/keime/ros2_ws/install/image_pubsub/lib/python3.10/site-packages:${PYTHONPATH} /usr/bin/python3 setup.py egg_info --egg-base ../../build/image_pubsub build --build-base /home/keime/ros2_ws/build/image_pubsub/build install --record /home/keime/ros2_ws/build/image_pubsub/install.log --single-version-externally-managed
