[8.041s] Invoking command in '/home/keime/ros2_ws/src/robot_controller': PYTHONPATH=/home/keime/ros2_ws/build/robot_controller/prefix_override:/home/keime/ros2_ws/install/robot_controller/lib/python3.10/site-packages:${PYTHONPATH} /usr/bin/python3 -W ignore:setup.py install is deprecated setup.py egg_info --egg-base ../../build/robot_controller build --build-base /home/keime/ros2_ws/build/robot_controller/build install --record /home/keime/ros2_ws/build/robot_controller/install.log --single-version-externally-managed install_data
[10.695s] running egg_info
[10.701s] writing ../../build/robot_controller/robot_controller.egg-info/PKG-INFO
[10.705s] writing dependency_links to ../../build/robot_controller/robot_controller.egg-info/dependency_links.txt
[10.707s] writing entry points to ../../build/robot_controller/robot_controller.egg-info/entry_points.txt
[10.709s] writing requirements to ../../build/robot_controller/robot_controller.egg-info/requires.txt
[10.711s] writing top-level names to ../../build/robot_controller/robot_controller.egg-info/top_level.txt
[10.730s] reading manifest file '../../build/robot_controller/robot_controller.egg-info/SOURCES.txt'
[10.743s] writing manifest file '../../build/robot_controller/robot_controller.egg-info/SOURCES.txt'
[10.745s] running build
[10.746s] running build_py
[10.752s] running install
[10.755s] running install_lib
[10.773s] running install_data
[10.779s] running install_egg_info
[10.796s] removing '/home/keime/ros2_ws/install/robot_controller/lib/python3.10/site-packages/robot_controller-0.0.0-py3.10.egg-info' (and everything under it)
[10.802s] Copying ../../build/robot_controller/robot_controller.egg-info to /home/keime/ros2_ws/install/robot_controller/lib/python3.10/site-packages/robot_controller-0.0.0-py3.10.egg-info
[10.817s] running install_scripts
[11.018s] Installing action script to /home/keime/ros2_ws/install/robot_controller/lib/robot_controller
[11.025s] writing list of installed files to '/home/keime/ros2_ws/build/robot_controller/install.log'
[11.288s] Invoked command in '/home/keime/ros2_ws/src/robot_controller' returned '0': PYTHONPATH=/home/keime/ros2_ws/build/robot_controller/prefix_override:/home/keime/ros2_ws/install/robot_controller/lib/python3.10/site-packages:${PYTHONPATH} /usr/bin/python3 -W ignore:setup.py install is deprecated setup.py egg_info --egg-base ../../build/robot_controller build --build-base /home/keime/ros2_ws/build/robot_controller/build install --record /home/keime/ros2_ws/build/robot_controller/install.log --single-version-externally-managed install_data
