[8.854s] Invoking command in '/home/keime/ros2_ws/src/image_pubsub': PYTHONPATH=/home/keime/ros2_ws/build/image_pubsub/prefix_override:/home/keime/ros2_ws/install/image_pubsub/lib/python3.10/site-packages:${PYTHONPATH} /usr/bin/python3 -W ignore:setup.py install is deprecated setup.py egg_info --egg-base ../../build/image_pubsub build --build-base /home/keime/ros2_ws/build/image_pubsub/build install --record /home/keime/ros2_ws/build/image_pubsub/install.log --single-version-externally-managed install_data
[11.610s] running egg_info
[11.616s] writing ../../build/image_pubsub/image_pubsub.egg-info/PKG-INFO
[11.620s] writing dependency_links to ../../build/image_pubsub/image_pubsub.egg-info/dependency_links.txt
[11.622s] writing entry points to ../../build/image_pubsub/image_pubsub.egg-info/entry_points.txt
[11.624s] writing requirements to ../../build/image_pubsub/image_pubsub.egg-info/requires.txt
[11.626s] writing top-level names to ../../build/image_pubsub/image_pubsub.egg-info/top_level.txt
[11.645s] reading manifest file '../../build/image_pubsub/image_pubsub.egg-info/SOURCES.txt'
[11.657s] writing manifest file '../../build/image_pubsub/image_pubsub.egg-info/SOURCES.txt'
[11.659s] running build
[11.660s] running build_py
[11.665s] running install
[11.669s] running install_lib
[11.688s] running install_data
[11.691s] running install_egg_info
[11.710s] removing '/home/keime/ros2_ws/install/image_pubsub/lib/python3.10/site-packages/image_pubsub-0.0.0-py3.10.egg-info' (and everything under it)
[11.714s] Copying ../../build/image_pubsub/image_pubsub.egg-info to /home/keime/ros2_ws/install/image_pubsub/lib/python3.10/site-packages/image_pubsub-0.0.0-py3.10.egg-info
[11.728s] running install_scripts
[11.936s] Installing command_publisher_gui script to /home/keime/ros2_ws/install/image_pubsub/lib/image_pubsub
[11.940s] Installing img_subscriber script to /home/keime/ros2_ws/install/image_pubsub/lib/image_pubsub
[11.944s] writing list of installed files to '/home/keime/ros2_ws/build/image_pubsub/install.log'
[12.205s] Invoked command in '/home/keime/ros2_ws/src/image_pubsub' returned '0': PYTHONPATH=/home/keime/ros2_ws/build/image_pubsub/prefix_override:/home/keime/ros2_ws/install/image_pubsub/lib/python3.10/site-packages:${PYTHONPATH} /usr/bin/python3 -W ignore:setup.py install is deprecated setup.py egg_info --egg-base ../../build/image_pubsub build --build-base /home/keime/ros2_ws/build/image_pubsub/build install --record /home/keime/ros2_ws/build/image_pubsub/install.log --single-version-externally-managed install_data
