[1.183s] DEBUG:colcon:Command line arguments: ['/usr/bin/colcon', 'build', '--packages-select', 'py_pubsub']
[1.184s] DEBUG:colcon:Parsed command line arguments: Namespace(log_base=None, log_level=None, verb_name='build', build_base='build', install_base='install', merge_install=False, symlink_install=False, test_result_base=None, continue_on_error=False, executor='parallel', parallel_workers=4, event_handlers=None, ignore_user_meta=False, metas=['./colcon.meta'], base_paths=['.'], packages_ignore=None, packages_ignore_regex=None, paths=None, packages_up_to=None, packages_up_to_regex=None, packages_above=None, packages_above_and_dependencies=None, packages_above_depth=None, packages_select_by_dep=None, packages_skip_by_dep=None, packages_skip_up_to=None, packages_select_build_failed=False, packages_skip_build_finished=False, packages_select_test_failures=False, packages_skip_test_passed=False, packages_select=['py_pubsub'], packages_skip=None, packages_select_regex=None, packages_skip_regex=None, packages_start=None, packages_end=None, allow_overriding=[], cmake_args=None, cmake_target=None, cmake_target_skip_unavailable=False, cmake_clean_cache=False, cmake_clean_first=False, cmake_force_configure=False, ament_cmake_args=None, catkin_cmake_args=None, catkin_skip_building_tests=False, verb_parser=<colcon_defaults.argument_parser.defaults.DefaultArgumentsDecorator object at 0xffff7ee37130>, verb_extension=<colcon_core.verb.build.BuildVerb object at 0xffff7efc7c10>, main=<bound method BuildVerb.main of <colcon_core.verb.build.BuildVerb object at 0xffff7efc7c10>>)
[3.068s] Level 1:colcon.colcon_core.package_discovery:discover_packages(colcon_meta) check parameters
[3.069s] Level 1:colcon.colcon_core.package_discovery:discover_packages(recursive) check parameters
[3.069s] Level 1:colcon.colcon_core.package_discovery:discover_packages(ignore) check parameters
[3.069s] Level 1:colcon.colcon_core.package_discovery:discover_packages(path) check parameters
[3.070s] Level 1:colcon.colcon_core.package_discovery:discover_packages(colcon_meta) discover
[3.070s] Level 1:colcon.colcon_core.package_discovery:discover_packages(recursive) discover
[3.071s] INFO:colcon.colcon_core.package_discovery:Crawling recursively for packages in '/home/keime/ros2_ws'
[3.072s] Level 1:colcon.colcon_core.package_identification:_identify(.) by extensions ['ignore', 'ignore_ament_install']
[3.072s] Level 1:colcon.colcon_core.package_identification:_identify(.) by extension 'ignore'
[3.073s] Level 1:colcon.colcon_core.package_identification:_identify(.) by extension 'ignore_ament_install'
[3.074s] Level 1:colcon.colcon_core.package_identification:_identify(.) by extensions ['colcon_pkg']
[3.074s] Level 1:colcon.colcon_core.package_identification:_identify(.) by extension 'colcon_pkg'
[3.074s] Level 1:colcon.colcon_core.package_identification:_identify(.) by extensions ['colcon_meta']
[3.075s] Level 1:colcon.colcon_core.package_identification:_identify(.) by extension 'colcon_meta'
[3.075s] Level 1:colcon.colcon_core.package_identification:_identify(.) by extensions ['ros']
[3.075s] Level 1:colcon.colcon_core.package_identification:_identify(.) by extension 'ros'
[3.193s] Level 1:colcon.colcon_core.package_identification:_identify(.) by extensions ['cmake', 'python']
[3.194s] Level 1:colcon.colcon_core.package_identification:_identify(.) by extension 'cmake'
[3.194s] Level 1:colcon.colcon_core.package_identification:_identify(.) by extension 'python'
[3.195s] Level 1:colcon.colcon_core.package_identification:_identify(.) by extensions ['python_setup_py']
[3.195s] Level 1:colcon.colcon_core.package_identification:_identify(.) by extension 'python_setup_py'
[3.196s] Level 1:colcon.colcon_core.package_identification:_identify(build) by extensions ['ignore', 'ignore_ament_install']
[3.197s] Level 1:colcon.colcon_core.package_identification:_identify(build) by extension 'ignore'
[3.198s] Level 1:colcon.colcon_core.package_identification:_identify(build) ignored
[3.200s] Level 1:colcon.colcon_core.package_identification:_identify(install) by extensions ['ignore', 'ignore_ament_install']
[3.200s] Level 1:colcon.colcon_core.package_identification:_identify(install) by extension 'ignore'
[3.201s] Level 1:colcon.colcon_core.package_identification:_identify(install) ignored
[3.202s] Level 1:colcon.colcon_core.package_identification:_identify(log) by extensions ['ignore', 'ignore_ament_install']
[3.203s] Level 1:colcon.colcon_core.package_identification:_identify(log) by extension 'ignore'
[3.203s] Level 1:colcon.colcon_core.package_identification:_identify(log) ignored
[3.204s] Level 1:colcon.colcon_core.package_identification:_identify(src) by extensions ['ignore', 'ignore_ament_install']
[3.205s] Level 1:colcon.colcon_core.package_identification:_identify(src) by extension 'ignore'
[3.206s] Level 1:colcon.colcon_core.package_identification:_identify(src) by extension 'ignore_ament_install'
[3.206s] Level 1:colcon.colcon_core.package_identification:_identify(src) by extensions ['colcon_pkg']
[3.207s] Level 1:colcon.colcon_core.package_identification:_identify(src) by extension 'colcon_pkg'
[3.207s] Level 1:colcon.colcon_core.package_identification:_identify(src) by extensions ['colcon_meta']
[3.207s] Level 1:colcon.colcon_core.package_identification:_identify(src) by extension 'colcon_meta'
[3.208s] Level 1:colcon.colcon_core.package_identification:_identify(src) by extensions ['ros']
[3.208s] Level 1:colcon.colcon_core.package_identification:_identify(src) by extension 'ros'
[3.209s] Level 1:colcon.colcon_core.package_identification:_identify(src) by extensions ['cmake', 'python']
[3.210s] Level 1:colcon.colcon_core.package_identification:_identify(src) by extension 'cmake'
[3.210s] Level 1:colcon.colcon_core.package_identification:_identify(src) by extension 'python'
[3.210s] Level 1:colcon.colcon_core.package_identification:_identify(src) by extensions ['python_setup_py']
[3.211s] Level 1:colcon.colcon_core.package_identification:_identify(src) by extension 'python_setup_py'
[3.212s] Level 1:colcon.colcon_core.package_identification:_identify(src/py_pubsub) by extensions ['ignore', 'ignore_ament_install']
[3.213s] Level 1:colcon.colcon_core.package_identification:_identify(src/py_pubsub) by extension 'ignore'
[3.213s] Level 1:colcon.colcon_core.package_identification:_identify(src/py_pubsub) by extension 'ignore_ament_install'
[3.214s] Level 1:colcon.colcon_core.package_identification:_identify(src/py_pubsub) by extensions ['colcon_pkg']
[3.214s] Level 1:colcon.colcon_core.package_identification:_identify(src/py_pubsub) by extension 'colcon_pkg'
[3.215s] Level 1:colcon.colcon_core.package_identification:_identify(src/py_pubsub) by extensions ['colcon_meta']
[3.215s] Level 1:colcon.colcon_core.package_identification:_identify(src/py_pubsub) by extension 'colcon_meta'
[3.216s] Level 1:colcon.colcon_core.package_identification:_identify(src/py_pubsub) by extensions ['ros']
[3.216s] Level 1:colcon.colcon_core.package_identification:_identify(src/py_pubsub) by extension 'ros'
[3.236s] DEBUG:colcon.colcon_core.package_identification:Package 'src/py_pubsub' with type 'ros.ament_python' and name 'py_pubsub'
[3.237s] Level 1:colcon.colcon_core.package_discovery:discover_packages(recursive) using defaults
[3.238s] Level 1:colcon.colcon_core.package_discovery:discover_packages(ignore) discover
[3.238s] Level 1:colcon.colcon_core.package_discovery:discover_packages(ignore) using defaults
[3.238s] Level 1:colcon.colcon_core.package_discovery:discover_packages(path) discover
[3.239s] Level 1:colcon.colcon_core.package_discovery:discover_packages(path) using defaults
[3.447s] Level 1:colcon.colcon_core.package_discovery:discover_packages(prefix_path) check parameters
[3.447s] Level 1:colcon.colcon_core.package_discovery:discover_packages(prefix_path) discover
[3.468s] DEBUG:colcon.colcon_installed_package_information.package_discovery:Found 1 installed packages in /home/keime/ros2_ws/install
[3.484s] DEBUG:colcon.colcon_installed_package_information.package_discovery:Found 180 installed packages in /opt/ros/humble
[3.496s] Level 1:colcon.colcon_core.package_discovery:discover_packages(prefix_path) using defaults
[3.826s] Level 5:colcon.colcon_core.verb:set package 'py_pubsub' build argument 'cmake_args' from command line to 'None'
[3.827s] Level 5:colcon.colcon_core.verb:set package 'py_pubsub' build argument 'cmake_target' from command line to 'None'
[3.827s] Level 5:colcon.colcon_core.verb:set package 'py_pubsub' build argument 'cmake_target_skip_unavailable' from command line to 'False'
[3.827s] Level 5:colcon.colcon_core.verb:set package 'py_pubsub' build argument 'cmake_clean_cache' from command line to 'False'
[3.828s] Level 5:colcon.colcon_core.verb:set package 'py_pubsub' build argument 'cmake_clean_first' from command line to 'False'
[3.828s] Level 5:colcon.colcon_core.verb:set package 'py_pubsub' build argument 'cmake_force_configure' from command line to 'False'
[3.828s] Level 5:colcon.colcon_core.verb:set package 'py_pubsub' build argument 'ament_cmake_args' from command line to 'None'
[3.828s] Level 5:colcon.colcon_core.verb:set package 'py_pubsub' build argument 'catkin_cmake_args' from command line to 'None'
[3.829s] Level 5:colcon.colcon_core.verb:set package 'py_pubsub' build argument 'catkin_skip_building_tests' from command line to 'False'
[3.829s] DEBUG:colcon.colcon_core.verb:Building package 'py_pubsub' with the following arguments: {'ament_cmake_args': None, 'build_base': '/home/keime/ros2_ws/build/py_pubsub', 'catkin_cmake_args': None, 'catkin_skip_building_tests': False, 'cmake_args': None, 'cmake_clean_cache': False, 'cmake_clean_first': False, 'cmake_force_configure': False, 'cmake_target': None, 'cmake_target_skip_unavailable': False, 'install_base': '/home/keime/ros2_ws/install/py_pubsub', 'merge_install': False, 'path': '/home/keime/ros2_ws/src/py_pubsub', 'symlink_install': False, 'test_result_base': None}
[3.831s] INFO:colcon.colcon_core.executor:Executing jobs using 'parallel' executor
[3.838s] DEBUG:colcon.colcon_parallel_executor.executor.parallel:run_until_complete
[3.840s] INFO:colcon.colcon_ros.task.ament_python.build:Building ROS package in '/home/keime/ros2_ws/src/py_pubsub' with build type 'ament_python'
[3.842s] Level 1:colcon.colcon_core.shell:create_environment_hook('py_pubsub', 'ament_prefix_path')
[3.865s] INFO:colcon.colcon_core.plugin_system:Skipping extension 'colcon_core.shell.bat': Not used on non-Windows systems
[3.867s] INFO:colcon.colcon_core.shell:Creating environment hook '/home/keime/ros2_ws/install/py_pubsub/share/py_pubsub/hook/ament_prefix_path.ps1'
[3.873s] INFO:colcon.colcon_core.shell:Creating environment descriptor '/home/keime/ros2_ws/install/py_pubsub/share/py_pubsub/hook/ament_prefix_path.dsv'
[3.878s] INFO:colcon.colcon_core.shell:Creating environment hook '/home/keime/ros2_ws/install/py_pubsub/share/py_pubsub/hook/ament_prefix_path.sh'
[3.887s] INFO:colcon.colcon_core.shell:Skip shell extension 'powershell' for command environment: Not usable outside of PowerShell
[3.887s] DEBUG:colcon.colcon_core.shell:Skip shell extension 'dsv' for command environment
[6.795s] INFO:colcon.colcon_core.task.python.build:Building Python package in '/home/keime/ros2_ws/src/py_pubsub'
[6.797s] INFO:colcon.colcon_core.shell:Skip shell extension 'powershell' for command environment: Not usable outside of PowerShell
[6.798s] DEBUG:colcon.colcon_core.shell:Skip shell extension 'dsv' for command environment
[11.244s] DEBUG:colcon.colcon_core.event_handler.log_command:Invoking command in '/home/keime/ros2_ws/src/py_pubsub': PYTHONPATH=/home/keime/ros2_ws/build/py_pubsub/prefix_override:/home/keime/ros2_ws/install/py_pubsub/lib/python3.10/site-packages:${PYTHONPATH} /usr/bin/python3 -W ignore:setup.py install is deprecated setup.py egg_info --egg-base ../../build/py_pubsub build --build-base /home/keime/ros2_ws/build/py_pubsub/build install --record /home/keime/ros2_ws/build/py_pubsub/install.log --single-version-externally-managed install_data
[14.434s] DEBUG:colcon.colcon_core.event_handler.log_command:Invoked command in '/home/keime/ros2_ws/src/py_pubsub' returned '0': PYTHONPATH=/home/keime/ros2_ws/build/py_pubsub/prefix_override:/home/keime/ros2_ws/install/py_pubsub/lib/python3.10/site-packages:${PYTHONPATH} /usr/bin/python3 -W ignore:setup.py install is deprecated setup.py egg_info --egg-base ../../build/py_pubsub build --build-base /home/keime/ros2_ws/build/py_pubsub/build install --record /home/keime/ros2_ws/build/py_pubsub/install.log --single-version-externally-managed install_data
[14.479s] Level 1:colcon.colcon_core.environment:checking '/home/keime/ros2_ws/install/py_pubsub' for CMake module files
[14.486s] Level 1:colcon.colcon_core.environment:checking '/home/keime/ros2_ws/install/py_pubsub' for CMake config files
[14.495s] Level 1:colcon.colcon_core.environment:checking '/home/keime/ros2_ws/install/py_pubsub/lib'
[14.497s] Level 1:colcon.colcon_core.environment:checking '/home/keime/ros2_ws/install/py_pubsub/bin'
[14.498s] Level 1:colcon.colcon_core.environment:checking '/home/keime/ros2_ws/install/py_pubsub/lib/pkgconfig/py_pubsub.pc'
[14.500s] Level 1:colcon.colcon_core.environment:checking '/home/keime/ros2_ws/install/py_pubsub/lib/python3.10/site-packages'
[14.501s] Level 1:colcon.colcon_core.shell:create_environment_hook('py_pubsub', 'pythonpath')
[14.504s] INFO:colcon.colcon_core.shell:Creating environment hook '/home/keime/ros2_ws/install/py_pubsub/share/py_pubsub/hook/pythonpath.ps1'
[14.508s] INFO:colcon.colcon_core.shell:Creating environment descriptor '/home/keime/ros2_ws/install/py_pubsub/share/py_pubsub/hook/pythonpath.dsv'
[14.511s] INFO:colcon.colcon_core.shell:Creating environment hook '/home/keime/ros2_ws/install/py_pubsub/share/py_pubsub/hook/pythonpath.sh'
[14.517s] Level 1:colcon.colcon_core.environment:checking '/home/keime/ros2_ws/install/py_pubsub/bin'
[14.518s] Level 1:colcon.colcon_core.environment:create_environment_scripts_only(py_pubsub)
[14.522s] INFO:colcon.colcon_core.shell:Creating package script '/home/keime/ros2_ws/install/py_pubsub/share/py_pubsub/package.ps1'
[14.532s] INFO:colcon.colcon_core.shell:Creating package descriptor '/home/keime/ros2_ws/install/py_pubsub/share/py_pubsub/package.dsv'
[14.540s] INFO:colcon.colcon_core.shell:Creating package script '/home/keime/ros2_ws/install/py_pubsub/share/py_pubsub/package.sh'
[14.551s] INFO:colcon.colcon_core.shell:Creating package script '/home/keime/ros2_ws/install/py_pubsub/share/py_pubsub/package.bash'
[14.560s] INFO:colcon.colcon_core.shell:Creating package script '/home/keime/ros2_ws/install/py_pubsub/share/py_pubsub/package.zsh'
[14.571s] Level 1:colcon.colcon_core.environment:create_file_with_runtime_dependencies(/home/keime/ros2_ws/install/py_pubsub/share/colcon-core/packages/py_pubsub)
[14.574s] DEBUG:colcon.colcon_parallel_executor.executor.parallel:closing loop
[14.577s] DEBUG:colcon.colcon_parallel_executor.executor.parallel:loop closed
[14.578s] DEBUG:colcon.colcon_parallel_executor.executor.parallel:run_until_complete finished with '0'
[14.579s] DEBUG:colcon.colcon_core.event_reactor:joining thread
[14.630s] INFO:colcon.colcon_core.plugin_system:Skipping extension 'colcon_notification.desktop_notification.notify_send': Could not find 'notify-send'
[14.631s] INFO:colcon.colcon_core.plugin_system:Skipping extension 'colcon_notification.desktop_notification.terminal_notifier': Not used on non-Darwin systems
[14.631s] INFO:colcon.colcon_core.plugin_system:Skipping extension 'colcon_notification.desktop_notification.win32': Not used on non-Windows systems
[14.632s] INFO:colcon.colcon_notification.desktop_notification:Sending desktop notification using 'notify2'
[14.638s] DEBUG:colcon.colcon_notification.desktop_notification.notify2:Failed to initialize notify2: org.freedesktop.DBus.Error.ServiceUnknown: The name org.freedesktop.Notifications was not provided by any .service files
[14.639s] DEBUG:colcon.colcon_core.event_reactor:joined thread
[14.642s] INFO:colcon.colcon_core.shell:Creating prefix script '/home/keime/ros2_ws/install/local_setup.ps1'
[14.652s] INFO:colcon.colcon_core.shell:Creating prefix util module '/home/keime/ros2_ws/install/_local_setup_util_ps1.py'
[14.669s] INFO:colcon.colcon_core.shell:Creating prefix chain script '/home/keime/ros2_ws/install/setup.ps1'
[14.679s] INFO:colcon.colcon_core.shell:Creating prefix script '/home/keime/ros2_ws/install/local_setup.sh'
[14.687s] INFO:colcon.colcon_core.shell:Creating prefix util module '/home/keime/ros2_ws/install/_local_setup_util_sh.py'
[14.692s] INFO:colcon.colcon_core.shell:Creating prefix chain script '/home/keime/ros2_ws/install/setup.sh'
[14.703s] INFO:colcon.colcon_core.shell:Creating prefix script '/home/keime/ros2_ws/install/local_setup.bash'
[14.709s] INFO:colcon.colcon_core.shell:Creating prefix chain script '/home/keime/ros2_ws/install/setup.bash'
[14.719s] INFO:colcon.colcon_core.shell:Creating prefix script '/home/keime/ros2_ws/install/local_setup.zsh'
[14.725s] INFO:colcon.colcon_core.shell:Creating prefix chain script '/home/keime/ros2_ws/install/setup.zsh'
