[8.098s] Invoking command in '/home/keime/ros2_ws/src/image_pub': PYTHONPATH=/home/keime/ros2_ws/build/image_pub/prefix_override:/home/keime/ros2_ws/install/image_pub/lib/python3.10/site-packages:${PYTHONPATH} /usr/bin/python3 -W ignore:setup.py install is deprecated setup.py egg_info --egg-base ../../build/image_pub build --build-base /home/keime/ros2_ws/build/image_pub/build install --record /home/keime/ros2_ws/build/image_pub/install.log --single-version-externally-managed install_data
[10.698s] running egg_info
[10.704s] writing ../../build/image_pub/image_pub.egg-info/PKG-INFO
[10.707s] writing dependency_links to ../../build/image_pub/image_pub.egg-info/dependency_links.txt
[10.710s] writing entry points to ../../build/image_pub/image_pub.egg-info/entry_points.txt
[10.712s] writing requirements to ../../build/image_pub/image_pub.egg-info/requires.txt
[10.713s] writing top-level names to ../../build/image_pub/image_pub.egg-info/top_level.txt
[10.731s] reading manifest file '../../build/image_pub/image_pub.egg-info/SOURCES.txt'
[10.745s] writing manifest file '../../build/image_pub/image_pub.egg-info/SOURCES.txt'
[10.746s] running build
[10.747s] running build_py
[10.753s] running install
[10.756s] running install_lib
[10.773s] running install_data
[10.777s] running install_egg_info
[10.794s] removing '/home/keime/ros2_ws/install/image_pub/lib/python3.10/site-packages/image_pub-0.0.0-py3.10.egg-info' (and everything under it)
[10.798s] Copying ../../build/image_pub/image_pub.egg-info to /home/keime/ros2_ws/install/image_pub/lib/python3.10/site-packages/image_pub-0.0.0-py3.10.egg-info
[10.813s] running install_scripts
[11.012s] Installing img_publisher script to /home/keime/ros2_ws/install/image_pub/lib/image_pub
[11.018s] writing list of installed files to '/home/keime/ros2_ws/build/image_pub/install.log'
[11.276s] Invoked command in '/home/keime/ros2_ws/src/image_pub' returned '0': PYTHONPATH=/home/keime/ros2_ws/build/image_pub/prefix_override:/home/keime/ros2_ws/install/image_pub/lib/python3.10/site-packages:${PYTHONPATH} /usr/bin/python3 -W ignore:setup.py install is deprecated setup.py egg_info --egg-base ../../build/image_pub build --build-base /home/keime/ros2_ws/build/image_pub/build install --record /home/keime/ros2_ws/build/image_pub/install.log --single-version-externally-managed install_data
