[9.917s] Invoking command in '/home/keime/ros2_ws/src/robot_controller': PYTHONPATH=/home/keime/ros2_ws/build/robot_controller/prefix_override:/home/keime/ros2_ws/install/robot_controller/lib/python3.10/site-packages:${PYTHONPATH} /usr/bin/python3 -W ignore:setup.py install is deprecated setup.py egg_info --egg-base ../../build/robot_controller build --build-base /home/keime/ros2_ws/build/robot_controller/build install --record /home/keime/ros2_ws/build/robot_controller/install.log --single-version-externally-managed install_data
[13.283s] running egg_info
[13.288s] writing ../../build/robot_controller/robot_controller.egg-info/PKG-INFO
[13.296s] writing dependency_links to ../../build/robot_controller/robot_controller.egg-info/dependency_links.txt
[13.298s] writing entry points to ../../build/robot_controller/robot_controller.egg-info/entry_points.txt
[13.300s] writing requirements to ../../build/robot_controller/robot_controller.egg-info/requires.txt
[13.302s] writing top-level names to ../../build/robot_controller/robot_controller.egg-info/top_level.txt
[13.327s] reading manifest file '../../build/robot_controller/robot_controller.egg-info/SOURCES.txt'
[13.346s] writing manifest file '../../build/robot_controller/robot_controller.egg-info/SOURCES.txt'
[13.347s] running build
[13.348s] running build_py
[13.357s] running install
[13.364s] running install_lib
[13.378s] running install_data
[13.384s] running install_egg_info
[13.415s] removing '/home/keime/ros2_ws/install/robot_controller/lib/python3.10/site-packages/robot_controller-0.0.0-py3.10.egg-info' (and everything under it)
[13.422s] Copying ../../build/robot_controller/robot_controller.egg-info to /home/keime/ros2_ws/install/robot_controller/lib/python3.10/site-packages/robot_controller-0.0.0-py3.10.egg-info
[13.441s] running install_scripts
[13.690s] Installing action script to /home/keime/ros2_ws/install/robot_controller/lib/robot_controller
[13.697s] writing list of installed files to '/home/keime/ros2_ws/build/robot_controller/install.log'
[14.029s] Invoked command in '/home/keime/ros2_ws/src/robot_controller' returned '0': PYTHONPATH=/home/keime/ros2_ws/build/robot_controller/prefix_override:/home/keime/ros2_ws/install/robot_controller/lib/python3.10/site-packages:${PYTHONPATH} /usr/bin/python3 -W ignore:setup.py install is deprecated setup.py egg_info --egg-base ../../build/robot_controller build --build-base /home/keime/ros2_ws/build/robot_controller/build install --record /home/keime/ros2_ws/build/robot_controller/install.log --single-version-externally-managed install_data
