[7.947s] Invoking command in '/home/keime/ros2_ws/src/image_pub': PYTHONPATH=/home/keime/ros2_ws/build/image_pub/prefix_override:/home/keime/ros2_ws/install/image_pub/lib/python3.10/site-packages:${PYTHONPATH} /usr/bin/python3 -W ignore:setup.py install is deprecated setup.py egg_info --egg-base ../../build/image_pub build --build-base /home/keime/ros2_ws/build/image_pub/build install --record /home/keime/ros2_ws/build/image_pub/install.log --single-version-externally-managed install_data
[10.610s] running egg_info
[10.616s] writing ../../build/image_pub/image_pub.egg-info/PKG-INFO
[10.620s] writing dependency_links to ../../build/image_pub/image_pub.egg-info/dependency_links.txt
[10.622s] writing entry points to ../../build/image_pub/image_pub.egg-info/entry_points.txt
[10.626s] writing requirements to ../../build/image_pub/image_pub.egg-info/requires.txt
[10.627s] writing top-level names to ../../build/image_pub/image_pub.egg-info/top_level.txt
[10.645s] reading manifest file '../../build/image_pub/image_pub.egg-info/SOURCES.txt'
[10.656s] writing manifest file '../../build/image_pub/image_pub.egg-info/SOURCES.txt'
[10.657s] running build
[10.659s] running build_py
[10.664s] running install
[10.667s] running install_lib
[10.682s] running install_data
[10.684s] running install_egg_info
[10.702s] removing '/home/keime/ros2_ws/install/image_pub/lib/python3.10/site-packages/image_pub-0.0.0-py3.10.egg-info' (and everything under it)
[10.706s] Copying ../../build/image_pub/image_pub.egg-info to /home/keime/ros2_ws/install/image_pub/lib/python3.10/site-packages/image_pub-0.0.0-py3.10.egg-info
[10.721s] running install_scripts
[10.924s] Installing img_publisher script to /home/keime/ros2_ws/install/image_pub/lib/image_pub
[10.927s] writing list of installed files to '/home/keime/ros2_ws/build/image_pub/install.log'
[11.186s] Invoked command in '/home/keime/ros2_ws/src/image_pub' returned '0': PYTHONPATH=/home/keime/ros2_ws/build/image_pub/prefix_override:/home/keime/ros2_ws/install/image_pub/lib/python3.10/site-packages:${PYTHONPATH} /usr/bin/python3 -W ignore:setup.py install is deprecated setup.py egg_info --egg-base ../../build/image_pub build --build-base /home/keime/ros2_ws/build/image_pub/build install --record /home/keime/ros2_ws/build/image_pub/install.log --single-version-externally-managed install_data
