[2.292s] Invoking command in '/home/keime/ros2_ws/src/image_pubsub': PYTHONPATH=/home/keime/ros2_ws/build/image_pubsub/prefix_override:/home/keime/ros2_ws/install/image_pubsub/lib/python3.10/site-packages:${PYTHONPATH} /usr/bin/python3 -W ignore:setup.py install is deprecated setup.py egg_info --egg-base ../../build/image_pubsub build --build-base /home/keime/ros2_ws/build/image_pubsub/build install --record /home/keime/ros2_ws/build/image_pubsub/install.log --single-version-externally-managed install_data
[2.858s] running egg_info
[2.860s] writing ../../build/image_pubsub/image_pubsub.egg-info/PKG-INFO
[2.861s] writing dependency_links to ../../build/image_pubsub/image_pubsub.egg-info/dependency_links.txt
[2.862s] writing entry points to ../../build/image_pubsub/image_pubsub.egg-info/entry_points.txt
[2.863s] writing requirements to ../../build/image_pubsub/image_pubsub.egg-info/requires.txt
[2.863s] writing top-level names to ../../build/image_pubsub/image_pubsub.egg-info/top_level.txt
[2.868s] reading manifest file '../../build/image_pubsub/image_pubsub.egg-info/SOURCES.txt'
[2.870s] writing manifest file '../../build/image_pubsub/image_pubsub.egg-info/SOURCES.txt'
[2.871s] running build
[2.871s] running build_py
[2.871s] copying image_pubsub/image_subscriber.py -> /home/keime/ros2_ws/build/image_pubsub/build/lib/image_pubsub
[2.873s] running install
[2.874s] running install_lib
[2.876s] copying /home/keime/ros2_ws/build/image_pubsub/build/lib/image_pubsub/image_subscriber.py -> /home/keime/ros2_ws/install/image_pubsub/lib/python3.10/site-packages/image_pubsub
[2.878s] byte-compiling /home/keime/ros2_ws/install/image_pubsub/lib/python3.10/site-packages/image_pubsub/image_subscriber.py to image_subscriber.cpython-310.pyc
[2.879s]   File "/home/keime/ros2_ws/install/image_pubsub/lib/python3.10/site-packages/image_pubsub/image_subscriber.py", line 26
[2.880s]     　　　　　　　　　　　　　　　　　 # 水平方向に反転
[2.880s]     ^
[2.880s] SyntaxError: invalid non-printable character U+3000
[2.880s] 
[2.881s] running install_data
[2.881s] running install_egg_info
[2.886s] removing '/home/keime/ros2_ws/install/image_pubsub/lib/python3.10/site-packages/image_pubsub-0.0.0-py3.10.egg-info' (and everything under it)
[2.887s] Copying ../../build/image_pubsub/image_pubsub.egg-info to /home/keime/ros2_ws/install/image_pubsub/lib/python3.10/site-packages/image_pubsub-0.0.0-py3.10.egg-info
[2.889s] running install_scripts
[2.944s] Installing img_publisher script to /home/keime/ros2_ws/install/image_pubsub/lib/image_pubsub
[2.945s] Installing img_subscriber script to /home/keime/ros2_ws/install/image_pubsub/lib/image_pubsub
[2.946s] writing list of installed files to '/home/keime/ros2_ws/build/image_pubsub/install.log'
[3.000s] Invoked command in '/home/keime/ros2_ws/src/image_pubsub' returned '0': PYTHONPATH=/home/keime/ros2_ws/build/image_pubsub/prefix_override:/home/keime/ros2_ws/install/image_pubsub/lib/python3.10/site-packages:${PYTHONPATH} /usr/bin/python3 -W ignore:setup.py install is deprecated setup.py egg_info --egg-base ../../build/image_pubsub build --build-base /home/keime/ros2_ws/build/image_pubsub/build install --record /home/keime/ros2_ws/build/image_pubsub/install.log --single-version-externally-managed install_data
