[10.954s] Invoking command in '/home/keime/ros2_ws/src/image_pub': PYTHONPATH=/home/keime/ros2_ws/build/image_pub/prefix_override:/home/keime/ros2_ws/install/image_pub/lib/python3.10/site-packages:${PYTHONPATH} /usr/bin/python3 -W ignore:setup.py install is deprecated setup.py egg_info --egg-base ../../build/image_pub build --build-base /home/keime/ros2_ws/build/image_pub/build install --record /home/keime/ros2_ws/build/image_pub/install.log --single-version-externally-managed install_data
[13.949s] running egg_info
[13.955s] writing ../../build/image_pub/image_pub.egg-info/PKG-INFO
[13.960s] writing dependency_links to ../../build/image_pub/image_pub.egg-info/dependency_links.txt
[13.962s] writing entry points to ../../build/image_pub/image_pub.egg-info/entry_points.txt
[13.964s] writing requirements to ../../build/image_pub/image_pub.egg-info/requires.txt
[13.966s] writing top-level names to ../../build/image_pub/image_pub.egg-info/top_level.txt
[13.986s] reading manifest file '../../build/image_pub/image_pub.egg-info/SOURCES.txt'
[13.997s] writing manifest file '../../build/image_pub/image_pub.egg-info/SOURCES.txt'
[13.999s] running build
[14.000s] running build_py
[14.013s] running install
[14.017s] running install_lib
[14.036s] running install_data
[14.042s] running install_egg_info
[14.062s] removing '/home/keime/ros2_ws/install/image_pub/lib/python3.10/site-packages/image_pub-0.0.0-py3.10.egg-info' (and everything under it)
[14.068s] Copying ../../build/image_pub/image_pub.egg-info to /home/keime/ros2_ws/install/image_pub/lib/python3.10/site-packages/image_pub-0.0.0-py3.10.egg-info
[14.084s] running install_scripts
[14.300s] Installing action script to /home/keime/ros2_ws/install/image_pub/lib/image_pub
[14.304s] Installing img_publisher script to /home/keime/ros2_ws/install/image_pub/lib/image_pub
[14.308s] writing list of installed files to '/home/keime/ros2_ws/build/image_pub/install.log'
[14.579s] Invoked command in '/home/keime/ros2_ws/src/image_pub' returned '0': PYTHONPATH=/home/keime/ros2_ws/build/image_pub/prefix_override:/home/keime/ros2_ws/install/image_pub/lib/python3.10/site-packages:${PYTHONPATH} /usr/bin/python3 -W ignore:setup.py install is deprecated setup.py egg_info --egg-base ../../build/image_pub build --build-base /home/keime/ros2_ws/build/image_pub/build install --record /home/keime/ros2_ws/build/image_pub/install.log --single-version-externally-managed install_data
