[2.639s] DEBUG:colcon:Command line arguments: ['/usr/bin/colcon', 'build']
[2.640s] DEBUG:colcon:Parsed command line arguments: Namespace(log_base=None, log_level=None, verb_name='build', build_base='build', install_base='install', merge_install=False, symlink_install=False, test_result_base=None, continue_on_error=False, executor='parallel', parallel_workers=4, event_handlers=None, ignore_user_meta=False, metas=['./colcon.meta'], base_paths=['.'], packages_ignore=None, packages_ignore_regex=None, paths=None, packages_up_to=None, packages_up_to_regex=None, packages_above=None, packages_above_and_dependencies=None, packages_above_depth=None, packages_select_by_dep=None, packages_skip_by_dep=None, packages_skip_up_to=None, packages_select_build_failed=False, packages_skip_build_finished=False, packages_select_test_failures=False, packages_skip_test_passed=False, packages_select=None, packages_skip=None, packages_select_regex=None, packages_skip_regex=None, packages_start=None, packages_end=None, allow_overriding=[], cmake_args=None, cmake_target=None, cmake_target_skip_unavailable=False, cmake_clean_cache=False, cmake_clean_first=False, cmake_force_configure=False, ament_cmake_args=None, catkin_cmake_args=None, catkin_skip_building_tests=False, verb_parser=<colcon_defaults.argument_parser.defaults.DefaultArgumentsDecorator object at 0xffffb2b9ae00>, verb_extension=<colcon_core.verb.build.BuildVerb object at 0xffffb2d2b8e0>, main=<bound method BuildVerb.main of <colcon_core.verb.build.BuildVerb object at 0xffffb2d2b8e0>>)
[5.260s] Level 1:colcon.colcon_core.package_discovery:discover_packages(colcon_meta) check parameters
[5.261s] Level 1:colcon.colcon_core.package_discovery:discover_packages(recursive) check parameters
[5.262s] Level 1:colcon.colcon_core.package_discovery:discover_packages(ignore) check parameters
[5.262s] Level 1:colcon.colcon_core.package_discovery:discover_packages(path) check parameters
[5.262s] Level 1:colcon.colcon_core.package_discovery:discover_packages(colcon_meta) discover
[5.263s] Level 1:colcon.colcon_core.package_discovery:discover_packages(recursive) discover
[5.263s] INFO:colcon.colcon_core.package_discovery:Crawling recursively for packages in '/home/keime/ros2_ws'
[5.264s] Level 1:colcon.colcon_core.package_identification:_identify(.) by extensions ['ignore', 'ignore_ament_install']
[5.265s] Level 1:colcon.colcon_core.package_identification:_identify(.) by extension 'ignore'
[5.266s] Level 1:colcon.colcon_core.package_identification:_identify(.) by extension 'ignore_ament_install'
[5.267s] Level 1:colcon.colcon_core.package_identification:_identify(.) by extensions ['colcon_pkg']
[5.267s] Level 1:colcon.colcon_core.package_identification:_identify(.) by extension 'colcon_pkg'
[5.268s] Level 1:colcon.colcon_core.package_identification:_identify(.) by extensions ['colcon_meta']
[5.268s] Level 1:colcon.colcon_core.package_identification:_identify(.) by extension 'colcon_meta'
[5.269s] Level 1:colcon.colcon_core.package_identification:_identify(.) by extensions ['ros']
[5.269s] Level 1:colcon.colcon_core.package_identification:_identify(.) by extension 'ros'
[5.446s] Level 1:colcon.colcon_core.package_identification:_identify(.) by extensions ['cmake', 'python']
[5.447s] Level 1:colcon.colcon_core.package_identification:_identify(.) by extension 'cmake'
[5.448s] Level 1:colcon.colcon_core.package_identification:_identify(.) by extension 'python'
[5.448s] Level 1:colcon.colcon_core.package_identification:_identify(.) by extensions ['python_setup_py']
[5.448s] Level 1:colcon.colcon_core.package_identification:_identify(.) by extension 'python_setup_py'
[5.450s] Level 1:colcon.colcon_core.package_identification:_identify(build) by extensions ['ignore', 'ignore_ament_install']
[5.451s] Level 1:colcon.colcon_core.package_identification:_identify(build) by extension 'ignore'
[5.451s] Level 1:colcon.colcon_core.package_identification:_identify(build) ignored
[5.452s] Level 1:colcon.colcon_core.package_identification:_identify(install) by extensions ['ignore', 'ignore_ament_install']
[5.453s] Level 1:colcon.colcon_core.package_identification:_identify(install) by extension 'ignore'
[5.454s] Level 1:colcon.colcon_core.package_identification:_identify(install) ignored
[5.455s] Level 1:colcon.colcon_core.package_identification:_identify(log) by extensions ['ignore', 'ignore_ament_install']
[5.456s] Level 1:colcon.colcon_core.package_identification:_identify(log) by extension 'ignore'
[5.456s] Level 1:colcon.colcon_core.package_identification:_identify(log) ignored
[5.457s] Level 1:colcon.colcon_core.package_identification:_identify(src) by extensions ['ignore', 'ignore_ament_install']
[5.458s] Level 1:colcon.colcon_core.package_identification:_identify(src) by extension 'ignore'
[5.459s] Level 1:colcon.colcon_core.package_identification:_identify(src) by extension 'ignore_ament_install'
[5.459s] Level 1:colcon.colcon_core.package_identification:_identify(src) by extensions ['colcon_pkg']
[5.460s] Level 1:colcon.colcon_core.package_identification:_identify(src) by extension 'colcon_pkg'
[5.460s] Level 1:colcon.colcon_core.package_identification:_identify(src) by extensions ['colcon_meta']
[5.461s] Level 1:colcon.colcon_core.package_identification:_identify(src) by extension 'colcon_meta'
[5.461s] Level 1:colcon.colcon_core.package_identification:_identify(src) by extensions ['ros']
[5.461s] Level 1:colcon.colcon_core.package_identification:_identify(src) by extension 'ros'
[5.462s] Level 1:colcon.colcon_core.package_identification:_identify(src) by extensions ['cmake', 'python']
[5.463s] Level 1:colcon.colcon_core.package_identification:_identify(src) by extension 'cmake'
[5.463s] Level 1:colcon.colcon_core.package_identification:_identify(src) by extension 'python'
[5.464s] Level 1:colcon.colcon_core.package_identification:_identify(src) by extensions ['python_setup_py']
[5.464s] Level 1:colcon.colcon_core.package_identification:_identify(src) by extension 'python_setup_py'
[5.465s] Level 1:colcon.colcon_core.package_discovery:discover_packages(recursive) using defaults
[5.465s] Level 1:colcon.colcon_core.package_discovery:discover_packages(ignore) discover
[5.465s] Level 1:colcon.colcon_core.package_discovery:discover_packages(ignore) using defaults
[5.466s] Level 1:colcon.colcon_core.package_discovery:discover_packages(path) discover
[5.466s] Level 1:colcon.colcon_core.package_discovery:discover_packages(path) using defaults
[5.783s] Level 1:colcon.colcon_core.package_discovery:discover_packages(prefix_path) check parameters
[5.783s] Level 1:colcon.colcon_core.package_discovery:discover_packages(prefix_path) discover
[5.830s] DEBUG:colcon.colcon_installed_package_information.package_discovery:Found 180 installed packages in /opt/ros/humble
[5.843s] Level 1:colcon.colcon_core.package_discovery:discover_packages(prefix_path) using defaults
[6.371s] INFO:colcon.colcon_core.executor:Executing jobs using 'parallel' executor
[6.379s] DEBUG:colcon.colcon_parallel_executor.executor.parallel:run_until_complete
[6.380s] DEBUG:colcon.colcon_parallel_executor.executor.parallel:closing loop
[6.382s] DEBUG:colcon.colcon_parallel_executor.executor.parallel:loop closed
[6.383s] DEBUG:colcon.colcon_parallel_executor.executor.parallel:run_until_complete finished with '0'
[6.384s] DEBUG:colcon.colcon_core.event_reactor:joining thread
[6.500s] INFO:colcon.colcon_core.plugin_system:Skipping extension 'colcon_notification.desktop_notification.notify_send': Could not find 'notify-send'
[6.502s] INFO:colcon.colcon_core.plugin_system:Skipping extension 'colcon_notification.desktop_notification.terminal_notifier': Not used on non-Darwin systems
[6.502s] INFO:colcon.colcon_core.plugin_system:Skipping extension 'colcon_notification.desktop_notification.win32': Not used on non-Windows systems
[6.503s] INFO:colcon.colcon_notification.desktop_notification:Sending desktop notification using 'notify2'
[6.777s] DEBUG:colcon.colcon_notification.desktop_notification.notify2:Failed to initialize notify2: org.freedesktop.DBus.Error.ServiceUnknown: The name org.freedesktop.Notifications was not provided by any .service files
[6.778s] DEBUG:colcon.colcon_core.event_reactor:joined thread
[6.918s] INFO:colcon.colcon_core.plugin_system:Skipping extension 'colcon_core.shell.bat': Not used on non-Windows systems
[6.921s] INFO:colcon.colcon_core.shell:Creating prefix script '/home/keime/ros2_ws/install/local_setup.ps1'
[6.936s] INFO:colcon.colcon_core.shell:Creating prefix util module '/home/keime/ros2_ws/install/_local_setup_util_ps1.py'
[6.953s] INFO:colcon.colcon_core.shell:Creating prefix chain script '/home/keime/ros2_ws/install/setup.ps1'
[6.964s] INFO:colcon.colcon_core.shell:Creating prefix script '/home/keime/ros2_ws/install/local_setup.sh'
[6.972s] INFO:colcon.colcon_core.shell:Creating prefix util module '/home/keime/ros2_ws/install/_local_setup_util_sh.py'
[6.977s] INFO:colcon.colcon_core.shell:Creating prefix chain script '/home/keime/ros2_ws/install/setup.sh'
[6.988s] INFO:colcon.colcon_core.shell:Creating prefix script '/home/keime/ros2_ws/install/local_setup.bash'
[6.996s] INFO:colcon.colcon_core.shell:Creating prefix chain script '/home/keime/ros2_ws/install/setup.bash'
[7.007s] INFO:colcon.colcon_core.shell:Creating prefix script '/home/keime/ros2_ws/install/local_setup.zsh'
[7.015s] INFO:colcon.colcon_core.shell:Creating prefix chain script '/home/keime/ros2_ws/install/setup.zsh'
