[15.633s] Invoking command in '/home/keime/ros2_ws/src/robot_controller': PYTHONPATH=/home/keime/ros2_ws/build/robot_controller/prefix_override:/home/keime/ros2_ws/install/robot_controller/lib/python3.10/site-packages:${PYTHONPATH} /usr/bin/python3 -W ignore:setup.py install is deprecated setup.py egg_info --egg-base ../../build/robot_controller build --build-base /home/keime/ros2_ws/build/robot_controller/build install --record /home/keime/ros2_ws/build/robot_controller/install.log --single-version-externally-managed install_data
[19.517s] running egg_info
[19.525s] creating ../../build/robot_controller/robot_controller.egg-info
[19.526s] writing ../../build/robot_controller/robot_controller.egg-info/PKG-INFO
[19.528s] writing dependency_links to ../../build/robot_controller/robot_controller.egg-info/dependency_links.txt
[19.529s] writing entry points to ../../build/robot_controller/robot_controller.egg-info/entry_points.txt
[19.530s] writing requirements to ../../build/robot_controller/robot_controller.egg-info/requires.txt
[19.531s] writing top-level names to ../../build/robot_controller/robot_controller.egg-info/top_level.txt
[19.533s] writing manifest file '../../build/robot_controller/robot_controller.egg-info/SOURCES.txt'
[19.552s] reading manifest file '../../build/robot_controller/robot_controller.egg-info/SOURCES.txt'
[19.564s] writing manifest file '../../build/robot_controller/robot_controller.egg-info/SOURCES.txt'
[19.566s] running build
[19.570s] running build_py
[19.572s] creating /home/keime/ros2_ws/build/robot_controller/build
[19.573s] creating /home/keime/ros2_ws/build/robot_controller/build/lib
[19.574s] creating /home/keime/ros2_ws/build/robot_controller/build/lib/robot_controller
[19.575s] copying robot_controller/__init__.py -> /home/keime/ros2_ws/build/robot_controller/build/lib/robot_controller
[19.576s] copying robot_controller/command_subscriber.py -> /home/keime/ros2_ws/build/robot_controller/build/lib/robot_controller
[19.582s] running install
[19.586s] running install_lib
[19.607s] creating /home/keime/ros2_ws/install/robot_controller/lib/python3.10/site-packages/robot_controller
[19.618s] copying /home/keime/ros2_ws/build/robot_controller/build/lib/robot_controller/__init__.py -> /home/keime/ros2_ws/install/robot_controller/lib/python3.10/site-packages/robot_controller
[19.619s] copying /home/keime/ros2_ws/build/robot_controller/build/lib/robot_controller/command_subscriber.py -> /home/keime/ros2_ws/install/robot_controller/lib/python3.10/site-packages/robot_controller
[19.621s] byte-compiling /home/keime/ros2_ws/install/robot_controller/lib/python3.10/site-packages/robot_controller/__init__.py to __init__.cpython-310.pyc
[19.625s] byte-compiling /home/keime/ros2_ws/install/robot_controller/lib/python3.10/site-packages/robot_controller/command_subscriber.py to command_subscriber.cpython-310.pyc
[19.628s] running install_data
[19.634s] creating /home/keime/ros2_ws/install/robot_controller/share/ament_index
[19.636s] creating /home/keime/ros2_ws/install/robot_controller/share/ament_index/resource_index
[19.637s] creating /home/keime/ros2_ws/install/robot_controller/share/ament_index/resource_index/packages
[19.639s] copying resource/robot_controller -> /home/keime/ros2_ws/install/robot_controller/share/ament_index/resource_index/packages
[19.640s] copying package.xml -> /home/keime/ros2_ws/install/robot_controller/share/robot_controller
[19.646s] running install_egg_info
[19.690s] Copying ../../build/robot_controller/robot_controller.egg-info to /home/keime/ros2_ws/install/robot_controller/lib/python3.10/site-packages/robot_controller-0.0.0-py3.10.egg-info
[19.707s] running install_scripts
[20.065s] Installing action script to /home/keime/ros2_ws/install/robot_controller/lib/robot_controller
[20.069s] writing list of installed files to '/home/keime/ros2_ws/build/robot_controller/install.log'
[20.397s] Invoked command in '/home/keime/ros2_ws/src/robot_controller' returned '0': PYTHONPATH=/home/keime/ros2_ws/build/robot_controller/prefix_override:/home/keime/ros2_ws/install/robot_controller/lib/python3.10/site-packages:${PYTHONPATH} /usr/bin/python3 -W ignore:setup.py install is deprecated setup.py egg_info --egg-base ../../build/robot_controller build --build-base /home/keime/ros2_ws/build/robot_controller/build install --record /home/keime/ros2_ws/build/robot_controller/install.log --single-version-externally-managed install_data
