running egg_info
writing ../../build/image_pubsub/image_pubsub.egg-info/PKG-INFO
writing dependency_links to ../../build/image_pubsub/image_pubsub.egg-info/dependency_links.txt
writing entry points to ../../build/image_pubsub/image_pubsub.egg-info/entry_points.txt
writing requirements to ../../build/image_pubsub/image_pubsub.egg-info/requires.txt
writing top-level names to ../../build/image_pubsub/image_pubsub.egg-info/top_level.txt
reading manifest file '../../build/image_pubsub/image_pubsub.egg-info/SOURCES.txt'
writing manifest file '../../build/image_pubsub/image_pubsub.egg-info/SOURCES.txt'
running build
running build_py
running install
running install_lib
running install_data
running install_egg_info
removing '/home/keime/ros2_ws/install/image_pubsub/lib/python3.10/site-packages/image_pubsub-0.0.0-py3.10.egg-info' (and everything under it)
Copying ../../build/image_pubsub/image_pubsub.egg-info to /home/keime/ros2_ws/install/image_pubsub/lib/python3.10/site-packages/image_pubsub-0.0.0-py3.10.egg-info
running install_scripts
Installing command_publisher_gui script to /home/keime/ros2_ws/install/image_pubsub/lib/image_pubsub
Installing img_publisher script to /home/keime/ros2_ws/install/image_pubsub/lib/image_pubsub
Installing img_subscriber script to /home/keime/ros2_ws/install/image_pubsub/lib/image_pubsub
writing list of installed files to '/home/keime/ros2_ws/build/image_pubsub/install.log'
