[0.511s] DEBUG:colcon:Command line arguments: ['/usr/bin/colcon', 'build', '--packages-select', 'image_pubsub']
[0.511s] DEBUG:colcon:Parsed command line arguments: Namespace(log_base=None, log_level=None, verb_name='build', build_base='build', install_base='install', merge_install=False, symlink_install=False, test_result_base=None, continue_on_error=False, executor='parallel', parallel_workers=2, event_handlers=None, ignore_user_meta=False, metas=['./colcon.meta'], base_paths=['.'], packages_ignore=None, packages_ignore_regex=None, paths=None, packages_up_to=None, packages_up_to_regex=None, packages_above=None, packages_above_and_dependencies=None, packages_above_depth=None, packages_select_by_dep=None, packages_skip_by_dep=None, packages_skip_up_to=None, packages_select_build_failed=False, packages_skip_build_finished=False, packages_select_test_failures=False, packages_skip_test_passed=False, packages_select=['image_pubsub'], packages_skip=None, packages_select_regex=None, packages_skip_regex=None, packages_start=None, packages_end=None, allow_overriding=[], cmake_args=None, cmake_target=None, cmake_target_skip_unavailable=False, cmake_clean_cache=False, cmake_clean_first=False, cmake_force_configure=False, ament_cmake_args=None, catkin_cmake_args=None, catkin_skip_building_tests=False, verb_parser=<colcon_defaults.argument_parser.defaults.DefaultArgumentsDecorator object at 0x72bfc13296f0>, verb_extension=<colcon_core.verb.build.BuildVerb object at 0x72bfc14a2c50>, main=<bound method BuildVerb.main of <colcon_core.verb.build.BuildVerb object at 0x72bfc14a2c50>>)
[1.045s] Level 1:colcon.colcon_core.package_discovery:discover_packages(colcon_meta) check parameters
[1.045s] Level 1:colcon.colcon_core.package_discovery:discover_packages(recursive) check parameters
[1.045s] Level 1:colcon.colcon_core.package_discovery:discover_packages(ignore) check parameters
[1.045s] Level 1:colcon.colcon_core.package_discovery:discover_packages(path) check parameters
[1.045s] Level 1:colcon.colcon_core.package_discovery:discover_packages(colcon_meta) discover
[1.045s] Level 1:colcon.colcon_core.package_discovery:discover_packages(recursive) discover
[1.046s] INFO:colcon.colcon_core.package_discovery:Crawling recursively for packages in '/home/keime/ros2_ws'
[1.046s] Level 1:colcon.colcon_core.package_identification:_identify(.) by extensions ['ignore', 'ignore_ament_install']
[1.046s] Level 1:colcon.colcon_core.package_identification:_identify(.) by extension 'ignore'
[1.046s] Level 1:colcon.colcon_core.package_identification:_identify(.) by extension 'ignore_ament_install'
[1.046s] Level 1:colcon.colcon_core.package_identification:_identify(.) by extensions ['colcon_pkg']
[1.046s] Level 1:colcon.colcon_core.package_identification:_identify(.) by extension 'colcon_pkg'
[1.046s] Level 1:colcon.colcon_core.package_identification:_identify(.) by extensions ['colcon_meta']
[1.047s] Level 1:colcon.colcon_core.package_identification:_identify(.) by extension 'colcon_meta'
[1.047s] Level 1:colcon.colcon_core.package_identification:_identify(.) by extensions ['ros']
[1.047s] Level 1:colcon.colcon_core.package_identification:_identify(.) by extension 'ros'
[1.073s] Level 1:colcon.colcon_core.package_identification:_identify(.) by extensions ['cmake', 'python']
[1.074s] Level 1:colcon.colcon_core.package_identification:_identify(.) by extension 'cmake'
[1.074s] Level 1:colcon.colcon_core.package_identification:_identify(.) by extension 'python'
[1.074s] Level 1:colcon.colcon_core.package_identification:_identify(.) by extensions ['python_setup_py']
[1.074s] Level 1:colcon.colcon_core.package_identification:_identify(.) by extension 'python_setup_py'
[1.074s] Level 1:colcon.colcon_core.package_identification:_identify(Arducam-Pivariety-V4L2-Driver) by extensions ['ignore', 'ignore_ament_install']
[1.075s] Level 1:colcon.colcon_core.package_identification:_identify(Arducam-Pivariety-V4L2-Driver) by extension 'ignore'
[1.075s] Level 1:colcon.colcon_core.package_identification:_identify(Arducam-Pivariety-V4L2-Driver) by extension 'ignore_ament_install'
[1.075s] Level 1:colcon.colcon_core.package_identification:_identify(Arducam-Pivariety-V4L2-Driver) by extensions ['colcon_pkg']
[1.075s] Level 1:colcon.colcon_core.package_identification:_identify(Arducam-Pivariety-V4L2-Driver) by extension 'colcon_pkg'
[1.075s] Level 1:colcon.colcon_core.package_identification:_identify(Arducam-Pivariety-V4L2-Driver) by extensions ['colcon_meta']
[1.075s] Level 1:colcon.colcon_core.package_identification:_identify(Arducam-Pivariety-V4L2-Driver) by extension 'colcon_meta'
[1.075s] Level 1:colcon.colcon_core.package_identification:_identify(Arducam-Pivariety-V4L2-Driver) by extensions ['ros']
[1.075s] Level 1:colcon.colcon_core.package_identification:_identify(Arducam-Pivariety-V4L2-Driver) by extension 'ros'
[1.076s] Level 1:colcon.colcon_core.package_identification:_identify(Arducam-Pivariety-V4L2-Driver) by extensions ['cmake', 'python']
[1.076s] Level 1:colcon.colcon_core.package_identification:_identify(Arducam-Pivariety-V4L2-Driver) by extension 'cmake'
[1.076s] Level 1:colcon.colcon_core.package_identification:_identify(Arducam-Pivariety-V4L2-Driver) by extension 'python'
[1.076s] Level 1:colcon.colcon_core.package_identification:_identify(Arducam-Pivariety-V4L2-Driver) by extensions ['python_setup_py']
[1.076s] Level 1:colcon.colcon_core.package_identification:_identify(Arducam-Pivariety-V4L2-Driver) by extension 'python_setup_py'
[1.076s] Level 1:colcon.colcon_core.package_identification:_identify(build) by extensions ['ignore', 'ignore_ament_install']
[1.076s] Level 1:colcon.colcon_core.package_identification:_identify(build) by extension 'ignore'
[1.076s] Level 1:colcon.colcon_core.package_identification:_identify(build) ignored
[1.077s] Level 1:colcon.colcon_core.package_identification:_identify(install) by extensions ['ignore', 'ignore_ament_install']
[1.077s] Level 1:colcon.colcon_core.package_identification:_identify(install) by extension 'ignore'
[1.077s] Level 1:colcon.colcon_core.package_identification:_identify(install) ignored
[1.077s] Level 1:colcon.colcon_core.package_identification:_identify(log) by extensions ['ignore', 'ignore_ament_install']
[1.077s] Level 1:colcon.colcon_core.package_identification:_identify(log) by extension 'ignore'
[1.078s] Level 1:colcon.colcon_core.package_identification:_identify(log) ignored
[1.078s] Level 1:colcon.colcon_core.package_identification:_identify(pythonテスト) by extensions ['ignore', 'ignore_ament_install']
[1.078s] Level 1:colcon.colcon_core.package_identification:_identify(pythonテスト) by extension 'ignore'
[1.078s] Level 1:colcon.colcon_core.package_identification:_identify(pythonテスト) by extension 'ignore_ament_install'
[1.079s] Level 1:colcon.colcon_core.package_identification:_identify(pythonテスト) by extensions ['colcon_pkg']
[1.079s] Level 1:colcon.colcon_core.package_identification:_identify(pythonテスト) by extension 'colcon_pkg'
[1.079s] Level 1:colcon.colcon_core.package_identification:_identify(pythonテスト) by extensions ['colcon_meta']
[1.079s] Level 1:colcon.colcon_core.package_identification:_identify(pythonテスト) by extension 'colcon_meta'
[1.079s] Level 1:colcon.colcon_core.package_identification:_identify(pythonテスト) by extensions ['ros']
[1.079s] Level 1:colcon.colcon_core.package_identification:_identify(pythonテスト) by extension 'ros'
[1.079s] Level 1:colcon.colcon_core.package_identification:_identify(pythonテスト) by extensions ['cmake', 'python']
[1.079s] Level 1:colcon.colcon_core.package_identification:_identify(pythonテスト) by extension 'cmake'
[1.079s] Level 1:colcon.colcon_core.package_identification:_identify(pythonテスト) by extension 'python'
[1.079s] Level 1:colcon.colcon_core.package_identification:_identify(pythonテスト) by extensions ['python_setup_py']
[1.080s] Level 1:colcon.colcon_core.package_identification:_identify(pythonテスト) by extension 'python_setup_py'
[1.080s] Level 1:colcon.colcon_core.package_identification:_identify(src) by extensions ['ignore', 'ignore_ament_install']
[1.080s] Level 1:colcon.colcon_core.package_identification:_identify(src) by extension 'ignore'
[1.080s] Level 1:colcon.colcon_core.package_identification:_identify(src) by extension 'ignore_ament_install'
[1.080s] Level 1:colcon.colcon_core.package_identification:_identify(src) by extensions ['colcon_pkg']
[1.081s] Level 1:colcon.colcon_core.package_identification:_identify(src) by extension 'colcon_pkg'
[1.081s] Level 1:colcon.colcon_core.package_identification:_identify(src) by extensions ['colcon_meta']
[1.081s] Level 1:colcon.colcon_core.package_identification:_identify(src) by extension 'colcon_meta'
[1.081s] Level 1:colcon.colcon_core.package_identification:_identify(src) by extensions ['ros']
[1.081s] Level 1:colcon.colcon_core.package_identification:_identify(src) by extension 'ros'
[1.081s] Level 1:colcon.colcon_core.package_identification:_identify(src) by extensions ['cmake', 'python']
[1.081s] Level 1:colcon.colcon_core.package_identification:_identify(src) by extension 'cmake'
[1.081s] Level 1:colcon.colcon_core.package_identification:_identify(src) by extension 'python'
[1.081s] Level 1:colcon.colcon_core.package_identification:_identify(src) by extensions ['python_setup_py']
[1.082s] Level 1:colcon.colcon_core.package_identification:_identify(src) by extension 'python_setup_py'
[1.082s] Level 1:colcon.colcon_core.package_identification:_identify(src/aruco_controller) by extensions ['ignore', 'ignore_ament_install']
[1.082s] Level 1:colcon.colcon_core.package_identification:_identify(src/aruco_controller) by extension 'ignore'
[1.082s] Level 1:colcon.colcon_core.package_identification:_identify(src/aruco_controller) by extension 'ignore_ament_install'
[1.082s] Level 1:colcon.colcon_core.package_identification:_identify(src/aruco_controller) by extensions ['colcon_pkg']
[1.083s] Level 1:colcon.colcon_core.package_identification:_identify(src/aruco_controller) by extension 'colcon_pkg'
[1.083s] Level 1:colcon.colcon_core.package_identification:_identify(src/aruco_controller) by extensions ['colcon_meta']
[1.083s] Level 1:colcon.colcon_core.package_identification:_identify(src/aruco_controller) by extension 'colcon_meta'
[1.083s] Level 1:colcon.colcon_core.package_identification:_identify(src/aruco_controller) by extensions ['ros']
[1.083s] Level 1:colcon.colcon_core.package_identification:_identify(src/aruco_controller) by extension 'ros'
[1.089s] DEBUG:colcon.colcon_core.package_identification:Package 'src/aruco_controller' with type 'ros.ament_python' and name 'aruco_controller'
[1.090s] Level 1:colcon.colcon_core.package_identification:_identify(src/image_pub) by extensions ['ignore', 'ignore_ament_install']
[1.090s] Level 1:colcon.colcon_core.package_identification:_identify(src/image_pub) by extension 'ignore'
[1.090s] Level 1:colcon.colcon_core.package_identification:_identify(src/image_pub) by extension 'ignore_ament_install'
[1.090s] Level 1:colcon.colcon_core.package_identification:_identify(src/image_pub) by extensions ['colcon_pkg']
[1.090s] Level 1:colcon.colcon_core.package_identification:_identify(src/image_pub) by extension 'colcon_pkg'
[1.090s] Level 1:colcon.colcon_core.package_identification:_identify(src/image_pub) by extensions ['colcon_meta']
[1.090s] Level 1:colcon.colcon_core.package_identification:_identify(src/image_pub) by extension 'colcon_meta'
[1.090s] Level 1:colcon.colcon_core.package_identification:_identify(src/image_pub) by extensions ['ros']
[1.091s] Level 1:colcon.colcon_core.package_identification:_identify(src/image_pub) by extension 'ros'
[1.092s] DEBUG:colcon.colcon_core.package_identification:Package 'src/image_pub' with type 'ros.ament_python' and name 'image_pub'
[1.092s] Level 1:colcon.colcon_core.package_identification:_identify(src/image_pubsub) by extensions ['ignore', 'ignore_ament_install']
[1.092s] Level 1:colcon.colcon_core.package_identification:_identify(src/image_pubsub) by extension 'ignore'
[1.093s] Level 1:colcon.colcon_core.package_identification:_identify(src/image_pubsub) by extension 'ignore_ament_install'
[1.093s] Level 1:colcon.colcon_core.package_identification:_identify(src/image_pubsub) by extensions ['colcon_pkg']
[1.093s] Level 1:colcon.colcon_core.package_identification:_identify(src/image_pubsub) by extension 'colcon_pkg'
[1.093s] Level 1:colcon.colcon_core.package_identification:_identify(src/image_pubsub) by extensions ['colcon_meta']
[1.093s] Level 1:colcon.colcon_core.package_identification:_identify(src/image_pubsub) by extension 'colcon_meta'
[1.093s] Level 1:colcon.colcon_core.package_identification:_identify(src/image_pubsub) by extensions ['ros']
[1.093s] Level 1:colcon.colcon_core.package_identification:_identify(src/image_pubsub) by extension 'ros'
[1.095s] DEBUG:colcon.colcon_core.package_identification:Package 'src/image_pubsub' with type 'ros.ament_python' and name 'image_pubsub'
[1.095s] Level 1:colcon.colcon_core.package_identification:_identify(src/py_pubsub) by extensions ['ignore', 'ignore_ament_install']
[1.095s] Level 1:colcon.colcon_core.package_identification:_identify(src/py_pubsub) by extension 'ignore'
[1.096s] Level 1:colcon.colcon_core.package_identification:_identify(src/py_pubsub) by extension 'ignore_ament_install'
[1.096s] Level 1:colcon.colcon_core.package_identification:_identify(src/py_pubsub) by extensions ['colcon_pkg']
[1.096s] Level 1:colcon.colcon_core.package_identification:_identify(src/py_pubsub) by extension 'colcon_pkg'
[1.096s] Level 1:colcon.colcon_core.package_identification:_identify(src/py_pubsub) by extensions ['colcon_meta']
[1.096s] Level 1:colcon.colcon_core.package_identification:_identify(src/py_pubsub) by extension 'colcon_meta'
[1.096s] Level 1:colcon.colcon_core.package_identification:_identify(src/py_pubsub) by extensions ['ros']
[1.096s] Level 1:colcon.colcon_core.package_identification:_identify(src/py_pubsub) by extension 'ros'
[1.097s] DEBUG:colcon.colcon_core.package_identification:Package 'src/py_pubsub' with type 'ros.ament_python' and name 'py_pubsub'
[1.098s] Level 1:colcon.colcon_core.package_identification:_identify(src/robot_controller) by extensions ['ignore', 'ignore_ament_install']
[1.098s] Level 1:colcon.colcon_core.package_identification:_identify(src/robot_controller) by extension 'ignore'
[1.098s] Level 1:colcon.colcon_core.package_identification:_identify(src/robot_controller) by extension 'ignore_ament_install'
[1.099s] Level 1:colcon.colcon_core.package_identification:_identify(src/robot_controller) by extensions ['colcon_pkg']
[1.099s] Level 1:colcon.colcon_core.package_identification:_identify(src/robot_controller) by extension 'colcon_pkg'
[1.099s] Level 1:colcon.colcon_core.package_identification:_identify(src/robot_controller) by extensions ['colcon_meta']
[1.099s] Level 1:colcon.colcon_core.package_identification:_identify(src/robot_controller) by extension 'colcon_meta'
[1.099s] Level 1:colcon.colcon_core.package_identification:_identify(src/robot_controller) by extensions ['ros']
[1.099s] Level 1:colcon.colcon_core.package_identification:_identify(src/robot_controller) by extension 'ros'
[1.100s] DEBUG:colcon.colcon_core.package_identification:Package 'src/robot_controller' with type 'ros.ament_python' and name 'robot_controller'
[1.101s] Level 1:colcon.colcon_core.package_identification:_identify(src/robot_controller_gui) by extensions ['ignore', 'ignore_ament_install']
[1.101s] Level 1:colcon.colcon_core.package_identification:_identify(src/robot_controller_gui) by extension 'ignore'
[1.101s] Level 1:colcon.colcon_core.package_identification:_identify(src/robot_controller_gui) by extension 'ignore_ament_install'
[1.101s] Level 1:colcon.colcon_core.package_identification:_identify(src/robot_controller_gui) by extensions ['colcon_pkg']
[1.101s] Level 1:colcon.colcon_core.package_identification:_identify(src/robot_controller_gui) by extension 'colcon_pkg'
[1.101s] Level 1:colcon.colcon_core.package_identification:_identify(src/robot_controller_gui) by extensions ['colcon_meta']
[1.101s] Level 1:colcon.colcon_core.package_identification:_identify(src/robot_controller_gui) by extension 'colcon_meta'
[1.102s] Level 1:colcon.colcon_core.package_identification:_identify(src/robot_controller_gui) by extensions ['ros']
[1.102s] Level 1:colcon.colcon_core.package_identification:_identify(src/robot_controller_gui) by extension 'ros'
[1.103s] DEBUG:colcon.colcon_core.package_identification:Package 'src/robot_controller_gui' with type 'ros.ament_python' and name 'robot_controller_gui'
[1.103s] Level 1:colcon.colcon_core.package_identification:_identify(マーカー) by extensions ['ignore', 'ignore_ament_install']
[1.104s] Level 1:colcon.colcon_core.package_identification:_identify(マーカー) by extension 'ignore'
[1.104s] Level 1:colcon.colcon_core.package_identification:_identify(マーカー) by extension 'ignore_ament_install'
[1.104s] Level 1:colcon.colcon_core.package_identification:_identify(マーカー) by extensions ['colcon_pkg']
[1.104s] Level 1:colcon.colcon_core.package_identification:_identify(マーカー) by extension 'colcon_pkg'
[1.104s] Level 1:colcon.colcon_core.package_identification:_identify(マーカー) by extensions ['colcon_meta']
[1.104s] Level 1:colcon.colcon_core.package_identification:_identify(マーカー) by extension 'colcon_meta'
[1.104s] Level 1:colcon.colcon_core.package_identification:_identify(マーカー) by extensions ['ros']
[1.104s] Level 1:colcon.colcon_core.package_identification:_identify(マーカー) by extension 'ros'
[1.105s] Level 1:colcon.colcon_core.package_identification:_identify(マーカー) by extensions ['cmake', 'python']
[1.105s] Level 1:colcon.colcon_core.package_identification:_identify(マーカー) by extension 'cmake'
[1.105s] Level 1:colcon.colcon_core.package_identification:_identify(マーカー) by extension 'python'
[1.105s] Level 1:colcon.colcon_core.package_identification:_identify(マーカー) by extensions ['python_setup_py']
[1.105s] Level 1:colcon.colcon_core.package_identification:_identify(マーカー) by extension 'python_setup_py'
[1.105s] Level 1:colcon.colcon_core.package_discovery:discover_packages(recursive) using defaults
[1.105s] Level 1:colcon.colcon_core.package_discovery:discover_packages(ignore) discover
[1.105s] Level 1:colcon.colcon_core.package_discovery:discover_packages(ignore) using defaults
[1.105s] Level 1:colcon.colcon_core.package_discovery:discover_packages(path) discover
[1.105s] Level 1:colcon.colcon_core.package_discovery:discover_packages(path) using defaults
[1.164s] INFO:colcon.colcon_core.package_selection:Skipping not selected package 'aruco_controller' in 'src/aruco_controller'
[1.164s] INFO:colcon.colcon_core.package_selection:Skipping not selected package 'image_pub' in 'src/image_pub'
[1.164s] INFO:colcon.colcon_core.package_selection:Skipping not selected package 'py_pubsub' in 'src/py_pubsub'
[1.164s] INFO:colcon.colcon_core.package_selection:Skipping not selected package 'robot_controller' in 'src/robot_controller'
[1.164s] INFO:colcon.colcon_core.package_selection:Skipping not selected package 'robot_controller_gui' in 'src/robot_controller_gui'
[1.165s] Level 1:colcon.colcon_core.package_discovery:discover_packages(prefix_path) check parameters
[1.165s] Level 1:colcon.colcon_core.package_discovery:discover_packages(prefix_path) discover
[1.173s] DEBUG:colcon.colcon_installed_package_information.package_discovery:Found 329 installed packages in /opt/ros/humble
[1.192s] Level 1:colcon.colcon_core.package_discovery:discover_packages(prefix_path) using defaults
[1.289s] Level 5:colcon.colcon_core.verb:set package 'image_pubsub' build argument 'cmake_args' from command line to 'None'
[1.289s] Level 5:colcon.colcon_core.verb:set package 'image_pubsub' build argument 'cmake_target' from command line to 'None'
[1.289s] Level 5:colcon.colcon_core.verb:set package 'image_pubsub' build argument 'cmake_target_skip_unavailable' from command line to 'False'
[1.289s] Level 5:colcon.colcon_core.verb:set package 'image_pubsub' build argument 'cmake_clean_cache' from command line to 'False'
[1.290s] Level 5:colcon.colcon_core.verb:set package 'image_pubsub' build argument 'cmake_clean_first' from command line to 'False'
[1.290s] Level 5:colcon.colcon_core.verb:set package 'image_pubsub' build argument 'cmake_force_configure' from command line to 'False'
[1.290s] Level 5:colcon.colcon_core.verb:set package 'image_pubsub' build argument 'ament_cmake_args' from command line to 'None'
[1.290s] Level 5:colcon.colcon_core.verb:set package 'image_pubsub' build argument 'catkin_cmake_args' from command line to 'None'
[1.290s] Level 5:colcon.colcon_core.verb:set package 'image_pubsub' build argument 'catkin_skip_building_tests' from command line to 'False'
[1.290s] DEBUG:colcon.colcon_core.verb:Building package 'image_pubsub' with the following arguments: {'ament_cmake_args': None, 'build_base': '/home/keime/ros2_ws/build/image_pubsub', 'catkin_cmake_args': None, 'catkin_skip_building_tests': False, 'cmake_args': None, 'cmake_clean_cache': False, 'cmake_clean_first': False, 'cmake_force_configure': False, 'cmake_target': None, 'cmake_target_skip_unavailable': False, 'install_base': '/home/keime/ros2_ws/install/image_pubsub', 'merge_install': False, 'path': '/home/keime/ros2_ws/src/image_pubsub', 'symlink_install': False, 'test_result_base': None}
[1.290s] INFO:colcon.colcon_core.executor:Executing jobs using 'parallel' executor
[1.292s] DEBUG:colcon.colcon_parallel_executor.executor.parallel:run_until_complete
[1.292s] INFO:colcon.colcon_ros.task.ament_python.build:Building ROS package in '/home/keime/ros2_ws/src/image_pubsub' with build type 'ament_python'
[1.293s] Level 1:colcon.colcon_core.shell:create_environment_hook('image_pubsub', 'ament_prefix_path')
[1.301s] INFO:colcon.colcon_core.plugin_system:Skipping extension 'colcon_core.shell.bat': Not used on non-Windows systems
[1.302s] INFO:colcon.colcon_core.shell:Creating environment hook '/home/keime/ros2_ws/install/image_pubsub/share/image_pubsub/hook/ament_prefix_path.ps1'
[1.308s] INFO:colcon.colcon_core.shell:Creating environment descriptor '/home/keime/ros2_ws/install/image_pubsub/share/image_pubsub/hook/ament_prefix_path.dsv'
[1.312s] INFO:colcon.colcon_core.shell:Creating environment hook '/home/keime/ros2_ws/install/image_pubsub/share/image_pubsub/hook/ament_prefix_path.sh'
[1.317s] INFO:colcon.colcon_core.shell:Skip shell extension 'powershell' for command environment: Not usable outside of PowerShell
[1.317s] DEBUG:colcon.colcon_core.shell:Skip shell extension 'dsv' for command environment
[1.909s] INFO:colcon.colcon_core.task.python.build:Building Python package in '/home/keime/ros2_ws/src/image_pubsub'
[1.910s] INFO:colcon.colcon_core.shell:Skip shell extension 'powershell' for command environment: Not usable outside of PowerShell
[1.910s] DEBUG:colcon.colcon_core.shell:Skip shell extension 'dsv' for command environment
[2.969s] DEBUG:colcon.colcon_core.event_handler.log_command:Invoking command in '/home/keime/ros2_ws/src/image_pubsub': PYTHONPATH=/home/keime/ros2_ws/build/image_pubsub/prefix_override:/home/keime/ros2_ws/install/image_pubsub/lib/python3.10/site-packages:${PYTHONPATH} /usr/bin/python3 -W ignore:setup.py install is deprecated setup.py egg_info --egg-base ../../build/image_pubsub build --build-base /home/keime/ros2_ws/build/image_pubsub/build install --record /home/keime/ros2_ws/build/image_pubsub/install.log --single-version-externally-managed install_data
[3.650s] DEBUG:colcon.colcon_core.event_handler.log_command:Invoked command in '/home/keime/ros2_ws/src/image_pubsub' returned '0': PYTHONPATH=/home/keime/ros2_ws/build/image_pubsub/prefix_override:/home/keime/ros2_ws/install/image_pubsub/lib/python3.10/site-packages:${PYTHONPATH} /usr/bin/python3 -W ignore:setup.py install is deprecated setup.py egg_info --egg-base ../../build/image_pubsub build --build-base /home/keime/ros2_ws/build/image_pubsub/build install --record /home/keime/ros2_ws/build/image_pubsub/install.log --single-version-externally-managed install_data
[3.661s] Level 1:colcon.colcon_core.environment:checking '/home/keime/ros2_ws/install/image_pubsub' for CMake module files
[3.662s] Level 1:colcon.colcon_core.environment:checking '/home/keime/ros2_ws/install/image_pubsub' for CMake config files
[3.664s] Level 1:colcon.colcon_core.environment:checking '/home/keime/ros2_ws/install/image_pubsub/lib'
[3.664s] Level 1:colcon.colcon_core.environment:checking '/home/keime/ros2_ws/install/image_pubsub/bin'
[3.665s] Level 1:colcon.colcon_core.environment:checking '/home/keime/ros2_ws/install/image_pubsub/lib/pkgconfig/image_pubsub.pc'
[3.665s] Level 1:colcon.colcon_core.environment:checking '/home/keime/ros2_ws/install/image_pubsub/lib/python3.10/site-packages'
[3.665s] Level 1:colcon.colcon_core.shell:create_environment_hook('image_pubsub', 'pythonpath')
[3.666s] INFO:colcon.colcon_core.shell:Creating environment hook '/home/keime/ros2_ws/install/image_pubsub/share/image_pubsub/hook/pythonpath.ps1'
[3.669s] INFO:colcon.colcon_core.shell:Creating environment descriptor '/home/keime/ros2_ws/install/image_pubsub/share/image_pubsub/hook/pythonpath.dsv'
[3.672s] INFO:colcon.colcon_core.shell:Creating environment hook '/home/keime/ros2_ws/install/image_pubsub/share/image_pubsub/hook/pythonpath.sh'
[3.676s] Level 1:colcon.colcon_core.environment:checking '/home/keime/ros2_ws/install/image_pubsub/bin'
[3.676s] Level 1:colcon.colcon_core.environment:create_environment_scripts_only(image_pubsub)
[3.677s] INFO:colcon.colcon_core.shell:Creating package script '/home/keime/ros2_ws/install/image_pubsub/share/image_pubsub/package.ps1'
[3.681s] INFO:colcon.colcon_core.shell:Creating package descriptor '/home/keime/ros2_ws/install/image_pubsub/share/image_pubsub/package.dsv'
[3.686s] INFO:colcon.colcon_core.shell:Creating package script '/home/keime/ros2_ws/install/image_pubsub/share/image_pubsub/package.sh'
[3.690s] INFO:colcon.colcon_core.shell:Creating package script '/home/keime/ros2_ws/install/image_pubsub/share/image_pubsub/package.bash'
[3.695s] INFO:colcon.colcon_core.shell:Creating package script '/home/keime/ros2_ws/install/image_pubsub/share/image_pubsub/package.zsh'
[3.700s] Level 1:colcon.colcon_core.environment:create_file_with_runtime_dependencies(/home/keime/ros2_ws/install/image_pubsub/share/colcon-core/packages/image_pubsub)
[3.700s] DEBUG:colcon.colcon_parallel_executor.executor.parallel:closing loop
[3.701s] DEBUG:colcon.colcon_parallel_executor.executor.parallel:loop closed
[3.701s] DEBUG:colcon.colcon_parallel_executor.executor.parallel:run_until_complete finished with '0'
[3.701s] DEBUG:colcon.colcon_core.event_reactor:joining thread
[3.718s] INFO:colcon.colcon_core.plugin_system:Skipping extension 'colcon_notification.desktop_notification.terminal_notifier': Not used on non-Darwin systems
[3.718s] INFO:colcon.colcon_core.plugin_system:Skipping extension 'colcon_notification.desktop_notification.win32': Not used on non-Windows systems
[3.718s] INFO:colcon.colcon_notification.desktop_notification:Sending desktop notification using 'notify2'
[3.779s] DEBUG:colcon.colcon_core.event_reactor:joined thread
[3.779s] INFO:colcon.colcon_core.shell:Creating prefix script '/home/keime/ros2_ws/install/local_setup.ps1'
[3.784s] INFO:colcon.colcon_core.shell:Creating prefix util module '/home/keime/ros2_ws/install/_local_setup_util_ps1.py'
[3.791s] INFO:colcon.colcon_core.shell:Creating prefix chain script '/home/keime/ros2_ws/install/setup.ps1'
[3.797s] INFO:colcon.colcon_core.shell:Creating prefix script '/home/keime/ros2_ws/install/local_setup.sh'
[3.801s] INFO:colcon.colcon_core.shell:Creating prefix util module '/home/keime/ros2_ws/install/_local_setup_util_sh.py'
[3.805s] INFO:colcon.colcon_core.shell:Creating prefix chain script '/home/keime/ros2_ws/install/setup.sh'
[3.811s] INFO:colcon.colcon_core.shell:Creating prefix script '/home/keime/ros2_ws/install/local_setup.bash'
[3.815s] INFO:colcon.colcon_core.shell:Creating prefix chain script '/home/keime/ros2_ws/install/setup.bash'
[3.820s] INFO:colcon.colcon_core.shell:Creating prefix script '/home/keime/ros2_ws/install/local_setup.zsh'
[3.825s] INFO:colcon.colcon_core.shell:Creating prefix chain script '/home/keime/ros2_ws/install/setup.zsh'
