[0.967s] Invoking command in '/home/keime/ros2_ws/src/robot_controller': PYTHONPATH=/home/keime/ros2_ws/build/robot_controller/prefix_override:/home/keime/ros2_ws/install/robot_controller/lib/python3.10/site-packages:${PYTHONPATH} /usr/bin/python3 setup.py egg_info --egg-base ../../build/robot_controller build --build-base /home/keime/ros2_ws/build/robot_controller/build install --record /home/keime/ros2_ws/build/robot_controller/install.log --single-version-externally-managed
[1.169s] running egg_info
[1.170s] writing ../../build/robot_controller/robot_controller.egg-info/PKG-INFO
[1.170s] writing dependency_links to ../../build/robot_controller/robot_controller.egg-info/dependency_links.txt
[1.170s] writing entry points to ../../build/robot_controller/robot_controller.egg-info/entry_points.txt
[1.170s] writing requirements to ../../build/robot_controller/robot_controller.egg-info/requires.txt
[1.170s] writing top-level names to ../../build/robot_controller/robot_controller.egg-info/top_level.txt
[1.172s] reading manifest file '../../build/robot_controller/robot_controller.egg-info/SOURCES.txt'
[1.173s] writing manifest file '../../build/robot_controller/robot_controller.egg-info/SOURCES.txt'
[1.174s] running build
[1.174s] running build_py
[1.174s] running install
[1.174s] running install_lib
[1.175s] running install_data
[1.176s] running install_egg_info
[1.177s] removing '/home/keime/ros2_ws/install/robot_controller/lib/python3.10/site-packages/robot_controller-0.0.0-py3.10.egg-info' (and everything under it)
[1.177s] Copying ../../build/robot_controller/robot_controller.egg-info to /home/keime/ros2_ws/install/robot_controller/lib/python3.10/site-packages/robot_controller-0.0.0-py3.10.egg-info
[1.178s] running install_scripts
[1.196s] Installing action script to /home/keime/ros2_ws/install/robot_controller/lib/robot_controller
[1.196s] writing list of installed files to '/home/keime/ros2_ws/build/robot_controller/install.log'
[1.299s] Invoked command in '/home/keime/ros2_ws/src/robot_controller' returned '0': PYTHONPATH=/home/keime/ros2_ws/build/robot_controller/prefix_override:/home/keime/ros2_ws/install/robot_controller/lib/python3.10/site-packages:${PYTHONPATH} /usr/bin/python3 setup.py egg_info --egg-base ../../build/robot_controller build --build-base /home/keime/ros2_ws/build/robot_controller/build install --record /home/keime/ros2_ws/build/robot_controller/install.log --single-version-externally-managed
