[0.895s] Invoking command in '/home/keime/ros2_ws/src/py_pubsub': PYTHONPATH=/home/keime/ros2_ws/build/py_pubsub/prefix_override:/home/keime/ros2_ws/install/py_pubsub/lib/python3.10/site-packages:${PYTHONPATH} /usr/bin/python3 setup.py egg_info --egg-base ../../build/py_pubsub build --build-base /home/keime/ros2_ws/build/py_pubsub/build install --record /home/keime/ros2_ws/build/py_pubsub/install.log --single-version-externally-managed
[1.097s] running egg_info
[1.097s] writing ../../build/py_pubsub/py_pubsub.egg-info/PKG-INFO
[1.107s] writing dependency_links to ../../build/py_pubsub/py_pubsub.egg-info/dependency_links.txt
[1.107s] writing entry points to ../../build/py_pubsub/py_pubsub.egg-info/entry_points.txt
[1.107s] writing requirements to ../../build/py_pubsub/py_pubsub.egg-info/requires.txt
[1.108s] writing top-level names to ../../build/py_pubsub/py_pubsub.egg-info/top_level.txt
[1.109s] reading manifest file '../../build/py_pubsub/py_pubsub.egg-info/SOURCES.txt'
[1.111s] writing manifest file '../../build/py_pubsub/py_pubsub.egg-info/SOURCES.txt'
[1.111s] running build
[1.111s] running build_py
[1.113s] running install
[1.113s] running install_lib
[1.115s] running install_data
[1.117s] running install_egg_info
[1.118s] removing '/home/keime/ros2_ws/install/py_pubsub/lib/python3.10/site-packages/py_pubsub-0.0.0-py3.10.egg-info' (and everything under it)
[1.119s] Copying ../../build/py_pubsub/py_pubsub.egg-info to /home/keime/ros2_ws/install/py_pubsub/lib/python3.10/site-packages/py_pubsub-0.0.0-py3.10.egg-info
[1.120s] running install_scripts
[1.137s] Installing listener script to /home/keime/ros2_ws/install/py_pubsub/lib/py_pubsub
[1.138s] Installing talker script to /home/keime/ros2_ws/install/py_pubsub/lib/py_pubsub
[1.138s] writing list of installed files to '/home/keime/ros2_ws/build/py_pubsub/install.log'
[1.171s] Invoked command in '/home/keime/ros2_ws/src/py_pubsub' returned '0': PYTHONPATH=/home/keime/ros2_ws/build/py_pubsub/prefix_override:/home/keime/ros2_ws/install/py_pubsub/lib/python3.10/site-packages:${PYTHONPATH} /usr/bin/python3 setup.py egg_info --egg-base ../../build/py_pubsub build --build-base /home/keime/ros2_ws/build/py_pubsub/build install --record /home/keime/ros2_ws/build/py_pubsub/install.log --single-version-externally-managed
