[1.471s] DEBUG:colcon:Command line arguments: ['/usr/bin/colcon', 'build', '--packages-select', 'image_pubsub']
[1.472s] DEBUG:colcon:Parsed command line arguments: Namespace(log_base=None, log_level=None, verb_name='build', build_base='build', install_base='install', merge_install=False, symlink_install=False, test_result_base=None, continue_on_error=False, executor='parallel', parallel_workers=4, event_handlers=None, ignore_user_meta=False, metas=['./colcon.meta'], base_paths=['.'], packages_ignore=None, packages_ignore_regex=None, paths=None, packages_up_to=None, packages_up_to_regex=None, packages_above=None, packages_above_and_dependencies=None, packages_above_depth=None, packages_select_by_dep=None, packages_skip_by_dep=None, packages_skip_up_to=None, packages_select_build_failed=False, packages_skip_build_finished=False, packages_select_test_failures=False, packages_skip_test_passed=False, packages_select=['image_pubsub'], packages_skip=None, packages_select_regex=None, packages_skip_regex=None, packages_start=None, packages_end=None, allow_overriding=[], cmake_args=None, cmake_target=None, cmake_target_skip_unavailable=False, cmake_clean_cache=False, cmake_clean_first=False, cmake_force_configure=False, ament_cmake_args=None, catkin_cmake_args=None, catkin_skip_building_tests=False, verb_parser=<colcon_defaults.argument_parser.defaults.DefaultArgumentsDecorator object at 0xffffb30dfb50>, verb_extension=<colcon_core.verb.build.BuildVerb object at 0xffffb302c790>, main=<bound method BuildVerb.main of <colcon_core.verb.build.BuildVerb object at 0xffffb302c790>>)
[3.464s] Level 1:colcon.colcon_core.package_discovery:discover_packages(colcon_meta) check parameters
[3.465s] Level 1:colcon.colcon_core.package_discovery:discover_packages(recursive) check parameters
[3.465s] Level 1:colcon.colcon_core.package_discovery:discover_packages(ignore) check parameters
[3.465s] Level 1:colcon.colcon_core.package_discovery:discover_packages(path) check parameters
[3.466s] Level 1:colcon.colcon_core.package_discovery:discover_packages(colcon_meta) discover
[3.466s] Level 1:colcon.colcon_core.package_discovery:discover_packages(recursive) discover
[3.467s] INFO:colcon.colcon_core.package_discovery:Crawling recursively for packages in '/home/keime/ros2_ws'
[3.468s] Level 1:colcon.colcon_core.package_identification:_identify(.) by extensions ['ignore', 'ignore_ament_install']
[3.469s] Level 1:colcon.colcon_core.package_identification:_identify(.) by extension 'ignore'
[3.470s] Level 1:colcon.colcon_core.package_identification:_identify(.) by extension 'ignore_ament_install'
[3.470s] Level 1:colcon.colcon_core.package_identification:_identify(.) by extensions ['colcon_pkg']
[3.471s] Level 1:colcon.colcon_core.package_identification:_identify(.) by extension 'colcon_pkg'
[3.471s] Level 1:colcon.colcon_core.package_identification:_identify(.) by extensions ['colcon_meta']
[3.471s] Level 1:colcon.colcon_core.package_identification:_identify(.) by extension 'colcon_meta'
[3.472s] Level 1:colcon.colcon_core.package_identification:_identify(.) by extensions ['ros']
[3.472s] Level 1:colcon.colcon_core.package_identification:_identify(.) by extension 'ros'
[3.603s] Level 1:colcon.colcon_core.package_identification:_identify(.) by extensions ['cmake', 'python']
[3.604s] Level 1:colcon.colcon_core.package_identification:_identify(.) by extension 'cmake'
[3.604s] Level 1:colcon.colcon_core.package_identification:_identify(.) by extension 'python'
[3.605s] Level 1:colcon.colcon_core.package_identification:_identify(.) by extensions ['python_setup_py']
[3.605s] Level 1:colcon.colcon_core.package_identification:_identify(.) by extension 'python_setup_py'
[3.606s] Level 1:colcon.colcon_core.package_identification:_identify(Arducam-Pivariety-V4L2-Driver) by extensions ['ignore', 'ignore_ament_install']
[3.607s] Level 1:colcon.colcon_core.package_identification:_identify(Arducam-Pivariety-V4L2-Driver) by extension 'ignore'
[3.608s] Level 1:colcon.colcon_core.package_identification:_identify(Arducam-Pivariety-V4L2-Driver) by extension 'ignore_ament_install'
[3.609s] Level 1:colcon.colcon_core.package_identification:_identify(Arducam-Pivariety-V4L2-Driver) by extensions ['colcon_pkg']
[3.609s] Level 1:colcon.colcon_core.package_identification:_identify(Arducam-Pivariety-V4L2-Driver) by extension 'colcon_pkg'
[3.610s] Level 1:colcon.colcon_core.package_identification:_identify(Arducam-Pivariety-V4L2-Driver) by extensions ['colcon_meta']
[3.610s] Level 1:colcon.colcon_core.package_identification:_identify(Arducam-Pivariety-V4L2-Driver) by extension 'colcon_meta'
[3.610s] Level 1:colcon.colcon_core.package_identification:_identify(Arducam-Pivariety-V4L2-Driver) by extensions ['ros']
[3.611s] Level 1:colcon.colcon_core.package_identification:_identify(Arducam-Pivariety-V4L2-Driver) by extension 'ros'
[3.612s] Level 1:colcon.colcon_core.package_identification:_identify(Arducam-Pivariety-V4L2-Driver) by extensions ['cmake', 'python']
[3.612s] Level 1:colcon.colcon_core.package_identification:_identify(Arducam-Pivariety-V4L2-Driver) by extension 'cmake'
[3.612s] Level 1:colcon.colcon_core.package_identification:_identify(Arducam-Pivariety-V4L2-Driver) by extension 'python'
[3.613s] Level 1:colcon.colcon_core.package_identification:_identify(Arducam-Pivariety-V4L2-Driver) by extensions ['python_setup_py']
[3.613s] Level 1:colcon.colcon_core.package_identification:_identify(Arducam-Pivariety-V4L2-Driver) by extension 'python_setup_py'
[3.615s] Level 1:colcon.colcon_core.package_identification:_identify(build) by extensions ['ignore', 'ignore_ament_install']
[3.616s] Level 1:colcon.colcon_core.package_identification:_identify(build) by extension 'ignore'
[3.616s] Level 1:colcon.colcon_core.package_identification:_identify(build) ignored
[3.618s] Level 1:colcon.colcon_core.package_identification:_identify(install) by extensions ['ignore', 'ignore_ament_install']
[3.619s] Level 1:colcon.colcon_core.package_identification:_identify(install) by extension 'ignore'
[3.619s] Level 1:colcon.colcon_core.package_identification:_identify(install) ignored
[3.625s] Level 1:colcon.colcon_core.package_identification:_identify(log) by extensions ['ignore', 'ignore_ament_install']
[3.626s] Level 1:colcon.colcon_core.package_identification:_identify(log) by extension 'ignore'
[3.627s] Level 1:colcon.colcon_core.package_identification:_identify(log) ignored
[3.628s] Level 1:colcon.colcon_core.package_identification:_identify(pythonテスト) by extensions ['ignore', 'ignore_ament_install']
[3.629s] Level 1:colcon.colcon_core.package_identification:_identify(pythonテスト) by extension 'ignore'
[3.629s] Level 1:colcon.colcon_core.package_identification:_identify(pythonテスト) by extension 'ignore_ament_install'
[3.630s] Level 1:colcon.colcon_core.package_identification:_identify(pythonテスト) by extensions ['colcon_pkg']
[3.630s] Level 1:colcon.colcon_core.package_identification:_identify(pythonテスト) by extension 'colcon_pkg'
[3.631s] Level 1:colcon.colcon_core.package_identification:_identify(pythonテスト) by extensions ['colcon_meta']
[3.631s] Level 1:colcon.colcon_core.package_identification:_identify(pythonテスト) by extension 'colcon_meta'
[3.631s] Level 1:colcon.colcon_core.package_identification:_identify(pythonテスト) by extensions ['ros']
[3.632s] Level 1:colcon.colcon_core.package_identification:_identify(pythonテスト) by extension 'ros'
[3.633s] Level 1:colcon.colcon_core.package_identification:_identify(pythonテスト) by extensions ['cmake', 'python']
[3.633s] Level 1:colcon.colcon_core.package_identification:_identify(pythonテスト) by extension 'cmake'
[3.634s] Level 1:colcon.colcon_core.package_identification:_identify(pythonテスト) by extension 'python'
[3.634s] Level 1:colcon.colcon_core.package_identification:_identify(pythonテスト) by extensions ['python_setup_py']
[3.634s] Level 1:colcon.colcon_core.package_identification:_identify(pythonテスト) by extension 'python_setup_py'
[3.636s] Level 1:colcon.colcon_core.package_identification:_identify(src) by extensions ['ignore', 'ignore_ament_install']
[3.637s] Level 1:colcon.colcon_core.package_identification:_identify(src) by extension 'ignore'
[3.637s] Level 1:colcon.colcon_core.package_identification:_identify(src) by extension 'ignore_ament_install'
[3.638s] Level 1:colcon.colcon_core.package_identification:_identify(src) by extensions ['colcon_pkg']
[3.638s] Level 1:colcon.colcon_core.package_identification:_identify(src) by extension 'colcon_pkg'
[3.639s] Level 1:colcon.colcon_core.package_identification:_identify(src) by extensions ['colcon_meta']
[3.639s] Level 1:colcon.colcon_core.package_identification:_identify(src) by extension 'colcon_meta'
[3.640s] Level 1:colcon.colcon_core.package_identification:_identify(src) by extensions ['ros']
[3.640s] Level 1:colcon.colcon_core.package_identification:_identify(src) by extension 'ros'
[3.641s] Level 1:colcon.colcon_core.package_identification:_identify(src) by extensions ['cmake', 'python']
[3.641s] Level 1:colcon.colcon_core.package_identification:_identify(src) by extension 'cmake'
[3.642s] Level 1:colcon.colcon_core.package_identification:_identify(src) by extension 'python'
[3.642s] Level 1:colcon.colcon_core.package_identification:_identify(src) by extensions ['python_setup_py']
[3.643s] Level 1:colcon.colcon_core.package_identification:_identify(src) by extension 'python_setup_py'
[3.644s] Level 1:colcon.colcon_core.package_identification:_identify(src/aruco_controller) by extensions ['ignore', 'ignore_ament_install']
[3.645s] Level 1:colcon.colcon_core.package_identification:_identify(src/aruco_controller) by extension 'ignore'
[3.645s] Level 1:colcon.colcon_core.package_identification:_identify(src/aruco_controller) by extension 'ignore_ament_install'
[3.646s] Level 1:colcon.colcon_core.package_identification:_identify(src/aruco_controller) by extensions ['colcon_pkg']
[3.646s] Level 1:colcon.colcon_core.package_identification:_identify(src/aruco_controller) by extension 'colcon_pkg'
[3.647s] Level 1:colcon.colcon_core.package_identification:_identify(src/aruco_controller) by extensions ['colcon_meta']
[3.647s] Level 1:colcon.colcon_core.package_identification:_identify(src/aruco_controller) by extension 'colcon_meta'
[3.648s] Level 1:colcon.colcon_core.package_identification:_identify(src/aruco_controller) by extensions ['ros']
[3.648s] Level 1:colcon.colcon_core.package_identification:_identify(src/aruco_controller) by extension 'ros'
[3.668s] DEBUG:colcon.colcon_core.package_identification:Package 'src/aruco_controller' with type 'ros.ament_python' and name 'aruco_controller'
[3.670s] Level 1:colcon.colcon_core.package_identification:_identify(src/image_pub) by extensions ['ignore', 'ignore_ament_install']
[3.671s] Level 1:colcon.colcon_core.package_identification:_identify(src/image_pub) by extension 'ignore'
[3.671s] Level 1:colcon.colcon_core.package_identification:_identify(src/image_pub) by extension 'ignore_ament_install'
[3.672s] Level 1:colcon.colcon_core.package_identification:_identify(src/image_pub) by extensions ['colcon_pkg']
[3.672s] Level 1:colcon.colcon_core.package_identification:_identify(src/image_pub) by extension 'colcon_pkg'
[3.673s] Level 1:colcon.colcon_core.package_identification:_identify(src/image_pub) by extensions ['colcon_meta']
[3.673s] Level 1:colcon.colcon_core.package_identification:_identify(src/image_pub) by extension 'colcon_meta'
[3.674s] Level 1:colcon.colcon_core.package_identification:_identify(src/image_pub) by extensions ['ros']
[3.674s] Level 1:colcon.colcon_core.package_identification:_identify(src/image_pub) by extension 'ros'
[3.679s] DEBUG:colcon.colcon_core.package_identification:Package 'src/image_pub' with type 'ros.ament_python' and name 'image_pub'
[3.680s] Level 1:colcon.colcon_core.package_identification:_identify(src/image_pubsub) by extensions ['ignore', 'ignore_ament_install']
[3.681s] Level 1:colcon.colcon_core.package_identification:_identify(src/image_pubsub) by extension 'ignore'
[3.682s] Level 1:colcon.colcon_core.package_identification:_identify(src/image_pubsub) by extension 'ignore_ament_install'
[3.683s] Level 1:colcon.colcon_core.package_identification:_identify(src/image_pubsub) by extensions ['colcon_pkg']
[3.683s] Level 1:colcon.colcon_core.package_identification:_identify(src/image_pubsub) by extension 'colcon_pkg'
[3.683s] Level 1:colcon.colcon_core.package_identification:_identify(src/image_pubsub) by extensions ['colcon_meta']
[3.684s] Level 1:colcon.colcon_core.package_identification:_identify(src/image_pubsub) by extension 'colcon_meta'
[3.684s] Level 1:colcon.colcon_core.package_identification:_identify(src/image_pubsub) by extensions ['ros']
[3.685s] Level 1:colcon.colcon_core.package_identification:_identify(src/image_pubsub) by extension 'ros'
[3.691s] DEBUG:colcon.colcon_core.package_identification:Package 'src/image_pubsub' with type 'ros.ament_python' and name 'image_pubsub'
[3.692s] Level 1:colcon.colcon_core.package_identification:_identify(src/py_pubsub) by extensions ['ignore', 'ignore_ament_install']
[3.693s] Level 1:colcon.colcon_core.package_identification:_identify(src/py_pubsub) by extension 'ignore'
[3.694s] Level 1:colcon.colcon_core.package_identification:_identify(src/py_pubsub) by extension 'ignore_ament_install'
[3.694s] Level 1:colcon.colcon_core.package_identification:_identify(src/py_pubsub) by extensions ['colcon_pkg']
[3.695s] Level 1:colcon.colcon_core.package_identification:_identify(src/py_pubsub) by extension 'colcon_pkg'
[3.695s] Level 1:colcon.colcon_core.package_identification:_identify(src/py_pubsub) by extensions ['colcon_meta']
[3.695s] Level 1:colcon.colcon_core.package_identification:_identify(src/py_pubsub) by extension 'colcon_meta'
[3.696s] Level 1:colcon.colcon_core.package_identification:_identify(src/py_pubsub) by extensions ['ros']
[3.696s] Level 1:colcon.colcon_core.package_identification:_identify(src/py_pubsub) by extension 'ros'
[3.701s] DEBUG:colcon.colcon_core.package_identification:Package 'src/py_pubsub' with type 'ros.ament_python' and name 'py_pubsub'
[3.702s] Level 1:colcon.colcon_core.package_identification:_identify(src/robot_controller) by extensions ['ignore', 'ignore_ament_install']
[3.703s] Level 1:colcon.colcon_core.package_identification:_identify(src/robot_controller) by extension 'ignore'
[3.704s] Level 1:colcon.colcon_core.package_identification:_identify(src/robot_controller) by extension 'ignore_ament_install'
[3.704s] Level 1:colcon.colcon_core.package_identification:_identify(src/robot_controller) by extensions ['colcon_pkg']
[3.705s] Level 1:colcon.colcon_core.package_identification:_identify(src/robot_controller) by extension 'colcon_pkg'
[3.705s] Level 1:colcon.colcon_core.package_identification:_identify(src/robot_controller) by extensions ['colcon_meta']
[3.706s] Level 1:colcon.colcon_core.package_identification:_identify(src/robot_controller) by extension 'colcon_meta'
[3.706s] Level 1:colcon.colcon_core.package_identification:_identify(src/robot_controller) by extensions ['ros']
[3.706s] Level 1:colcon.colcon_core.package_identification:_identify(src/robot_controller) by extension 'ros'
[3.711s] DEBUG:colcon.colcon_core.package_identification:Package 'src/robot_controller' with type 'ros.ament_python' and name 'robot_controller'
[3.713s] Level 1:colcon.colcon_core.package_identification:_identify(src/robot_controller_gui) by extensions ['ignore', 'ignore_ament_install']
[3.714s] Level 1:colcon.colcon_core.package_identification:_identify(src/robot_controller_gui) by extension 'ignore'
[3.714s] Level 1:colcon.colcon_core.package_identification:_identify(src/robot_controller_gui) by extension 'ignore_ament_install'
[3.715s] Level 1:colcon.colcon_core.package_identification:_identify(src/robot_controller_gui) by extensions ['colcon_pkg']
[3.716s] Level 1:colcon.colcon_core.package_identification:_identify(src/robot_controller_gui) by extension 'colcon_pkg'
[3.716s] Level 1:colcon.colcon_core.package_identification:_identify(src/robot_controller_gui) by extensions ['colcon_meta']
[3.716s] Level 1:colcon.colcon_core.package_identification:_identify(src/robot_controller_gui) by extension 'colcon_meta'
[3.717s] Level 1:colcon.colcon_core.package_identification:_identify(src/robot_controller_gui) by extensions ['ros']
[3.717s] Level 1:colcon.colcon_core.package_identification:_identify(src/robot_controller_gui) by extension 'ros'
[3.722s] DEBUG:colcon.colcon_core.package_identification:Package 'src/robot_controller_gui' with type 'ros.ament_python' and name 'robot_controller_gui'
[3.724s] Level 1:colcon.colcon_core.package_identification:_identify(src/robot_interfaces) by extensions ['ignore', 'ignore_ament_install']
[3.724s] Level 1:colcon.colcon_core.package_identification:_identify(src/robot_interfaces) by extension 'ignore'
[3.725s] Level 1:colcon.colcon_core.package_identification:_identify(src/robot_interfaces) by extension 'ignore_ament_install'
[3.726s] Level 1:colcon.colcon_core.package_identification:_identify(src/robot_interfaces) by extensions ['colcon_pkg']
[3.726s] Level 1:colcon.colcon_core.package_identification:_identify(src/robot_interfaces) by extension 'colcon_pkg'
[3.727s] Level 1:colcon.colcon_core.package_identification:_identify(src/robot_interfaces) by extensions ['colcon_meta']
[3.727s] Level 1:colcon.colcon_core.package_identification:_identify(src/robot_interfaces) by extension 'colcon_meta'
[3.727s] Level 1:colcon.colcon_core.package_identification:_identify(src/robot_interfaces) by extensions ['ros']
[3.728s] Level 1:colcon.colcon_core.package_identification:_identify(src/robot_interfaces) by extension 'ros'
[3.733s] DEBUG:colcon.colcon_core.package_identification:Package 'src/robot_interfaces' with type 'ros.ament_cmake' and name 'robot_interfaces'
[3.734s] Level 1:colcon.colcon_core.package_identification:_identify(src/robot_srvcli) by extensions ['ignore', 'ignore_ament_install']
[3.735s] Level 1:colcon.colcon_core.package_identification:_identify(src/robot_srvcli) by extension 'ignore'
[3.736s] Level 1:colcon.colcon_core.package_identification:_identify(src/robot_srvcli) by extension 'ignore_ament_install'
[3.736s] Level 1:colcon.colcon_core.package_identification:_identify(src/robot_srvcli) by extensions ['colcon_pkg']
[3.737s] Level 1:colcon.colcon_core.package_identification:_identify(src/robot_srvcli) by extension 'colcon_pkg'
[3.737s] Level 1:colcon.colcon_core.package_identification:_identify(src/robot_srvcli) by extensions ['colcon_meta']
[3.737s] Level 1:colcon.colcon_core.package_identification:_identify(src/robot_srvcli) by extension 'colcon_meta'
[3.738s] Level 1:colcon.colcon_core.package_identification:_identify(src/robot_srvcli) by extensions ['ros']
[3.738s] Level 1:colcon.colcon_core.package_identification:_identify(src/robot_srvcli) by extension 'ros'
[3.745s] DEBUG:colcon.colcon_core.package_identification:Package 'src/robot_srvcli' with type 'ros.ament_python' and name 'robot_srvcli'
[3.746s] Level 1:colcon.colcon_core.package_identification:_identify(マーカー) by extensions ['ignore', 'ignore_ament_install']
[3.747s] Level 1:colcon.colcon_core.package_identification:_identify(マーカー) by extension 'ignore'
[3.748s] Level 1:colcon.colcon_core.package_identification:_identify(マーカー) by extension 'ignore_ament_install'
[3.748s] Level 1:colcon.colcon_core.package_identification:_identify(マーカー) by extensions ['colcon_pkg']
[3.749s] Level 1:colcon.colcon_core.package_identification:_identify(マーカー) by extension 'colcon_pkg'
[3.749s] Level 1:colcon.colcon_core.package_identification:_identify(マーカー) by extensions ['colcon_meta']
[3.750s] Level 1:colcon.colcon_core.package_identification:_identify(マーカー) by extension 'colcon_meta'
[3.750s] Level 1:colcon.colcon_core.package_identification:_identify(マーカー) by extensions ['ros']
[3.750s] Level 1:colcon.colcon_core.package_identification:_identify(マーカー) by extension 'ros'
[3.751s] Level 1:colcon.colcon_core.package_identification:_identify(マーカー) by extensions ['cmake', 'python']
[3.752s] Level 1:colcon.colcon_core.package_identification:_identify(マーカー) by extension 'cmake'
[3.752s] Level 1:colcon.colcon_core.package_identification:_identify(マーカー) by extension 'python'
[3.753s] Level 1:colcon.colcon_core.package_identification:_identify(マーカー) by extensions ['python_setup_py']
[3.753s] Level 1:colcon.colcon_core.package_identification:_identify(マーカー) by extension 'python_setup_py'
[3.754s] Level 1:colcon.colcon_core.package_discovery:discover_packages(recursive) using defaults
[3.754s] Level 1:colcon.colcon_core.package_discovery:discover_packages(ignore) discover
[3.754s] Level 1:colcon.colcon_core.package_discovery:discover_packages(ignore) using defaults
[3.755s] Level 1:colcon.colcon_core.package_discovery:discover_packages(path) discover
[3.755s] Level 1:colcon.colcon_core.package_discovery:discover_packages(path) using defaults
[4.032s] INFO:colcon.colcon_core.package_selection:Skipping not selected package 'aruco_controller' in 'src/aruco_controller'
[4.033s] INFO:colcon.colcon_core.package_selection:Skipping not selected package 'image_pub' in 'src/image_pub'
[4.033s] INFO:colcon.colcon_core.package_selection:Skipping not selected package 'py_pubsub' in 'src/py_pubsub'
[4.034s] INFO:colcon.colcon_core.package_selection:Skipping not selected package 'robot_controller' in 'src/robot_controller'
[4.034s] INFO:colcon.colcon_core.package_selection:Skipping not selected package 'robot_controller_gui' in 'src/robot_controller_gui'
[4.034s] INFO:colcon.colcon_core.package_selection:Skipping not selected package 'robot_interfaces' in 'src/robot_interfaces'
[4.035s] INFO:colcon.colcon_core.package_selection:Skipping not selected package 'robot_srvcli' in 'src/robot_srvcli'
[4.039s] Level 1:colcon.colcon_core.package_discovery:discover_packages(prefix_path) check parameters
[4.039s] Level 1:colcon.colcon_core.package_discovery:discover_packages(prefix_path) discover
[4.075s] DEBUG:colcon.colcon_installed_package_information.package_discovery:Found 8 installed packages in /home/keime/ros2_ws/install
[4.092s] DEBUG:colcon.colcon_installed_package_information.package_discovery:Found 181 installed packages in /opt/ros/humble
[4.105s] Level 1:colcon.colcon_core.package_discovery:discover_packages(prefix_path) using defaults
[4.449s] Level 5:colcon.colcon_core.verb:set package 'image_pubsub' build argument 'cmake_args' from command line to 'None'
[4.450s] Level 5:colcon.colcon_core.verb:set package 'image_pubsub' build argument 'cmake_target' from command line to 'None'
[4.450s] Level 5:colcon.colcon_core.verb:set package 'image_pubsub' build argument 'cmake_target_skip_unavailable' from command line to 'False'
[4.451s] Level 5:colcon.colcon_core.verb:set package 'image_pubsub' build argument 'cmake_clean_cache' from command line to 'False'
[4.451s] Level 5:colcon.colcon_core.verb:set package 'image_pubsub' build argument 'cmake_clean_first' from command line to 'False'
[4.451s] Level 5:colcon.colcon_core.verb:set package 'image_pubsub' build argument 'cmake_force_configure' from command line to 'False'
[4.451s] Level 5:colcon.colcon_core.verb:set package 'image_pubsub' build argument 'ament_cmake_args' from command line to 'None'
[4.452s] Level 5:colcon.colcon_core.verb:set package 'image_pubsub' build argument 'catkin_cmake_args' from command line to 'None'
[4.452s] Level 5:colcon.colcon_core.verb:set package 'image_pubsub' build argument 'catkin_skip_building_tests' from command line to 'False'
[4.452s] DEBUG:colcon.colcon_core.verb:Building package 'image_pubsub' with the following arguments: {'ament_cmake_args': None, 'build_base': '/home/keime/ros2_ws/build/image_pubsub', 'catkin_cmake_args': None, 'catkin_skip_building_tests': False, 'cmake_args': None, 'cmake_clean_cache': False, 'cmake_clean_first': False, 'cmake_force_configure': False, 'cmake_target': None, 'cmake_target_skip_unavailable': False, 'install_base': '/home/keime/ros2_ws/install/image_pubsub', 'merge_install': False, 'path': '/home/keime/ros2_ws/src/image_pubsub', 'symlink_install': False, 'test_result_base': None}
[4.454s] INFO:colcon.colcon_core.executor:Executing jobs using 'parallel' executor
[4.461s] DEBUG:colcon.colcon_parallel_executor.executor.parallel:run_until_complete
[4.463s] INFO:colcon.colcon_ros.task.ament_python.build:Building ROS package in '/home/keime/ros2_ws/src/image_pubsub' with build type 'ament_python'
[4.464s] Level 1:colcon.colcon_core.shell:create_environment_hook('image_pubsub', 'ament_prefix_path')
[4.501s] INFO:colcon.colcon_core.plugin_system:Skipping extension 'colcon_core.shell.bat': Not used on non-Windows systems
[4.504s] INFO:colcon.colcon_core.shell:Creating environment hook '/home/keime/ros2_ws/install/image_pubsub/share/image_pubsub/hook/ament_prefix_path.ps1'
[4.511s] INFO:colcon.colcon_core.shell:Creating environment descriptor '/home/keime/ros2_ws/install/image_pubsub/share/image_pubsub/hook/ament_prefix_path.dsv'
[4.516s] INFO:colcon.colcon_core.shell:Creating environment hook '/home/keime/ros2_ws/install/image_pubsub/share/image_pubsub/hook/ament_prefix_path.sh'
[4.525s] INFO:colcon.colcon_core.shell:Skip shell extension 'powershell' for command environment: Not usable outside of PowerShell
[4.526s] DEBUG:colcon.colcon_core.shell:Skip shell extension 'dsv' for command environment
[7.686s] INFO:colcon.colcon_core.task.python.build:Building Python package in '/home/keime/ros2_ws/src/image_pubsub'
[7.690s] INFO:colcon.colcon_core.shell:Skip shell extension 'powershell' for command environment: Not usable outside of PowerShell
[7.691s] DEBUG:colcon.colcon_core.shell:Skip shell extension 'dsv' for command environment
[12.616s] DEBUG:colcon.colcon_core.event_handler.log_command:Invoking command in '/home/keime/ros2_ws/src/image_pubsub': PYTHONPATH=/home/keime/ros2_ws/build/image_pubsub/prefix_override:/home/keime/ros2_ws/install/image_pubsub/lib/python3.10/site-packages:${PYTHONPATH} /usr/bin/python3 -W ignore:setup.py install is deprecated setup.py egg_info --egg-base ../../build/image_pubsub build --build-base /home/keime/ros2_ws/build/image_pubsub/build install --record /home/keime/ros2_ws/build/image_pubsub/install.log --single-version-externally-managed install_data
[15.994s] DEBUG:colcon.colcon_core.event_handler.log_command:Invoked command in '/home/keime/ros2_ws/src/image_pubsub' returned '0': PYTHONPATH=/home/keime/ros2_ws/build/image_pubsub/prefix_override:/home/keime/ros2_ws/install/image_pubsub/lib/python3.10/site-packages:${PYTHONPATH} /usr/bin/python3 -W ignore:setup.py install is deprecated setup.py egg_info --egg-base ../../build/image_pubsub build --build-base /home/keime/ros2_ws/build/image_pubsub/build install --record /home/keime/ros2_ws/build/image_pubsub/install.log --single-version-externally-managed install_data
[16.040s] Level 1:colcon.colcon_core.environment:checking '/home/keime/ros2_ws/install/image_pubsub' for CMake module files
[16.047s] Level 1:colcon.colcon_core.environment:checking '/home/keime/ros2_ws/install/image_pubsub' for CMake config files
[16.058s] Level 1:colcon.colcon_core.environment:checking '/home/keime/ros2_ws/install/image_pubsub/lib'
[16.060s] Level 1:colcon.colcon_core.environment:checking '/home/keime/ros2_ws/install/image_pubsub/bin'
[16.060s] Level 1:colcon.colcon_core.environment:checking '/home/keime/ros2_ws/install/image_pubsub/lib/pkgconfig/image_pubsub.pc'
[16.063s] Level 1:colcon.colcon_core.environment:checking '/home/keime/ros2_ws/install/image_pubsub/lib/python3.10/site-packages'
[16.064s] Level 1:colcon.colcon_core.shell:create_environment_hook('image_pubsub', 'pythonpath')
[16.066s] INFO:colcon.colcon_core.shell:Creating environment hook '/home/keime/ros2_ws/install/image_pubsub/share/image_pubsub/hook/pythonpath.ps1'
[16.071s] INFO:colcon.colcon_core.shell:Creating environment descriptor '/home/keime/ros2_ws/install/image_pubsub/share/image_pubsub/hook/pythonpath.dsv'
[16.075s] INFO:colcon.colcon_core.shell:Creating environment hook '/home/keime/ros2_ws/install/image_pubsub/share/image_pubsub/hook/pythonpath.sh'
[16.081s] Level 1:colcon.colcon_core.environment:checking '/home/keime/ros2_ws/install/image_pubsub/bin'
[16.081s] Level 1:colcon.colcon_core.environment:create_environment_scripts_only(image_pubsub)
[16.085s] INFO:colcon.colcon_core.shell:Creating package script '/home/keime/ros2_ws/install/image_pubsub/share/image_pubsub/package.ps1'
[16.096s] INFO:colcon.colcon_core.shell:Creating package descriptor '/home/keime/ros2_ws/install/image_pubsub/share/image_pubsub/package.dsv'
[16.104s] INFO:colcon.colcon_core.shell:Creating package script '/home/keime/ros2_ws/install/image_pubsub/share/image_pubsub/package.sh'
[16.113s] INFO:colcon.colcon_core.shell:Creating package script '/home/keime/ros2_ws/install/image_pubsub/share/image_pubsub/package.bash'
[16.125s] INFO:colcon.colcon_core.shell:Creating package script '/home/keime/ros2_ws/install/image_pubsub/share/image_pubsub/package.zsh'
[16.134s] Level 1:colcon.colcon_core.environment:create_file_with_runtime_dependencies(/home/keime/ros2_ws/install/image_pubsub/share/colcon-core/packages/image_pubsub)
[16.137s] DEBUG:colcon.colcon_parallel_executor.executor.parallel:closing loop
[16.141s] DEBUG:colcon.colcon_parallel_executor.executor.parallel:loop closed
[16.142s] DEBUG:colcon.colcon_parallel_executor.executor.parallel:run_until_complete finished with '0'
[16.143s] DEBUG:colcon.colcon_core.event_reactor:joining thread
[16.222s] INFO:colcon.colcon_core.plugin_system:Skipping extension 'colcon_notification.desktop_notification.notify_send': Could not find 'notify-send'
[16.223s] INFO:colcon.colcon_core.plugin_system:Skipping extension 'colcon_notification.desktop_notification.terminal_notifier': Not used on non-Darwin systems
[16.223s] INFO:colcon.colcon_core.plugin_system:Skipping extension 'colcon_notification.desktop_notification.win32': Not used on non-Windows systems
[16.224s] INFO:colcon.colcon_notification.desktop_notification:Sending desktop notification using 'notify2'
[16.231s] DEBUG:colcon.colcon_notification.desktop_notification.notify2:Failed to initialize notify2: org.freedesktop.DBus.Error.ServiceUnknown: The name org.freedesktop.Notifications was not provided by any .service files
[16.232s] DEBUG:colcon.colcon_core.event_reactor:joined thread
[16.235s] INFO:colcon.colcon_core.shell:Creating prefix script '/home/keime/ros2_ws/install/local_setup.ps1'
[16.247s] INFO:colcon.colcon_core.shell:Creating prefix util module '/home/keime/ros2_ws/install/_local_setup_util_ps1.py'
[16.264s] INFO:colcon.colcon_core.shell:Creating prefix chain script '/home/keime/ros2_ws/install/setup.ps1'
[16.280s] INFO:colcon.colcon_core.shell:Creating prefix script '/home/keime/ros2_ws/install/local_setup.sh'
[16.288s] INFO:colcon.colcon_core.shell:Creating prefix util module '/home/keime/ros2_ws/install/_local_setup_util_sh.py'
[16.293s] INFO:colcon.colcon_core.shell:Creating prefix chain script '/home/keime/ros2_ws/install/setup.sh'
[16.310s] INFO:colcon.colcon_core.shell:Creating prefix script '/home/keime/ros2_ws/install/local_setup.bash'
[16.317s] INFO:colcon.colcon_core.shell:Creating prefix chain script '/home/keime/ros2_ws/install/setup.bash'
[16.335s] INFO:colcon.colcon_core.shell:Creating prefix script '/home/keime/ros2_ws/install/local_setup.zsh'
[16.341s] INFO:colcon.colcon_core.shell:Creating prefix chain script '/home/keime/ros2_ws/install/setup.zsh'
