running egg_info
creating ../../build/robot_controller_gui/robot_controller_gui.egg-info
writing ../../build/robot_controller_gui/robot_controller_gui.egg-info/PKG-INFO
writing dependency_links to ../../build/robot_controller_gui/robot_controller_gui.egg-info/dependency_links.txt
writing entry points to ../../build/robot_controller_gui/robot_controller_gui.egg-info/entry_points.txt
writing requirements to ../../build/robot_controller_gui/robot_controller_gui.egg-info/requires.txt
writing top-level names to ../../build/robot_controller_gui/robot_controller_gui.egg-info/top_level.txt
writing manifest file '../../build/robot_controller_gui/robot_controller_gui.egg-info/SOURCES.txt'
reading manifest file '../../build/robot_controller_gui/robot_controller_gui.egg-info/SOURCES.txt'
writing manifest file '../../build/robot_controller_gui/robot_controller_gui.egg-info/SOURCES.txt'
running build
running build_py
creating /home/keime/ros2_ws/build/robot_controller_gui/build
creating /home/keime/ros2_ws/build/robot_controller_gui/build/lib
creating /home/keime/ros2_ws/build/robot_controller_gui/build/lib/robot_controller_gui
copying robot_controller_gui/controller.py -> /home/keime/ros2_ws/build/robot_controller_gui/build/lib/robot_controller_gui
copying robot_controller_gui/__init__.py -> /home/keime/ros2_ws/build/robot_controller_gui/build/lib/robot_controller_gui
copying robot_controller_gui/command_publisher_gui.py -> /home/keime/ros2_ws/build/robot_controller_gui/build/lib/robot_controller_gui
running install
running install_lib
creating /home/keime/ros2_ws/install/robot_controller_gui/lib/python3.10/site-packages/robot_controller_gui
copying /home/keime/ros2_ws/build/robot_controller_gui/build/lib/robot_controller_gui/controller.py -> /home/keime/ros2_ws/install/robot_controller_gui/lib/python3.10/site-packages/robot_controller_gui
copying /home/keime/ros2_ws/build/robot_controller_gui/build/lib/robot_controller_gui/__init__.py -> /home/keime/ros2_ws/install/robot_controller_gui/lib/python3.10/site-packages/robot_controller_gui
copying /home/keime/ros2_ws/build/robot_controller_gui/build/lib/robot_controller_gui/command_publisher_gui.py -> /home/keime/ros2_ws/install/robot_controller_gui/lib/python3.10/site-packages/robot_controller_gui
byte-compiling /home/keime/ros2_ws/install/robot_controller_gui/lib/python3.10/site-packages/robot_controller_gui/controller.py to controller.cpython-310.pyc
byte-compiling /home/keime/ros2_ws/install/robot_controller_gui/lib/python3.10/site-packages/robot_controller_gui/__init__.py to __init__.cpython-310.pyc
byte-compiling /home/keime/ros2_ws/install/robot_controller_gui/lib/python3.10/site-packages/robot_controller_gui/command_publisher_gui.py to command_publisher_gui.cpython-310.pyc
running install_data
creating /home/keime/ros2_ws/install/robot_controller_gui/share/ament_index
creating /home/keime/ros2_ws/install/robot_controller_gui/share/ament_index/resource_index
creating /home/keime/ros2_ws/install/robot_controller_gui/share/ament_index/resource_index/packages
copying resource/robot_controller_gui -> /home/keime/ros2_ws/install/robot_controller_gui/share/ament_index/resource_index/packages
copying package.xml -> /home/keime/ros2_ws/install/robot_controller_gui/share/robot_controller_gui
running install_egg_info
Copying ../../build/robot_controller_gui/robot_controller_gui.egg-info to /home/keime/ros2_ws/install/robot_controller_gui/lib/python3.10/site-packages/robot_controller_gui-0.0.0-py3.10.egg-info
running install_scripts
Installing command_publisher_gui script to /home/keime/ros2_ws/install/robot_controller_gui/lib/robot_controller_gui
writing list of installed files to '/home/keime/ros2_ws/build/robot_controller_gui/install.log'
