[0.000000] (-) TimerEvent: {}
[0.003109] (-) JobUnselected: {'identifier': 'aruco_controller'}
[0.003781] (-) JobUnselected: {'identifier': 'image_pubsub'}
[0.004532] (-) JobUnselected: {'identifier': 'py_pubsub'}
[0.004957] (-) JobUnselected: {'identifier': 'robot_controller'}
[0.005225] (-) JobUnselected: {'identifier': 'robot_controller_gui'}
[0.005464] (image_pub) JobQueued: {'identifier': 'image_pub', 'dependencies': OrderedDict()}
[0.005713] (image_pub) JobStarted: {'identifier': 'image_pub'}
[0.094078] (-) TimerEvent: {}
[0.208174] (-) TimerEvent: {}
[0.311272] (-) TimerEvent: {}
[0.412633] (-) TimerEvent: {}
[0.514107] (-) TimerEvent: {}
[0.616587] (-) TimerEvent: {}
[0.718060] (-) TimerEvent: {}
[0.821093] (-) TimerEvent: {}
[0.923849] (-) TimerEvent: {}
[1.025057] (-) TimerEvent: {}
[1.126279] (-) TimerEvent: {}
[1.227616] (-) TimerEvent: {}
[1.328954] (-) TimerEvent: {}
[1.430424] (-) TimerEvent: {}
[1.531766] (-) TimerEvent: {}
[1.632941] (-) TimerEvent: {}
[1.734365] (-) TimerEvent: {}
[1.836317] (-) TimerEvent: {}
[1.937612] (-) TimerEvent: {}
[2.038894] (-) TimerEvent: {}
[2.140218] (-) TimerEvent: {}
[2.241372] (-) TimerEvent: {}
[2.342558] (-) TimerEvent: {}
[2.443818] (-) TimerEvent: {}
[2.545065] (-) TimerEvent: {}
[2.646432] (-) TimerEvent: {}
[2.747739] (-) TimerEvent: {}
[2.849042] (-) TimerEvent: {}
[2.950271] (-) TimerEvent: {}
[3.051683] (-) TimerEvent: {}
[3.153334] (-) TimerEvent: {}
[3.255319] (-) TimerEvent: {}
[3.356969] (-) TimerEvent: {}
[3.458474] (-) TimerEvent: {}
[3.559992] (-) TimerEvent: {}
[3.661348] (-) TimerEvent: {}
[3.762657] (-) TimerEvent: {}
[3.864006] (-) TimerEvent: {}
[3.965364] (-) TimerEvent: {}
[4.066944] (-) TimerEvent: {}
[4.168442] (-) TimerEvent: {}
[4.214265] (image_pub) StderrLine: {'line': b'Traceback (most recent call last):\n  File "/usr/lib/python3/dist-packages/colcon_core/executor/__init__.py", line 91, in __call__\n    rc = await self.task(*args, **kwargs)\n  File "/usr/lib/python3/dist-packages/colcon_core/task/__init__.py", line 93, in __call__\n    return await task_method(*args, **kwargs)\n  File "/usr/lib/python3/dist-packages/colcon_ros/task/ament_python/build.py", line 51, in build\n    setup_py_data = get_setup_data(self.context.pkg, env)\n  File "/usr/lib/python3/dist-packages/colcon_core/task/python/__init__.py", line 20, in get_setup_data\n    return dict(pkg.metadata[key](env))\n  File "/usr/lib/python3/dist-packages/colcon_ros/package_augmentation/ros_ament_python.py", line 57, in getter\n    return get_setup_information(\n  File "/usr/lib/python3/dist-packages/colcon_python_setup_py/package_identification/python_setup_py.py", line 241, in get_setup_information\n    _setup_information_cache[hashable_env] = _get_setup_information(\n  File "/usr/lib/python3/dist-packages/colcon_python_setup_py/package_identification/python_setup_py.py", line 288, in _get_setup_information\n    result = subprocess.run(\n  File "/usr/lib/python3.10/subprocess.py", line 526, in run\n    raise CalledProcessError(retcode, process.args,\nsubprocess.CalledProcessError: Command \'[\'/usr/bin/python3\', \'-c\', \'import sys;from contextlib import suppress;exec("with suppress(ImportError):    from setuptools.extern.packaging.specifiers    import SpecifierSet");exec("with suppress(ImportError):    from packaging.specifiers import SpecifierSet");from distutils.core import run_setup;dist = run_setup(    \\\'setup.py\\\', script_args=(\\\'--dry-run\\\',), stop_after=\\\'config\\\');skip_keys = (\\\'cmdclass\\\', \\\'distclass\\\', \\\'ext_modules\\\', \\\'metadata\\\');data = {    key: value for key, value in dist.__dict__.items()     if (        not key.startswith(\\\'_\\\') and         not callable(value) and         key not in skip_keys and         key not in dist.display_option_names    )};data[\\\'metadata\\\'] = {    k: v for k, v in dist.metadata.__dict__.items()     if k not in (\\\'license_files\\\', \\\'provides_extras\\\')};sys.stdout.buffer.write(repr(data).encode(\\\'utf-8\\\'))\']\' returned non-zero exit status 1.\n'}
[4.219106] (image_pub) JobEnded: {'identifier': 'image_pub', 'rc': 1}
[4.228451] (-) EventReactorShutdown: {}
