running egg_info
creating ../../build/robot_srvcli/robot_srvcli.egg-info
writing ../../build/robot_srvcli/robot_srvcli.egg-info/PKG-INFO
writing dependency_links to ../../build/robot_srvcli/robot_srvcli.egg-info/dependency_links.txt
writing entry points to ../../build/robot_srvcli/robot_srvcli.egg-info/entry_points.txt
writing requirements to ../../build/robot_srvcli/robot_srvcli.egg-info/requires.txt
writing top-level names to ../../build/robot_srvcli/robot_srvcli.egg-info/top_level.txt
writing manifest file '../../build/robot_srvcli/robot_srvcli.egg-info/SOURCES.txt'
reading manifest file '../../build/robot_srvcli/robot_srvcli.egg-info/SOURCES.txt'
writing manifest file '../../build/robot_srvcli/robot_srvcli.egg-info/SOURCES.txt'
running build
running build_py
creating /home/keime/ros2_ws/build/robot_srvcli/build
creating /home/keime/ros2_ws/build/robot_srvcli/build/lib
creating /home/keime/ros2_ws/build/robot_srvcli/build/lib/robot_srvcli
copying robot_srvcli/__init__.py -> /home/keime/ros2_ws/build/robot_srvcli/build/lib/robot_srvcli
running install
running install_lib
creating /home/keime/ros2_ws/install/robot_srvcli/lib/python3.10/site-packages/robot_srvcli
copying /home/keime/ros2_ws/build/robot_srvcli/build/lib/robot_srvcli/__init__.py -> /home/keime/ros2_ws/install/robot_srvcli/lib/python3.10/site-packages/robot_srvcli
byte-compiling /home/keime/ros2_ws/install/robot_srvcli/lib/python3.10/site-packages/robot_srvcli/__init__.py to __init__.cpython-310.pyc
running install_data
creating /home/keime/ros2_ws/install/robot_srvcli/share/ament_index
creating /home/keime/ros2_ws/install/robot_srvcli/share/ament_index/resource_index
creating /home/keime/ros2_ws/install/robot_srvcli/share/ament_index/resource_index/packages
copying resource/robot_srvcli -> /home/keime/ros2_ws/install/robot_srvcli/share/ament_index/resource_index/packages
copying package.xml -> /home/keime/ros2_ws/install/robot_srvcli/share/robot_srvcli
running install_egg_info
Copying ../../build/robot_srvcli/robot_srvcli.egg-info to /home/keime/ros2_ws/install/robot_srvcli/lib/python3.10/site-packages/robot_srvcli-0.0.0-py3.10.egg-info
running install_scripts
writing list of installed files to '/home/keime/ros2_ws/build/robot_srvcli/install.log'
