[7.095s] Invoking command in '/home/keime/ros2_ws/src/image_pubsub': PYTHONPATH=/home/keime/ros2_ws/build/image_pubsub/prefix_override:/home/keime/ros2_ws/install/image_pubsub/lib/python3.10/site-packages:${PYTHONPATH} /usr/bin/python3 -W ignore:setup.py install is deprecated setup.py egg_info --egg-base ../../build/image_pubsub build --build-base /home/keime/ros2_ws/build/image_pubsub/build install --record /home/keime/ros2_ws/build/image_pubsub/install.log --single-version-externally-managed install_data
[9.780s] running egg_info
[9.787s] writing ../../build/image_pubsub/image_pubsub.egg-info/PKG-INFO
[9.791s] writing dependency_links to ../../build/image_pubsub/image_pubsub.egg-info/dependency_links.txt
[9.794s] writing entry points to ../../build/image_pubsub/image_pubsub.egg-info/entry_points.txt
[9.796s] writing requirements to ../../build/image_pubsub/image_pubsub.egg-info/requires.txt
[9.798s] writing top-level names to ../../build/image_pubsub/image_pubsub.egg-info/top_level.txt
[9.821s] reading manifest file '../../build/image_pubsub/image_pubsub.egg-info/SOURCES.txt'
[9.835s] writing manifest file '../../build/image_pubsub/image_pubsub.egg-info/SOURCES.txt'
[9.836s] running build
[9.837s] running build_py
[9.843s] copying image_pubsub/image_publisher.py -> /home/keime/ros2_ws/build/image_pubsub/build/lib/image_pubsub
[9.846s] running install
[9.850s] running install_lib
[9.862s] copying /home/keime/ros2_ws/build/image_pubsub/build/lib/image_pubsub/image_publisher.py -> /home/keime/ros2_ws/install/image_pubsub/lib/python3.10/site-packages/image_pubsub
[9.872s] byte-compiling /home/keime/ros2_ws/install/image_pubsub/lib/python3.10/site-packages/image_pubsub/image_publisher.py to image_publisher.cpython-310.pyc
[9.878s] running install_data
[9.881s] running install_egg_info
[9.903s] removing '/home/keime/ros2_ws/install/image_pubsub/lib/python3.10/site-packages/image_pubsub-0.0.0-py3.10.egg-info' (and everything under it)
[9.907s] Copying ../../build/image_pubsub/image_pubsub.egg-info to /home/keime/ros2_ws/install/image_pubsub/lib/python3.10/site-packages/image_pubsub-0.0.0-py3.10.egg-info
[9.920s] running install_scripts
[10.182s] Installing img_publisher script to /home/keime/ros2_ws/install/image_pubsub/lib/image_pubsub
[10.184s] Installing img_subscriber script to /home/keime/ros2_ws/install/image_pubsub/lib/image_pubsub
[10.189s] writing list of installed files to '/home/keime/ros2_ws/build/image_pubsub/install.log'
[10.449s] Invoked command in '/home/keime/ros2_ws/src/image_pubsub' returned '0': PYTHONPATH=/home/keime/ros2_ws/build/image_pubsub/prefix_override:/home/keime/ros2_ws/install/image_pubsub/lib/python3.10/site-packages:${PYTHONPATH} /usr/bin/python3 -W ignore:setup.py install is deprecated setup.py egg_info --egg-base ../../build/image_pubsub build --build-base /home/keime/ros2_ws/build/image_pubsub/build install --record /home/keime/ros2_ws/build/image_pubsub/install.log --single-version-externally-managed install_data
