[1.221s] DEBUG:colcon:Command line arguments: ['/usr/bin/colcon', 'build', '--packages-select', 'image_pub']
[1.222s] DEBUG:colcon:Parsed command line arguments: Namespace(log_base=None, log_level=None, verb_name='build', build_base='build', install_base='install', merge_install=False, symlink_install=False, test_result_base=None, continue_on_error=False, executor='parallel', parallel_workers=4, event_handlers=None, ignore_user_meta=False, metas=['./colcon.meta'], base_paths=['.'], packages_ignore=None, packages_ignore_regex=None, paths=None, packages_up_to=None, packages_up_to_regex=None, packages_above=None, packages_above_and_dependencies=None, packages_above_depth=None, packages_select_by_dep=None, packages_skip_by_dep=None, packages_skip_up_to=None, packages_select_build_failed=False, packages_skip_build_finished=False, packages_select_test_failures=False, packages_skip_test_passed=False, packages_select=['image_pub'], packages_skip=None, packages_select_regex=None, packages_skip_regex=None, packages_start=None, packages_end=None, allow_overriding=[], cmake_args=None, cmake_target=None, cmake_target_skip_unavailable=False, cmake_clean_cache=False, cmake_clean_first=False, cmake_force_configure=False, ament_cmake_args=None, catkin_cmake_args=None, catkin_skip_building_tests=False, verb_parser=<colcon_defaults.argument_parser.defaults.DefaultArgumentsDecorator object at 0xffff884976d0>, verb_extension=<colcon_core.verb.build.BuildVerb object at 0xffff883e0310>, main=<bound method BuildVerb.main of <colcon_core.verb.build.BuildVerb object at 0xffff883e0310>>)
[3.158s] Level 1:colcon.colcon_core.package_discovery:discover_packages(colcon_meta) check parameters
[3.159s] Level 1:colcon.colcon_core.package_discovery:discover_packages(recursive) check parameters
[3.159s] Level 1:colcon.colcon_core.package_discovery:discover_packages(ignore) check parameters
[3.160s] Level 1:colcon.colcon_core.package_discovery:discover_packages(path) check parameters
[3.160s] Level 1:colcon.colcon_core.package_discovery:discover_packages(colcon_meta) discover
[3.160s] Level 1:colcon.colcon_core.package_discovery:discover_packages(recursive) discover
[3.161s] INFO:colcon.colcon_core.package_discovery:Crawling recursively for packages in '/home/keime/ros2_ws'
[3.162s] Level 1:colcon.colcon_core.package_identification:_identify(.) by extensions ['ignore', 'ignore_ament_install']
[3.163s] Level 1:colcon.colcon_core.package_identification:_identify(.) by extension 'ignore'
[3.164s] Level 1:colcon.colcon_core.package_identification:_identify(.) by extension 'ignore_ament_install'
[3.164s] Level 1:colcon.colcon_core.package_identification:_identify(.) by extensions ['colcon_pkg']
[3.165s] Level 1:colcon.colcon_core.package_identification:_identify(.) by extension 'colcon_pkg'
[3.165s] Level 1:colcon.colcon_core.package_identification:_identify(.) by extensions ['colcon_meta']
[3.165s] Level 1:colcon.colcon_core.package_identification:_identify(.) by extension 'colcon_meta'
[3.166s] Level 1:colcon.colcon_core.package_identification:_identify(.) by extensions ['ros']
[3.166s] Level 1:colcon.colcon_core.package_identification:_identify(.) by extension 'ros'
[3.287s] Level 1:colcon.colcon_core.package_identification:_identify(.) by extensions ['cmake', 'python']
[3.288s] Level 1:colcon.colcon_core.package_identification:_identify(.) by extension 'cmake'
[3.288s] Level 1:colcon.colcon_core.package_identification:_identify(.) by extension 'python'
[3.289s] Level 1:colcon.colcon_core.package_identification:_identify(.) by extensions ['python_setup_py']
[3.289s] Level 1:colcon.colcon_core.package_identification:_identify(.) by extension 'python_setup_py'
[3.290s] Level 1:colcon.colcon_core.package_identification:_identify(Arducam-Pivariety-V4L2-Driver) by extensions ['ignore', 'ignore_ament_install']
[3.291s] Level 1:colcon.colcon_core.package_identification:_identify(Arducam-Pivariety-V4L2-Driver) by extension 'ignore'
[3.292s] Level 1:colcon.colcon_core.package_identification:_identify(Arducam-Pivariety-V4L2-Driver) by extension 'ignore_ament_install'
[3.292s] Level 1:colcon.colcon_core.package_identification:_identify(Arducam-Pivariety-V4L2-Driver) by extensions ['colcon_pkg']
[3.293s] Level 1:colcon.colcon_core.package_identification:_identify(Arducam-Pivariety-V4L2-Driver) by extension 'colcon_pkg'
[3.293s] Level 1:colcon.colcon_core.package_identification:_identify(Arducam-Pivariety-V4L2-Driver) by extensions ['colcon_meta']
[3.294s] Level 1:colcon.colcon_core.package_identification:_identify(Arducam-Pivariety-V4L2-Driver) by extension 'colcon_meta'
[3.294s] Level 1:colcon.colcon_core.package_identification:_identify(Arducam-Pivariety-V4L2-Driver) by extensions ['ros']
[3.294s] Level 1:colcon.colcon_core.package_identification:_identify(Arducam-Pivariety-V4L2-Driver) by extension 'ros'
[3.295s] Level 1:colcon.colcon_core.package_identification:_identify(Arducam-Pivariety-V4L2-Driver) by extensions ['cmake', 'python']
[3.296s] Level 1:colcon.colcon_core.package_identification:_identify(Arducam-Pivariety-V4L2-Driver) by extension 'cmake'
[3.296s] Level 1:colcon.colcon_core.package_identification:_identify(Arducam-Pivariety-V4L2-Driver) by extension 'python'
[3.297s] Level 1:colcon.colcon_core.package_identification:_identify(Arducam-Pivariety-V4L2-Driver) by extensions ['python_setup_py']
[3.297s] Level 1:colcon.colcon_core.package_identification:_identify(Arducam-Pivariety-V4L2-Driver) by extension 'python_setup_py'
[3.298s] Level 1:colcon.colcon_core.package_identification:_identify(Arducam-Pivariety-V4L2-Driver/Release) by extensions ['ignore', 'ignore_ament_install']
[3.299s] Level 1:colcon.colcon_core.package_identification:_identify(Arducam-Pivariety-V4L2-Driver/Release) by extension 'ignore'
[3.300s] Level 1:colcon.colcon_core.package_identification:_identify(Arducam-Pivariety-V4L2-Driver/Release) by extension 'ignore_ament_install'
[3.301s] Level 1:colcon.colcon_core.package_identification:_identify(Arducam-Pivariety-V4L2-Driver/Release) by extensions ['colcon_pkg']
[3.301s] Level 1:colcon.colcon_core.package_identification:_identify(Arducam-Pivariety-V4L2-Driver/Release) by extension 'colcon_pkg'
[3.301s] Level 1:colcon.colcon_core.package_identification:_identify(Arducam-Pivariety-V4L2-Driver/Release) by extensions ['colcon_meta']
[3.302s] Level 1:colcon.colcon_core.package_identification:_identify(Arducam-Pivariety-V4L2-Driver/Release) by extension 'colcon_meta'
[3.302s] Level 1:colcon.colcon_core.package_identification:_identify(Arducam-Pivariety-V4L2-Driver/Release) by extensions ['ros']
[3.303s] Level 1:colcon.colcon_core.package_identification:_identify(Arducam-Pivariety-V4L2-Driver/Release) by extension 'ros'
[3.304s] Level 1:colcon.colcon_core.package_identification:_identify(Arducam-Pivariety-V4L2-Driver/Release) by extensions ['cmake', 'python']
[3.304s] Level 1:colcon.colcon_core.package_identification:_identify(Arducam-Pivariety-V4L2-Driver/Release) by extension 'cmake'
[3.305s] Level 1:colcon.colcon_core.package_identification:_identify(Arducam-Pivariety-V4L2-Driver/Release) by extension 'python'
[3.305s] Level 1:colcon.colcon_core.package_identification:_identify(Arducam-Pivariety-V4L2-Driver/Release) by extensions ['python_setup_py']
[3.305s] Level 1:colcon.colcon_core.package_identification:_identify(Arducam-Pivariety-V4L2-Driver/Release) by extension 'python_setup_py'
[3.307s] Level 1:colcon.colcon_core.package_identification:_identify(Arducam-Pivariety-V4L2-Driver/Release/bin) by extensions ['ignore', 'ignore_ament_install']
[3.308s] Level 1:colcon.colcon_core.package_identification:_identify(Arducam-Pivariety-V4L2-Driver/Release/bin) by extension 'ignore'
[3.308s] Level 1:colcon.colcon_core.package_identification:_identify(Arducam-Pivariety-V4L2-Driver/Release/bin) by extension 'ignore_ament_install'
[3.309s] Level 1:colcon.colcon_core.package_identification:_identify(Arducam-Pivariety-V4L2-Driver/Release/bin) by extensions ['colcon_pkg']
[3.309s] Level 1:colcon.colcon_core.package_identification:_identify(Arducam-Pivariety-V4L2-Driver/Release/bin) by extension 'colcon_pkg'
[3.310s] Level 1:colcon.colcon_core.package_identification:_identify(Arducam-Pivariety-V4L2-Driver/Release/bin) by extensions ['colcon_meta']
[3.310s] Level 1:colcon.colcon_core.package_identification:_identify(Arducam-Pivariety-V4L2-Driver/Release/bin) by extension 'colcon_meta'
[3.311s] Level 1:colcon.colcon_core.package_identification:_identify(Arducam-Pivariety-V4L2-Driver/Release/bin) by extensions ['ros']
[3.311s] Level 1:colcon.colcon_core.package_identification:_identify(Arducam-Pivariety-V4L2-Driver/Release/bin) by extension 'ros'
[3.312s] Level 1:colcon.colcon_core.package_identification:_identify(Arducam-Pivariety-V4L2-Driver/Release/bin) by extensions ['cmake', 'python']
[3.313s] Level 1:colcon.colcon_core.package_identification:_identify(Arducam-Pivariety-V4L2-Driver/Release/bin) by extension 'cmake'
[3.313s] Level 1:colcon.colcon_core.package_identification:_identify(Arducam-Pivariety-V4L2-Driver/Release/bin) by extension 'python'
[3.314s] Level 1:colcon.colcon_core.package_identification:_identify(Arducam-Pivariety-V4L2-Driver/Release/bin) by extensions ['python_setup_py']
[3.314s] Level 1:colcon.colcon_core.package_identification:_identify(Arducam-Pivariety-V4L2-Driver/Release/bin) by extension 'python_setup_py'
[3.315s] Level 1:colcon.colcon_core.package_identification:_identify(Arducam-Pivariety-V4L2-Driver/Release/bin/5.10.17+) by extensions ['ignore', 'ignore_ament_install']
[3.316s] Level 1:colcon.colcon_core.package_identification:_identify(Arducam-Pivariety-V4L2-Driver/Release/bin/5.10.17+) by extension 'ignore'
[3.317s] Level 1:colcon.colcon_core.package_identification:_identify(Arducam-Pivariety-V4L2-Driver/Release/bin/5.10.17+) by extension 'ignore_ament_install'
[3.317s] Level 1:colcon.colcon_core.package_identification:_identify(Arducam-Pivariety-V4L2-Driver/Release/bin/5.10.17+) by extensions ['colcon_pkg']
[3.318s] Level 1:colcon.colcon_core.package_identification:_identify(Arducam-Pivariety-V4L2-Driver/Release/bin/5.10.17+) by extension 'colcon_pkg'
[3.318s] Level 1:colcon.colcon_core.package_identification:_identify(Arducam-Pivariety-V4L2-Driver/Release/bin/5.10.17+) by extensions ['colcon_meta']
[3.319s] Level 1:colcon.colcon_core.package_identification:_identify(Arducam-Pivariety-V4L2-Driver/Release/bin/5.10.17+) by extension 'colcon_meta'
[3.319s] Level 1:colcon.colcon_core.package_identification:_identify(Arducam-Pivariety-V4L2-Driver/Release/bin/5.10.17+) by extensions ['ros']
[3.320s] Level 1:colcon.colcon_core.package_identification:_identify(Arducam-Pivariety-V4L2-Driver/Release/bin/5.10.17+) by extension 'ros'
[3.321s] Level 1:colcon.colcon_core.package_identification:_identify(Arducam-Pivariety-V4L2-Driver/Release/bin/5.10.17+) by extensions ['cmake', 'python']
[3.321s] Level 1:colcon.colcon_core.package_identification:_identify(Arducam-Pivariety-V4L2-Driver/Release/bin/5.10.17+) by extension 'cmake'
[3.322s] Level 1:colcon.colcon_core.package_identification:_identify(Arducam-Pivariety-V4L2-Driver/Release/bin/5.10.17+) by extension 'python'
[3.322s] Level 1:colcon.colcon_core.package_identification:_identify(Arducam-Pivariety-V4L2-Driver/Release/bin/5.10.17+) by extensions ['python_setup_py']
[3.322s] Level 1:colcon.colcon_core.package_identification:_identify(Arducam-Pivariety-V4L2-Driver/Release/bin/5.10.17+) by extension 'python_setup_py'
[3.324s] Level 1:colcon.colcon_core.package_identification:_identify(Arducam-Pivariety-V4L2-Driver/Release/bin/5.10.17-v7+) by extensions ['ignore', 'ignore_ament_install']
[3.325s] Level 1:colcon.colcon_core.package_identification:_identify(Arducam-Pivariety-V4L2-Driver/Release/bin/5.10.17-v7+) by extension 'ignore'
[3.325s] Level 1:colcon.colcon_core.package_identification:_identify(Arducam-Pivariety-V4L2-Driver/Release/bin/5.10.17-v7+) by extension 'ignore_ament_install'
[3.326s] Level 1:colcon.colcon_core.package_identification:_identify(Arducam-Pivariety-V4L2-Driver/Release/bin/5.10.17-v7+) by extensions ['colcon_pkg']
[3.326s] Level 1:colcon.colcon_core.package_identification:_identify(Arducam-Pivariety-V4L2-Driver/Release/bin/5.10.17-v7+) by extension 'colcon_pkg'
[3.327s] Level 1:colcon.colcon_core.package_identification:_identify(Arducam-Pivariety-V4L2-Driver/Release/bin/5.10.17-v7+) by extensions ['colcon_meta']
[3.327s] Level 1:colcon.colcon_core.package_identification:_identify(Arducam-Pivariety-V4L2-Driver/Release/bin/5.10.17-v7+) by extension 'colcon_meta'
[3.328s] Level 1:colcon.colcon_core.package_identification:_identify(Arducam-Pivariety-V4L2-Driver/Release/bin/5.10.17-v7+) by extensions ['ros']
[3.328s] Level 1:colcon.colcon_core.package_identification:_identify(Arducam-Pivariety-V4L2-Driver/Release/bin/5.10.17-v7+) by extension 'ros'
[3.329s] Level 1:colcon.colcon_core.package_identification:_identify(Arducam-Pivariety-V4L2-Driver/Release/bin/5.10.17-v7+) by extensions ['cmake', 'python']
[3.330s] Level 1:colcon.colcon_core.package_identification:_identify(Arducam-Pivariety-V4L2-Driver/Release/bin/5.10.17-v7+) by extension 'cmake'
[3.330s] Level 1:colcon.colcon_core.package_identification:_identify(Arducam-Pivariety-V4L2-Driver/Release/bin/5.10.17-v7+) by extension 'python'
[3.331s] Level 1:colcon.colcon_core.package_identification:_identify(Arducam-Pivariety-V4L2-Driver/Release/bin/5.10.17-v7+) by extensions ['python_setup_py']
[3.331s] Level 1:colcon.colcon_core.package_identification:_identify(Arducam-Pivariety-V4L2-Driver/Release/bin/5.10.17-v7+) by extension 'python_setup_py'
[3.333s] Level 1:colcon.colcon_core.package_identification:_identify(Arducam-Pivariety-V4L2-Driver/Release/bin/5.10.17-v7l+) by extensions ['ignore', 'ignore_ament_install']
[3.333s] Level 1:colcon.colcon_core.package_identification:_identify(Arducam-Pivariety-V4L2-Driver/Release/bin/5.10.17-v7l+) by extension 'ignore'
[3.334s] Level 1:colcon.colcon_core.package_identification:_identify(Arducam-Pivariety-V4L2-Driver/Release/bin/5.10.17-v7l+) by extension 'ignore_ament_install'
[3.335s] Level 1:colcon.colcon_core.package_identification:_identify(Arducam-Pivariety-V4L2-Driver/Release/bin/5.10.17-v7l+) by extensions ['colcon_pkg']
[3.335s] Level 1:colcon.colcon_core.package_identification:_identify(Arducam-Pivariety-V4L2-Driver/Release/bin/5.10.17-v7l+) by extension 'colcon_pkg'
[3.336s] Level 1:colcon.colcon_core.package_identification:_identify(Arducam-Pivariety-V4L2-Driver/Release/bin/5.10.17-v7l+) by extensions ['colcon_meta']
[3.336s] Level 1:colcon.colcon_core.package_identification:_identify(Arducam-Pivariety-V4L2-Driver/Release/bin/5.10.17-v7l+) by extension 'colcon_meta'
[3.337s] Level 1:colcon.colcon_core.package_identification:_identify(Arducam-Pivariety-V4L2-Driver/Release/bin/5.10.17-v7l+) by extensions ['ros']
[3.337s] Level 1:colcon.colcon_core.package_identification:_identify(Arducam-Pivariety-V4L2-Driver/Release/bin/5.10.17-v7l+) by extension 'ros'
[3.338s] Level 1:colcon.colcon_core.package_identification:_identify(Arducam-Pivariety-V4L2-Driver/Release/bin/5.10.17-v7l+) by extensions ['cmake', 'python']
[3.338s] Level 1:colcon.colcon_core.package_identification:_identify(Arducam-Pivariety-V4L2-Driver/Release/bin/5.10.17-v7l+) by extension 'cmake'
[3.339s] Level 1:colcon.colcon_core.package_identification:_identify(Arducam-Pivariety-V4L2-Driver/Release/bin/5.10.17-v7l+) by extension 'python'
[3.339s] Level 1:colcon.colcon_core.package_identification:_identify(Arducam-Pivariety-V4L2-Driver/Release/bin/5.10.17-v7l+) by extensions ['python_setup_py']
[3.340s] Level 1:colcon.colcon_core.package_identification:_identify(Arducam-Pivariety-V4L2-Driver/Release/bin/5.10.17-v7l+) by extension 'python_setup_py'
[3.341s] Level 1:colcon.colcon_core.package_identification:_identify(Arducam-Pivariety-V4L2-Driver/Release/bin/5.10.52+) by extensions ['ignore', 'ignore_ament_install']
[3.342s] Level 1:colcon.colcon_core.package_identification:_identify(Arducam-Pivariety-V4L2-Driver/Release/bin/5.10.52+) by extension 'ignore'
[3.343s] Level 1:colcon.colcon_core.package_identification:_identify(Arducam-Pivariety-V4L2-Driver/Release/bin/5.10.52+) by extension 'ignore_ament_install'
[3.343s] Level 1:colcon.colcon_core.package_identification:_identify(Arducam-Pivariety-V4L2-Driver/Release/bin/5.10.52+) by extensions ['colcon_pkg']
[3.344s] Level 1:colcon.colcon_core.package_identification:_identify(Arducam-Pivariety-V4L2-Driver/Release/bin/5.10.52+) by extension 'colcon_pkg'
[3.344s] Level 1:colcon.colcon_core.package_identification:_identify(Arducam-Pivariety-V4L2-Driver/Release/bin/5.10.52+) by extensions ['colcon_meta']
[3.345s] Level 1:colcon.colcon_core.package_identification:_identify(Arducam-Pivariety-V4L2-Driver/Release/bin/5.10.52+) by extension 'colcon_meta'
[3.345s] Level 1:colcon.colcon_core.package_identification:_identify(Arducam-Pivariety-V4L2-Driver/Release/bin/5.10.52+) by extensions ['ros']
[3.346s] Level 1:colcon.colcon_core.package_identification:_identify(Arducam-Pivariety-V4L2-Driver/Release/bin/5.10.52+) by extension 'ros'
[3.347s] Level 1:colcon.colcon_core.package_identification:_identify(Arducam-Pivariety-V4L2-Driver/Release/bin/5.10.52+) by extensions ['cmake', 'python']
[3.347s] Level 1:colcon.colcon_core.package_identification:_identify(Arducam-Pivariety-V4L2-Driver/Release/bin/5.10.52+) by extension 'cmake'
[3.348s] Level 1:colcon.colcon_core.package_identification:_identify(Arducam-Pivariety-V4L2-Driver/Release/bin/5.10.52+) by extension 'python'
[3.348s] Level 1:colcon.colcon_core.package_identification:_identify(Arducam-Pivariety-V4L2-Driver/Release/bin/5.10.52+) by extensions ['python_setup_py']
[3.349s] Level 1:colcon.colcon_core.package_identification:_identify(Arducam-Pivariety-V4L2-Driver/Release/bin/5.10.52+) by extension 'python_setup_py'
[3.350s] Level 1:colcon.colcon_core.package_identification:_identify(Arducam-Pivariety-V4L2-Driver/Release/bin/5.10.52-v7+) by extensions ['ignore', 'ignore_ament_install']
[3.351s] Level 1:colcon.colcon_core.package_identification:_identify(Arducam-Pivariety-V4L2-Driver/Release/bin/5.10.52-v7+) by extension 'ignore'
[3.351s] Level 1:colcon.colcon_core.package_identification:_identify(Arducam-Pivariety-V4L2-Driver/Release/bin/5.10.52-v7+) by extension 'ignore_ament_install'
[3.352s] Level 1:colcon.colcon_core.package_identification:_identify(Arducam-Pivariety-V4L2-Driver/Release/bin/5.10.52-v7+) by extensions ['colcon_pkg']
[3.352s] Level 1:colcon.colcon_core.package_identification:_identify(Arducam-Pivariety-V4L2-Driver/Release/bin/5.10.52-v7+) by extension 'colcon_pkg'
[3.353s] Level 1:colcon.colcon_core.package_identification:_identify(Arducam-Pivariety-V4L2-Driver/Release/bin/5.10.52-v7+) by extensions ['colcon_meta']
[3.353s] Level 1:colcon.colcon_core.package_identification:_identify(Arducam-Pivariety-V4L2-Driver/Release/bin/5.10.52-v7+) by extension 'colcon_meta'
[3.354s] Level 1:colcon.colcon_core.package_identification:_identify(Arducam-Pivariety-V4L2-Driver/Release/bin/5.10.52-v7+) by extensions ['ros']
[3.354s] Level 1:colcon.colcon_core.package_identification:_identify(Arducam-Pivariety-V4L2-Driver/Release/bin/5.10.52-v7+) by extension 'ros'
[3.355s] Level 1:colcon.colcon_core.package_identification:_identify(Arducam-Pivariety-V4L2-Driver/Release/bin/5.10.52-v7+) by extensions ['cmake', 'python']
[3.356s] Level 1:colcon.colcon_core.package_identification:_identify(Arducam-Pivariety-V4L2-Driver/Release/bin/5.10.52-v7+) by extension 'cmake'
[3.356s] Level 1:colcon.colcon_core.package_identification:_identify(Arducam-Pivariety-V4L2-Driver/Release/bin/5.10.52-v7+) by extension 'python'
[3.357s] Level 1:colcon.colcon_core.package_identification:_identify(Arducam-Pivariety-V4L2-Driver/Release/bin/5.10.52-v7+) by extensions ['python_setup_py']
[3.357s] Level 1:colcon.colcon_core.package_identification:_identify(Arducam-Pivariety-V4L2-Driver/Release/bin/5.10.52-v7+) by extension 'python_setup_py'
[3.358s] Level 1:colcon.colcon_core.package_identification:_identify(Arducam-Pivariety-V4L2-Driver/Release/bin/5.10.52-v7l+) by extensions ['ignore', 'ignore_ament_install']
[3.359s] Level 1:colcon.colcon_core.package_identification:_identify(Arducam-Pivariety-V4L2-Driver/Release/bin/5.10.52-v7l+) by extension 'ignore'
[3.360s] Level 1:colcon.colcon_core.package_identification:_identify(Arducam-Pivariety-V4L2-Driver/Release/bin/5.10.52-v7l+) by extension 'ignore_ament_install'
[3.361s] Level 1:colcon.colcon_core.package_identification:_identify(Arducam-Pivariety-V4L2-Driver/Release/bin/5.10.52-v7l+) by extensions ['colcon_pkg']
[3.361s] Level 1:colcon.colcon_core.package_identification:_identify(Arducam-Pivariety-V4L2-Driver/Release/bin/5.10.52-v7l+) by extension 'colcon_pkg'
[3.362s] Level 1:colcon.colcon_core.package_identification:_identify(Arducam-Pivariety-V4L2-Driver/Release/bin/5.10.52-v7l+) by extensions ['colcon_meta']
[3.362s] Level 1:colcon.colcon_core.package_identification:_identify(Arducam-Pivariety-V4L2-Driver/Release/bin/5.10.52-v7l+) by extension 'colcon_meta'
[3.363s] Level 1:colcon.colcon_core.package_identification:_identify(Arducam-Pivariety-V4L2-Driver/Release/bin/5.10.52-v7l+) by extensions ['ros']
[3.363s] Level 1:colcon.colcon_core.package_identification:_identify(Arducam-Pivariety-V4L2-Driver/Release/bin/5.10.52-v7l+) by extension 'ros'
[3.364s] Level 1:colcon.colcon_core.package_identification:_identify(Arducam-Pivariety-V4L2-Driver/Release/bin/5.10.52-v7l+) by extensions ['cmake', 'python']
[3.364s] Level 1:colcon.colcon_core.package_identification:_identify(Arducam-Pivariety-V4L2-Driver/Release/bin/5.10.52-v7l+) by extension 'cmake'
[3.365s] Level 1:colcon.colcon_core.package_identification:_identify(Arducam-Pivariety-V4L2-Driver/Release/bin/5.10.52-v7l+) by extension 'python'
[3.365s] Level 1:colcon.colcon_core.package_identification:_identify(Arducam-Pivariety-V4L2-Driver/Release/bin/5.10.52-v7l+) by extensions ['python_setup_py']
[3.366s] Level 1:colcon.colcon_core.package_identification:_identify(Arducam-Pivariety-V4L2-Driver/Release/bin/5.10.52-v7l+) by extension 'python_setup_py'
[3.367s] Level 1:colcon.colcon_core.package_identification:_identify(Arducam-Pivariety-V4L2-Driver/Release/bin/5.10.60+) by extensions ['ignore', 'ignore_ament_install']
[3.368s] Level 1:colcon.colcon_core.package_identification:_identify(Arducam-Pivariety-V4L2-Driver/Release/bin/5.10.60+) by extension 'ignore'
[3.369s] Level 1:colcon.colcon_core.package_identification:_identify(Arducam-Pivariety-V4L2-Driver/Release/bin/5.10.60+) by extension 'ignore_ament_install'
[3.369s] Level 1:colcon.colcon_core.package_identification:_identify(Arducam-Pivariety-V4L2-Driver/Release/bin/5.10.60+) by extensions ['colcon_pkg']
[3.370s] Level 1:colcon.colcon_core.package_identification:_identify(Arducam-Pivariety-V4L2-Driver/Release/bin/5.10.60+) by extension 'colcon_pkg'
[3.370s] Level 1:colcon.colcon_core.package_identification:_identify(Arducam-Pivariety-V4L2-Driver/Release/bin/5.10.60+) by extensions ['colcon_meta']
[3.371s] Level 1:colcon.colcon_core.package_identification:_identify(Arducam-Pivariety-V4L2-Driver/Release/bin/5.10.60+) by extension 'colcon_meta'
[3.371s] Level 1:colcon.colcon_core.package_identification:_identify(Arducam-Pivariety-V4L2-Driver/Release/bin/5.10.60+) by extensions ['ros']
[3.372s] Level 1:colcon.colcon_core.package_identification:_identify(Arducam-Pivariety-V4L2-Driver/Release/bin/5.10.60+) by extension 'ros'
[3.373s] Level 1:colcon.colcon_core.package_identification:_identify(Arducam-Pivariety-V4L2-Driver/Release/bin/5.10.60+) by extensions ['cmake', 'python']
[3.373s] Level 1:colcon.colcon_core.package_identification:_identify(Arducam-Pivariety-V4L2-Driver/Release/bin/5.10.60+) by extension 'cmake'
[3.374s] Level 1:colcon.colcon_core.package_identification:_identify(Arducam-Pivariety-V4L2-Driver/Release/bin/5.10.60+) by extension 'python'
[3.374s] Level 1:colcon.colcon_core.package_identification:_identify(Arducam-Pivariety-V4L2-Driver/Release/bin/5.10.60+) by extensions ['python_setup_py']
[3.374s] Level 1:colcon.colcon_core.package_identification:_identify(Arducam-Pivariety-V4L2-Driver/Release/bin/5.10.60+) by extension 'python_setup_py'
[3.376s] Level 1:colcon.colcon_core.package_identification:_identify(Arducam-Pivariety-V4L2-Driver/Release/bin/5.10.60-v7+) by extensions ['ignore', 'ignore_ament_install']
[3.377s] Level 1:colcon.colcon_core.package_identification:_identify(Arducam-Pivariety-V4L2-Driver/Release/bin/5.10.60-v7+) by extension 'ignore'
[3.377s] Level 1:colcon.colcon_core.package_identification:_identify(Arducam-Pivariety-V4L2-Driver/Release/bin/5.10.60-v7+) by extension 'ignore_ament_install'
[3.378s] Level 1:colcon.colcon_core.package_identification:_identify(Arducam-Pivariety-V4L2-Driver/Release/bin/5.10.60-v7+) by extensions ['colcon_pkg']
[3.378s] Level 1:colcon.colcon_core.package_identification:_identify(Arducam-Pivariety-V4L2-Driver/Release/bin/5.10.60-v7+) by extension 'colcon_pkg'
[3.379s] Level 1:colcon.colcon_core.package_identification:_identify(Arducam-Pivariety-V4L2-Driver/Release/bin/5.10.60-v7+) by extensions ['colcon_meta']
[3.379s] Level 1:colcon.colcon_core.package_identification:_identify(Arducam-Pivariety-V4L2-Driver/Release/bin/5.10.60-v7+) by extension 'colcon_meta'
[3.380s] Level 1:colcon.colcon_core.package_identification:_identify(Arducam-Pivariety-V4L2-Driver/Release/bin/5.10.60-v7+) by extensions ['ros']
[3.380s] Level 1:colcon.colcon_core.package_identification:_identify(Arducam-Pivariety-V4L2-Driver/Release/bin/5.10.60-v7+) by extension 'ros'
[3.381s] Level 1:colcon.colcon_core.package_identification:_identify(Arducam-Pivariety-V4L2-Driver/Release/bin/5.10.60-v7+) by extensions ['cmake', 'python']
[3.382s] Level 1:colcon.colcon_core.package_identification:_identify(Arducam-Pivariety-V4L2-Driver/Release/bin/5.10.60-v7+) by extension 'cmake'
[3.382s] Level 1:colcon.colcon_core.package_identification:_identify(Arducam-Pivariety-V4L2-Driver/Release/bin/5.10.60-v7+) by extension 'python'
[3.383s] Level 1:colcon.colcon_core.package_identification:_identify(Arducam-Pivariety-V4L2-Driver/Release/bin/5.10.60-v7+) by extensions ['python_setup_py']
[3.383s] Level 1:colcon.colcon_core.package_identification:_identify(Arducam-Pivariety-V4L2-Driver/Release/bin/5.10.60-v7+) by extension 'python_setup_py'
[3.385s] Level 1:colcon.colcon_core.package_identification:_identify(Arducam-Pivariety-V4L2-Driver/Release/bin/5.10.60-v7l+) by extensions ['ignore', 'ignore_ament_install']
[3.386s] Level 1:colcon.colcon_core.package_identification:_identify(Arducam-Pivariety-V4L2-Driver/Release/bin/5.10.60-v7l+) by extension 'ignore'
[3.386s] Level 1:colcon.colcon_core.package_identification:_identify(Arducam-Pivariety-V4L2-Driver/Release/bin/5.10.60-v7l+) by extension 'ignore_ament_install'
[3.387s] Level 1:colcon.colcon_core.package_identification:_identify(Arducam-Pivariety-V4L2-Driver/Release/bin/5.10.60-v7l+) by extensions ['colcon_pkg']
[3.387s] Level 1:colcon.colcon_core.package_identification:_identify(Arducam-Pivariety-V4L2-Driver/Release/bin/5.10.60-v7l+) by extension 'colcon_pkg'
[3.388s] Level 1:colcon.colcon_core.package_identification:_identify(Arducam-Pivariety-V4L2-Driver/Release/bin/5.10.60-v7l+) by extensions ['colcon_meta']
[3.388s] Level 1:colcon.colcon_core.package_identification:_identify(Arducam-Pivariety-V4L2-Driver/Release/bin/5.10.60-v7l+) by extension 'colcon_meta'
[3.389s] Level 1:colcon.colcon_core.package_identification:_identify(Arducam-Pivariety-V4L2-Driver/Release/bin/5.10.60-v7l+) by extensions ['ros']
[3.389s] Level 1:colcon.colcon_core.package_identification:_identify(Arducam-Pivariety-V4L2-Driver/Release/bin/5.10.60-v7l+) by extension 'ros'
[3.390s] Level 1:colcon.colcon_core.package_identification:_identify(Arducam-Pivariety-V4L2-Driver/Release/bin/5.10.60-v7l+) by extensions ['cmake', 'python']
[3.390s] Level 1:colcon.colcon_core.package_identification:_identify(Arducam-Pivariety-V4L2-Driver/Release/bin/5.10.60-v7l+) by extension 'cmake'
[3.391s] Level 1:colcon.colcon_core.package_identification:_identify(Arducam-Pivariety-V4L2-Driver/Release/bin/5.10.60-v7l+) by extension 'python'
[3.391s] Level 1:colcon.colcon_core.package_identification:_identify(Arducam-Pivariety-V4L2-Driver/Release/bin/5.10.60-v7l+) by extensions ['python_setup_py']
[3.392s] Level 1:colcon.colcon_core.package_identification:_identify(Arducam-Pivariety-V4L2-Driver/Release/bin/5.10.60-v7l+) by extension 'python_setup_py'
[3.393s] Level 1:colcon.colcon_core.package_identification:_identify(Arducam-Pivariety-V4L2-Driver/Release/bin/5.10.63+) by extensions ['ignore', 'ignore_ament_install']
[3.394s] Level 1:colcon.colcon_core.package_identification:_identify(Arducam-Pivariety-V4L2-Driver/Release/bin/5.10.63+) by extension 'ignore'
[3.395s] Level 1:colcon.colcon_core.package_identification:_identify(Arducam-Pivariety-V4L2-Driver/Release/bin/5.10.63+) by extension 'ignore_ament_install'
[3.396s] Level 1:colcon.colcon_core.package_identification:_identify(Arducam-Pivariety-V4L2-Driver/Release/bin/5.10.63+) by extensions ['colcon_pkg']
[3.396s] Level 1:colcon.colcon_core.package_identification:_identify(Arducam-Pivariety-V4L2-Driver/Release/bin/5.10.63+) by extension 'colcon_pkg'
[3.396s] Level 1:colcon.colcon_core.package_identification:_identify(Arducam-Pivariety-V4L2-Driver/Release/bin/5.10.63+) by extensions ['colcon_meta']
[3.397s] Level 1:colcon.colcon_core.package_identification:_identify(Arducam-Pivariety-V4L2-Driver/Release/bin/5.10.63+) by extension 'colcon_meta'
[3.397s] Level 1:colcon.colcon_core.package_identification:_identify(Arducam-Pivariety-V4L2-Driver/Release/bin/5.10.63+) by extensions ['ros']
[3.398s] Level 1:colcon.colcon_core.package_identification:_identify(Arducam-Pivariety-V4L2-Driver/Release/bin/5.10.63+) by extension 'ros'
[3.399s] Level 1:colcon.colcon_core.package_identification:_identify(Arducam-Pivariety-V4L2-Driver/Release/bin/5.10.63+) by extensions ['cmake', 'python']
[3.399s] Level 1:colcon.colcon_core.package_identification:_identify(Arducam-Pivariety-V4L2-Driver/Release/bin/5.10.63+) by extension 'cmake'
[3.400s] Level 1:colcon.colcon_core.package_identification:_identify(Arducam-Pivariety-V4L2-Driver/Release/bin/5.10.63+) by extension 'python'
[3.400s] Level 1:colcon.colcon_core.package_identification:_identify(Arducam-Pivariety-V4L2-Driver/Release/bin/5.10.63+) by extensions ['python_setup_py']
[3.401s] Level 1:colcon.colcon_core.package_identification:_identify(Arducam-Pivariety-V4L2-Driver/Release/bin/5.10.63+) by extension 'python_setup_py'
[3.402s] Level 1:colcon.colcon_core.package_identification:_identify(Arducam-Pivariety-V4L2-Driver/Release/bin/5.10.63-v7+) by extensions ['ignore', 'ignore_ament_install']
[3.403s] Level 1:colcon.colcon_core.package_identification:_identify(Arducam-Pivariety-V4L2-Driver/Release/bin/5.10.63-v7+) by extension 'ignore'
[3.404s] Level 1:colcon.colcon_core.package_identification:_identify(Arducam-Pivariety-V4L2-Driver/Release/bin/5.10.63-v7+) by extension 'ignore_ament_install'
[3.405s] Level 1:colcon.colcon_core.package_identification:_identify(Arducam-Pivariety-V4L2-Driver/Release/bin/5.10.63-v7+) by extensions ['colcon_pkg']
[3.405s] Level 1:colcon.colcon_core.package_identification:_identify(Arducam-Pivariety-V4L2-Driver/Release/bin/5.10.63-v7+) by extension 'colcon_pkg'
[3.405s] Level 1:colcon.colcon_core.package_identification:_identify(Arducam-Pivariety-V4L2-Driver/Release/bin/5.10.63-v7+) by extensions ['colcon_meta']
[3.406s] Level 1:colcon.colcon_core.package_identification:_identify(Arducam-Pivariety-V4L2-Driver/Release/bin/5.10.63-v7+) by extension 'colcon_meta'
[3.406s] Level 1:colcon.colcon_core.package_identification:_identify(Arducam-Pivariety-V4L2-Driver/Release/bin/5.10.63-v7+) by extensions ['ros']
[3.407s] Level 1:colcon.colcon_core.package_identification:_identify(Arducam-Pivariety-V4L2-Driver/Release/bin/5.10.63-v7+) by extension 'ros'
[3.408s] Level 1:colcon.colcon_core.package_identification:_identify(Arducam-Pivariety-V4L2-Driver/Release/bin/5.10.63-v7+) by extensions ['cmake', 'python']
[3.408s] Level 1:colcon.colcon_core.package_identification:_identify(Arducam-Pivariety-V4L2-Driver/Release/bin/5.10.63-v7+) by extension 'cmake'
[3.409s] Level 1:colcon.colcon_core.package_identification:_identify(Arducam-Pivariety-V4L2-Driver/Release/bin/5.10.63-v7+) by extension 'python'
[3.409s] Level 1:colcon.colcon_core.package_identification:_identify(Arducam-Pivariety-V4L2-Driver/Release/bin/5.10.63-v7+) by extensions ['python_setup_py']
[3.409s] Level 1:colcon.colcon_core.package_identification:_identify(Arducam-Pivariety-V4L2-Driver/Release/bin/5.10.63-v7+) by extension 'python_setup_py'
[3.411s] Level 1:colcon.colcon_core.package_identification:_identify(Arducam-Pivariety-V4L2-Driver/Release/bin/5.10.63-v7l+) by extensions ['ignore', 'ignore_ament_install']
[3.412s] Level 1:colcon.colcon_core.package_identification:_identify(Arducam-Pivariety-V4L2-Driver/Release/bin/5.10.63-v7l+) by extension 'ignore'
[3.413s] Level 1:colcon.colcon_core.package_identification:_identify(Arducam-Pivariety-V4L2-Driver/Release/bin/5.10.63-v7l+) by extension 'ignore_ament_install'
[3.413s] Level 1:colcon.colcon_core.package_identification:_identify(Arducam-Pivariety-V4L2-Driver/Release/bin/5.10.63-v7l+) by extensions ['colcon_pkg']
[3.413s] Level 1:colcon.colcon_core.package_identification:_identify(Arducam-Pivariety-V4L2-Driver/Release/bin/5.10.63-v7l+) by extension 'colcon_pkg'
[3.414s] Level 1:colcon.colcon_core.package_identification:_identify(Arducam-Pivariety-V4L2-Driver/Release/bin/5.10.63-v7l+) by extensions ['colcon_meta']
[3.414s] Level 1:colcon.colcon_core.package_identification:_identify(Arducam-Pivariety-V4L2-Driver/Release/bin/5.10.63-v7l+) by extension 'colcon_meta'
[3.415s] Level 1:colcon.colcon_core.package_identification:_identify(Arducam-Pivariety-V4L2-Driver/Release/bin/5.10.63-v7l+) by extensions ['ros']
[3.415s] Level 1:colcon.colcon_core.package_identification:_identify(Arducam-Pivariety-V4L2-Driver/Release/bin/5.10.63-v7l+) by extension 'ros'
[3.416s] Level 1:colcon.colcon_core.package_identification:_identify(Arducam-Pivariety-V4L2-Driver/Release/bin/5.10.63-v7l+) by extensions ['cmake', 'python']
[3.417s] Level 1:colcon.colcon_core.package_identification:_identify(Arducam-Pivariety-V4L2-Driver/Release/bin/5.10.63-v7l+) by extension 'cmake'
[3.417s] Level 1:colcon.colcon_core.package_identification:_identify(Arducam-Pivariety-V4L2-Driver/Release/bin/5.10.63-v7l+) by extension 'python'
[3.418s] Level 1:colcon.colcon_core.package_identification:_identify(Arducam-Pivariety-V4L2-Driver/Release/bin/5.10.63-v7l+) by extensions ['python_setup_py']
[3.418s] Level 1:colcon.colcon_core.package_identification:_identify(Arducam-Pivariety-V4L2-Driver/Release/bin/5.10.63-v7l+) by extension 'python_setup_py'
[3.420s] Level 1:colcon.colcon_core.package_identification:_identify(Arducam-Pivariety-V4L2-Driver/Release/bin/5.10.63-v8+) by extensions ['ignore', 'ignore_ament_install']
[3.421s] Level 1:colcon.colcon_core.package_identification:_identify(Arducam-Pivariety-V4L2-Driver/Release/bin/5.10.63-v8+) by extension 'ignore'
[3.421s] Level 1:colcon.colcon_core.package_identification:_identify(Arducam-Pivariety-V4L2-Driver/Release/bin/5.10.63-v8+) by extension 'ignore_ament_install'
[3.422s] Level 1:colcon.colcon_core.package_identification:_identify(Arducam-Pivariety-V4L2-Driver/Release/bin/5.10.63-v8+) by extensions ['colcon_pkg']
[3.422s] Level 1:colcon.colcon_core.package_identification:_identify(Arducam-Pivariety-V4L2-Driver/Release/bin/5.10.63-v8+) by extension 'colcon_pkg'
[3.423s] Level 1:colcon.colcon_core.package_identification:_identify(Arducam-Pivariety-V4L2-Driver/Release/bin/5.10.63-v8+) by extensions ['colcon_meta']
[3.423s] Level 1:colcon.colcon_core.package_identification:_identify(Arducam-Pivariety-V4L2-Driver/Release/bin/5.10.63-v8+) by extension 'colcon_meta'
[3.424s] Level 1:colcon.colcon_core.package_identification:_identify(Arducam-Pivariety-V4L2-Driver/Release/bin/5.10.63-v8+) by extensions ['ros']
[3.424s] Level 1:colcon.colcon_core.package_identification:_identify(Arducam-Pivariety-V4L2-Driver/Release/bin/5.10.63-v8+) by extension 'ros'
[3.425s] Level 1:colcon.colcon_core.package_identification:_identify(Arducam-Pivariety-V4L2-Driver/Release/bin/5.10.63-v8+) by extensions ['cmake', 'python']
[3.425s] Level 1:colcon.colcon_core.package_identification:_identify(Arducam-Pivariety-V4L2-Driver/Release/bin/5.10.63-v8+) by extension 'cmake'
[3.426s] Level 1:colcon.colcon_core.package_identification:_identify(Arducam-Pivariety-V4L2-Driver/Release/bin/5.10.63-v8+) by extension 'python'
[3.426s] Level 1:colcon.colcon_core.package_identification:_identify(Arducam-Pivariety-V4L2-Driver/Release/bin/5.10.63-v8+) by extensions ['python_setup_py']
[3.427s] Level 1:colcon.colcon_core.package_identification:_identify(Arducam-Pivariety-V4L2-Driver/Release/bin/5.10.63-v8+) by extension 'python_setup_py'
[3.428s] Level 1:colcon.colcon_core.package_identification:_identify(Arducam-Pivariety-V4L2-Driver/focus) by extensions ['ignore', 'ignore_ament_install']
[3.429s] Level 1:colcon.colcon_core.package_identification:_identify(Arducam-Pivariety-V4L2-Driver/focus) by extension 'ignore'
[3.430s] Level 1:colcon.colcon_core.package_identification:_identify(Arducam-Pivariety-V4L2-Driver/focus) by extension 'ignore_ament_install'
[3.430s] Level 1:colcon.colcon_core.package_identification:_identify(Arducam-Pivariety-V4L2-Driver/focus) by extensions ['colcon_pkg']
[3.431s] Level 1:colcon.colcon_core.package_identification:_identify(Arducam-Pivariety-V4L2-Driver/focus) by extension 'colcon_pkg'
[3.431s] Level 1:colcon.colcon_core.package_identification:_identify(Arducam-Pivariety-V4L2-Driver/focus) by extensions ['colcon_meta']
[3.432s] Level 1:colcon.colcon_core.package_identification:_identify(Arducam-Pivariety-V4L2-Driver/focus) by extension 'colcon_meta'
[3.432s] Level 1:colcon.colcon_core.package_identification:_identify(Arducam-Pivariety-V4L2-Driver/focus) by extensions ['ros']
[3.433s] Level 1:colcon.colcon_core.package_identification:_identify(Arducam-Pivariety-V4L2-Driver/focus) by extension 'ros'
[3.433s] Level 1:colcon.colcon_core.package_identification:_identify(Arducam-Pivariety-V4L2-Driver/focus) by extensions ['cmake', 'python']
[3.434s] Level 1:colcon.colcon_core.package_identification:_identify(Arducam-Pivariety-V4L2-Driver/focus) by extension 'cmake'
[3.434s] Level 1:colcon.colcon_core.package_identification:_identify(Arducam-Pivariety-V4L2-Driver/focus) by extension 'python'
[3.435s] Level 1:colcon.colcon_core.package_identification:_identify(Arducam-Pivariety-V4L2-Driver/focus) by extensions ['python_setup_py']
[3.435s] Level 1:colcon.colcon_core.package_identification:_identify(Arducam-Pivariety-V4L2-Driver/focus) by extension 'python_setup_py'
[3.436s] Level 1:colcon.colcon_core.package_identification:_identify(Arducam-Pivariety-V4L2-Driver/patchs) by extensions ['ignore', 'ignore_ament_install']
[3.437s] Level 1:colcon.colcon_core.package_identification:_identify(Arducam-Pivariety-V4L2-Driver/patchs) by extension 'ignore'
[3.438s] Level 1:colcon.colcon_core.package_identification:_identify(Arducam-Pivariety-V4L2-Driver/patchs) by extension 'ignore_ament_install'
[3.438s] Level 1:colcon.colcon_core.package_identification:_identify(Arducam-Pivariety-V4L2-Driver/patchs) by extensions ['colcon_pkg']
[3.439s] Level 1:colcon.colcon_core.package_identification:_identify(Arducam-Pivariety-V4L2-Driver/patchs) by extension 'colcon_pkg'
[3.439s] Level 1:colcon.colcon_core.package_identification:_identify(Arducam-Pivariety-V4L2-Driver/patchs) by extensions ['colcon_meta']
[3.440s] Level 1:colcon.colcon_core.package_identification:_identify(Arducam-Pivariety-V4L2-Driver/patchs) by extension 'colcon_meta'
[3.440s] Level 1:colcon.colcon_core.package_identification:_identify(Arducam-Pivariety-V4L2-Driver/patchs) by extensions ['ros']
[3.441s] Level 1:colcon.colcon_core.package_identification:_identify(Arducam-Pivariety-V4L2-Driver/patchs) by extension 'ros'
[3.441s] Level 1:colcon.colcon_core.package_identification:_identify(Arducam-Pivariety-V4L2-Driver/patchs) by extensions ['cmake', 'python']
[3.442s] Level 1:colcon.colcon_core.package_identification:_identify(Arducam-Pivariety-V4L2-Driver/patchs) by extension 'cmake'
[3.442s] Level 1:colcon.colcon_core.package_identification:_identify(Arducam-Pivariety-V4L2-Driver/patchs) by extension 'python'
[3.443s] Level 1:colcon.colcon_core.package_identification:_identify(Arducam-Pivariety-V4L2-Driver/patchs) by extensions ['python_setup_py']
[3.443s] Level 1:colcon.colcon_core.package_identification:_identify(Arducam-Pivariety-V4L2-Driver/patchs) by extension 'python_setup_py'
[3.445s] Level 1:colcon.colcon_core.package_identification:_identify(Arducam-Pivariety-V4L2-Driver/src) by extensions ['ignore', 'ignore_ament_install']
[3.446s] Level 1:colcon.colcon_core.package_identification:_identify(Arducam-Pivariety-V4L2-Driver/src) by extension 'ignore'
[3.446s] Level 1:colcon.colcon_core.package_identification:_identify(Arducam-Pivariety-V4L2-Driver/src) by extension 'ignore_ament_install'
[3.447s] Level 1:colcon.colcon_core.package_identification:_identify(Arducam-Pivariety-V4L2-Driver/src) by extensions ['colcon_pkg']
[3.447s] Level 1:colcon.colcon_core.package_identification:_identify(Arducam-Pivariety-V4L2-Driver/src) by extension 'colcon_pkg'
[3.448s] Level 1:colcon.colcon_core.package_identification:_identify(Arducam-Pivariety-V4L2-Driver/src) by extensions ['colcon_meta']
[3.448s] Level 1:colcon.colcon_core.package_identification:_identify(Arducam-Pivariety-V4L2-Driver/src) by extension 'colcon_meta'
[3.449s] Level 1:colcon.colcon_core.package_identification:_identify(Arducam-Pivariety-V4L2-Driver/src) by extensions ['ros']
[3.449s] Level 1:colcon.colcon_core.package_identification:_identify(Arducam-Pivariety-V4L2-Driver/src) by extension 'ros'
[3.450s] Level 1:colcon.colcon_core.package_identification:_identify(Arducam-Pivariety-V4L2-Driver/src) by extensions ['cmake', 'python']
[3.450s] Level 1:colcon.colcon_core.package_identification:_identify(Arducam-Pivariety-V4L2-Driver/src) by extension 'cmake'
[3.451s] Level 1:colcon.colcon_core.package_identification:_identify(Arducam-Pivariety-V4L2-Driver/src) by extension 'python'
[3.451s] Level 1:colcon.colcon_core.package_identification:_identify(Arducam-Pivariety-V4L2-Driver/src) by extensions ['python_setup_py']
[3.451s] Level 1:colcon.colcon_core.package_identification:_identify(Arducam-Pivariety-V4L2-Driver/src) by extension 'python_setup_py'
[3.453s] Level 1:colcon.colcon_core.package_identification:_identify(Arducam-Pivariety-V4L2-Driver/tools) by extensions ['ignore', 'ignore_ament_install']
[3.454s] Level 1:colcon.colcon_core.package_identification:_identify(Arducam-Pivariety-V4L2-Driver/tools) by extension 'ignore'
[3.454s] Level 1:colcon.colcon_core.package_identification:_identify(Arducam-Pivariety-V4L2-Driver/tools) by extension 'ignore_ament_install'
[3.455s] Level 1:colcon.colcon_core.package_identification:_identify(Arducam-Pivariety-V4L2-Driver/tools) by extensions ['colcon_pkg']
[3.455s] Level 1:colcon.colcon_core.package_identification:_identify(Arducam-Pivariety-V4L2-Driver/tools) by extension 'colcon_pkg'
[3.456s] Level 1:colcon.colcon_core.package_identification:_identify(Arducam-Pivariety-V4L2-Driver/tools) by extensions ['colcon_meta']
[3.456s] Level 1:colcon.colcon_core.package_identification:_identify(Arducam-Pivariety-V4L2-Driver/tools) by extension 'colcon_meta'
[3.457s] Level 1:colcon.colcon_core.package_identification:_identify(Arducam-Pivariety-V4L2-Driver/tools) by extensions ['ros']
[3.457s] Level 1:colcon.colcon_core.package_identification:_identify(Arducam-Pivariety-V4L2-Driver/tools) by extension 'ros'
[3.458s] Level 1:colcon.colcon_core.package_identification:_identify(Arducam-Pivariety-V4L2-Driver/tools) by extensions ['cmake', 'python']
[3.458s] Level 1:colcon.colcon_core.package_identification:_identify(Arducam-Pivariety-V4L2-Driver/tools) by extension 'cmake'
[3.459s] Level 1:colcon.colcon_core.package_identification:_identify(Arducam-Pivariety-V4L2-Driver/tools) by extension 'python'
[3.459s] Level 1:colcon.colcon_core.package_identification:_identify(Arducam-Pivariety-V4L2-Driver/tools) by extensions ['python_setup_py']
[3.460s] Level 1:colcon.colcon_core.package_identification:_identify(Arducam-Pivariety-V4L2-Driver/tools) by extension 'python_setup_py'
[3.461s] Level 1:colcon.colcon_core.package_identification:_identify(apt) by extensions ['ignore', 'ignore_ament_install']
[3.462s] Level 1:colcon.colcon_core.package_identification:_identify(apt) by extension 'ignore'
[3.462s] Level 1:colcon.colcon_core.package_identification:_identify(apt) by extension 'ignore_ament_install'
[3.463s] Level 1:colcon.colcon_core.package_identification:_identify(apt) by extensions ['colcon_pkg']
[3.463s] Level 1:colcon.colcon_core.package_identification:_identify(apt) by extension 'colcon_pkg'
[3.464s] Level 1:colcon.colcon_core.package_identification:_identify(apt) by extensions ['colcon_meta']
[3.464s] Level 1:colcon.colcon_core.package_identification:_identify(apt) by extension 'colcon_meta'
[3.464s] Level 1:colcon.colcon_core.package_identification:_identify(apt) by extensions ['ros']
[3.465s] Level 1:colcon.colcon_core.package_identification:_identify(apt) by extension 'ros'
[3.466s] Level 1:colcon.colcon_core.package_identification:_identify(apt) by extensions ['cmake', 'python']
[3.466s] Level 1:colcon.colcon_core.package_identification:_identify(apt) by extension 'cmake'
[3.466s] Level 1:colcon.colcon_core.package_identification:_identify(apt) by extension 'python'
[3.467s] Level 1:colcon.colcon_core.package_identification:_identify(apt) by extensions ['python_setup_py']
[3.467s] Level 1:colcon.colcon_core.package_identification:_identify(apt) by extension 'python_setup_py'
[3.469s] Level 1:colcon.colcon_core.package_identification:_identify(apt/auth.conf.d) by extensions ['ignore', 'ignore_ament_install']
[3.469s] Level 1:colcon.colcon_core.package_identification:_identify(apt/auth.conf.d) by extension 'ignore'
[3.470s] Level 1:colcon.colcon_core.package_identification:_identify(apt/auth.conf.d) by extension 'ignore_ament_install'
[3.471s] Level 1:colcon.colcon_core.package_identification:_identify(apt/auth.conf.d) by extensions ['colcon_pkg']
[3.471s] Level 1:colcon.colcon_core.package_identification:_identify(apt/auth.conf.d) by extension 'colcon_pkg'
[3.471s] Level 1:colcon.colcon_core.package_identification:_identify(apt/auth.conf.d) by extensions ['colcon_meta']
[3.472s] Level 1:colcon.colcon_core.package_identification:_identify(apt/auth.conf.d) by extension 'colcon_meta'
[3.472s] Level 1:colcon.colcon_core.package_identification:_identify(apt/auth.conf.d) by extensions ['ros']
[3.473s] Level 1:colcon.colcon_core.package_identification:_identify(apt/auth.conf.d) by extension 'ros'
[3.473s] Level 1:colcon.colcon_core.package_identification:_identify(apt/auth.conf.d) by extensions ['cmake', 'python']
[3.474s] Level 1:colcon.colcon_core.package_identification:_identify(apt/auth.conf.d) by extension 'cmake'
[3.474s] Level 1:colcon.colcon_core.package_identification:_identify(apt/auth.conf.d) by extension 'python'
[3.475s] Level 1:colcon.colcon_core.package_identification:_identify(apt/auth.conf.d) by extensions ['python_setup_py']
[3.475s] Level 1:colcon.colcon_core.package_identification:_identify(apt/auth.conf.d) by extension 'python_setup_py'
[3.476s] Level 1:colcon.colcon_core.package_identification:_identify(apt/keyrings) by extensions ['ignore', 'ignore_ament_install']
[3.477s] Level 1:colcon.colcon_core.package_identification:_identify(apt/keyrings) by extension 'ignore'
[3.478s] Level 1:colcon.colcon_core.package_identification:_identify(apt/keyrings) by extension 'ignore_ament_install'
[3.478s] Level 1:colcon.colcon_core.package_identification:_identify(apt/keyrings) by extensions ['colcon_pkg']
[3.479s] Level 1:colcon.colcon_core.package_identification:_identify(apt/keyrings) by extension 'colcon_pkg'
[3.479s] Level 1:colcon.colcon_core.package_identification:_identify(apt/keyrings) by extensions ['colcon_meta']
[3.480s] Level 1:colcon.colcon_core.package_identification:_identify(apt/keyrings) by extension 'colcon_meta'
[3.480s] Level 1:colcon.colcon_core.package_identification:_identify(apt/keyrings) by extensions ['ros']
[3.480s] Level 1:colcon.colcon_core.package_identification:_identify(apt/keyrings) by extension 'ros'
[3.481s] Level 1:colcon.colcon_core.package_identification:_identify(apt/keyrings) by extensions ['cmake', 'python']
[3.482s] Level 1:colcon.colcon_core.package_identification:_identify(apt/keyrings) by extension 'cmake'
[3.482s] Level 1:colcon.colcon_core.package_identification:_identify(apt/keyrings) by extension 'python'
[3.483s] Level 1:colcon.colcon_core.package_identification:_identify(apt/keyrings) by extensions ['python_setup_py']
[3.483s] Level 1:colcon.colcon_core.package_identification:_identify(apt/keyrings) by extension 'python_setup_py'
[3.484s] Level 1:colcon.colcon_core.package_identification:_identify(build) by extensions ['ignore', 'ignore_ament_install']
[3.485s] Level 1:colcon.colcon_core.package_identification:_identify(build) by extension 'ignore'
[3.486s] Level 1:colcon.colcon_core.package_identification:_identify(build) ignored
[3.487s] Level 1:colcon.colcon_core.package_identification:_identify(install) by extensions ['ignore', 'ignore_ament_install']
[3.488s] Level 1:colcon.colcon_core.package_identification:_identify(install) by extension 'ignore'
[3.489s] Level 1:colcon.colcon_core.package_identification:_identify(install) ignored
[3.493s] Level 1:colcon.colcon_core.package_identification:_identify(log) by extensions ['ignore', 'ignore_ament_install']
[3.494s] Level 1:colcon.colcon_core.package_identification:_identify(log) by extension 'ignore'
[3.495s] Level 1:colcon.colcon_core.package_identification:_identify(log) ignored
[3.496s] Level 1:colcon.colcon_core.package_identification:_identify(python) by extensions ['ignore', 'ignore_ament_install']
[3.497s] Level 1:colcon.colcon_core.package_identification:_identify(python) by extension 'ignore'
[3.497s] Level 1:colcon.colcon_core.package_identification:_identify(python) by extension 'ignore_ament_install'
[3.498s] Level 1:colcon.colcon_core.package_identification:_identify(python) by extensions ['colcon_pkg']
[3.498s] Level 1:colcon.colcon_core.package_identification:_identify(python) by extension 'colcon_pkg'
[3.499s] Level 1:colcon.colcon_core.package_identification:_identify(python) by extensions ['colcon_meta']
[3.499s] Level 1:colcon.colcon_core.package_identification:_identify(python) by extension 'colcon_meta'
[3.499s] Level 1:colcon.colcon_core.package_identification:_identify(python) by extensions ['ros']
[3.500s] Level 1:colcon.colcon_core.package_identification:_identify(python) by extension 'ros'
[3.501s] Level 1:colcon.colcon_core.package_identification:_identify(python) by extensions ['cmake', 'python']
[3.501s] Level 1:colcon.colcon_core.package_identification:_identify(python) by extension 'cmake'
[3.502s] Level 1:colcon.colcon_core.package_identification:_identify(python) by extension 'python'
[3.502s] Level 1:colcon.colcon_core.package_identification:_identify(python) by extensions ['python_setup_py']
[3.502s] Level 1:colcon.colcon_core.package_identification:_identify(python) by extension 'python_setup_py'
[3.504s] Level 1:colcon.colcon_core.package_identification:_identify(src) by extensions ['ignore', 'ignore_ament_install']
[3.505s] Level 1:colcon.colcon_core.package_identification:_identify(src) by extension 'ignore'
[3.505s] Level 1:colcon.colcon_core.package_identification:_identify(src) by extension 'ignore_ament_install'
[3.506s] Level 1:colcon.colcon_core.package_identification:_identify(src) by extensions ['colcon_pkg']
[3.506s] Level 1:colcon.colcon_core.package_identification:_identify(src) by extension 'colcon_pkg'
[3.507s] Level 1:colcon.colcon_core.package_identification:_identify(src) by extensions ['colcon_meta']
[3.507s] Level 1:colcon.colcon_core.package_identification:_identify(src) by extension 'colcon_meta'
[3.507s] Level 1:colcon.colcon_core.package_identification:_identify(src) by extensions ['ros']
[3.508s] Level 1:colcon.colcon_core.package_identification:_identify(src) by extension 'ros'
[3.509s] Level 1:colcon.colcon_core.package_identification:_identify(src) by extensions ['cmake', 'python']
[3.509s] Level 1:colcon.colcon_core.package_identification:_identify(src) by extension 'cmake'
[3.509s] Level 1:colcon.colcon_core.package_identification:_identify(src) by extension 'python'
[3.510s] Level 1:colcon.colcon_core.package_identification:_identify(src) by extensions ['python_setup_py']
[3.510s] Level 1:colcon.colcon_core.package_identification:_identify(src) by extension 'python_setup_py'
[3.512s] Level 1:colcon.colcon_core.package_identification:_identify(src/aruco_controller) by extensions ['ignore', 'ignore_ament_install']
[3.513s] Level 1:colcon.colcon_core.package_identification:_identify(src/aruco_controller) by extension 'ignore'
[3.513s] Level 1:colcon.colcon_core.package_identification:_identify(src/aruco_controller) by extension 'ignore_ament_install'
[3.514s] Level 1:colcon.colcon_core.package_identification:_identify(src/aruco_controller) by extensions ['colcon_pkg']
[3.514s] Level 1:colcon.colcon_core.package_identification:_identify(src/aruco_controller) by extension 'colcon_pkg'
[3.515s] Level 1:colcon.colcon_core.package_identification:_identify(src/aruco_controller) by extensions ['colcon_meta']
[3.515s] Level 1:colcon.colcon_core.package_identification:_identify(src/aruco_controller) by extension 'colcon_meta'
[3.516s] Level 1:colcon.colcon_core.package_identification:_identify(src/aruco_controller) by extensions ['ros']
[3.516s] Level 1:colcon.colcon_core.package_identification:_identify(src/aruco_controller) by extension 'ros'
[3.536s] DEBUG:colcon.colcon_core.package_identification:Package 'src/aruco_controller' with type 'ros.ament_python' and name 'aruco_controller'
[3.538s] Level 1:colcon.colcon_core.package_identification:_identify(src/image_pub) by extensions ['ignore', 'ignore_ament_install']
[3.538s] Level 1:colcon.colcon_core.package_identification:_identify(src/image_pub) by extension 'ignore'
[3.539s] Level 1:colcon.colcon_core.package_identification:_identify(src/image_pub) by extension 'ignore_ament_install'
[3.540s] Level 1:colcon.colcon_core.package_identification:_identify(src/image_pub) by extensions ['colcon_pkg']
[3.540s] Level 1:colcon.colcon_core.package_identification:_identify(src/image_pub) by extension 'colcon_pkg'
[3.541s] Level 1:colcon.colcon_core.package_identification:_identify(src/image_pub) by extensions ['colcon_meta']
[3.541s] Level 1:colcon.colcon_core.package_identification:_identify(src/image_pub) by extension 'colcon_meta'
[3.542s] Level 1:colcon.colcon_core.package_identification:_identify(src/image_pub) by extensions ['ros']
[3.542s] Level 1:colcon.colcon_core.package_identification:_identify(src/image_pub) by extension 'ros'
[3.548s] DEBUG:colcon.colcon_core.package_identification:Package 'src/image_pub' with type 'ros.ament_python' and name 'image_pub'
[3.549s] Level 1:colcon.colcon_core.package_identification:_identify(src/image_pubsub) by extensions ['ignore', 'ignore_ament_install']
[3.550s] Level 1:colcon.colcon_core.package_identification:_identify(src/image_pubsub) by extension 'ignore'
[3.550s] Level 1:colcon.colcon_core.package_identification:_identify(src/image_pubsub) by extension 'ignore_ament_install'
[3.551s] Level 1:colcon.colcon_core.package_identification:_identify(src/image_pubsub) by extensions ['colcon_pkg']
[3.552s] Level 1:colcon.colcon_core.package_identification:_identify(src/image_pubsub) by extension 'colcon_pkg'
[3.552s] Level 1:colcon.colcon_core.package_identification:_identify(src/image_pubsub) by extensions ['colcon_meta']
[3.552s] Level 1:colcon.colcon_core.package_identification:_identify(src/image_pubsub) by extension 'colcon_meta'
[3.553s] Level 1:colcon.colcon_core.package_identification:_identify(src/image_pubsub) by extensions ['ros']
[3.553s] Level 1:colcon.colcon_core.package_identification:_identify(src/image_pubsub) by extension 'ros'
[3.558s] DEBUG:colcon.colcon_core.package_identification:Package 'src/image_pubsub' with type 'ros.ament_python' and name 'image_pubsub'
[3.559s] Level 1:colcon.colcon_core.package_identification:_identify(src/py_pubsub) by extensions ['ignore', 'ignore_ament_install']
[3.560s] Level 1:colcon.colcon_core.package_identification:_identify(src/py_pubsub) by extension 'ignore'
[3.561s] Level 1:colcon.colcon_core.package_identification:_identify(src/py_pubsub) by extension 'ignore_ament_install'
[3.561s] Level 1:colcon.colcon_core.package_identification:_identify(src/py_pubsub) by extensions ['colcon_pkg']
[3.562s] Level 1:colcon.colcon_core.package_identification:_identify(src/py_pubsub) by extension 'colcon_pkg'
[3.562s] Level 1:colcon.colcon_core.package_identification:_identify(src/py_pubsub) by extensions ['colcon_meta']
[3.563s] Level 1:colcon.colcon_core.package_identification:_identify(src/py_pubsub) by extension 'colcon_meta'
[3.563s] Level 1:colcon.colcon_core.package_identification:_identify(src/py_pubsub) by extensions ['ros']
[3.564s] Level 1:colcon.colcon_core.package_identification:_identify(src/py_pubsub) by extension 'ros'
[3.568s] DEBUG:colcon.colcon_core.package_identification:Package 'src/py_pubsub' with type 'ros.ament_python' and name 'py_pubsub'
[3.570s] Level 1:colcon.colcon_core.package_identification:_identify(src/robot_controller) by extensions ['ignore', 'ignore_ament_install']
[3.571s] Level 1:colcon.colcon_core.package_identification:_identify(src/robot_controller) by extension 'ignore'
[3.571s] Level 1:colcon.colcon_core.package_identification:_identify(src/robot_controller) by extension 'ignore_ament_install'
[3.572s] Level 1:colcon.colcon_core.package_identification:_identify(src/robot_controller) by extensions ['colcon_pkg']
[3.572s] Level 1:colcon.colcon_core.package_identification:_identify(src/robot_controller) by extension 'colcon_pkg'
[3.573s] Level 1:colcon.colcon_core.package_identification:_identify(src/robot_controller) by extensions ['colcon_meta']
[3.573s] Level 1:colcon.colcon_core.package_identification:_identify(src/robot_controller) by extension 'colcon_meta'
[3.574s] Level 1:colcon.colcon_core.package_identification:_identify(src/robot_controller) by extensions ['ros']
[3.574s] Level 1:colcon.colcon_core.package_identification:_identify(src/robot_controller) by extension 'ros'
[3.579s] DEBUG:colcon.colcon_core.package_identification:Package 'src/robot_controller' with type 'ros.ament_python' and name 'robot_controller'
[3.580s] Level 1:colcon.colcon_core.package_identification:_identify(src/robot_controller_gui) by extensions ['ignore', 'ignore_ament_install']
[3.581s] Level 1:colcon.colcon_core.package_identification:_identify(src/robot_controller_gui) by extension 'ignore'
[3.582s] Level 1:colcon.colcon_core.package_identification:_identify(src/robot_controller_gui) by extension 'ignore_ament_install'
[3.582s] Level 1:colcon.colcon_core.package_identification:_identify(src/robot_controller_gui) by extensions ['colcon_pkg']
[3.583s] Level 1:colcon.colcon_core.package_identification:_identify(src/robot_controller_gui) by extension 'colcon_pkg'
[3.583s] Level 1:colcon.colcon_core.package_identification:_identify(src/robot_controller_gui) by extensions ['colcon_meta']
[3.583s] Level 1:colcon.colcon_core.package_identification:_identify(src/robot_controller_gui) by extension 'colcon_meta'
[3.584s] Level 1:colcon.colcon_core.package_identification:_identify(src/robot_controller_gui) by extensions ['ros']
[3.584s] Level 1:colcon.colcon_core.package_identification:_identify(src/robot_controller_gui) by extension 'ros'
[3.589s] DEBUG:colcon.colcon_core.package_identification:Package 'src/robot_controller_gui' with type 'ros.ament_python' and name 'robot_controller_gui'
[3.590s] Level 1:colcon.colcon_core.package_identification:_identify() by extensions ['ignore', 'ignore_ament_install']
[3.591s] Level 1:colcon.colcon_core.package_identification:_identify() by extension 'ignore'
[3.592s] Level 1:colcon.colcon_core.package_identification:_identify() by extension 'ignore_ament_install'
[3.593s] Level 1:colcon.colcon_core.package_identification:_identify() by extensions ['colcon_pkg']
[3.593s] Level 1:colcon.colcon_core.package_identification:_identify() by extension 'colcon_pkg'
[3.594s] Level 1:colcon.colcon_core.package_identification:_identify() by extensions ['colcon_meta']
[3.594s] Level 1:colcon.colcon_core.package_identification:_identify() by extension 'colcon_meta'
[3.594s] Level 1:colcon.colcon_core.package_identification:_identify() by extensions ['ros']
[3.595s] Level 1:colcon.colcon_core.package_identification:_identify() by extension 'ros'
[3.596s] Level 1:colcon.colcon_core.package_identification:_identify() by extensions ['cmake', 'python']
[3.596s] Level 1:colcon.colcon_core.package_identification:_identify() by extension 'cmake'
[3.597s] Level 1:colcon.colcon_core.package_identification:_identify() by extension 'python'
[3.597s] Level 1:colcon.colcon_core.package_identification:_identify() by extensions ['python_setup_py']
[3.597s] Level 1:colcon.colcon_core.package_identification:_identify() by extension 'python_setup_py'
[3.598s] Level 1:colcon.colcon_core.package_discovery:discover_packages(recursive) using defaults
[3.598s] Level 1:colcon.colcon_core.package_discovery:discover_packages(ignore) discover
[3.599s] Level 1:colcon.colcon_core.package_discovery:discover_packages(ignore) using defaults
[3.599s] Level 1:colcon.colcon_core.package_discovery:discover_packages(path) discover
[3.599s] Level 1:colcon.colcon_core.package_discovery:discover_packages(path) using defaults
[3.821s] INFO:colcon.colcon_core.package_selection:Skipping not selected package 'aruco_controller' in 'src/aruco_controller'
[3.822s] INFO:colcon.colcon_core.package_selection:Skipping not selected package 'image_pubsub' in 'src/image_pubsub'
[3.822s] INFO:colcon.colcon_core.package_selection:Skipping not selected package 'py_pubsub' in 'src/py_pubsub'
[3.823s] INFO:colcon.colcon_core.package_selection:Skipping not selected package 'robot_controller' in 'src/robot_controller'
[3.823s] INFO:colcon.colcon_core.package_selection:Skipping not selected package 'robot_controller_gui' in 'src/robot_controller_gui'
[3.827s] Level 1:colcon.colcon_core.package_discovery:discover_packages(prefix_path) check parameters
[3.828s] Level 1:colcon.colcon_core.package_discovery:discover_packages(prefix_path) discover
[3.852s] DEBUG:colcon.colcon_installed_package_information.package_discovery:Found 6 installed packages in /home/keime/ros2_ws/install
[3.869s] DEBUG:colcon.colcon_installed_package_information.package_discovery:Found 181 installed packages in /opt/ros/humble
[3.881s] Level 1:colcon.colcon_core.package_discovery:discover_packages(prefix_path) using defaults
[4.213s] Level 5:colcon.colcon_core.verb:set package 'image_pub' build argument 'cmake_args' from command line to 'None'
[4.214s] Level 5:colcon.colcon_core.verb:set package 'image_pub' build argument 'cmake_target' from command line to 'None'
[4.214s] Level 5:colcon.colcon_core.verb:set package 'image_pub' build argument 'cmake_target_skip_unavailable' from command line to 'False'
[4.215s] Level 5:colcon.colcon_core.verb:set package 'image_pub' build argument 'cmake_clean_cache' from command line to 'False'
[4.215s] Level 5:colcon.colcon_core.verb:set package 'image_pub' build argument 'cmake_clean_first' from command line to 'False'
[4.215s] Level 5:colcon.colcon_core.verb:set package 'image_pub' build argument 'cmake_force_configure' from command line to 'False'
[4.215s] Level 5:colcon.colcon_core.verb:set package 'image_pub' build argument 'ament_cmake_args' from command line to 'None'
[4.216s] Level 5:colcon.colcon_core.verb:set package 'image_pub' build argument 'catkin_cmake_args' from command line to 'None'
[4.216s] Level 5:colcon.colcon_core.verb:set package 'image_pub' build argument 'catkin_skip_building_tests' from command line to 'False'
[4.216s] DEBUG:colcon.colcon_core.verb:Building package 'image_pub' with the following arguments: {'ament_cmake_args': None, 'build_base': '/home/keime/ros2_ws/build/image_pub', 'catkin_cmake_args': None, 'catkin_skip_building_tests': False, 'cmake_args': None, 'cmake_clean_cache': False, 'cmake_clean_first': False, 'cmake_force_configure': False, 'cmake_target': None, 'cmake_target_skip_unavailable': False, 'install_base': '/home/keime/ros2_ws/install/image_pub', 'merge_install': False, 'path': '/home/keime/ros2_ws/src/image_pub', 'symlink_install': False, 'test_result_base': None}
[4.218s] INFO:colcon.colcon_core.executor:Executing jobs using 'parallel' executor
[4.225s] DEBUG:colcon.colcon_parallel_executor.executor.parallel:run_until_complete
[4.227s] INFO:colcon.colcon_ros.task.ament_python.build:Building ROS package in '/home/keime/ros2_ws/src/image_pub' with build type 'ament_python'
[4.229s] Level 1:colcon.colcon_core.shell:create_environment_hook('image_pub', 'ament_prefix_path')
[4.256s] INFO:colcon.colcon_core.plugin_system:Skipping extension 'colcon_core.shell.bat': Not used on non-Windows systems
[4.258s] INFO:colcon.colcon_core.shell:Creating environment hook '/home/keime/ros2_ws/install/image_pub/share/image_pub/hook/ament_prefix_path.ps1'
[4.264s] INFO:colcon.colcon_core.shell:Creating environment descriptor '/home/keime/ros2_ws/install/image_pub/share/image_pub/hook/ament_prefix_path.dsv'
[4.269s] INFO:colcon.colcon_core.shell:Creating environment hook '/home/keime/ros2_ws/install/image_pub/share/image_pub/hook/ament_prefix_path.sh'
[4.277s] INFO:colcon.colcon_core.shell:Skip shell extension 'powershell' for command environment: Not usable outside of PowerShell
[4.277s] DEBUG:colcon.colcon_core.shell:Skip shell extension 'dsv' for command environment
[7.333s] INFO:colcon.colcon_core.task.python.build:Building Python package in '/home/keime/ros2_ws/src/image_pub'
[7.336s] INFO:colcon.colcon_core.shell:Skip shell extension 'powershell' for command environment: Not usable outside of PowerShell
[7.336s] DEBUG:colcon.colcon_core.shell:Skip shell extension 'dsv' for command environment
[11.421s] DEBUG:colcon.colcon_core.event_handler.log_command:Invoking command in '/home/keime/ros2_ws/src/image_pub': PYTHONPATH=/home/keime/ros2_ws/build/image_pub/prefix_override:/home/keime/ros2_ws/install/image_pub/lib/python3.10/site-packages:${PYTHONPATH} /usr/bin/python3 -W ignore:setup.py install is deprecated setup.py egg_info --egg-base ../../build/image_pub build --build-base /home/keime/ros2_ws/build/image_pub/build install --record /home/keime/ros2_ws/build/image_pub/install.log --single-version-externally-managed install_data
[14.750s] DEBUG:colcon.colcon_core.event_handler.log_command:Invoked command in '/home/keime/ros2_ws/src/image_pub' returned '0': PYTHONPATH=/home/keime/ros2_ws/build/image_pub/prefix_override:/home/keime/ros2_ws/install/image_pub/lib/python3.10/site-packages:${PYTHONPATH} /usr/bin/python3 -W ignore:setup.py install is deprecated setup.py egg_info --egg-base ../../build/image_pub build --build-base /home/keime/ros2_ws/build/image_pub/build install --record /home/keime/ros2_ws/build/image_pub/install.log --single-version-externally-managed install_data
[14.778s] Level 1:colcon.colcon_core.environment:checking '/home/keime/ros2_ws/install/image_pub' for CMake module files
[14.784s] Level 1:colcon.colcon_core.environment:checking '/home/keime/ros2_ws/install/image_pub' for CMake config files
[14.792s] Level 1:colcon.colcon_core.environment:checking '/home/keime/ros2_ws/install/image_pub/lib'
[14.794s] Level 1:colcon.colcon_core.environment:checking '/home/keime/ros2_ws/install/image_pub/bin'
[14.795s] Level 1:colcon.colcon_core.environment:checking '/home/keime/ros2_ws/install/image_pub/lib/pkgconfig/image_pub.pc'
[14.798s] Level 1:colcon.colcon_core.environment:checking '/home/keime/ros2_ws/install/image_pub/lib/python3.10/site-packages'
[14.798s] Level 1:colcon.colcon_core.shell:create_environment_hook('image_pub', 'pythonpath')
[14.801s] INFO:colcon.colcon_core.shell:Creating environment hook '/home/keime/ros2_ws/install/image_pub/share/image_pub/hook/pythonpath.ps1'
[14.805s] INFO:colcon.colcon_core.shell:Creating environment descriptor '/home/keime/ros2_ws/install/image_pub/share/image_pub/hook/pythonpath.dsv'
[14.808s] INFO:colcon.colcon_core.shell:Creating environment hook '/home/keime/ros2_ws/install/image_pub/share/image_pub/hook/pythonpath.sh'
[14.814s] Level 1:colcon.colcon_core.environment:checking '/home/keime/ros2_ws/install/image_pub/bin'
[14.815s] Level 1:colcon.colcon_core.environment:create_environment_scripts_only(image_pub)
[14.818s] INFO:colcon.colcon_core.shell:Creating package script '/home/keime/ros2_ws/install/image_pub/share/image_pub/package.ps1'
[14.827s] INFO:colcon.colcon_core.shell:Creating package descriptor '/home/keime/ros2_ws/install/image_pub/share/image_pub/package.dsv'
[14.835s] INFO:colcon.colcon_core.shell:Creating package script '/home/keime/ros2_ws/install/image_pub/share/image_pub/package.sh'
[14.843s] INFO:colcon.colcon_core.shell:Creating package script '/home/keime/ros2_ws/install/image_pub/share/image_pub/package.bash'
[14.852s] INFO:colcon.colcon_core.shell:Creating package script '/home/keime/ros2_ws/install/image_pub/share/image_pub/package.zsh'
[14.860s] Level 1:colcon.colcon_core.environment:create_file_with_runtime_dependencies(/home/keime/ros2_ws/install/image_pub/share/colcon-core/packages/image_pub)
[14.862s] DEBUG:colcon.colcon_parallel_executor.executor.parallel:closing loop
[14.865s] DEBUG:colcon.colcon_parallel_executor.executor.parallel:loop closed
[14.866s] DEBUG:colcon.colcon_parallel_executor.executor.parallel:run_until_complete finished with '0'
[14.867s] DEBUG:colcon.colcon_core.event_reactor:joining thread
[14.917s] INFO:colcon.colcon_core.plugin_system:Skipping extension 'colcon_notification.desktop_notification.notify_send': Could not find 'notify-send'
[14.918s] INFO:colcon.colcon_core.plugin_system:Skipping extension 'colcon_notification.desktop_notification.terminal_notifier': Not used on non-Darwin systems
[14.919s] INFO:colcon.colcon_core.plugin_system:Skipping extension 'colcon_notification.desktop_notification.win32': Not used on non-Windows systems
[14.919s] INFO:colcon.colcon_notification.desktop_notification:Sending desktop notification using 'notify2'
[14.926s] DEBUG:colcon.colcon_notification.desktop_notification.notify2:Failed to initialize notify2: org.freedesktop.DBus.Error.ServiceUnknown: The name org.freedesktop.Notifications was not provided by any .service files
[14.926s] DEBUG:colcon.colcon_core.event_reactor:joined thread
[14.929s] INFO:colcon.colcon_core.shell:Creating prefix script '/home/keime/ros2_ws/install/local_setup.ps1'
[14.938s] INFO:colcon.colcon_core.shell:Creating prefix util module '/home/keime/ros2_ws/install/_local_setup_util_ps1.py'
[14.954s] INFO:colcon.colcon_core.shell:Creating prefix chain script '/home/keime/ros2_ws/install/setup.ps1'
[14.968s] INFO:colcon.colcon_core.shell:Creating prefix script '/home/keime/ros2_ws/install/local_setup.sh'
[14.975s] INFO:colcon.colcon_core.shell:Creating prefix util module '/home/keime/ros2_ws/install/_local_setup_util_sh.py'
[14.980s] INFO:colcon.colcon_core.shell:Creating prefix chain script '/home/keime/ros2_ws/install/setup.sh'
[14.994s] INFO:colcon.colcon_core.shell:Creating prefix script '/home/keime/ros2_ws/install/local_setup.bash'
[15.000s] INFO:colcon.colcon_core.shell:Creating prefix chain script '/home/keime/ros2_ws/install/setup.bash'
[15.013s] INFO:colcon.colcon_core.shell:Creating prefix script '/home/keime/ros2_ws/install/local_setup.zsh'
[15.019s] INFO:colcon.colcon_core.shell:Creating prefix chain script '/home/keime/ros2_ws/install/setup.zsh'
