[6.946s] Invoking command in '/home/keime/ros2_ws/src/image_pubsub': PYTHONPATH=/home/keime/ros2_ws/build/image_pubsub/prefix_override:/home/keime/ros2_ws/install/image_pubsub/lib/python3.10/site-packages:${PYTHONPATH} /usr/bin/python3 -W ignore:setup.py install is deprecated setup.py egg_info --egg-base ../../build/image_pubsub build --build-base /home/keime/ros2_ws/build/image_pubsub/build install --record /home/keime/ros2_ws/build/image_pubsub/install.log --single-version-externally-managed install_data
[9.605s] running egg_info
[9.612s] writing ../../build/image_pubsub/image_pubsub.egg-info/PKG-INFO
[9.614s] writing dependency_links to ../../build/image_pubsub/image_pubsub.egg-info/dependency_links.txt
[9.616s] writing entry points to ../../build/image_pubsub/image_pubsub.egg-info/entry_points.txt
[9.618s] writing requirements to ../../build/image_pubsub/image_pubsub.egg-info/requires.txt
[9.620s] writing top-level names to ../../build/image_pubsub/image_pubsub.egg-info/top_level.txt
[9.637s] reading manifest file '../../build/image_pubsub/image_pubsub.egg-info/SOURCES.txt'
[9.648s] writing manifest file '../../build/image_pubsub/image_pubsub.egg-info/SOURCES.txt'
[9.650s] running build
[9.651s] running build_py
[9.652s] copying image_pubsub/image_publisher.py -> /home/keime/ros2_ws/build/image_pubsub/build/lib/image_pubsub
[9.656s] running install
[9.658s] running install_lib
[9.667s] copying /home/keime/ros2_ws/build/image_pubsub/build/lib/image_pubsub/image_publisher.py -> /home/keime/ros2_ws/install/image_pubsub/lib/python3.10/site-packages/image_pubsub
[9.673s] byte-compiling /home/keime/ros2_ws/install/image_pubsub/lib/python3.10/site-packages/image_pubsub/image_publisher.py to image_publisher.cpython-310.pyc
[9.679s] running install_data
[9.681s] running install_egg_info
[9.697s] removing '/home/keime/ros2_ws/install/image_pubsub/lib/python3.10/site-packages/image_pubsub-0.0.0-py3.10.egg-info' (and everything under it)
[9.701s] Copying ../../build/image_pubsub/image_pubsub.egg-info to /home/keime/ros2_ws/install/image_pubsub/lib/python3.10/site-packages/image_pubsub-0.0.0-py3.10.egg-info
[9.714s] running install_scripts
[9.925s] Installing img_publisher script to /home/keime/ros2_ws/install/image_pubsub/lib/image_pubsub
[9.927s] Installing img_subscriber script to /home/keime/ros2_ws/install/image_pubsub/lib/image_pubsub
[9.931s] writing list of installed files to '/home/keime/ros2_ws/build/image_pubsub/install.log'
[10.189s] Invoked command in '/home/keime/ros2_ws/src/image_pubsub' returned '0': PYTHONPATH=/home/keime/ros2_ws/build/image_pubsub/prefix_override:/home/keime/ros2_ws/install/image_pubsub/lib/python3.10/site-packages:${PYTHONPATH} /usr/bin/python3 -W ignore:setup.py install is deprecated setup.py egg_info --egg-base ../../build/image_pubsub build --build-base /home/keime/ros2_ws/build/image_pubsub/build install --record /home/keime/ros2_ws/build/image_pubsub/install.log --single-version-externally-managed install_data
